   1               		.file	"main.c"
   2               	__SREG__ = 0x3f
   3               	__SP_H__ = 0x3e
   4               	__SP_L__ = 0x3d
   5               	__CCP__  = 0x34
   6               	__tmp_reg__ = 0
   7               	__zero_reg__ = 1
  15               	.Ltext0:
  16               	.global	main
  18               	main:
  19               	.LFB6:
  20               	.LM1:
  21               	/* prologue: function */
  22               	/* frame size = 0 */
  23               	.LM2:
  24 0000 80EF      		ldi r24,lo8(-16)
  25 0002 8ABB      		out 58-32,r24
  26               	.LM3:
  27 0004 1BBA      		out 59-32,__zero_reg__
  28               	.LM4:
  29 0006 11BA      		out 49-32,__zero_reg__
  30               	.LM5:
  31 0008 82BB      		out 50-32,r24
  32               	.L6:
  33               	.LM6:
  34 000a 8299      		sbic 48-32,2
  35 000c 00C0      		rjmp .L6
  36               	.LM7:
  37 000e 8BBB      		out 59-32,r24
  38               	.LM8:
  39 0010 1BBA      		out 59-32,__zero_reg__
  40 0012 00C0      		rjmp .L6
  41               	.LFE6:
  43               	.global	pwm
  45               	pwm:
  46               	.LFB7:
  47               	.LM9:
  48               	.LVL0:
  49               	/* prologue: function */
  50               	/* frame size = 0 */
  51               	/* epilogue start */
  52               	.LM10:
  53 0014 0895      		ret
  54               	.LFE7:
  88               	.Letext0:
DEFINED SYMBOLS
                            *ABS*:00000000 main.c
C:\DOCUME~1\AIMSIN~1\LOCALS~1\Temp/ccvjBIYi.s:2      *ABS*:0000003f __SREG__
C:\DOCUME~1\AIMSIN~1\LOCALS~1\Temp/ccvjBIYi.s:3      *ABS*:0000003e __SP_H__
C:\DOCUME~1\AIMSIN~1\LOCALS~1\Temp/ccvjBIYi.s:4      *ABS*:0000003d __SP_L__
C:\DOCUME~1\AIMSIN~1\LOCALS~1\Temp/ccvjBIYi.s:5      *ABS*:00000034 __CCP__
C:\DOCUME~1\AIMSIN~1\LOCALS~1\Temp/ccvjBIYi.s:6      *ABS*:00000000 __tmp_reg__
C:\DOCUME~1\AIMSIN~1\LOCALS~1\Temp/ccvjBIYi.s:7      *ABS*:00000001 __zero_reg__
C:\DOCUME~1\AIMSIN~1\LOCALS~1\Temp/ccvjBIYi.s:18     .text:00000000 main
C:\DOCUME~1\AIMSIN~1\LOCALS~1\Temp/ccvjBIYi.s:45     .text:00000014 pwm

NO UNDEFINED SYMBOLS
