   1               		.file	"main.c"
   2               	__SREG__ = 0x3f
   3               	__SP_H__ = 0x3e
   4               	__SP_L__ = 0x3d
   5               	__CCP__  = 0x34
   6               	__tmp_reg__ = 0
   7               	__zero_reg__ = 1
  15               	.Ltext0:
  16               	.global	lcd_reset
  18               	lcd_reset:
  19               	.LFB8:
  20               	.LM1:
  21               	/* prologue: function */
  22               	/* frame size = 0 */
  23               	.LM2:
  24 0000 8FEF      		ldi r24,lo8(-1)
  25 0002 88BB      		out 56-32,r24
  26 0004 88EC      		ldi r24,lo8(200)
  27 0006 90E0      		ldi r25,hi8(200)
  28               	.LVL0:
  29               	.LBB228:
  30               	.LBB229:
  31               	.LBB230:
  32               	.LBB231:
  33               	.LM3:
  34 0008 20E9      		ldi r18,lo8(400)
  35 000a 31E0      		ldi r19,hi8(400)
  36               	.L2:
  37 000c F901      		movw r30,r18
  38               	.LVL1:
  39               	/* #APP */
  40               	 ;  105 "c:/winavr/lib/gcc/../../avr/include/util/delay_basic.h" 1
  41 000e 3197      		1: sbiw r30,1
  42 0010 01F4      		brne 1b
  43               	 ;  0 "" 2
  44               	/* #NOAPP */
  45               	.LBE231:
  46               	.LBE230:
  47               	.LM4:
  48 0012 0197      		sbiw r24,1
  49               	.LM5:
  50 0014 01F4      		brne .L2
  51               	.LBE229:
  52               	.LBE228:
  53               	.LM6:
  54 0016 94E3      		ldi r25,lo8(52)
  55 0018 98BB      		out 56-32,r25
  56               	.LM7:
  57 001a 80E3      		ldi r24,lo8(48)
  58               	.LVL2:
  59 001c 88BB      		out 56-32,r24
  60               	.LBB232:
  61               	.LBB233:
  62               	.LBB234:
  63               	.LBB235:
  64               	.LM8:
  65 001e E0E4      		ldi r30,lo8(-25536)
  66 0020 FCE9      		ldi r31,hi8(-25536)
  67               	.LVL3:
  68               	/* #APP */
  69               	 ;  105 "c:/winavr/lib/gcc/../../avr/include/util/delay_basic.h" 1
  70 0022 3197      		1: sbiw r30,1
  71 0024 01F4      		brne 1b
  72               	 ;  0 "" 2
  73               	/* #NOAPP */
  74               	.LBE235:
  75               	.LBE234:
  76               	.LBE233:
  77               	.LBE232:
  78               	.LM9:
  79 0026 98BB      		out 56-32,r25
  80               	.LM10:
  81 0028 88BB      		out 56-32,r24
  82               	.LBB236:
  83               	.LBB237:
  84               	.LBB238:
  85               	.LBB239:
  86               	.LM11:
  87 002a 20EA      		ldi r18,lo8(4000)
  88 002c 3FE0      		ldi r19,hi8(4000)
  89 002e F901      		movw r30,r18
  90               	.LVL4:
  91               	/* #APP */
  92               	 ;  105 "c:/winavr/lib/gcc/../../avr/include/util/delay_basic.h" 1
  93 0030 3197      		1: sbiw r30,1
  94 0032 01F4      		brne 1b
  95               	 ;  0 "" 2
  96               	/* #NOAPP */
  97               	.LBE239:
  98               	.LBE238:
  99               	.LBE237:
 100               	.LBE236:
 101               	.LM12:
 102 0034 98BB      		out 56-32,r25
 103               	.LM13:
 104 0036 88BB      		out 56-32,r24
 105               	.LBB240:
 106               	.LBB241:
 107               	.LBB242:
 108               	.LBB243:
 109               	.LM14:
 110 0038 C901      		movw r24,r18
 111               	.LVL5:
 112               	/* #APP */
 113               	 ;  105 "c:/winavr/lib/gcc/../../avr/include/util/delay_basic.h" 1
 114 003a 0197      		1: sbiw r24,1
 115 003c 01F4      		brne 1b
 116               	 ;  0 "" 2
 117               	/* #NOAPP */
 118               	.LBE243:
 119               	.LBE242:
 120               	.LBE241:
 121               	.LBE240:
 122               	.LM15:
 123 003e 84E2      		ldi r24,lo8(36)
 124               	.LVL6:
 125 0040 88BB      		out 56-32,r24
 126               	.LM16:
 127 0042 80E2      		ldi r24,lo8(32)
 128 0044 88BB      		out 56-32,r24
 129               	.LBB244:
 130               	.LBB245:
 131               	.LBB246:
 132               	.LBB247:
 133               	.LM17:
 134 0046 C901      		movw r24,r18
 135               	.LVL7:
 136               	/* #APP */
 137               	 ;  105 "c:/winavr/lib/gcc/../../avr/include/util/delay_basic.h" 1
 138 0048 0197      		1: sbiw r24,1
 139 004a 01F4      		brne 1b
 140               	 ;  0 "" 2
 141               	/* epilogue start */
 142               	/* #NOAPP */
 143               	.LBE247:
 144               	.LBE246:
 145               	.LBE245:
 146               	.LBE244:
 147               	.LM18:
 148 004c 0895      		ret
 149               	.LFE8:
 151               	.global	lcd_cmd
 153               	lcd_cmd:
 154               	.LFB9:
 155               	.LM19:
 156               	.LVL8:
 157               	/* prologue: function */
 158               	/* frame size = 0 */
 159               	.LM20:
 160 004e 382F      		mov r19,r24
 161 0050 307F      		andi r19,lo8(-16)
 162 0052 232F      		mov r18,r19
 163 0054 2460      		ori r18,lo8(4)
 164 0056 28BB      		out 56-32,r18
 165               	.LM21:
 166 0058 38BB      		out 56-32,r19
 167               	.LM22:
 168 005a 90E0      		ldi r25,lo8(0)
 169 005c 24E0      		ldi r18,4
 170 005e 880F      	1:	lsl r24
 171 0060 991F      		rol r25
 172 0062 2A95      		dec r18
 173 0064 01F4      		brne 1b
 174               	.LVL9:
 175 0066 282F      		mov r18,r24
 176 0068 2460      		ori r18,lo8(4)
 177 006a 28BB      		out 56-32,r18
 178               	.LM23:
 179 006c 88BB      		out 56-32,r24
 180               	.LBB248:
 181               	.LBB249:
 182               	.LBB250:
 183               	.LBB251:
 184               	.LM24:
 185 006e 80E4      		ldi r24,lo8(8000)
 186 0070 9FE1      		ldi r25,hi8(8000)
 187 0072 FC01      		movw r30,r24
 188               	.LVL10:
 189               	/* #APP */
 190               	 ;  105 "c:/winavr/lib/gcc/../../avr/include/util/delay_basic.h" 1
 191 0074 3197      		1: sbiw r30,1
 192 0076 01F4      		brne 1b
 193               	 ;  0 "" 2
 194               	/* #NOAPP */
 195               	.LBE251:
 196               	.LBE250:
 197               	.LBE249:
 198               	.LBE248:
 199               	.LBB252:
 200               	.LBB253:
 201               	.LBB254:
 202               	.LBB255:
 203               	/* #APP */
 204               	 ;  105 "c:/winavr/lib/gcc/../../avr/include/util/delay_basic.h" 1
 205 0078 0197      		1: sbiw r24,1
 206 007a 01F4      		brne 1b
 207               	 ;  0 "" 2
 208               	.LVL11:
 209               	/* epilogue start */
 210               	/* #NOAPP */
 211               	.LBE255:
 212               	.LBE254:
 213               	.LBE253:
 214               	.LBE252:
 215               	.LM25:
 216 007c 0895      		ret
 217               	.LFE9:
 219               	.global	lcd_init
 221               	lcd_init:
 222               	.LFB10:
 223               	.LM26:
 224               	/* prologue: function */
 225               	/* frame size = 0 */
 226               	.LM27:
 227 007e 8FEF      		ldi r24,lo8(-1)
 228 0080 87BB      		out 55-32,r24
 229               	.LM28:
 230 0082 18BA      		out 56-32,__zero_reg__
 231               	.LM29:
 232 0084 0E94 0000 		call lcd_reset
 233               	.LBB256:
 234               	.LBB257:
 235               	.LM30:
 236 0088 84E2      		ldi r24,lo8(36)
 237 008a 88BB      		out 56-32,r24
 238               	.LM31:
 239 008c 80E2      		ldi r24,lo8(32)
 240 008e 88BB      		out 56-32,r24
 241               	.LM32:
 242 0090 54E8      		ldi r21,lo8(-124)
 243 0092 58BB      		out 56-32,r21
 244               	.LM33:
 245 0094 40E8      		ldi r20,lo8(-128)
 246 0096 48BB      		out 56-32,r20
 247               	.LBB258:
 248               	.LBB259:
 249               	.LBB260:
 250               	.LBB261:
 251               	.LM34:
 252 0098 20E4      		ldi r18,lo8(8000)
 253 009a 3FE1      		ldi r19,hi8(8000)
 254 009c C901      		movw r24,r18
 255               	.LVL12:
 256               	/* #APP */
 257               	 ;  105 "c:/winavr/lib/gcc/../../avr/include/util/delay_basic.h" 1
 258 009e 0197      		1: sbiw r24,1
 259 00a0 01F4      		brne 1b
 260               	 ;  0 "" 2
 261               	/* #NOAPP */
 262               	.LBE261:
 263               	.LBE260:
 264               	.LBE259:
 265               	.LBE258:
 266               	.LBB262:
 267               	.LBB263:
 268               	.LBB264:
 269               	.LBB265:
 270 00a2 C901      		movw r24,r18
 271               	.LVL13:
 272               	/* #APP */
 273               	 ;  105 "c:/winavr/lib/gcc/../../avr/include/util/delay_basic.h" 1
 274 00a4 0197      		1: sbiw r24,1
 275 00a6 01F4      		brne 1b
 276               	 ;  0 "" 2
 277               	/* #NOAPP */
 278               	.LBE265:
 279               	.LBE264:
 280               	.LBE263:
 281               	.LBE262:
 282               	.LBE257:
 283               	.LBE256:
 284               	.LBB266:
 285               	.LBB267:
 286               	.LM35:
 287 00a8 94E0      		ldi r25,lo8(4)
 288 00aa 98BB      		out 56-32,r25
 289               	.LM36:
 290 00ac 18BA      		out 56-32,__zero_reg__
 291               	.LM37:
 292 00ae 84EC      		ldi r24,lo8(-60)
 293               	.LVL14:
 294 00b0 88BB      		out 56-32,r24
 295               	.LM38:
 296 00b2 80EC      		ldi r24,lo8(-64)
 297 00b4 88BB      		out 56-32,r24
 298               	.LBB268:
 299               	.LBB269:
 300               	.LBB270:
 301               	.LBB271:
 302               	.LM39:
 303 00b6 F901      		movw r30,r18
 304               	.LVL15:
 305               	/* #APP */
 306               	 ;  105 "c:/winavr/lib/gcc/../../avr/include/util/delay_basic.h" 1
 307 00b8 3197      		1: sbiw r30,1
 308 00ba 01F4      		brne 1b
 309               	 ;  0 "" 2
 310               	/* #NOAPP */
 311               	.LBE271:
 312               	.LBE270:
 313               	.LBE269:
 314               	.LBE268:
 315               	.LBB272:
 316               	.LBB273:
 317               	.LBB274:
 318               	.LBB275:
 319 00bc F901      		movw r30,r18
 320               	.LVL16:
 321               	/* #APP */
 322               	 ;  105 "c:/winavr/lib/gcc/../../avr/include/util/delay_basic.h" 1
 323 00be 3197      		1: sbiw r30,1
 324 00c0 01F4      		brne 1b
 325               	 ;  0 "" 2
 326               	/* #NOAPP */
 327               	.LBE275:
 328               	.LBE274:
 329               	.LBE273:
 330               	.LBE272:
 331               	.LBE267:
 332               	.LBE266:
 333               	.LBB276:
 334               	.LBB277:
 335               	.LM40:
 336 00c2 98BB      		out 56-32,r25
 337               	.LM41:
 338 00c4 18BA      		out 56-32,__zero_reg__
 339               	.LM42:
 340 00c6 84E6      		ldi r24,lo8(100)
 341 00c8 88BB      		out 56-32,r24
 342               	.LM43:
 343 00ca 80E6      		ldi r24,lo8(96)
 344 00cc 88BB      		out 56-32,r24
 345               	.LBB278:
 346               	.LBB279:
 347               	.LBB280:
 348               	.LBB281:
 349               	.LM44:
 350 00ce F901      		movw r30,r18
 351               	.LVL17:
 352               	/* #APP */
 353               	 ;  105 "c:/winavr/lib/gcc/../../avr/include/util/delay_basic.h" 1
 354 00d0 3197      		1: sbiw r30,1
 355 00d2 01F4      		brne 1b
 356               	 ;  0 "" 2
 357               	/* #NOAPP */
 358               	.LBE281:
 359               	.LBE280:
 360               	.LBE279:
 361               	.LBE278:
 362               	.LBB282:
 363               	.LBB283:
 364               	.LBB284:
 365               	.LBB285:
 366 00d4 F901      		movw r30,r18
 367               	.LVL18:
 368               	/* #APP */
 369               	 ;  105 "c:/winavr/lib/gcc/../../avr/include/util/delay_basic.h" 1
 370 00d6 3197      		1: sbiw r30,1
 371 00d8 01F4      		brne 1b
 372               	 ;  0 "" 2
 373               	/* #NOAPP */
 374               	.LBE285:
 375               	.LBE284:
 376               	.LBE283:
 377               	.LBE282:
 378               	.LBE277:
 379               	.LBE276:
 380               	.LBB286:
 381               	.LBB287:
 382               	.LM45:
 383 00da 58BB      		out 56-32,r21
 384               	.LM46:
 385 00dc 48BB      		out 56-32,r20
 386               	.LM47:
 387 00de 98BB      		out 56-32,r25
 388               	.LM48:
 389 00e0 18BA      		out 56-32,__zero_reg__
 390               	.LBB288:
 391               	.LBB289:
 392               	.LBB290:
 393               	.LBB291:
 394               	.LM49:
 395 00e2 C901      		movw r24,r18
 396               	.LVL19:
 397               	/* #APP */
 398               	 ;  105 "c:/winavr/lib/gcc/../../avr/include/util/delay_basic.h" 1
 399 00e4 0197      		1: sbiw r24,1
 400 00e6 01F4      		brne 1b
 401               	 ;  0 "" 2
 402               	/* #NOAPP */
 403               	.LBE291:
 404               	.LBE290:
 405               	.LBE289:
 406               	.LBE288:
 407               	.LBB292:
 408               	.LBB293:
 409               	.LBB294:
 410               	.LBB295:
 411 00e8 C901      		movw r24,r18
 412               	.LVL20:
 413               	/* #APP */
 414               	 ;  105 "c:/winavr/lib/gcc/../../avr/include/util/delay_basic.h" 1
 415 00ea 0197      		1: sbiw r24,1
 416 00ec 01F4      		brne 1b
 417               	 ;  0 "" 2
 418               	/* epilogue start */
 419               	/* #NOAPP */
 420               	.LBE295:
 421               	.LBE294:
 422               	.LBE293:
 423               	.LBE292:
 424               	.LBE287:
 425               	.LBE286:
 426               	.LM50:
 427 00ee 0895      		ret
 428               	.LFE10:
 430               	.global	lcd_data
 432               	lcd_data:
 433               	.LFB11:
 434               	.LM51:
 435               	.LVL21:
 436               	/* prologue: function */
 437               	/* frame size = 0 */
 438               	.LM52:
 439 00f0 982F      		mov r25,r24
 440 00f2 907F      		andi r25,lo8(-16)
 441 00f4 292F      		mov r18,r25
 442 00f6 2560      		ori r18,lo8(5)
 443 00f8 28BB      		out 56-32,r18
 444               	.LM53:
 445 00fa 9160      		ori r25,lo8(1)
 446 00fc 98BB      		out 56-32,r25
 447               	.LM54:
 448 00fe 8295      		swap r24
 449               	.LVL22:
 450 0100 807F      		andi r24,lo8(-16)
 451 0102 982F      		mov r25,r24
 452 0104 9560      		ori r25,lo8(5)
 453 0106 98BB      		out 56-32,r25
 454               	.LM55:
 455 0108 8160      		ori r24,lo8(1)
 456 010a 88BB      		out 56-32,r24
 457               	.LBB296:
 458               	.LBB297:
 459               	.LBB298:
 460               	.LBB299:
 461               	.LM56:
 462 010c 80E4      		ldi r24,lo8(8000)
 463 010e 9FE1      		ldi r25,hi8(8000)
 464 0110 FC01      		movw r30,r24
 465               	.LVL23:
 466               	/* #APP */
 467               	 ;  105 "c:/winavr/lib/gcc/../../avr/include/util/delay_basic.h" 1
 468 0112 3197      		1: sbiw r30,1
 469 0114 01F4      		brne 1b
 470               	 ;  0 "" 2
 471               	/* #NOAPP */
 472               	.LBE299:
 473               	.LBE298:
 474               	.LBE297:
 475               	.LBE296:
 476               	.LBB300:
 477               	.LBB301:
 478               	.LBB302:
 479               	.LBB303:
 480               	/* #APP */
 481               	 ;  105 "c:/winavr/lib/gcc/../../avr/include/util/delay_basic.h" 1
 482 0116 0197      		1: sbiw r24,1
 483 0118 01F4      		brne 1b
 484               	 ;  0 "" 2
 485               	.LVL24:
 486               	/* epilogue start */
 487               	/* #NOAPP */
 488               	.LBE303:
 489               	.LBE302:
 490               	.LBE301:
 491               	.LBE300:
 492               	.LM57:
 493 011a 0895      		ret
 494               	.LFE11:
 496               	.global	lcd_puts
 498               	lcd_puts:
 499               	.LFB12:
 500               	.LM58:
 501               	.LVL25:
 502 011c CF93      		push r28
 503 011e DF93      		push r29
 504               	/* prologue: function */
 505               	/* frame size = 0 */
 506               	.LM59:
 507 0120 EC01      		movw r28,r24
 508               	.LVL26:
 509 0122 00C0      		rjmp .L12
 510               	.L13:
 511               	.LM60:
 512 0124 0E94 0000 		call lcd_data
 513               	.L12:
 514               	.LM61:
 515 0128 8991      		ld r24,Y+
 516 012a 8823      		tst r24
 517 012c 01F4      		brne .L13
 518               	/* epilogue start */
 519               	.LM62:
 520 012e DF91      		pop r29
 521 0130 CF91      		pop r28
 522 0132 0895      		ret
 523               	.LFE12:
 525               	.global	itoa
 527               	itoa:
 528               	.LFB13:
 529               	.LM63:
 530               	.LVL27:
 531 0134 CF92      		push r12
 532 0136 DF92      		push r13
 533 0138 EF92      		push r14
 534 013a FF92      		push r15
 535 013c 0F93      		push r16
 536 013e 1F93      		push r17
 537               	/* prologue: function */
 538               	/* frame size = 0 */
 539 0140 7C01      		movw r14,r24
 540               	.LM64:
 541 0142 6AE0      		ldi r22,lo8(10)
 542 0144 70E0      		ldi r23,hi8(10)
 543 0146 0E94 0000 		call __udivmodhi4
 544               	.LVL28:
 545 014a D62E      		mov r13,r22
 546 014c C72E      		mov r12,r23
 547               	.LM65:
 548 014e 862F      		mov r24,r22
 549 0150 972F      		mov r25,r23
 550 0152 6AE0      		ldi r22,lo8(10)
 551 0154 70E0      		ldi r23,hi8(10)
 552 0156 0E94 0000 		call __udivmodhi4
 553 015a 162F      		mov r17,r22
 554 015c 072F      		mov r16,r23
 555               	.LM66:
 556 015e 862F      		mov r24,r22
 557 0160 972F      		mov r25,r23
 558 0162 6AE0      		ldi r22,lo8(10)
 559 0164 70E0      		ldi r23,hi8(10)
 560 0166 0E94 0000 		call __udivmodhi4
 561 016a CB01      		movw r24,r22
 562 016c 6AE0      		ldi r22,lo8(10)
 563 016e 70E0      		ldi r23,hi8(10)
 564 0170 0E94 0000 		call __udivmodhi4
 565 0174 805D      		subi r24,lo8(-(48))
 566 0176 0E94 0000 		call lcd_data
 567               	.LM67:
 568 017a 812F      		mov r24,r17
 569 017c 902F      		mov r25,r16
 570 017e 6AE0      		ldi r22,lo8(10)
 571 0180 70E0      		ldi r23,hi8(10)
 572 0182 0E94 0000 		call __udivmodhi4
 573 0186 805D      		subi r24,lo8(-(48))
 574 0188 0E94 0000 		call lcd_data
 575               	.LM68:
 576 018c 8D2D      		mov r24,r13
 577 018e 9C2D      		mov r25,r12
 578 0190 6AE0      		ldi r22,lo8(10)
 579 0192 70E0      		ldi r23,hi8(10)
 580 0194 0E94 0000 		call __udivmodhi4
 581 0198 805D      		subi r24,lo8(-(48))
 582 019a 0E94 0000 		call lcd_data
 583               	.LM69:
 584 019e C701      		movw r24,r14
 585 01a0 6AE0      		ldi r22,lo8(10)
 586 01a2 70E0      		ldi r23,hi8(10)
 587 01a4 0E94 0000 		call __udivmodhi4
 588 01a8 805D      		subi r24,lo8(-(48))
 589 01aa 0E94 0000 		call lcd_data
 590               	/* epilogue start */
 591               	.LM70:
 592 01ae 1F91      		pop r17
 593 01b0 0F91      		pop r16
 594 01b2 FF90      		pop r15
 595 01b4 EF90      		pop r14
 596               	.LVL29:
 597 01b6 DF90      		pop r13
 598 01b8 CF90      		pop r12
 599 01ba 0895      		ret
 600               	.LFE13:
 602               	.global	USART_INIT
 604               	USART_INIT:
 605               	.LFB14:
 606               	.LM71:
 607               	/* prologue: function */
 608               	/* frame size = 0 */
 609               	.LM72:
 610 01bc 87E6      		ldi r24,lo8(103)
 611 01be 89B9      		out 41-32,r24
 612               	.LM73:
 613 01c0 10BC      		out 64-32,__zero_reg__
 614               	.LM74:
 615 01c2 86E8      		ldi r24,lo8(-122)
 616 01c4 80BD      		out 64-32,r24
 617               	.LM75:
 618 01c6 88E1      		ldi r24,lo8(24)
 619 01c8 8AB9      		out 42-32,r24
 620               	/* epilogue start */
 621               	.LM76:
 622 01ca 0895      		ret
 623               	.LFE14:
 625               	.global	rswritechar
 627               	rswritechar:
 628               	.LFB15:
 629               	.LM77:
 630               	/* prologue: function */
 631               	/* frame size = 0 */
 632               	.LVL30:
 633               	.L20:
 634               	.LM78:
 635 01cc 5D9B      		sbis 43-32,5
 636 01ce 00C0      		rjmp .L20
 637               	.LM79:
 638 01d0 8CB9      		out 44-32,r24
 639               	/* epilogue start */
 640               	.LM80:
 641 01d2 0895      		ret
 642               	.LFE15:
 644               	.global	rsreadchar
 646               	rsreadchar:
 647               	.LFB16:
 648               	.LM81:
 649               	/* prologue: function */
 650               	/* frame size = 0 */
 651               	.L24:
 652               	.LM82:
 653 01d4 5F9B      		sbis 43-32,7
 654 01d6 00C0      		rjmp .L24
 655               	.LM83:
 656 01d8 8CB1      		in r24,44-32
 657               	/* epilogue start */
 658               	.LM84:
 659 01da 0895      		ret
 660               	.LFE16:
 662               	.global	rsstr
 664               	rsstr:
 665               	.LFB17:
 666               	.LM85:
 667               	.LVL31:
 668               	/* prologue: function */
 669               	/* frame size = 0 */
 670 01dc FC01      		movw r30,r24
 671 01de 00C0      		rjmp .L28
 672               	.LVL32:
 673               	.L31:
 674               	.LBB304:
 675               	.LBB305:
 676               	.LM86:
 677 01e0 5D9B      		sbis 43-32,5
 678 01e2 00C0      		rjmp .L31
 679               	.LM87:
 680 01e4 8CB9      		out 44-32,r24
 681               	.LBE305:
 682               	.LBE304:
 683               	.LM88:
 684 01e6 3196      		adiw r30,1
 685               	.LVL33:
 686               	.L28:
 687               	.LM89:
 688 01e8 8081      		ld r24,Z
 689 01ea 8823      		tst r24
 690 01ec 01F4      		brne .L31
 691               	/* epilogue start */
 692               	.LM90:
 693 01ee 0895      		ret
 694               	.LFE17:
 696               	.global	adc
 698               	adc:
 699               	.LFB18:
 700               	.LM91:
 701               	.LVL34:
 702               	/* prologue: function */
 703               	/* frame size = 0 */
 704               	.LM92:
 705 01f0 805C      		subi r24,lo8(-(64))
 706               	.LVL35:
 707 01f2 87B9      		out 39-32,r24
 708               	.LM93:
 709 01f4 80E8      		ldi r24,lo8(-128)
 710 01f6 86B9      		out 38-32,r24
 711 01f8 48E0      		ldi r20,lo8(8)
 712               	.LVL36:
 713 01fa 20E0      		ldi r18,lo8(0)
 714 01fc 30E0      		ldi r19,hi8(0)
 715               	.LVL37:
 716               	.LBB306:
 717               	.LBB307:
 718               	.LBB308:
 719               	.LBB309:
 720               	.LM94:
 721 01fe 60EA      		ldi r22,lo8(4000)
 722 0200 7FE0      		ldi r23,hi8(4000)
 723               	.LVL38:
 724               	.L36:
 725               	.LBE309:
 726               	.LBE308:
 727               	.LBE307:
 728               	.LBE306:
 729               	.LM95:
 730 0202 369A      		sbi 38-32,6
 731               	.LM96:
 732 0204 86B1      		in r24,38-32
 733               	.LVL39:
 734 0206 8760      		ori r24,lo8(7)
 735 0208 86B9      		out 38-32,r24
 736               	.L34:
 737               	.LM97:
 738 020a 349B      		sbis 38-32,4
 739 020c 00C0      		rjmp .L34
 740               	.LM98:
 741 020e 349A      		sbi 38-32,4
 742               	.LM99:
 743 0210 369A      		sbi 38-32,6
 744               	.LM100:
 745 0212 86B1      		in r24,38-32
 746 0214 8760      		ori r24,lo8(7)
 747 0216 86B9      		out 38-32,r24
 748               	.L35:
 749               	.LM101:
 750 0218 349B      		sbis 38-32,4
 751 021a 00C0      		rjmp .L35
 752               	.LM102:
 753 021c 349A      		sbi 38-32,4
 754               	.LM103:
 755 021e 84B1      		in r24,36-32
 756 0220 95B1      		in r25,(36)+1-32
 757 0222 280F      		add r18,r24
 758 0224 391F      		adc r19,r25
 759               	.LBB313:
 760               	.LBB312:
 761               	.LBB311:
 762               	.LBB310:
 763               	.LM104:
 764 0226 CB01      		movw r24,r22
 765               	.LVL40:
 766               	/* #APP */
 767               	 ;  105 "c:/winavr/lib/gcc/../../avr/include/util/delay_basic.h" 1
 768 0228 0197      		1: sbiw r24,1
 769 022a 01F4      		brne 1b
 770               	 ;  0 "" 2
 771               	/* #NOAPP */
 772               	.LBE310:
 773               	.LBE311:
 774               	.LBE312:
 775               	.LBE313:
 776               	.LM105:
 777 022c 4150      		subi r20,lo8(-(-1))
 778               	.LM106:
 779 022e 01F4      		brne .L36
 780               	.LM107:
 781 0230 43E0      		ldi r20,3
 782 0232 3695      	1:	lsr r19
 783 0234 2795      		ror r18
 784 0236 4A95      		dec r20
 785 0238 01F4      		brne 1b
 786               	.LVL41:
 787 023a 2C7F      		andi r18,lo8(1020)
 788 023c 3370      		andi r19,hi8(1020)
 789               	.LM108:
 790 023e C901      		movw r24,r18
 791               	.LVL42:
 792               	/* epilogue start */
 793 0240 0895      		ret
 794               	.LFE18:
 796               		.data
 797               	.LC0:
 798 0000 2020 202A 		.string	"   *DIGIMeter*"
 798      4449 4749 
 798      4D65 7465 
 798      722A 00
 799               	.LC1:
 800 000f 6D41 00   		.string	"mA"
 801               	.LC2:
 802 0012 766F 6C74 		.string	"volts"
 802      7300 
 803               	.LC3:
 804 0018 2534 2E32 		.string	"%4.2f"
 804      6600 
 805               	.LC4:
 806 001e 2532 2E32 		.string	"%2.2f"
 806      6600 
 807               		.text
 808               	.global	main
 810               	main:
 811               	.LFB19:
 812               	.LM109:
 813 0242 2F92      		push r2
 814 0244 3F92      		push r3
 815 0246 4F92      		push r4
 816 0248 5F92      		push r5
 817 024a 6F92      		push r6
 818 024c 7F92      		push r7
 819 024e 8F92      		push r8
 820 0250 9F92      		push r9
 821 0252 AF92      		push r10
 822 0254 BF92      		push r11
 823 0256 CF92      		push r12
 824 0258 DF92      		push r13
 825 025a EF92      		push r14
 826 025c FF92      		push r15
 827 025e 0F93      		push r16
 828 0260 1F93      		push r17
 829 0262 DF93      		push r29
 830 0264 CF93      		push r28
 831 0266 CDB7      		in r28,__SP_L__
 832 0268 DEB7      		in r29,__SP_H__
 833 026a 6E97      		sbiw r28,30
 834 026c 0FB6      		in __tmp_reg__,__SREG__
 835 026e F894      		cli
 836 0270 DEBF      		out __SP_H__,r29
 837 0272 0FBE      		out __SREG__,__tmp_reg__
 838 0274 CDBF      		out __SP_L__,r28
 839               	/* prologue: function */
 840               	/* frame size = 30 */
 841               	.LM110:
 842 0276 80EF      		ldi r24,lo8(-16)
 843 0278 8ABB      		out 58-32,r24
 844               	.LM111:
 845 027a 1BBA      		out 59-32,__zero_reg__
 846               	.LM112:
 847 027c 11BA      		out 49-32,__zero_reg__
 848               	.LM113:
 849 027e 8FE0      		ldi r24,lo8(15)
 850 0280 82BB      		out 50-32,r24
 851               	.LM114:
 852 0282 0E94 0000 		call lcd_init
 853               	.LBB314:
 854               	.LBB315:
 855               	.LM115:
 856 0286 87E6      		ldi r24,lo8(103)
 857 0288 89B9      		out 41-32,r24
 858               	.LM116:
 859 028a 10BC      		out 64-32,__zero_reg__
 860               	.LM117:
 861 028c 86E8      		ldi r24,lo8(-122)
 862 028e 80BD      		out 64-32,r24
 863               	.LM118:
 864 0290 88E1      		ldi r24,lo8(24)
 865 0292 8AB9      		out 42-32,r24
 866               	.LBE315:
 867               	.LBE314:
 868               	.LBB316:
 869               	.LBB317:
 870               	.LM119:
 871 0294 94E0      		ldi r25,lo8(4)
 872 0296 98BB      		out 56-32,r25
 873               	.LM120:
 874 0298 18BA      		out 56-32,__zero_reg__
 875               	.LM121:
 876 029a 84EC      		ldi r24,lo8(-60)
 877 029c 88BB      		out 56-32,r24
 878               	.LM122:
 879 029e 80EC      		ldi r24,lo8(-64)
 880 02a0 88BB      		out 56-32,r24
 881               	.LBB318:
 882               	.LBB319:
 883               	.LBB320:
 884               	.LBB321:
 885               	.LM123:
 886 02a2 20E4      		ldi r18,lo8(8000)
 887 02a4 3FE1      		ldi r19,hi8(8000)
 888 02a6 F901      		movw r30,r18
 889               	.LVL43:
 890               	/* #APP */
 891               	 ;  105 "c:/winavr/lib/gcc/../../avr/include/util/delay_basic.h" 1
 892 02a8 3197      		1: sbiw r30,1
 893 02aa 01F4      		brne 1b
 894               	 ;  0 "" 2
 895               	/* #NOAPP */
 896               	.LBE321:
 897               	.LBE320:
 898               	.LBE319:
 899               	.LBE318:
 900               	.LBB322:
 901               	.LBB323:
 902               	.LBB324:
 903               	.LBB325:
 904 02ac F901      		movw r30,r18
 905               	.LVL44:
 906               	/* #APP */
 907               	 ;  105 "c:/winavr/lib/gcc/../../avr/include/util/delay_basic.h" 1
 908 02ae 3197      		1: sbiw r30,1
 909 02b0 01F4      		brne 1b
 910               	 ;  0 "" 2
 911               	/* #NOAPP */
 912               	.LBE325:
 913               	.LBE324:
 914               	.LBE323:
 915               	.LBE322:
 916               	.LBE317:
 917               	.LBE316:
 918               	.LBB326:
 919               	.LBB327:
 920               	.LM124:
 921 02b2 98BB      		out 56-32,r25
 922               	.LM125:
 923 02b4 18BA      		out 56-32,__zero_reg__
 924               	.LM126:
 925 02b6 84E1      		ldi r24,lo8(20)
 926 02b8 88BB      		out 56-32,r24
 927               	.LM127:
 928 02ba 80E1      		ldi r24,lo8(16)
 929 02bc 88BB      		out 56-32,r24
 930               	.LBB328:
 931               	.LBB329:
 932               	.LBB330:
 933               	.LBB331:
 934               	.LM128:
 935 02be C901      		movw r24,r18
 936               	.LVL45:
 937               	/* #APP */
 938               	 ;  105 "c:/winavr/lib/gcc/../../avr/include/util/delay_basic.h" 1
 939 02c0 0197      		1: sbiw r24,1
 940 02c2 01F4      		brne 1b
 941               	 ;  0 "" 2
 942               	/* #NOAPP */
 943               	.LBE331:
 944               	.LBE330:
 945               	.LBE329:
 946               	.LBE328:
 947               	.LBB332:
 948               	.LBB333:
 949               	.LBB334:
 950               	.LBB335:
 951 02c4 C901      		movw r24,r18
 952               	.LVL46:
 953               	/* #APP */
 954               	 ;  105 "c:/winavr/lib/gcc/../../avr/include/util/delay_basic.h" 1
 955 02c6 0197      		1: sbiw r24,1
 956 02c8 01F4      		brne 1b
 957               	 ;  0 "" 2
 958               	/* #NOAPP */
 959               	.LBE335:
 960               	.LBE334:
 961               	.LBE333:
 962               	.LBE332:
 963               	.LBE327:
 964               	.LBE326:
 965               	.LM129:
 966 02ca 80E0      		ldi r24,lo8(.LC0)
 967 02cc 90E0      		ldi r25,hi8(.LC0)
 968               	.LVL47:
 969 02ce 0E94 0000 		call lcd_puts
 970               	.LVL48:
 971 02d2 80E1      		ldi r24,lo8(10000)
 972 02d4 97E2      		ldi r25,hi8(10000)
 973               	.LVL49:
 974               	.LBB336:
 975               	.LBB337:
 976               	.LBB338:
 977               	.LBB339:
 978               	.LM130:
 979 02d6 20E9      		ldi r18,lo8(400)
 980 02d8 31E0      		ldi r19,hi8(400)
 981               	.L42:
 982 02da F901      		movw r30,r18
 983               	.LVL50:
 984               	/* #APP */
 985               	 ;  105 "c:/winavr/lib/gcc/../../avr/include/util/delay_basic.h" 1
 986 02dc 3197      		1: sbiw r30,1
 987 02de 01F4      		brne 1b
 988               	 ;  0 "" 2
 989               	/* #NOAPP */
 990               	.LBE339:
 991               	.LBE338:
 992               	.LM131:
 993 02e0 0197      		sbiw r24,1
 994               	.LM132:
 995 02e2 01F4      		brne .L42
 996               	.LBE337:
 997               	.LBE336:
 998               	.LBB340:
 999               	.LBB341:
 1000               	.LM133:
 1001 02e4 84E0      		ldi r24,lo8(4)
 1002               	.LVL51:
 1003 02e6 88BB      		out 56-32,r24
 1004               	.LM134:
 1005 02e8 18BA      		out 56-32,__zero_reg__
 1006               	.LM135:
 1007 02ea 84E1      		ldi r24,lo8(20)
 1008 02ec 88BB      		out 56-32,r24
 1009               	.LM136:
 1010 02ee 80E1      		ldi r24,lo8(16)
 1011 02f0 88BB      		out 56-32,r24
 1012               	.LBB342:
 1013               	.LBB343:
 1014               	.LBB344:
 1015               	.LBB345:
 1016               	.LM137:
 1017 02f2 00E4      		ldi r16,lo8(8000)
 1018 02f4 1FE1      		ldi r17,hi8(8000)
 1019 02f6 C801      		movw r24,r16
 1020               	.LVL52:
 1021               	/* #APP */
 1022               	 ;  105 "c:/winavr/lib/gcc/../../avr/include/util/delay_basic.h" 1
 1023 02f8 0197      		1: sbiw r24,1
 1024 02fa 01F4      		brne 1b
 1025               	 ;  0 "" 2
 1026               	/* #NOAPP */
 1027               	.LBE345:
 1028               	.LBE344:
 1029               	.LBE343:
 1030               	.LBE342:
 1031               	.LBB346:
 1032               	.LBB347:
 1033               	.LBB348:
 1034               	.LBB349:
 1035 02fc C801      		movw r24,r16
 1036               	.LVL53:
 1037               	/* #APP */
 1038               	 ;  105 "c:/winavr/lib/gcc/../../avr/include/util/delay_basic.h" 1
 1039 02fe 0197      		1: sbiw r24,1
 1040 0300 01F4      		brne 1b
 1041               	 ;  0 "" 2
 1042               	/* #NOAPP */
 1043               	.LBE349:
 1044               	.LBE348:
 1045               	.LBE347:
 1046               	.LBE346:
 1047               	.LBE341:
 1048               	.LBE340:
 1049               	.LBB350:
 1050               	.LBB351:
 1051               	.LM138:
 1052 0302 84E8      		ldi r24,lo8(-124)
 1053               	.LVL54:
 1054 0304 88BB      		out 56-32,r24
 1055               	.LM139:
 1056 0306 80E8      		ldi r24,lo8(-128)
 1057 0308 88BB      		out 56-32,r24
 1058               	.LM140:
 1059 030a 94EC      		ldi r25,lo8(-60)
 1060 030c E92E      		mov r14,r25
 1061 030e E8BA      		out 56-32,r14
 1062               	.LM141:
 1063 0310 80EC      		ldi r24,lo8(-64)
 1064 0312 F82E      		mov r15,r24
 1065 0314 F8BA      		out 56-32,r15
 1066               	.LBB352:
 1067               	.LBB353:
 1068               	.LBB354:
 1069               	.LBB355:
 1070               	.LM142:
 1071 0316 C801      		movw r24,r16
 1072               	.LVL55:
 1073               	/* #APP */
 1074               	 ;  105 "c:/winavr/lib/gcc/../../avr/include/util/delay_basic.h" 1
 1075 0318 0197      		1: sbiw r24,1
 1076 031a 01F4      		brne 1b
 1077               	 ;  0 "" 2
 1078               	/* #NOAPP */
 1079               	.LBE355:
 1080               	.LBE354:
 1081               	.LBE353:
 1082               	.LBE352:
 1083               	.LBB356:
 1084               	.LBB357:
 1085               	.LBB358:
 1086               	.LBB359:
 1087 031c C801      		movw r24,r16
 1088               	.LVL56:
 1089               	/* #APP */
 1090               	 ;  105 "c:/winavr/lib/gcc/../../avr/include/util/delay_basic.h" 1
 1091 031e 0197      		1: sbiw r24,1
 1092 0320 01F4      		brne 1b
 1093               	 ;  0 "" 2
 1094               	/* #NOAPP */
 1095               	.LBE359:
 1096               	.LBE358:
 1097               	.LBE357:
 1098               	.LBE356:
 1099               	.LBE351:
 1100               	.LBE350:
 1101               	.LM143:
 1102 0322 80E0      		ldi r24,lo8(.LC1)
 1103 0324 90E0      		ldi r25,hi8(.LC1)
 1104               	.LVL57:
 1105 0326 0E94 0000 		call lcd_puts
 1106               	.LVL58:
 1107               	.LBB360:
 1108               	.LBB361:
 1109               	.LM144:
 1110 032a E8BA      		out 56-32,r14
 1111               	.LM145:
 1112 032c F8BA      		out 56-32,r15
 1113               	.LM146:
 1114 032e 84E9      		ldi r24,lo8(-108)
 1115 0330 88BB      		out 56-32,r24
 1116               	.LM147:
 1117 0332 80E9      		ldi r24,lo8(-112)
 1118 0334 88BB      		out 56-32,r24
 1119               	.LBB362:
 1120               	.LBB363:
 1121               	.LBB364:
 1122               	.LBB365:
 1123               	.LM148:
 1124 0336 C801      		movw r24,r16
 1125               	.LVL59:
 1126               	/* #APP */
 1127               	 ;  105 "c:/winavr/lib/gcc/../../avr/include/util/delay_basic.h" 1
 1128 0338 0197      		1: sbiw r24,1
 1129 033a 01F4      		brne 1b
 1130               	 ;  0 "" 2
 1131               	/* #NOAPP */
 1132               	.LBE365:
 1133               	.LBE364:
 1134               	.LBE363:
 1135               	.LBE362:
 1136               	.LBB366:
 1137               	.LBB367:
 1138               	.LBB368:
 1139               	.LBB369:
 1140 033c C801      		movw r24,r16
 1141               	.LVL60:
 1142               	/* #APP */
 1143               	 ;  105 "c:/winavr/lib/gcc/../../avr/include/util/delay_basic.h" 1
 1144 033e 0197      		1: sbiw r24,1
 1145 0340 01F4      		brne 1b
 1146               	 ;  0 "" 2
 1147               	/* #NOAPP */
 1148               	.LBE369:
 1149               	.LBE368:
 1150               	.LBE367:
 1151               	.LBE366:
 1152               	.LBE361:
 1153               	.LBE360:
 1154               	.LM149:
 1155 0342 80E0      		ldi r24,lo8(.LC2)
 1156 0344 90E0      		ldi r25,hi8(.LC2)
 1157               	.LVL61:
 1158 0346 0E94 0000 		call lcd_puts
 1159               	.LBB370:
 1160               	.LBB371:
 1161               	.LM150:
 1162 034a B4E2      		ldi r27,lo8(36)
 1163 034c 2B2E      		mov r2,r27
 1164               	.LM151:
 1165 034e A0E2      		ldi r26,lo8(32)
 1166 0350 3A2E      		mov r3,r26
 1167               	.LBB372:
 1168               	.LBB373:
 1169               	.LBB374:
 1170               	.LBB375:
 1171               	.LM152:
 1172 0352 F0E4      		ldi r31,lo8(8000)
 1173 0354 EF2E      		mov r14,r31
 1174 0356 FFE1      		ldi r31,hi8(8000)
 1175 0358 FF2E      		mov r15,r31
 1176               	.LBE375:
 1177               	.LBE374:
 1178               	.LBE373:
 1179               	.LBE372:
 1180               	.LBE371:
 1181               	.LBE370:
 1182               	.LM153:
 1183 035a 5E01      		movw r10,r28
 1184 035c 0894      		sec
 1185 035e A11C      		adc r10,__zero_reg__
 1186 0360 B11C      		adc r11,__zero_reg__
 1187 0362 E0E0      		ldi r30,lo8(.LC3)
 1188 0364 4E2E      		mov r4,r30
 1189 0366 E0E0      		ldi r30,hi8(.LC3)
 1190 0368 5E2E      		mov r5,r30
 1191               	.LM154:
 1192 036a 70E1      		ldi r23,lo8(16)
 1193 036c C72E      		mov r12,r23
 1194 036e D12C      		mov r13,__zero_reg__
 1195 0370 CC0E      		add r12,r28
 1196 0372 DD1E      		adc r13,r29
 1197 0374 60E0      		ldi r22,lo8(.LC4)
 1198 0376 662E      		mov r6,r22
 1199 0378 60E0      		ldi r22,hi8(.LC4)
 1200 037a 762E      		mov r7,r22
 1201               	.LBB385:
 1202               	.LBB386:
 1203               	.LBB387:
 1204               	.LBB388:
 1205               	.LM155:
 1206 037c 50E9      		ldi r21,lo8(400)
 1207 037e 852E      		mov r8,r21
 1208 0380 51E0      		ldi r21,hi8(400)
 1209 0382 952E      		mov r9,r21
 1210               	.LVL62:
 1211               	.L51:
 1212               	.LBE388:
 1213               	.LBE387:
 1214               	.LBE386:
 1215               	.LBE385:
 1216               	.LBB392:
 1217               	.LBB384:
 1218               	.LM156:
 1219 0384 24E8      		ldi r18,lo8(-124)
 1220 0386 28BB      		out 56-32,r18
 1221               	.LM157:
 1222 0388 30E8      		ldi r19,lo8(-128)
 1223 038a 38BB      		out 56-32,r19
 1224               	.LM158:
 1225 038c 28BA      		out 56-32,r2
 1226               	.LM159:
 1227 038e 38BA      		out 56-32,r3
 1228               	.LBB379:
 1229               	.LBB378:
 1230               	.LBB377:
 1231               	.LBB376:
 1232               	.LM160:
 1233 0390 C701      		movw r24,r14
 1234               	.LVL63:
 1235               	/* #APP */
 1236               	 ;  105 "c:/winavr/lib/gcc/../../avr/include/util/delay_basic.h" 1
 1237 0392 0197      		1: sbiw r24,1
 1238 0394 01F4      		brne 1b
 1239               	 ;  0 "" 2
 1240               	/* #NOAPP */
 1241               	.LBE376:
 1242               	.LBE377:
 1243               	.LBE378:
 1244               	.LBE379:
 1245               	.LBB380:
 1246               	.LBB381:
 1247               	.LBB382:
 1248               	.LBB383:
 1249 0396 C701      		movw r24,r14
 1250               	.LVL64:
 1251               	/* #APP */
 1252               	 ;  105 "c:/winavr/lib/gcc/../../avr/include/util/delay_basic.h" 1
 1253 0398 0197      		1: sbiw r24,1
 1254 039a 01F4      		brne 1b
 1255               	 ;  0 "" 2
 1256               	/* #NOAPP */
 1257               	.LBE383:
 1258               	.LBE382:
 1259               	.LBE381:
 1260               	.LBE380:
 1261               	.LBE384:
 1262               	.LBE392:
 1263               	.LM161:
 1264 039c 81E0      		ldi r24,lo8(1)
 1265               	.LVL65:
 1266 039e 0E94 0000 		call adc
 1267               	.LVL66:
 1268               	.LM162:
 1269 03a2 EDB7      		in r30,__SP_L__
 1270 03a4 FEB7      		in r31,__SP_H__
 1271 03a6 3897      		sbiw r30,8
 1272 03a8 0FB6      		in __tmp_reg__,__SREG__
 1273 03aa F894      		cli
 1274 03ac FEBF      		out __SP_H__,r31
 1275 03ae 0FBE      		out __SREG__,__tmp_reg__
 1276 03b0 EDBF      		out __SP_L__,r30
 1277 03b2 0DB7      		in r16,__SP_L__
 1278 03b4 1EB7      		in r17,__SP_H__
 1279 03b6 0F5F      		subi r16,lo8(-(1))
 1280 03b8 1F4F      		sbci r17,hi8(-(1))
 1281 03ba B282      		std Z+2,r11
 1282 03bc A182      		std Z+1,r10
 1283 03be F801      		movw r30,r16
 1284 03c0 5382      		std Z+3,r5
 1285 03c2 4282      		std Z+2,r4
 1286 03c4 A0E0      		ldi r26,lo8(0)
 1287 03c6 B0E0      		ldi r27,hi8(0)
 1288               	.LVL67:
 1289 03c8 BC01      		movw r22,r24
 1290 03ca CD01      		movw r24,r26
 1291               	.LVL68:
 1292 03cc 0E94 0000 		call __floatunsisf
 1293               	.LVL69:
 1294 03d0 26EF      		ldi r18,lo8(0x409c28f6)
 1295 03d2 38E2      		ldi r19,hi8(0x409c28f6)
 1296 03d4 4CE9      		ldi r20,hlo8(0x409c28f6)
 1297 03d6 50E4      		ldi r21,hhi8(0x409c28f6)
 1298 03d8 0E94 0000 		call __mulsf3
 1299 03dc F801      		movw r30,r16
 1300 03de 6483      		std Z+4,r22
 1301 03e0 7583      		std Z+5,r23
 1302 03e2 8683      		std Z+6,r24
 1303 03e4 9783      		std Z+7,r25
 1304 03e6 0E94 0000 		call sprintf
 1305               	.LM163:
 1306 03ea 2DB7      		in r18,__SP_L__
 1307 03ec 3EB7      		in r19,__SP_H__
 1308 03ee 285F      		subi r18,lo8(-(8))
 1309 03f0 3F4F      		sbci r19,hi8(-(8))
 1310 03f2 0FB6      		in __tmp_reg__,__SREG__
 1311 03f4 F894      		cli
 1312 03f6 3EBF      		out __SP_H__,r19
 1313 03f8 0FBE      		out __SREG__,__tmp_reg__
 1314 03fa 2DBF      		out __SP_L__,r18
 1315 03fc C501      		movw r24,r10
 1316 03fe 0E94 0000 		call lcd_puts
 1317               	.LBB393:
 1318               	.LBB394:
 1319               	.LM164:
 1320 0402 34EC      		ldi r19,lo8(-60)
 1321 0404 38BB      		out 56-32,r19
 1322               	.LM165:
 1323 0406 80EC      		ldi r24,lo8(-64)
 1324 0408 88BB      		out 56-32,r24
 1325               	.LM166:
 1326 040a 28BA      		out 56-32,r2
 1327               	.LM167:
 1328 040c 38BA      		out 56-32,r3
 1329               	.LBB395:
 1330               	.LBB396:
 1331               	.LBB397:
 1332               	.LBB398:
 1333               	.LM168:
 1334 040e C701      		movw r24,r14
 1335               	.LVL70:
 1336               	/* #APP */
 1337               	 ;  105 "c:/winavr/lib/gcc/../../avr/include/util/delay_basic.h" 1
 1338 0410 0197      		1: sbiw r24,1
 1339 0412 01F4      		brne 1b
 1340               	 ;  0 "" 2
 1341               	/* #NOAPP */
 1342               	.LBE398:
 1343               	.LBE397:
 1344               	.LBE396:
 1345               	.LBE395:
 1346               	.LBB399:
 1347               	.LBB400:
 1348               	.LBB401:
 1349               	.LBB402:
 1350 0414 C701      		movw r24,r14
 1351               	.LVL71:
 1352               	/* #APP */
 1353               	 ;  105 "c:/winavr/lib/gcc/../../avr/include/util/delay_basic.h" 1
 1354 0416 0197      		1: sbiw r24,1
 1355 0418 01F4      		brne 1b
 1356               	 ;  0 "" 2
 1357               	/* #NOAPP */
 1358               	.LBE402:
 1359               	.LBE401:
 1360               	.LBE400:
 1361               	.LBE399:
 1362               	.LBE394:
 1363               	.LBE393:
 1364               	.LM169:
 1365 041a 80E0      		ldi r24,lo8(0)
 1366               	.LVL72:
 1367 041c 0E94 0000 		call adc
 1368               	.LM170:
 1369 0420 EDB7      		in r30,__SP_L__
 1370 0422 FEB7      		in r31,__SP_H__
 1371 0424 3897      		sbiw r30,8
 1372 0426 0FB6      		in __tmp_reg__,__SREG__
 1373 0428 F894      		cli
 1374 042a FEBF      		out __SP_H__,r31
 1375 042c 0FBE      		out __SREG__,__tmp_reg__
 1376 042e EDBF      		out __SP_L__,r30
 1377 0430 0DB7      		in r16,__SP_L__
 1378 0432 1EB7      		in r17,__SP_H__
 1379 0434 0F5F      		subi r16,lo8(-(1))
 1380 0436 1F4F      		sbci r17,hi8(-(1))
 1381 0438 D282      		std Z+2,r13
 1382 043a C182      		std Z+1,r12
 1383 043c F801      		movw r30,r16
 1384 043e 7382      		std Z+3,r7
 1385 0440 6282      		std Z+2,r6
 1386 0442 A0E0      		ldi r26,lo8(0)
 1387 0444 B0E0      		ldi r27,hi8(0)
 1388               	.LVL73:
 1389 0446 BC01      		movw r22,r24
 1390 0448 CD01      		movw r24,r26
 1391               	.LVL74:
 1392 044a 0E94 0000 		call __floatunsisf
 1393               	.LVL75:
 1394 044e 28E6      		ldi r18,lo8(0x3b9fe868)
 1395 0450 38EE      		ldi r19,hi8(0x3b9fe868)
 1396 0452 4FE9      		ldi r20,hlo8(0x3b9fe868)
 1397 0454 5BE3      		ldi r21,hhi8(0x3b9fe868)
 1398 0456 0E94 0000 		call __mulsf3
 1399 045a F801      		movw r30,r16
 1400 045c 6483      		std Z+4,r22
 1401 045e 7583      		std Z+5,r23
 1402 0460 8683      		std Z+6,r24
 1403 0462 9783      		std Z+7,r25
 1404 0464 0E94 0000 		call sprintf
 1405               	.LM171:
 1406 0468 2DB7      		in r18,__SP_L__
 1407 046a 3EB7      		in r19,__SP_H__
 1408 046c 285F      		subi r18,lo8(-(8))
 1409 046e 3F4F      		sbci r19,hi8(-(8))
 1410 0470 0FB6      		in __tmp_reg__,__SREG__
 1411 0472 F894      		cli
 1412 0474 3EBF      		out __SP_H__,r19
 1413 0476 0FBE      		out __SREG__,__tmp_reg__
 1414 0478 2DBF      		out __SP_L__,r18
 1415 047a C601      		movw r24,r12
 1416 047c 0E94 0000 		call lcd_puts
 1417 0480 F601      		movw r30,r12
 1418               	.LVL76:
 1419 0482 00C0      		rjmp .L43
 1420               	.L56:
 1421               	.LBB403:
 1422               	.LBB404:
 1423               	.LBB405:
 1424               	.LBB406:
 1425               	.LM172:
 1426 0484 5D9B      		sbis 43-32,5
 1427 0486 00C0      		rjmp .L56
 1428               	.LM173:
 1429 0488 8CB9      		out 44-32,r24
 1430               	.LBE406:
 1431               	.LBE405:
 1432               	.LM174:
 1433 048a 3196      		adiw r30,1
 1434               	.L43:
 1435               	.LM175:
 1436 048c 8081      		ld r24,Z
 1437 048e 8823      		tst r24
 1438 0490 01F4      		brne .L56
 1439               	.L55:
 1440               	.LBE404:
 1441               	.LBE403:
 1442               	.LBB407:
 1443               	.LBB408:
 1444               	.LM176:
 1445 0492 5D9B      		sbis 43-32,5
 1446 0494 00C0      		rjmp .L55
 1447               	.LM177:
 1448 0496 3CE2      		ldi r19,lo8(44)
 1449 0498 3CB9      		out 44-32,r19
 1450 049a F501      		movw r30,r10
 1451               	.LVL77:
 1452 049c 00C0      		rjmp .L46
 1453               	.L54:
 1454               	.LBE408:
 1455               	.LBE407:
 1456               	.LBB409:
 1457               	.LBB410:
 1458               	.LBB411:
 1459               	.LBB412:
 1460               	.LM178:
 1461 049e 5D9B      		sbis 43-32,5
 1462 04a0 00C0      		rjmp .L54
 1463               	.LM179:
 1464 04a2 8CB9      		out 44-32,r24
 1465               	.LBE412:
 1466               	.LBE411:
 1467               	.LM180:
 1468 04a4 3196      		adiw r30,1
 1469               	.L46:
 1470               	.LM181:
 1471 04a6 8081      		ld r24,Z
 1472 04a8 8823      		tst r24
 1473 04aa 01F4      		brne .L54
 1474               	.L53:
 1475               	.LBE410:
 1476               	.LBE409:
 1477               	.LBB413:
 1478               	.LBB414:
 1479               	.LM182:
 1480 04ac 5D9B      		sbis 43-32,5
 1481 04ae 00C0      		rjmp .L53
 1482               	.LM183:
 1483 04b0 8DE0      		ldi r24,lo8(13)
 1484 04b2 8CB9      		out 44-32,r24
 1485               	.L49:
 1486               	.LBE414:
 1487               	.LBE413:
 1488               	.LBB415:
 1489               	.LBB416:
 1490               	.LM184:
 1491 04b4 5D9B      		sbis 43-32,5
 1492 04b6 00C0      		rjmp .L49
 1493               	.LM185:
 1494 04b8 9AE0      		ldi r25,lo8(10)
 1495 04ba 9CB9      		out 44-32,r25
 1496 04bc 80ED      		ldi r24,lo8(2000)
 1497 04be 97E0      		ldi r25,hi8(2000)
 1498               	.LVL78:
 1499               	.L50:
 1500               	.LBE416:
 1501               	.LBE415:
 1502               	.LBB417:
 1503               	.LBB391:
 1504               	.LBB390:
 1505               	.LBB389:
 1506               	.LM186:
 1507 04c0 F401      		movw r30,r8
 1508               	.LVL79:
 1509               	/* #APP */
 1510               	 ;  105 "c:/winavr/lib/gcc/../../avr/include/util/delay_basic.h" 1
 1511 04c2 3197      		1: sbiw r30,1
 1512 04c4 01F4      		brne 1b
 1513               	 ;  0 "" 2
 1514               	/* #NOAPP */
 1515               	.LBE389:
 1516               	.LBE390:
 1517               	.LM187:
 1518 04c6 0197      		sbiw r24,1
 1519               	.LM188:
 1520 04c8 01F4      		brne .L50
 1521 04ca 00C0      		rjmp .L51
 1522               	.LBE391:
 1523               	.LBE417:
 1524               	.LFE19:
 1638               	.Letext0:
DEFINED SYMBOLS
                            *ABS*:00000000 main.c
C:\DOCUME~1\aims\LOCALS~1\Temp/ccDiRFrY.s:2      *ABS*:0000003f __SREG__
C:\DOCUME~1\aims\LOCALS~1\Temp/ccDiRFrY.s:3      *ABS*:0000003e __SP_H__
C:\DOCUME~1\aims\LOCALS~1\Temp/ccDiRFrY.s:4      *ABS*:0000003d __SP_L__
C:\DOCUME~1\aims\LOCALS~1\Temp/ccDiRFrY.s:5      *ABS*:00000034 __CCP__
C:\DOCUME~1\aims\LOCALS~1\Temp/ccDiRFrY.s:6      *ABS*:00000000 __tmp_reg__
C:\DOCUME~1\aims\LOCALS~1\Temp/ccDiRFrY.s:7      *ABS*:00000001 __zero_reg__
C:\DOCUME~1\aims\LOCALS~1\Temp/ccDiRFrY.s:18     .text:00000000 lcd_reset
C:\DOCUME~1\aims\LOCALS~1\Temp/ccDiRFrY.s:153    .text:0000004e lcd_cmd
C:\DOCUME~1\aims\LOCALS~1\Temp/ccDiRFrY.s:221    .text:0000007e lcd_init
C:\DOCUME~1\aims\LOCALS~1\Temp/ccDiRFrY.s:432    .text:000000f0 lcd_data
C:\DOCUME~1\aims\LOCALS~1\Temp/ccDiRFrY.s:498    .text:0000011c lcd_puts
C:\DOCUME~1\aims\LOCALS~1\Temp/ccDiRFrY.s:527    .text:00000134 itoa
C:\DOCUME~1\aims\LOCALS~1\Temp/ccDiRFrY.s:604    .text:000001bc USART_INIT
C:\DOCUME~1\aims\LOCALS~1\Temp/ccDiRFrY.s:627    .text:000001cc rswritechar
C:\DOCUME~1\aims\LOCALS~1\Temp/ccDiRFrY.s:646    .text:000001d4 rsreadchar
C:\DOCUME~1\aims\LOCALS~1\Temp/ccDiRFrY.s:664    .text:000001dc rsstr
C:\DOCUME~1\aims\LOCALS~1\Temp/ccDiRFrY.s:698    .text:000001f0 adc
C:\DOCUME~1\aims\LOCALS~1\Temp/ccDiRFrY.s:810    .text:00000242 main

UNDEFINED SYMBOLS
__udivmodhi4
__floatunsisf
__mulsf3
sprintf
__do_copy_data
