   1               		.file	"main.c"
   2               	__SREG__ = 0x3f
   3               	__SP_H__ = 0x3e
   4               	__SP_L__ = 0x3d
   5               	__CCP__  = 0x34
   6               	__tmp_reg__ = 0
   7               	__zero_reg__ = 1
  15               	.Ltext0:
  16               	.global	main
  18               	main:
  19               	.LFB6:
  20               	.LM1:
  21               	/* prologue: function */
  22               	/* frame size = 0 */
  23               	.LM2:
  24 0000 8FEF      		ldi r24,lo8(-1)
  25 0002 8ABB      		out 58-32,r24
  26               	.LM3:
  27 0004 80EF      		ldi r24,lo8(-16)
  28 0006 87BB      		out 55-32,r24
  29               	.LM4:
  30 0008 18BA      		out 56-32,__zero_reg__
  31               	.LM5:
  32 000a 1BBA      		out 59-32,__zero_reg__
  33               	.LM6:
  34 000c 70E1      		ldi r23,lo8(16)
  35               	.LBB30:
  36               	.LBB31:
  37               	.LBB32:
  38               	.LBB33:
  39               	.LM7:
  40 000e 20ED      		ldi r18,lo8(2000)
  41 0010 37E0      		ldi r19,hi8(2000)
  42               	.LBE33:
  43               	.LBE32:
  44               	.LBE31:
  45               	.LBE30:
  46               	.LM8:
  47 0012 60E2      		ldi r22,lo8(32)
  48               	.LM9:
  49 0014 50E4      		ldi r21,lo8(64)
  50               	.LM10:
  51 0016 40E8      		ldi r20,lo8(-128)
  52               	.L2:
  53               	.LM11:
  54 0018 8091 0000 		lds r24,segdisp+1
  55 001c 8BBB      		out 59-32,r24
  56               	.LM12:
  57 001e 78BB      		out 56-32,r23
  58               	.LBB37:
  59               	.LBB36:
  60               	.LBB35:
  61               	.LBB34:
  62               	.LM13:
  63 0020 C901      		movw r24,r18
  64               	.LVL0:
  65               	/* #APP */
  66               	 ;  105 "c:/winavr-20090313/lib/gcc/../../avr/include/util/delay_basic.h" 1
  67 0022 0197      		1: sbiw r24,1
  68 0024 01F4      		brne 1b
  69               	 ;  0 "" 2
  70               	/* #NOAPP */
  71               	.LBE34:
  72               	.LBE35:
  73               	.LBE36:
  74               	.LBE37:
  75               	.LM14:
  76 0026 8091 0000 		lds r24,segdisp+1
  77               	.LVL1:
  78 002a 8BBB      		out 59-32,r24
  79               	.LM15:
  80 002c 68BB      		out 56-32,r22
  81               	.LBB38:
  82               	.LBB39:
  83               	.LBB40:
  84               	.LBB41:
  85               	.LM16:
  86 002e C901      		movw r24,r18
  87               	.LVL2:
  88               	/* #APP */
  89               	 ;  105 "c:/winavr-20090313/lib/gcc/../../avr/include/util/delay_basic.h" 1
  90 0030 0197      		1: sbiw r24,1
  91 0032 01F4      		brne 1b
  92               	 ;  0 "" 2
  93               	/* #NOAPP */
  94               	.LBE41:
  95               	.LBE40:
  96               	.LBE39:
  97               	.LBE38:
  98               	.LM17:
  99 0034 8091 0000 		lds r24,segdisp+1
 100               	.LVL3:
 101 0038 8BBB      		out 59-32,r24
 102               	.LM18:
 103 003a 58BB      		out 56-32,r21
 104               	.LBB42:
 105               	.LBB43:
 106               	.LBB44:
 107               	.LBB45:
 108               	.LM19:
 109 003c C901      		movw r24,r18
 110               	.LVL4:
 111               	/* #APP */
 112               	 ;  105 "c:/winavr-20090313/lib/gcc/../../avr/include/util/delay_basic.h" 1
 113 003e 0197      		1: sbiw r24,1
 114 0040 01F4      		brne 1b
 115               	 ;  0 "" 2
 116               	/* #NOAPP */
 117               	.LBE45:
 118               	.LBE44:
 119               	.LBE43:
 120               	.LBE42:
 121               	.LM20:
 122 0042 8091 0000 		lds r24,segdisp+1
 123               	.LVL5:
 124 0046 8BBB      		out 59-32,r24
 125               	.LM21:
 126 0048 48BB      		out 56-32,r20
 127               	.LBB46:
 128               	.LBB47:
 129               	.LBB48:
 130               	.LBB49:
 131               	.LM22:
 132 004a C901      		movw r24,r18
 133               	.LVL6:
 134               	/* #APP */
 135               	 ;  105 "c:/winavr-20090313/lib/gcc/../../avr/include/util/delay_basic.h" 1
 136 004c 0197      		1: sbiw r24,1
 137 004e 01F4      		brne 1b
 138               	 ;  0 "" 2
 139               	/* #NOAPP */
 140 0050 00C0      		rjmp .L2
 141               	.LBE49:
 142               	.LBE48:
 143               	.LBE47:
 144               	.LBE46:
 145               	.LFE6:
 147               	.global	segdisp
 148               		.data
 151               	segdisp:
 152 0000 77        		.byte	119
 153 0001 11        		.byte	17
 154 0002 6B        		.byte	107
 155 0003 5B        		.byte	91
 156 0004 1D        		.byte	29
 157 0005 5E        		.byte	94
 158 0006 7E        		.byte	126
 159 0007 13        		.byte	19
 160 0008 7F        		.byte	127
 161 0009 1F        		.byte	31
 162 000a 00        		.byte	0
 187               	.Letext0:
DEFINED SYMBOLS
                            *ABS*:00000000 main.c
C:\DOCUME~1\anupam\LOCALS~1\Temp/cc5oM9jc.s:2      *ABS*:0000003f __SREG__
C:\DOCUME~1\anupam\LOCALS~1\Temp/cc5oM9jc.s:3      *ABS*:0000003e __SP_H__
C:\DOCUME~1\anupam\LOCALS~1\Temp/cc5oM9jc.s:4      *ABS*:0000003d __SP_L__
C:\DOCUME~1\anupam\LOCALS~1\Temp/cc5oM9jc.s:5      *ABS*:00000034 __CCP__
C:\DOCUME~1\anupam\LOCALS~1\Temp/cc5oM9jc.s:6      *ABS*:00000000 __tmp_reg__
C:\DOCUME~1\anupam\LOCALS~1\Temp/cc5oM9jc.s:7      *ABS*:00000001 __zero_reg__
C:\DOCUME~1\anupam\LOCALS~1\Temp/cc5oM9jc.s:18     .text:00000000 main
C:\DOCUME~1\anupam\LOCALS~1\Temp/cc5oM9jc.s:151    .data:00000000 segdisp

UNDEFINED SYMBOLS
__do_copy_data
