   1               		.file	"main.c"
   2               	__SREG__ = 0x3f
   3               	__SP_H__ = 0x3e
   4               	__SP_L__ = 0x3d
   5               	__CCP__  = 0x34
   6               	__tmp_reg__ = 0
   7               	__zero_reg__ = 1
   9               		.text
  10               	.Ltext0:
  69               	.global	lcd_reset
  71               	lcd_reset:
  73               	.Ltext1:
   1:lcd.h         **** 
   2:lcd.h         **** //The pins used are same as explained earlier
   3:lcd.h         **** #define lcd_port    PORTB
   4:lcd.h         **** 
   5:lcd.h         **** //LCD Registers addresses
   6:lcd.h         **** #define LCD_RS      0x01
   7:lcd.h         **** #define LCD_RW      0x02
   8:lcd.h         **** #define LCD_EN      0x04
   9:lcd.h         **** 
  10:lcd.h         **** void lcd_reset(void)
  11:lcd.h         **** {
  74               	me size = 0 */
  76               	.LM1:
  77               		ldi r24,lo8(-1)
  78               		out 56-32,r24
  12:lcd.h         ****         lcd_port = 0xFF;
  79               	r24,lo8(200)
  80               		ldi r25,hi8(200)
  81 0000 8FEF      	.LBB150:
  82 0002 88BB      	.LBB151:
  83 0004 88EC      	.LBB152:
  84 0006 90E0      	.LBB153:
  86               	.Ltext2:
  88               	.LM2:
  89               		ldi r18,lo8(400)
  90               		ldi r19,hi8(400)
   1:c:/winavr-20090313/lib/gcc/../../avr/include/util/delay_basic.h **** /* Copyright (c) 2002, Marek Michalkiewicz
   2:c:/winavr-20090313/lib/gcc/../../avr/include/util/delay_basic.h ****    Copyright (c) 2007 Joerg Wunsch
   3:c:/winavr-20090313/lib/gcc/../../avr/include/util/delay_basic.h ****    All rights reserved.
   4:c:/winavr-20090313/lib/gcc/../../avr/include/util/delay_basic.h **** 
   5:c:/winavr-20090313/lib/gcc/../../avr/include/util/delay_basic.h ****    Redistribution and use in source and binary forms, with or without
   6:c:/winavr-20090313/lib/gcc/../../avr/include/util/delay_basic.h ****    modification, are permitted provided that the following conditions are met:
   7:c:/winavr-20090313/lib/gcc/../../avr/include/util/delay_basic.h **** 
   8:c:/winavr-20090313/lib/gcc/../../avr/include/util/delay_basic.h ****    * Redistributions of source code must retain the above copyright
   9:c:/winavr-20090313/lib/gcc/../../avr/include/util/delay_basic.h ****      notice, this list of conditions and the following disclaimer.
  10:c:/winavr-20090313/lib/gcc/../../avr/include/util/delay_basic.h **** 
  11:c:/winavr-20090313/lib/gcc/../../avr/include/util/delay_basic.h ****    * Redistributions in binary form must reproduce the above copyright
  12:c:/winavr-20090313/lib/gcc/../../avr/include/util/delay_basic.h ****      notice, this list of conditions and the following disclaimer in
  13:c:/winavr-20090313/lib/gcc/../../avr/include/util/delay_basic.h ****      the documentation and/or other materials provided with the
  14:c:/winavr-20090313/lib/gcc/../../avr/include/util/delay_basic.h ****      distribution.
  15:c:/winavr-20090313/lib/gcc/../../avr/include/util/delay_basic.h **** 
  16:c:/winavr-20090313/lib/gcc/../../avr/include/util/delay_basic.h ****    * Neither the name of the copyright holders nor the names of
  17:c:/winavr-20090313/lib/gcc/../../avr/include/util/delay_basic.h ****      contributors may be used to endorse or promote products derived
  18:c:/winavr-20090313/lib/gcc/../../avr/include/util/delay_basic.h ****      from this software without specific prior written permission.
  19:c:/winavr-20090313/lib/gcc/../../avr/include/util/delay_basic.h **** 
  20:c:/winavr-20090313/lib/gcc/../../avr/include/util/delay_basic.h ****   THIS SOFTWARE IS PROVIDED BY THE COPYRIGHT HOLDERS AND CONTRIBUTORS "AS IS"
  21:c:/winavr-20090313/lib/gcc/../../avr/include/util/delay_basic.h ****   AND ANY EXPRESS OR IMPLIED WARRANTIES, INCLUDING, BUT NOT LIMITED TO, THE
  22:c:/winavr-20090313/lib/gcc/../../avr/include/util/delay_basic.h ****   IMPLIED WARRANTIES OF MERCHANTABILITY AND FITNESS FOR A PARTICULAR PURPOSE
  23:c:/winavr-20090313/lib/gcc/../../avr/include/util/delay_basic.h ****   ARE DISCLAIMED. IN NO EVENT SHALL THE COPYRIGHT OWNER OR CONTRIBUTORS BE
  24:c:/winavr-20090313/lib/gcc/../../avr/include/util/delay_basic.h ****   LIABLE FOR ANY DIRECT, INDIRECT, INCIDENTAL, SPECIAL, EXEMPLARY, OR
  25:c:/winavr-20090313/lib/gcc/../../avr/include/util/delay_basic.h ****   CONSEQUENTIAL DAMAGES (INCLUDING, BUT NOT LIMITED TO, PROCUREMENT OF
  26:c:/winavr-20090313/lib/gcc/../../avr/include/util/delay_basic.h ****   SUBSTITUTE GOODS OR SERVICES; LOSS OF USE, DATA, OR PROFITS; OR BUSINESS
  27:c:/winavr-20090313/lib/gcc/../../avr/include/util/delay_basic.h ****   INTERRUPTION) HOWEVER CAUSED AND ON ANY THEORY OF LIABILITY, WHETHER IN
  28:c:/winavr-20090313/lib/gcc/../../avr/include/util/delay_basic.h ****   CONTRACT, STRICT LIABILITY, OR TORT (INCLUDING NEGLIGENCE OR OTHERWISE)
  29:c:/winavr-20090313/lib/gcc/../../avr/include/util/delay_basic.h ****   ARISING IN ANY WAY OUT OF THE USE OF THIS SOFTWARE, EVEN IF ADVISED OF THE
  30:c:/winavr-20090313/lib/gcc/../../avr/include/util/delay_basic.h ****   POSSIBILITY OF SUCH DAMAGE. */
  31:c:/winavr-20090313/lib/gcc/../../avr/include/util/delay_basic.h **** 
  32:c:/winavr-20090313/lib/gcc/../../avr/include/util/delay_basic.h **** /* $Id: delay_basic.h,v 1.1 2007/05/13 21:23:20 joerg_wunsch Exp $ */
  33:c:/winavr-20090313/lib/gcc/../../avr/include/util/delay_basic.h **** 
  34:c:/winavr-20090313/lib/gcc/../../avr/include/util/delay_basic.h **** #ifndef _UTIL_DELAY_BASIC_H_
  35:c:/winavr-20090313/lib/gcc/../../avr/include/util/delay_basic.h **** #define _UTIL_DELAY_BASIC_H_ 1
  36:c:/winavr-20090313/lib/gcc/../../avr/include/util/delay_basic.h **** 
  37:c:/winavr-20090313/lib/gcc/../../avr/include/util/delay_basic.h **** #include <inttypes.h>
  38:c:/winavr-20090313/lib/gcc/../../avr/include/util/delay_basic.h **** 
  39:c:/winavr-20090313/lib/gcc/../../avr/include/util/delay_basic.h **** /** \file */
  40:c:/winavr-20090313/lib/gcc/../../avr/include/util/delay_basic.h **** /** \defgroup util_delay_basic <util/delay_basic.h>: Basic busy-wait delay loops
  41:c:/winavr-20090313/lib/gcc/../../avr/include/util/delay_basic.h ****     \code
  42:c:/winavr-20090313/lib/gcc/../../avr/include/util/delay_basic.h ****     #include <util/delay_basic.h>
  43:c:/winavr-20090313/lib/gcc/../../avr/include/util/delay_basic.h ****     \endcode
  44:c:/winavr-20090313/lib/gcc/../../avr/include/util/delay_basic.h **** 
  45:c:/winavr-20090313/lib/gcc/../../avr/include/util/delay_basic.h ****     The functions in this header file implement simple delay loops
  46:c:/winavr-20090313/lib/gcc/../../avr/include/util/delay_basic.h ****     that perform a busy-waiting.  They are typically used to
  47:c:/winavr-20090313/lib/gcc/../../avr/include/util/delay_basic.h ****     facilitate short delays in the program execution.  They are
  48:c:/winavr-20090313/lib/gcc/../../avr/include/util/delay_basic.h ****     implemented as count-down loops with a well-known CPU cycle
  49:c:/winavr-20090313/lib/gcc/../../avr/include/util/delay_basic.h ****     count per loop iteration.  As such, no other processing can
  50:c:/winavr-20090313/lib/gcc/../../avr/include/util/delay_basic.h ****     occur simultaneously.  It should be kept in mind that the
  51:c:/winavr-20090313/lib/gcc/../../avr/include/util/delay_basic.h ****     functions described here do not disable interrupts.
  52:c:/winavr-20090313/lib/gcc/../../avr/include/util/delay_basic.h **** 
  53:c:/winavr-20090313/lib/gcc/../../avr/include/util/delay_basic.h ****     In general, for long delays, the use of hardware timers is
  54:c:/winavr-20090313/lib/gcc/../../avr/include/util/delay_basic.h ****     much preferrable, as they free the CPU, and allow for
  55:c:/winavr-20090313/lib/gcc/../../avr/include/util/delay_basic.h ****     concurrent processing of other events while the timer is
  56:c:/winavr-20090313/lib/gcc/../../avr/include/util/delay_basic.h ****     running.  However, in particular for very short delays, the
  57:c:/winavr-20090313/lib/gcc/../../avr/include/util/delay_basic.h ****     overhead of setting up a hardware timer is too much compared
  58:c:/winavr-20090313/lib/gcc/../../avr/include/util/delay_basic.h ****     to the overall delay time.
  59:c:/winavr-20090313/lib/gcc/../../avr/include/util/delay_basic.h **** 
  60:c:/winavr-20090313/lib/gcc/../../avr/include/util/delay_basic.h ****     Two inline functions are provided for the actual delay algorithms.
  61:c:/winavr-20090313/lib/gcc/../../avr/include/util/delay_basic.h **** 
  62:c:/winavr-20090313/lib/gcc/../../avr/include/util/delay_basic.h **** */
  63:c:/winavr-20090313/lib/gcc/../../avr/include/util/delay_basic.h **** 
  64:c:/winavr-20090313/lib/gcc/../../avr/include/util/delay_basic.h **** #if !defined(__DOXYGEN__)
  65:c:/winavr-20090313/lib/gcc/../../avr/include/util/delay_basic.h **** static inline void _delay_loop_1(uint8_t __count) __attribute__((always_inline));
  66:c:/winavr-20090313/lib/gcc/../../avr/include/util/delay_basic.h **** static inline void _delay_loop_2(uint16_t __count) __attribute__((always_inline));
  67:c:/winavr-20090313/lib/gcc/../../avr/include/util/delay_basic.h **** #endif
  68:c:/winavr-20090313/lib/gcc/../../avr/include/util/delay_basic.h **** 
  69:c:/winavr-20090313/lib/gcc/../../avr/include/util/delay_basic.h **** /** \ingroup util_delay_basic
  70:c:/winavr-20090313/lib/gcc/../../avr/include/util/delay_basic.h **** 
  71:c:/winavr-20090313/lib/gcc/../../avr/include/util/delay_basic.h ****     Delay loop using an 8-bit counter \c __count, so up to 256
  72:c:/winavr-20090313/lib/gcc/../../avr/include/util/delay_basic.h ****     iterations are possible.  (The value 256 would have to be passed
  73:c:/winavr-20090313/lib/gcc/../../avr/include/util/delay_basic.h ****     as 0.)  The loop executes three CPU cycles per iteration, not
  74:c:/winavr-20090313/lib/gcc/../../avr/include/util/delay_basic.h ****     including the overhead the compiler needs to setup the counter
  75:c:/winavr-20090313/lib/gcc/../../avr/include/util/delay_basic.h ****     register.
  76:c:/winavr-20090313/lib/gcc/../../avr/include/util/delay_basic.h **** 
  77:c:/winavr-20090313/lib/gcc/../../avr/include/util/delay_basic.h ****     Thus, at a CPU speed of 1 MHz, delays of up to 768 microseconds
  78:c:/winavr-20090313/lib/gcc/../../avr/include/util/delay_basic.h ****     can be achieved.
  79:c:/winavr-20090313/lib/gcc/../../avr/include/util/delay_basic.h **** */
  80:c:/winavr-20090313/lib/gcc/../../avr/include/util/delay_basic.h **** void
  81:c:/winavr-20090313/lib/gcc/../../avr/include/util/delay_basic.h **** _delay_loop_1(uint8_t __count)
  82:c:/winavr-20090313/lib/gcc/../../avr/include/util/delay_basic.h **** {
  83:c:/winavr-20090313/lib/gcc/../../avr/include/util/delay_basic.h **** 	__asm__ volatile (
  84:c:/winavr-20090313/lib/gcc/../../avr/include/util/delay_basic.h **** 		"1: dec %0" "\n\t"
  85:c:/winavr-20090313/lib/gcc/../../avr/include/util/delay_basic.h **** 		"brne 1b"
  86:c:/winavr-20090313/lib/gcc/../../avr/include/util/delay_basic.h **** 		: "=r" (__count)
  87:c:/winavr-20090313/lib/gcc/../../avr/include/util/delay_basic.h **** 		: "0" (__count)
  88:c:/winavr-20090313/lib/gcc/../../avr/include/util/delay_basic.h **** 	);
  89:c:/winavr-20090313/lib/gcc/../../avr/include/util/delay_basic.h **** }
  90:c:/winavr-20090313/lib/gcc/../../avr/include/util/delay_basic.h **** 
  91:c:/winavr-20090313/lib/gcc/../../avr/include/util/delay_basic.h **** /** \ingroup util_delay_basic
  92:c:/winavr-20090313/lib/gcc/../../avr/include/util/delay_basic.h **** 
  93:c:/winavr-20090313/lib/gcc/../../avr/include/util/delay_basic.h ****     Delay loop using a 16-bit counter \c __count, so up to 65536
  94:c:/winavr-20090313/lib/gcc/../../avr/include/util/delay_basic.h ****     iterations are possible.  (The value 65536 would have to be
  95:c:/winavr-20090313/lib/gcc/../../avr/include/util/delay_basic.h ****     passed as 0.)  The loop executes four CPU cycles per iteration,
  96:c:/winavr-20090313/lib/gcc/../../avr/include/util/delay_basic.h ****     not including the overhead the compiler requires to setup the
  97:c:/winavr-20090313/lib/gcc/../../avr/include/util/delay_basic.h ****     counter register pair.
  98:c:/winavr-20090313/lib/gcc/../../avr/include/util/delay_basic.h **** 
  99:c:/winavr-20090313/lib/gcc/../../avr/include/util/delay_basic.h ****     Thus, at a CPU speed of 1 MHz, delays of up to about 262.1
 100:c:/winavr-20090313/lib/gcc/../../avr/include/util/delay_basic.h ****     milliseconds can be achieved.
 101:c:/winavr-20090313/lib/gcc/../../avr/include/util/delay_basic.h ****  */
 102:c:/winavr-20090313/lib/gcc/../../avr/include/util/delay_basic.h **** void
 103:c:/winavr-20090313/lib/gcc/../../avr/include/util/delay_basic.h **** _delay_loop_2(uint16_t __count)
 104:c:/winavr-20090313/lib/gcc/../../avr/include/util/delay_basic.h **** {
 105:c:/winavr-20090313/lib/gcc/../../avr/include/util/delay_basic.h **** 	__asm__ volatile (
  91               	30,r18
  92               	/* #APP */
  93 0008 20E9      	 ;  105 "c:/winavr-20090313/lib/gcc/../../avr/include/util/delay_basic.h" 1
  94 000a 31E0      		1: sbiw r30,1
  95               		brne 1b
  96 000c F901      	 ;  0 "" 2
  97               	/* #NOAPP */
  98               	.LBE153:
  99 000e 3197      	.LBE152:
 101               	.Ltext3:
 103               	.LM3:
 104               		sbiw r24,1
 106               	.LM4:
   1:c:/winavr-20090313/lib/gcc/../../avr/include/util/delay.h **** /* Copyright (c) 2002, Marek Michalkiewicz
   2:c:/winavr-20090313/lib/gcc/../../avr/include/util/delay.h ****    Copyright (c) 2004,2005,2007 Joerg Wunsch
   3:c:/winavr-20090313/lib/gcc/../../avr/include/util/delay.h ****    Copyright (c) 2007  Florin-Viorel Petrov
   4:c:/winavr-20090313/lib/gcc/../../avr/include/util/delay.h ****    All rights reserved.
   5:c:/winavr-20090313/lib/gcc/../../avr/include/util/delay.h **** 
   6:c:/winavr-20090313/lib/gcc/../../avr/include/util/delay.h ****    Redistribution and use in source and binary forms, with or without
   7:c:/winavr-20090313/lib/gcc/../../avr/include/util/delay.h ****    modification, are permitted provided that the following conditions are met:
   8:c:/winavr-20090313/lib/gcc/../../avr/include/util/delay.h **** 
   9:c:/winavr-20090313/lib/gcc/../../avr/include/util/delay.h ****    * Redistributions of source code must retain the above copyright
  10:c:/winavr-20090313/lib/gcc/../../avr/include/util/delay.h ****      notice, this list of conditions and the following disclaimer.
  11:c:/winavr-20090313/lib/gcc/../../avr/include/util/delay.h **** 
  12:c:/winavr-20090313/lib/gcc/../../avr/include/util/delay.h ****    * Redistributions in binary form must reproduce the above copyright
  13:c:/winavr-20090313/lib/gcc/../../avr/include/util/delay.h ****      notice, this list of conditions and the following disclaimer in
  14:c:/winavr-20090313/lib/gcc/../../avr/include/util/delay.h ****      the documentation and/or other materials provided with the
  15:c:/winavr-20090313/lib/gcc/../../avr/include/util/delay.h ****      distribution.
  16:c:/winavr-20090313/lib/gcc/../../avr/include/util/delay.h **** 
  17:c:/winavr-20090313/lib/gcc/../../avr/include/util/delay.h ****    * Neither the name of the copyright holders nor the names of
  18:c:/winavr-20090313/lib/gcc/../../avr/include/util/delay.h ****      contributors may be used to endorse or promote products derived
  19:c:/winavr-20090313/lib/gcc/../../avr/include/util/delay.h ****      from this software without specific prior written permission.
  20:c:/winavr-20090313/lib/gcc/../../avr/include/util/delay.h **** 
  21:c:/winavr-20090313/lib/gcc/../../avr/include/util/delay.h ****   THIS SOFTWARE IS PROVIDED BY THE COPYRIGHT HOLDERS AND CONTRIBUTORS "AS IS"
  22:c:/winavr-20090313/lib/gcc/../../avr/include/util/delay.h ****   AND ANY EXPRESS OR IMPLIED WARRANTIES, INCLUDING, BUT NOT LIMITED TO, THE
  23:c:/winavr-20090313/lib/gcc/../../avr/include/util/delay.h ****   IMPLIED WARRANTIES OF MERCHANTABILITY AND FITNESS FOR A PARTICULAR PURPOSE
  24:c:/winavr-20090313/lib/gcc/../../avr/include/util/delay.h ****   ARE DISCLAIMED. IN NO EVENT SHALL THE COPYRIGHT OWNER OR CONTRIBUTORS BE
  25:c:/winavr-20090313/lib/gcc/../../avr/include/util/delay.h ****   LIABLE FOR ANY DIRECT, INDIRECT, INCIDENTAL, SPECIAL, EXEMPLARY, OR
  26:c:/winavr-20090313/lib/gcc/../../avr/include/util/delay.h ****   CONSEQUENTIAL DAMAGES (INCLUDING, BUT NOT LIMITED TO, PROCUREMENT OF
  27:c:/winavr-20090313/lib/gcc/../../avr/include/util/delay.h ****   SUBSTITUTE GOODS OR SERVICES; LOSS OF USE, DATA, OR PROFITS; OR BUSINESS
  28:c:/winavr-20090313/lib/gcc/../../avr/include/util/delay.h ****   INTERRUPTION) HOWEVER CAUSED AND ON ANY THEORY OF LIABILITY, WHETHER IN
  29:c:/winavr-20090313/lib/gcc/../../avr/include/util/delay.h ****   CONTRACT, STRICT LIABILITY, OR TORT (INCLUDING NEGLIGENCE OR OTHERWISE)
  30:c:/winavr-20090313/lib/gcc/../../avr/include/util/delay.h ****   ARISING IN ANY WAY OUT OF THE USE OF THIS SOFTWARE, EVEN IF ADVISED OF THE
  31:c:/winavr-20090313/lib/gcc/../../avr/include/util/delay.h ****   POSSIBILITY OF SUCH DAMAGE. */
  32:c:/winavr-20090313/lib/gcc/../../avr/include/util/delay.h **** 
  33:c:/winavr-20090313/lib/gcc/../../avr/include/util/delay.h **** /* $Id: delay.h,v 1.5.2.1 2009/02/25 10:14:03 joerg_wunsch Exp $ */
  34:c:/winavr-20090313/lib/gcc/../../avr/include/util/delay.h **** 
  35:c:/winavr-20090313/lib/gcc/../../avr/include/util/delay.h **** #ifndef _UTIL_DELAY_H_
  36:c:/winavr-20090313/lib/gcc/../../avr/include/util/delay.h **** #define _UTIL_DELAY_H_ 1
  37:c:/winavr-20090313/lib/gcc/../../avr/include/util/delay.h **** 
  38:c:/winavr-20090313/lib/gcc/../../avr/include/util/delay.h **** #include <inttypes.h>
  39:c:/winavr-20090313/lib/gcc/../../avr/include/util/delay.h **** #include <util/delay_basic.h>
  40:c:/winavr-20090313/lib/gcc/../../avr/include/util/delay.h **** 
  41:c:/winavr-20090313/lib/gcc/../../avr/include/util/delay.h **** /** \file */
  42:c:/winavr-20090313/lib/gcc/../../avr/include/util/delay.h **** /** \defgroup util_delay <util/delay.h>: Convenience functions for busy-wait delay loops
  43:c:/winavr-20090313/lib/gcc/../../avr/include/util/delay.h ****     \code
  44:c:/winavr-20090313/lib/gcc/../../avr/include/util/delay.h ****     #define F_CPU 1000000UL  // 1 MHz
  45:c:/winavr-20090313/lib/gcc/../../avr/include/util/delay.h ****     //#define F_CPU 14.7456E6
  46:c:/winavr-20090313/lib/gcc/../../avr/include/util/delay.h ****     #include <util/delay.h>
  47:c:/winavr-20090313/lib/gcc/../../avr/include/util/delay.h ****     \endcode
  48:c:/winavr-20090313/lib/gcc/../../avr/include/util/delay.h **** 
  49:c:/winavr-20090313/lib/gcc/../../avr/include/util/delay.h ****     \note As an alternative method, it is possible to pass the
  50:c:/winavr-20090313/lib/gcc/../../avr/include/util/delay.h ****     F_CPU macro down to the compiler from the Makefile.
  51:c:/winavr-20090313/lib/gcc/../../avr/include/util/delay.h ****     Obviously, in that case, no \c \#define statement should be
  52:c:/winavr-20090313/lib/gcc/../../avr/include/util/delay.h ****     used.
  53:c:/winavr-20090313/lib/gcc/../../avr/include/util/delay.h **** 
  54:c:/winavr-20090313/lib/gcc/../../avr/include/util/delay.h ****     The functions in this header file are wrappers around the basic
  55:c:/winavr-20090313/lib/gcc/../../avr/include/util/delay.h ****     busy-wait functions from <util/delay_basic.h>.  They are meant as
  56:c:/winavr-20090313/lib/gcc/../../avr/include/util/delay.h ****     convenience functions where actual time values can be specified
  57:c:/winavr-20090313/lib/gcc/../../avr/include/util/delay.h ****     rather than a number of cycles to wait for.  The idea behind is
  58:c:/winavr-20090313/lib/gcc/../../avr/include/util/delay.h ****     that compile-time constant expressions will be eliminated by
  59:c:/winavr-20090313/lib/gcc/../../avr/include/util/delay.h ****     compiler optimization so floating-point expressions can be used
  60:c:/winavr-20090313/lib/gcc/../../avr/include/util/delay.h ****     to calculate the number of delay cycles needed based on the CPU
  61:c:/winavr-20090313/lib/gcc/../../avr/include/util/delay.h ****     frequency passed by the macro F_CPU.
  62:c:/winavr-20090313/lib/gcc/../../avr/include/util/delay.h **** 
  63:c:/winavr-20090313/lib/gcc/../../avr/include/util/delay.h ****     \note In order for these functions to work as intended, compiler
  64:c:/winavr-20090313/lib/gcc/../../avr/include/util/delay.h ****     optimizations <em>must</em> be enabled, and the delay time
  65:c:/winavr-20090313/lib/gcc/../../avr/include/util/delay.h ****     <em>must</em> be an expression that is a known constant at
  66:c:/winavr-20090313/lib/gcc/../../avr/include/util/delay.h ****     compile-time.  If these requirements are not met, the resulting
  67:c:/winavr-20090313/lib/gcc/../../avr/include/util/delay.h ****     delay will be much longer (and basically unpredictable), and
  68:c:/winavr-20090313/lib/gcc/../../avr/include/util/delay.h ****     applications that otherwise do not use floating-point calculations
  69:c:/winavr-20090313/lib/gcc/../../avr/include/util/delay.h ****     will experience severe code bloat by the floating-point library
  70:c:/winavr-20090313/lib/gcc/../../avr/include/util/delay.h ****     routines linked into the application.
  71:c:/winavr-20090313/lib/gcc/../../avr/include/util/delay.h **** 
  72:c:/winavr-20090313/lib/gcc/../../avr/include/util/delay.h ****     The functions available allow the specification of microsecond, and
  73:c:/winavr-20090313/lib/gcc/../../avr/include/util/delay.h ****     millisecond delays directly, using the application-supplied macro
  74:c:/winavr-20090313/lib/gcc/../../avr/include/util/delay.h ****     F_CPU as the CPU clock frequency (in Hertz).
  75:c:/winavr-20090313/lib/gcc/../../avr/include/util/delay.h **** 
  76:c:/winavr-20090313/lib/gcc/../../avr/include/util/delay.h **** */
  77:c:/winavr-20090313/lib/gcc/../../avr/include/util/delay.h **** 
  78:c:/winavr-20090313/lib/gcc/../../avr/include/util/delay.h **** #if !defined(__DOXYGEN__)
  79:c:/winavr-20090313/lib/gcc/../../avr/include/util/delay.h **** static inline void _delay_us(double __us) __attribute__((always_inline));
  80:c:/winavr-20090313/lib/gcc/../../avr/include/util/delay.h **** static inline void _delay_ms(double __ms) __attribute__((always_inline));
  81:c:/winavr-20090313/lib/gcc/../../avr/include/util/delay.h **** #endif
  82:c:/winavr-20090313/lib/gcc/../../avr/include/util/delay.h **** 
  83:c:/winavr-20090313/lib/gcc/../../avr/include/util/delay.h **** #ifndef F_CPU
  84:c:/winavr-20090313/lib/gcc/../../avr/include/util/delay.h **** /* prevent compiler error by supplying a default */
  85:c:/winavr-20090313/lib/gcc/../../avr/include/util/delay.h **** # warning "F_CPU not defined for <util/delay.h>"
  86:c:/winavr-20090313/lib/gcc/../../avr/include/util/delay.h **** # define F_CPU 1000000UL
  87:c:/winavr-20090313/lib/gcc/../../avr/include/util/delay.h **** #endif
  88:c:/winavr-20090313/lib/gcc/../../avr/include/util/delay.h **** 
  89:c:/winavr-20090313/lib/gcc/../../avr/include/util/delay.h **** #ifndef __OPTIMIZE__
  90:c:/winavr-20090313/lib/gcc/../../avr/include/util/delay.h **** # warning "Compiler optimizations disabled; functions from <util/delay.h> won't work as designed"
  91:c:/winavr-20090313/lib/gcc/../../avr/include/util/delay.h **** #endif
  92:c:/winavr-20090313/lib/gcc/../../avr/include/util/delay.h **** 
  93:c:/winavr-20090313/lib/gcc/../../avr/include/util/delay.h **** /**
  94:c:/winavr-20090313/lib/gcc/../../avr/include/util/delay.h ****    \ingroup util_delay
  95:c:/winavr-20090313/lib/gcc/../../avr/include/util/delay.h **** 
  96:c:/winavr-20090313/lib/gcc/../../avr/include/util/delay.h ****    Perform a delay of \c __ms milliseconds, using _delay_loop_2().
  97:c:/winavr-20090313/lib/gcc/../../avr/include/util/delay.h **** 
  98:c:/winavr-20090313/lib/gcc/../../avr/include/util/delay.h ****    The macro F_CPU is supposed to be defined to a
  99:c:/winavr-20090313/lib/gcc/../../avr/include/util/delay.h ****    constant defining the CPU clock frequency (in Hertz).
 100:c:/winavr-20090313/lib/gcc/../../avr/include/util/delay.h **** 
 101:c:/winavr-20090313/lib/gcc/../../avr/include/util/delay.h ****    The maximal possible delay is 262.14 ms / F_CPU in MHz.
 102:c:/winavr-20090313/lib/gcc/../../avr/include/util/delay.h **** 
 103:c:/winavr-20090313/lib/gcc/../../avr/include/util/delay.h ****    When the user request delay which exceed the maximum possible one,
 104:c:/winavr-20090313/lib/gcc/../../avr/include/util/delay.h ****    _delay_ms() provides a decreased resolution functionality. In this
 105:c:/winavr-20090313/lib/gcc/../../avr/include/util/delay.h ****    mode _delay_ms() will work with a resolution of 1/10 ms, providing
 106:c:/winavr-20090313/lib/gcc/../../avr/include/util/delay.h ****    delays up to 6.5535 seconds (independent from CPU frequency).  The
 107:c:/winavr-20090313/lib/gcc/../../avr/include/util/delay.h ****    user will not be informed about decreased resolution.
 108:c:/winavr-20090313/lib/gcc/../../avr/include/util/delay.h ****  */
 109:c:/winavr-20090313/lib/gcc/../../avr/include/util/delay.h **** void
 110:c:/winavr-20090313/lib/gcc/../../avr/include/util/delay.h **** _delay_ms(double __ms)
 111:c:/winavr-20090313/lib/gcc/../../avr/include/util/delay.h **** {
 112:c:/winavr-20090313/lib/gcc/../../avr/include/util/delay.h **** 	uint16_t __ticks;
 113:c:/winavr-20090313/lib/gcc/../../avr/include/util/delay.h **** 	double __tmp = ((F_CPU) / 4e3) * __ms;
 114:c:/winavr-20090313/lib/gcc/../../avr/include/util/delay.h **** 	if (__tmp < 1.0)
 115:c:/winavr-20090313/lib/gcc/../../avr/include/util/delay.h **** 		__ticks = 1;
 116:c:/winavr-20090313/lib/gcc/../../avr/include/util/delay.h **** 	else if (__tmp > 65535)
 117:c:/winavr-20090313/lib/gcc/../../avr/include/util/delay.h **** 	{
 118:c:/winavr-20090313/lib/gcc/../../avr/include/util/delay.h **** 		//	__ticks = requested delay in 1/10 ms
 119:c:/winavr-20090313/lib/gcc/../../avr/include/util/delay.h **** 		__ticks = (uint16_t) (__ms * 10.0);
 120:c:/winavr-20090313/lib/gcc/../../avr/include/util/delay.h **** 		while(__ticks)
 121:c:/winavr-20090313/lib/gcc/../../avr/include/util/delay.h **** 		{
 122:c:/winavr-20090313/lib/gcc/../../avr/include/util/delay.h **** 			// wait 1/10 ms
 123:c:/winavr-20090313/lib/gcc/../../avr/include/util/delay.h **** 			_delay_loop_2(((F_CPU) / 4e3) / 10);
 124:c:/winavr-20090313/lib/gcc/../../avr/include/util/delay.h **** 			__ticks --;
 107               	1:
 108               	.LBE150:
 110               	.Ltext4:
 112 0014 01F4      	.LM5:
 113               		ldi r25,lo8(52)
 114               		out 56-32,r25
 116               	.LM6:
  13:lcd.h         ****         _delay_ms(20);
  14:lcd.h         ****         lcd_port = 0x30+LCD_EN;
 117               	o8(48)
 118               		out 56-32,r24
 119 0016 94E3      	.LBB154:
 120 0018 98BB      	.LBB155:
  15:lcd.h         ****         lcd_port = 0x30;
 121               	156:
 122               	.LBB157:
 124 001c 88BB      	.Ltext5:
 126               	.LM7:
 127               		ldi r30,lo8(-25536)
 128               		ldi r31,hi8(-25536)
 129               	/* #APP */
 130               	 ;  105 "c:/winavr-20090313/lib/gcc/../../avr/include/util/delay_basic.h" 1
 131               		1: sbiw r30,1
 132               		brne 1b
 133 001e E0E4      	 ;  0 "" 2
 134 0020 FCE9      	/* #NOAPP */
 135               	.LBE157:
 136               	.LBE156:
 137 0022 3197      	.LBE155:
 138 0024 01F4      	.LBE154:
 140               	.Ltext6:
 142               	.LM8:
 143               		out 56-32,r25
 145               	.LM9:
 146               		out 56-32,r24
  16:lcd.h         ****         _delay_ms(10);
  17:lcd.h         ****         lcd_port = 0x30+LCD_EN;
 147               	
 148               	.LBB161:
  18:lcd.h         ****         lcd_port = 0x30;
 150               	text7:
 152 0028 88BB      	.LM10:
 153               		ldi r18,lo8(4000)
 154               		ldi r19,hi8(4000)
 155               		movw r30,r18
 156               	/* #APP */
 157               	 ;  105 "c:/winavr-20090313/lib/gcc/../../avr/include/util/delay_basic.h" 1
 158               		1: sbiw r30,1
 159               		brne 1b
 160               	 ;  0 "" 2
 161 002a 20EA      	/* #NOAPP */
 162 002c 3FE0      	.LBE161:
 163 002e F901      	.LBE160:
 164               	.LBE159:
 165               	.LBE158:
 167 0032 01F4      	.Ltext8:
 169               	.LM11:
 170               		out 56-32,r25
 172               	.LM12:
 173               		out 56-32,r24
 174               	.LBB162:
 175               	.LBB163:
  19:lcd.h         ****         _delay_ms(1);
  20:lcd.h         ****         lcd_port = 0x30+LCD_EN;
 176               	"c:/winavr-20090313/lib/gcc/../../avr/include/util/delay_basic.h",132,0,0,.Ltext9
 177               	.Ltext9:
  21:lcd.h         ****         lcd_port = 0x30;
 179               	13:
 180               		movw r24,r18
 181 0036 88BB      	/* #APP */
 182               	 ;  105 "c:/winavr-20090313/lib/gcc/../../avr/include/util/delay_basic.h" 1
 183               		1: sbiw r24,1
 184               		brne 1b
 185               	 ;  0 "" 2
 186               	/* #NOAPP */
 187               	.LBE165:
 188               	.LBE164:
 189               	.LBE163:
 190 0038 C901      	.LBE162:
 192               	.Ltext10:
 194 003c 01F4      	.LM14:
 195               		ldi r24,lo8(36)
 196               		out 56-32,r24
 198               	.LM15:
 199               		ldi r24,lo8(32)
 200               		out 56-32,r24
 201               	.LBB166:
 202               	.LBB167:
  22:lcd.h         ****         _delay_ms(1);
  23:lcd.h         ****         lcd_port = 0x20+LCD_EN;
 203               	s	"c:/winavr-20090313/lib/gcc/../../avr/include/util/delay_basic.h",132,0,0,.Ltext11
 204               	.Ltext11:
 206 0040 88BB      	.LM16:
  24:lcd.h         ****         lcd_port = 0x20;
 207               	w r24,r18
 208               	/* #APP */
 209 0042 80E2      	 ;  105 "c:/winavr-20090313/lib/gcc/../../avr/include/util/delay_basic.h" 1
 210 0044 88BB      		1: sbiw r24,1
 211               		brne 1b
 212               	 ;  0 "" 2
 213               	/* epilogue start */
 214               	/* #NOAPP */
 215               	.LBE169:
 216               	.LBE168:
 217               	.LBE167:
 218               	.LBE166:
 220               	.Ltext12:
 222 0048 0197      	.LM17:
 223 004a 01F4      		ret
 231               	.Lscope1:
  25:lcd.h         ****         _delay_ms(1);
  26:lcd.h         **** }
 233               	0,24
 234               	.global	lcd_cmd
 236               	lcd_cmd:
 238               	.LM18:
 239               	.LFBB2:
 240               	/* prologue: function */
 241               	/* frame size = 0 */
 243               	.LM19:
 244               		mov r19,r24
 245               		andi r19,lo8(-16)
 246               		mov r18,r19
 247               		ori r18,lo8(4)
 248               		out 56-32,r18
  27:lcd.h         **** void lcd_cmd (char cmd)
  28:lcd.h         **** {
 249               	.LM20-.LFBB2
 250               	.LM20:
 251               		out 56-32,r19
 253               	.LM21:
  29:lcd.h         ****         lcd_port = (cmd & 0xF0)|LCD_EN;
 254               	r25,lo8(0)
 255               		ldi r18,4
 256 004e 382F      	1:	lsl r24
 257 0050 307F      		rol r25
 258 0052 232F      		dec r18
 259 0054 2460      		brne 1b
 260 0056 28BB      		mov r18,r24
  30:lcd.h         ****         lcd_port = (cmd & 0xF0);
 261               	8,lo8(4)
 262               		out 56-32,r18
  31:lcd.h         **** 		
  32:lcd.h         ****         lcd_port = ((cmd << 4) & 0xF0)|LCD_EN;
 264               	22:
 265               		out 56-32,r24
 266 005a 90E0      	.LBB170:
 267 005c 24E0      	.LBB171:
 268 005e 880F      	.LBB172:
 269 0060 991F      	.LBB173:
 271 0064 01F4      	.Ltext13:
 273 0068 2460      	.LM23:
 274 006a 28BB      		ldi r24,lo8(8000)
  33:lcd.h         ****         lcd_port = ((cmd << 4) & 0xF0);
 275               	8(8000)
 276               		movw r30,r24
 277 006c 88BB      	/* #APP */
 278               	 ;  105 "c:/winavr-20090313/lib/gcc/../../avr/include/util/delay_basic.h" 1
 279               		1: sbiw r30,1
 280               		brne 1b
 281               	 ;  0 "" 2
 282               	/* #NOAPP */
 283               	.LBE173:
 284               	.LBE172:
 285               	.LBE171:
 286 006e 80E4      	.LBE170:
 287 0070 9FE1      	.LBB174:
 288 0072 FC01      	.LBB175:
 289               	.LBB176:
 290               	.LBB177:
 291 0074 3197      	/* #APP */
 292 0076 01F4      	 ;  105 "c:/winavr-20090313/lib/gcc/../../avr/include/util/delay_basic.h" 1
 293               		1: sbiw r24,1
 294               		brne 1b
 295               	 ;  0 "" 2
 296               	/* epilogue start */
 297               	/* #NOAPP */
 298               	.LBE177:
 299               	.LBE176:
 300               	.LBE175:
 301               	.LBE174:
 303               	.Ltext14:
 305 0078 0197      	.LM24:
 306 007a 01F4      		ret
 308               	.Lscope2:
 310               	.global	lcd_init
 312               	lcd_init:
 314               	.LM25:
 315               	.LFBB3:
  34:lcd.h         **** 
  35:lcd.h         ****       
  36:lcd.h         **** 
  37:lcd.h         ****         _delay_ms(2);
  38:lcd.h         ****         _delay_ms(2);
  39:lcd.h         **** }
 316               	0 */
 318 007c 0895      	.LM26:
 319               		ldi r24,lo8(-1)
 320               		out 55-32,r24
 322               	.LM27:
 323               		out 56-32,__zero_reg__
  40:lcd.h         **** 
  41:lcd.h         **** void lcd_init (void)
  42:lcd.h         **** {       DDRB=0xFF;
 325               	all lcd_reset
 326               	.LBB178:
 327               	.LBB179:
 329               	.LM29:
 330               		ldi r24,lo8(36)
 331               		out 56-32,r24
 333 0080 87BB      	.LM30:
  43:lcd.h         ****         PORTB=0x00; 
 334               	lo8(32)
 335               		out 56-32,r24
  44:lcd.h         ****         lcd_reset();         // Call LCD reset
 337               	31:
 338               		ldi r21,lo8(-124)
 339 0084 0E94 0000 		out 56-32,r21
 341               	.LM32:
 342               		ldi r20,lo8(-128)
 343               		out 56-32,r20
 344 0088 84E2      	.LBB180:
 345 008a 88BB      	.LBB181:
 346               	.LBB182:
 347               	.LBB183:
 349 008e 88BB      	.Ltext15:
 351               	.LM33:
 352 0090 54E8      		ldi r18,lo8(8000)
 353 0092 58BB      		ldi r19,hi8(8000)
 354               		movw r24,r18
 355               	/* #APP */
 356 0094 40E8      	 ;  105 "c:/winavr-20090313/lib/gcc/../../avr/include/util/delay_basic.h" 1
 357 0096 48BB      		1: sbiw r24,1
 358               		brne 1b
 359               	 ;  0 "" 2
 360               	/* #NOAPP */
 361               	.LBE183:
 362               	.LBE182:
 363               	.LBE181:
 364               	.LBE180:
 365               	.LBB184:
 366 0098 20E4      	.LBB185:
 367 009a 3FE1      	.LBB186:
 368 009c C901      	.LBB187:
 369               		movw r24,r18
 370               	/* #APP */
 371 009e 0197      	 ;  105 "c:/winavr-20090313/lib/gcc/../../avr/include/util/delay_basic.h" 1
 372 00a0 01F4      		1: sbiw r24,1
 373               		brne 1b
 374               	 ;  0 "" 2
 375               	/* #NOAPP */
 376               	.LBE187:
 377               	.LBE186:
 378               	.LBE185:
 379               	.LBE184:
 380               	.LBE179:
 381               	.LBE178:
 382               	.LBB188:
 383 00a2 C901      	.LBB189:
 385               	.Ltext16:
 387 00a6 01F4      	.LM34:
 388               		ldi r25,lo8(4)
 389               		out 56-32,r25
 391               	.LM35:
 392               		out 56-32,__zero_reg__
 394               	.LM36:
 395               		ldi r24,lo8(-60)
 396               		out 56-32,r24
 398               	.LM37:
 399               		ldi r24,lo8(-64)
 400               		out 56-32,r24
 401               	.LBB190:
 402 00a8 94E0      	.LBB191:
 403 00aa 98BB      	.LBB192:
 404               	.LBB193:
 406 00ac 18BA      	.Ltext17:
 408               	.LM38:
 409 00ae 84EC      		movw r30,r18
 410 00b0 88BB      	/* #APP */
 411               	 ;  105 "c:/winavr-20090313/lib/gcc/../../avr/include/util/delay_basic.h" 1
 412               		1: sbiw r30,1
 413 00b2 80EC      		brne 1b
 414 00b4 88BB      	 ;  0 "" 2
 415               	/* #NOAPP */
 416               	.LBE193:
 417               	.LBE192:
 418               	.LBE191:
 419               	.LBE190:
 420               	.LBB194:
 421               	.LBB195:
 422               	.LBB196:
 423 00b6 F901      	.LBB197:
 424               		movw r30,r18
 425               	/* #APP */
 426 00b8 3197      	 ;  105 "c:/winavr-20090313/lib/gcc/../../avr/include/util/delay_basic.h" 1
 427 00ba 01F4      		1: sbiw r30,1
 428               		brne 1b
 429               	 ;  0 "" 2
 430               	/* #NOAPP */
 431               	.LBE197:
 432               	.LBE196:
 433               	.LBE195:
 434               	.LBE194:
 435               	.LBE189:
 436               	.LBE188:
 437               	.LBB198:
 438 00bc F901      	.LBB199:
 440               	.Ltext18:
 442 00c0 01F4      	.LM39:
 443               		out 56-32,r25
 445               	.LM40:
 446               		out 56-32,__zero_reg__
 448               	.LM41:
 449               		ldi r24,lo8(100)
 450               		out 56-32,r24
 452               	.LM42:
 453               		ldi r24,lo8(96)
 454               		out 56-32,r24
 455               	.LBB200:
 456               	.LBB201:
 457 00c2 98BB      	.LBB202:
 458               	.LBB203:
 460 00c4 18BA      	.Ltext19:
 462               	.LM43:
 463 00c6 84E6      		movw r30,r18
 464 00c8 88BB      	/* #APP */
 465               	 ;  105 "c:/winavr-20090313/lib/gcc/../../avr/include/util/delay_basic.h" 1
 466               		1: sbiw r30,1
 467 00ca 80E6      		brne 1b
 468 00cc 88BB      	 ;  0 "" 2
 469               	/* #NOAPP */
 470               	.LBE203:
 471               	.LBE202:
 472               	.LBE201:
 473               	.LBE200:
 474               	.LBB204:
 475               	.LBB205:
 476               	.LBB206:
 477 00ce F901      	.LBB207:
 478               		movw r30,r18
 479               	/* #APP */
 480 00d0 3197      	 ;  105 "c:/winavr-20090313/lib/gcc/../../avr/include/util/delay_basic.h" 1
 481 00d2 01F4      		1: sbiw r30,1
 482               		brne 1b
 483               	 ;  0 "" 2
 484               	/* #NOAPP */
 485               	.LBE207:
 486               	.LBE206:
 487               	.LBE205:
 488               	.LBE204:
 489               	.LBE199:
 490               	.LBE198:
 491               	.LBB208:
 492 00d4 F901      	.LBB209:
 494               	.Ltext20:
 496 00d8 01F4      	.LM44:
 497               		out 56-32,r21
 499               	.LM45:
 500               		out 56-32,r20
 502               	.LM46:
 503               		out 56-32,r25
 505               	.LM47:
 506               		out 56-32,__zero_reg__
 507               	.LBB210:
 508               	.LBB211:
 509               	.LBB212:
 510               	.LBB213:
 512               	.Ltext21:
 514 00dc 48BB      	.LM48:
 515               		movw r24,r18
 516               	/* #APP */
 517 00de 98BB      	 ;  105 "c:/winavr-20090313/lib/gcc/../../avr/include/util/delay_basic.h" 1
 518               		1: sbiw r24,1
 519               		brne 1b
 520 00e0 18BA      	 ;  0 "" 2
 521               	/* #NOAPP */
 522               	.LBE213:
 523               	.LBE212:
 524               	.LBE211:
 525               	.LBE210:
 526               	.LBB214:
 527               	.LBB215:
 528               	.LBB216:
 529 00e2 C901      	.LBB217:
 530               		movw r24,r18
 531               	/* #APP */
 532 00e4 0197      	 ;  105 "c:/winavr-20090313/lib/gcc/../../avr/include/util/delay_basic.h" 1
 533 00e6 01F4      		1: sbiw r24,1
 534               		brne 1b
 535               	 ;  0 "" 2
 536               	/* epilogue start */
 537               	/* #NOAPP */
 538               	.LBE217:
 539               	.LBE216:
 540               	.LBE215:
 541               	.LBE214:
 542               	.LBE209:
 543               	.LBE208:
 545               	.Ltext22:
 547 00ea 0197      	.LM49:
 548 00ec 01F4      		ret
 550               	.Lscope3:
 553               	.global	lcd_data
 555               	lcd_data:
 557               	.LM50:
 558               	.LFBB4:
 559               	/* prologue: function */
  45:lcd.h         ****         lcd_cmd(0x28);       // 4-bit mode - 2 line - 5x7 font.
  46:lcd.h         ****         lcd_cmd(0x0C);       // Display on cursor - off .
  47:lcd.h         ****         lcd_cmd(0x06);       // Automatic Increment - No Display shift.
  48:lcd.h         ****         lcd_cmd(0x80);       // Address DDRAM with 0 offset 80h.
  49:lcd.h         ****  }
 560               	LFBB4
 561               	.LM53:
 562 00ee 0895      		swap r24
 563               		andi r24,lo8(-16)
 564               		mov r25,r24
 565               		ori r25,lo8(5)
 566               		out 56-32,r25
 568               	.LM54:
 569               		ori r24,lo8(1)
  50:lcd.h         **** 
  51:lcd.h         **** 
  52:lcd.h         **** void lcd_data (unsigned char dat)
  53:lcd.h         **** {
 570               	,r24
 571               	.LBB218:
 572               	.LBB219:
 573               	.LBB220:
 574               	.LBB221:
  54:lcd.h         ****         lcd_port = ((dat & 0xF0)|LCD_EN|LCD_RS);
 575               	bs	"c:/winavr-20090313/lib/gcc/../../avr/include/util/delay_basic.h",132,0,0,.Ltext23
 576               	.Ltext23:
 578 00f2 907F      	.LM55:
 579 00f4 292F      		ldi r24,lo8(8000)
 580 00f6 2560      		ldi r25,hi8(8000)
 581 00f8 28BB      		movw r30,r24
  55:lcd.h         ****         lcd_port = ((dat & 0xF0)|LCD_RS);
 582               	 */
 583               	 ;  105 "c:/winavr-20090313/lib/gcc/../../avr/include/util/delay_basic.h" 1
 584 00fa 9160      		1: sbiw r30,1
 585 00fc 98BB      		brne 1b
  56:lcd.h         **** 		
  57:lcd.h         **** 		lcd_port = (((dat << 4) & 0xF0)|LCD_EN|LCD_RS);
 586               	0 "" 2
 587               	/* #NOAPP */
 588 00fe 8295      	.LBE221:
 589 0100 807F      	.LBE220:
 590 0102 982F      	.LBE219:
 591 0104 9560      	.LBE218:
 592 0106 98BB      	.LBB222:
  58:lcd.h         ****         lcd_port = (((dat << 4) & 0xF0)|LCD_RS);
 593               	:
 594               	.LBB224:
 595 0108 8160      	.LBB225:
 596 010a 88BB      	/* #APP */
 597               	 ;  105 "c:/winavr-20090313/lib/gcc/../../avr/include/util/delay_basic.h" 1
 598               		1: sbiw r24,1
 599               		brne 1b
 600               	 ;  0 "" 2
 601               	/* epilogue start */
 602               	/* #NOAPP */
 603               	.LBE225:
 604               	.LBE224:
 605 010c 80E4      	.LBE223:
 606 010e 9FE1      	.LBE222:
 608               	.Ltext24:
 610 0112 3197      	.LM56:
 611 0114 01F4      		ret
 613               	.Lscope4:
 615               	.global	lcd_puts
 617               	lcd_puts:
 619               	.LM57:
 620               	.LFBB5:
 621               		push r28
 622               		push r29
 623               	/* prologue: function */
 624 0116 0197      	/* frame size = 0 */
 626               	.LM58:
 627               		movw r28,r24
 628               		rjmp .L12
 629               	.L13:
 631               	.LM59:
 632               		call lcd_data
 633               	.L12:
  59:lcd.h         ****        
  60:lcd.h         ****       
  61:lcd.h         **** 
  62:lcd.h         ****        _delay_ms(2);
  63:lcd.h         ****        _delay_ms(2);
  64:lcd.h         **** }
 635               	pilogue start */
 637 011a 0895      	.LM61:
 638               		pop r29
 639               		pop r28
 640               		ret
 642               	.Lscope5:
  65:lcd.h         **** void lcd_puts(char *aaa)
  66:lcd.h         **** {
 644               	num:P(4,4)",64,0,0,14
 645               	.global	itoa
 647 011c CF93      	itoa:
 649               	.LM62:
 650               	.LFBB6:
 651               		push r12
 652               		push r13
 653 0120 EC01      		push r14
 654 0122 00C0      		push r15
 655               		push r16
  67:lcd.h         **** unsigned int i;
  68:lcd.h         **** for(i=0;aaa[i]!=0;i++)
  69:lcd.h         **** lcd_data(aaa[i]);
 656               	 prologue: function */
 657               	/* frame size = 0 */
 658 0124 0E94 0000 		movw r14,r24
 660               	.LM63:
 661               		ldi r22,lo8(10)
 662 0128 8991      		ldi r23,hi8(10)
 663 012a 8823      		call __udivmodhi4
 664 012c 01F4      		mov r13,r22
 665               		mov r12,r23
  70:lcd.h         **** 
  71:lcd.h         **** }
 666               	,0,78,.LM64-.LFBB6
 667               	.LM64:
 668 012e DF91      		mov r24,r22
 669 0130 CF91      		mov r25,r23
 670 0132 0895      		ldi r22,lo8(10)
 671               		ldi r23,hi8(10)
 672               		call __udivmodhi4
 673               		mov r17,r22
 674               		mov r16,r23
 676               	.LM65:
 677               		mov r24,r22
  72:lcd.h         **** void itoa(uint16_t num)
  73:lcd.h         **** {
 678               	
 679               		ldi r22,lo8(10)
 680               		ldi r23,hi8(10)
 681 0134 CF92      		call __udivmodhi4
 682 0136 DF92      		movw r24,r22
 683 0138 EF92      		ldi r22,lo8(10)
 684 013a FF92      		ldi r23,hi8(10)
 685 013c 0F93      		call __udivmodhi4
 686 013e 1F93      		subi r24,lo8(-(48))
 687               		call lcd_data
 689 0140 7C01      	.LM66:
  74:lcd.h         ****  unsigned char a,b,c,d;
  75:lcd.h         ****  a=num%10;
  76:lcd.h         ****  num=num/10;
 690               	7
 691               		mov r25,r16
 692 0142 6AE0      		ldi r22,lo8(10)
 693 0144 70E0      		ldi r23,hi8(10)
 694 0146 0E94 0000 		call __udivmodhi4
 695 014a D62E      		subi r24,lo8(-(48))
 696 014c C72E      		call lcd_data
  77:lcd.h         ****  b=num%10;
  78:lcd.h         ****  num=num/10;
 697               		68,0,84,.LM67-.LFBB6
 698               	.LM67:
 699 014e 862F      		mov r24,r13
 700 0150 972F      		mov r25,r12
 701 0152 6AE0      		ldi r22,lo8(10)
 702 0154 70E0      		ldi r23,hi8(10)
 703 0156 0E94 0000 		call __udivmodhi4
 704 015a 162F      		subi r24,lo8(-(48))
 705 015c 072F      		call lcd_data
  79:lcd.h         ****  c=num%10;
  80:lcd.h         ****  num=num/10;
  81:lcd.h         ****  d=num%10;
  82:lcd.h         ****  lcd_data(0x30+d); 
 706               	8,0,85,.LM68-.LFBB6
 707               	.LM68:
 708 015e 862F      		movw r24,r14
 709 0160 972F      		ldi r22,lo8(10)
 710 0162 6AE0      		ldi r23,hi8(10)
 711 0164 70E0      		call __udivmodhi4
 712 0166 0E94 0000 		subi r24,lo8(-(48))
 713 016a CB01      		call lcd_data
 714 016c 6AE0      	/* epilogue start */
 716 0170 0E94 0000 	.LM69:
 717 0174 805D      		pop r17
 718 0176 0E94 0000 		pop r16
  83:lcd.h         ****  lcd_data(0x30+c); 
 719               	 r14
 720               		pop r13
 721 017a 812F      		pop r12
 722 017c 902F      		ret
 724 0180 70E0      	.Lscope6:
 725 0182 0E94 0000 		.data
 726 0186 805D      	.LC0:
 727 0188 0E94 0000 		.string	"  Counter"
  84:lcd.h         ****  lcd_data(0x30+b); 
 728               	stabs	"main:F(0,1)",36,0,0,main
 729               	.global	main
 731 018e 9C2D      	main:
 733 0192 70E0      	.Ltext25:
 735 0198 805D      	.LM70:
 736 019a 0E94 0000 	.LFBB7:
  85:lcd.h         ****  lcd_data(0x30+a); 
 737               	
 738               		push r11
 739 019e C701      		push r12
 740 01a0 6AE0      		push r13
 741 01a2 70E0      		push r14
 742 01a4 0E94 0000 		push r15
 743 01a8 805D      		push r16
 744 01aa 0E94 0000 		push r17
 745               		push r28
  86:lcd.h         **** }...
 746               	9
 747               	/* prologue: function */
 748 01ae 1F91      	/* frame size = 0 */
 750 01b2 FF90      	.LM71:
 751 01b4 EF90      		call lcd_init
 752 01b6 DF90      	.LBB226:
 753 01b8 CF90      	.LBB227:
 755               	.Ltext26:
 757               	.LM72:
 758               		ldi r25,lo8(4)
 759 0000 2020 436F 		out 56-32,r25
 759      756E 7465 
 759      7200 
 761               	.LM73:
 762               		out 56-32,__zero_reg__
 764               	.LM74:
 765               		ldi r24,lo8(-60)
 766               		out 56-32,r24
   1:main.c        **** #include<avr/io.h>
   2:main.c        **** #include<util/delay.h>
   3:main.c        **** #include "lcd.h"
   4:main.c        **** 
   5:main.c        **** 
   6:main.c        **** 
   7:main.c        **** 
   8:main.c        **** 
   9:main.c        **** 
  10:main.c        **** 
  11:main.c        **** int main(void)
  12:main.c        **** {   int i;
 767               	-.LFBB7
 768               	.LM75:
 769               		ldi r24,lo8(-64)
 770 01bc AF92      		out 56-32,r24
 771 01be BF92      	.LBB228:
 772 01c0 CF92      	.LBB229:
 773 01c2 DF92      	.LBB230:
 774 01c4 EF92      	.LBB231:
 776 01c8 0F93      	.Ltext27:
 778 01cc CF93      	.LM76:
 779 01ce DF93      		ldi r18,lo8(8000)
 780               		ldi r19,hi8(8000)
 781               		movw r30,r18
  13:main.c        ****     lcd_init();
 782               	105 "c:/winavr-20090313/lib/gcc/../../avr/include/util/delay_basic.h" 1
 783               		1: sbiw r30,1
 784 01d0 0E94 0000 		brne 1b
 785               	 ;  0 "" 2
 786               	/* #NOAPP */
 787               	.LBE231:
 788               	.LBE230:
 789               	.LBE229:
 790               	.LBE228:
 791 01d4 94E0      	.LBB232:
 792 01d6 98BB      	.LBB233:
 793               	.LBB234:
 794               	.LBB235:
 795 01d8 18BA      		movw r30,r18
 796               	/* #APP */
 797               	 ;  105 "c:/winavr-20090313/lib/gcc/../../avr/include/util/delay_basic.h" 1
 798 01da 84EC      		1: sbiw r30,1
 799 01dc 88BB      		brne 1b
 800               	 ;  0 "" 2
 801               	/* #NOAPP */
 802 01de 80EC      	.LBE235:
 803 01e0 88BB      	.LBE234:
 804               	.LBE233:
 805               	.LBE232:
 806               	.LBE227:
 807               	.LBE226:
 808               	.LBB236:
 809               	.LBB237:
 811               	.Ltext28:
 813 01e4 3FE1      	.LM77:
 814 01e6 F901      		out 56-32,r25
 816               	.LM78:
 817 01e8 3197      		out 56-32,__zero_reg__
 819               	.LM79:
 820               		ldi r24,lo8(20)
 821               		out 56-32,r24
 823               	.LM80:
 824               		ldi r24,lo8(16)
 825               		out 56-32,r24
 826               	.LBB238:
 827               	.LBB239:
 828               	.LBB240:
 829 01ec F901      	.LBB241:
 831               	.Ltext29:
 833 01f0 01F4      	.LM81:
 834               		movw r24,r18
 835               	/* #APP */
 836               	 ;  105 "c:/winavr-20090313/lib/gcc/../../avr/include/util/delay_basic.h" 1
 837               		1: sbiw r24,1
 838               		brne 1b
 839               	 ;  0 "" 2
 840               	/* #NOAPP */
 841               	.LBE241:
 842               	.LBE240:
 843               	.LBE239:
 844               	.LBE238:
 845               	.LBB242:
 846               	.LBB243:
 847               	.LBB244:
 848 01f2 98BB      	.LBB245:
 849               		movw r24,r18
 850               	/* #APP */
 851 01f4 18BA      	 ;  105 "c:/winavr-20090313/lib/gcc/../../avr/include/util/delay_basic.h" 1
 852               		1: sbiw r24,1
 853               		brne 1b
 854 01f6 84E1      	 ;  0 "" 2
 855 01f8 88BB      	/* #NOAPP */
 856               	.LBE245:
 857               	.LBE244:
 858 01fa 80E1      	.LBE243:
 859 01fc 88BB      	.LBE242:
 860               	.LBE237:
 861               	.LBE236:
 863               	.Ltext30:
 865               	.LM82:
 866               		ldi r24,lo8(.LC0)
 867               		ldi r25,hi8(.LC0)
 868 01fe C901      		call lcd_puts
 869               		ldi r28,lo8(0)
 870               		ldi r29,hi8(0)
 871 0200 0197      	.LBB246:
 872 0202 01F4      	.LBB247:
 874               	.Ltext31:
 876               	.LM83:
 877               		ldi r23,lo8(-60)
 878               		mov r10,r23
 880               	.LM84:
 881               		ldi r22,lo8(-64)
 882               		mov r11,r22
 884               	.LM85:
 885               		ldi r21,lo8(84)
 886 0206 0197      		mov r12,r21
 888               	.LM86:
 889               		ldi r20,lo8(80)
 890               		mov r13,r20
 891               	.LBB248:
 892               	.LBB249:
 893               	.LBB250:
 894               	.LBB251:
 896               	.Ltext32:
  14:main.c        ****     lcd_cmd(0x0c);//display on curser off
  15:main.c        **** 	lcd_cmd(0x01);//lcd clear
  16:main.c        **** 	lcd_puts("  Counter");
 898               	
 899               	.LBB263:
 900 020a 80E0      	.LBB264:
 901 020c 90E0      		ldi r19,lo8(400)
 902 020e 0E94 0000 		mov r14,r19
 903 0212 C0E0      		ldi r19,hi8(400)
 904 0214 D0E0      		mov r15,r19
 905               	.L24:
 906               	.LBE264:
 907               	.LBE263:
 908               	.LBE262:
 909               	.LBE261:
 910               	.LBB268:
 911 0216 74EC      	.LBB260:
 913               	.Ltext33:
 915 021a 60EC      	.LM88:
 916 021c B62E      		out 56-32,r10
 918               	.LM89:
 919 021e 54E5      		out 56-32,r11
 921               	.LM90:
 922               		out 56-32,r12
 924 0224 D42E      	.LM91:
 925               		out 56-32,r13
 926               	.LBB255:
 927               	.LBB254:
 928               	.LBB253:
 929               	.LBB252:
 931               	.Ltext34:
 933 0226 00E4      	.LM92:
 934 0228 1FE1      		movw r24,r16
 935               	/* #APP */
 936               	 ;  105 "c:/winavr-20090313/lib/gcc/../../avr/include/util/delay_basic.h" 1
 937               		1: sbiw r24,1
 938               		brne 1b
 939               	 ;  0 "" 2
 940               	/* #NOAPP */
 941               	.LBE252:
 942               	.LBE253:
 943               	.LBE254:
 944               	.LBE255:
 945 022a 30E9      	.LBB256:
 946 022c E32E      	.LBB257:
 947 022e 31E0      	.LBB258:
 948 0230 F32E      	.LBB259:
 949               		movw r24,r16
 950               	/* #APP */
 951               	 ;  105 "c:/winavr-20090313/lib/gcc/../../avr/include/util/delay_basic.h" 1
 952               		1: sbiw r24,1
 953               		brne 1b
 954               	 ;  0 "" 2
 955               	/* #NOAPP */
 956               	.LBE259:
 957               	.LBE258:
 958               	.LBE257:
 959               	.LBE256:
 960 0232 A8BA      	.LBE260:
 961               	.LBE268:
 963 0234 B8BA      	.Ltext35:
 965               	.LM93:
 966 0236 C8BA      		movw r24,r28
 967               		call itoa
 968               		ldi r24,lo8(10000)
 969 0238 D8BA      		ldi r25,hi8(10000)
 970               	.L18:
 971               	.LBB269:
 972               	.LBB267:
 973               	.LBB266:
 974               	.LBB265:
 976               	.Ltext36:
 978 023a C801      	.LM94:
 979               		movw r30,r14
 980               	/* #APP */
 981 023c 0197      	 ;  105 "c:/winavr-20090313/lib/gcc/../../avr/include/util/delay_basic.h" 1
 982 023e 01F4      		1: sbiw r30,1
 983               		brne 1b
 984               	 ;  0 "" 2
 985               	/* #NOAPP */
 986               	.LBE265:
 987               	.LBE266:
 989               	.Ltext37:
 991               	.LM95:
 992               		sbiw r24,1
 994               	.LM96:
 995               		brne .L18
 996 0242 0197      	.LBE267:
 997 0244 01F4      	.LBE269:
 999               	.Ltext38:
 1001               	.LM97:
 1002               		adiw r28,1
 1003               		cpi r28,60
 1004               		cpc r29,__zero_reg__
 1005               		brlt .L24
 1006               		ldi r28,lo8(0)
 1007               		ldi r29,hi8(0)
  17:main.c        **** 	while(1)
  18:main.c        **** 	{
  19:main.c        **** 	 for(i=0;i<60;i++)
  20:main.c        **** 	 {lcd_cmd(0xc5);//goto second line 6th character
  21:main.c        **** 	  itoa(i);
 1008               	8(0)
 1009               		ldi r29,hi8(0)
 1010 0246 CE01      		rjmp .L24
 1027 0254 01F4      	.Lscope7:
 1029               	.Letext0:
 1030               	.global __do_copy_data
 1031               	...
DEFINED SYMBOLS
                            *ABS*:00000000 main.c
C:\DOCUME~1\AIMSIN~1\LOCALS~1\Temp/cc3pazHJ.s:2      *ABS*:0000003f __SREG__
C:\DOCUME~1\AIMSIN~1\LOCALS~1\Temp/cc3pazHJ.s:3      *ABS*:0000003e __SP_H__
C:\DOCUME~1\AIMSIN~1\LOCALS~1\Temp/cc3pazHJ.s:4      *ABS*:0000003d __SP_L__
C:\DOCUME~1\AIMSIN~1\LOCALS~1\Temp/cc3pazHJ.s:5      *ABS*:00000034 __CCP__
C:\DOCUME~1\AIMSIN~1\LOCALS~1\Temp/cc3pazHJ.s:6      *ABS*:00000000 __tmp_reg__
C:\DOCUME~1\AIMSIN~1\LOCALS~1\Temp/cc3pazHJ.s:7      *ABS*:00000001 __zero_reg__
C:\DOCUME~1\AIMSIN~1\LOCALS~1\Temp/cc3pazHJ.s:71     .text:00000000 lcd_reset
C:\DOCUME~1\AIMSIN~1\LOCALS~1\Temp/cc3pazHJ.s:248    .text:0000004e lcd_cmd
C:\DOCUME~1\AIMSIN~1\LOCALS~1\Temp/cc3pazHJ.s:324    .text:0000007e lcd_init
C:\DOCUME~1\AIMSIN~1\LOCALS~1\Temp/cc3pazHJ.s:569    .text:000000f0 lcd_data
C:\DOCUME~1\AIMSIN~1\LOCALS~1\Temp/cc3pazHJ.s:643    .text:0000011c lcd_puts
C:\DOCUME~1\AIMSIN~1\LOCALS~1\Temp/cc3pazHJ.s:677    .text:00000134 itoa
C:\DOCUME~1\AIMSIN~1\LOCALS~1\Temp/cc3pazHJ.s:764    .text:000001bc main

UNDEFINED SYMBOLS
__udivmodhi4
__do_copy_data
