   1               		.file	"main.c"
   2               	__SREG__ = 0x3f
   3               	__SP_H__ = 0x3e
   4               	__SP_L__ = 0x3d
   5               	__CCP__  = 0x34
   6               	__tmp_reg__ = 0
   7               	__zero_reg__ = 1
  15               	.Ltext0:
  16               	.global	main
  18               	main:
  19               	.LFB6:
  20               	.LM1:
  21 0000 2F92      		push r2
  22 0002 3F92      		push r3
  23 0004 4F92      		push r4
  24 0006 5F92      		push r5
  25 0008 6F92      		push r6
  26 000a 7F92      		push r7
  27 000c 8F92      		push r8
  28 000e 9F92      		push r9
  29 0010 AF92      		push r10
  30 0012 BF92      		push r11
  31 0014 CF92      		push r12
  32 0016 DF92      		push r13
  33 0018 EF92      		push r14
  34 001a FF92      		push r15
  35 001c 0F93      		push r16
  36 001e 1F93      		push r17
  37 0020 DF93      		push r29
  38 0022 CF93      		push r28
  39 0024 CDB7      		in r28,__SP_L__
  40 0026 DEB7      		in r29,__SP_H__
  41 0028 6497      		sbiw r28,20
  42 002a 0FB6      		in __tmp_reg__,__SREG__
  43 002c F894      		cli
  44 002e DEBF      		out __SP_H__,r29
  45 0030 0FBE      		out __SREG__,__tmp_reg__
  46 0032 CDBF      		out __SP_L__,r28
  47               	/* prologue: function */
  48               	/* frame size = 20 */
  49               	.LM2:
  50 0034 80EF      		ldi r24,lo8(-16)
  51 0036 81BB      		out 49-32,r24
  52               	.LM3:
  53 0038 8ABB      		out 58-32,r24
  54               	.LM4:
  55 003a 8FE0      		ldi r24,lo8(15)
  56 003c 82BB      		out 50-32,r24
  57 003e 1C8A      		std Y+20,__zero_reg__
  58 0040 1B8A      		std Y+19,__zero_reg__
  59               	.LVL0:
  60               	.LBB60:
  61               	.LBB62:
  62               	.LBB63:
  63               	.LBB64:
  64               	.LBB65:
  65               	.LBB66:
  66               	.LM5:
  67 0042 80E9      		ldi r24,lo8(400)
  68 0044 282E      		mov r2,r24
  69 0046 81E0      		ldi r24,hi8(400)
  70 0048 382E      		mov r3,r24
  71 004a 00C0      		rjmp .L73
  72               	.LVL1:
  73               	.L27:
  74               	.LBE66:
  75               	.LBE65:
  76               	.LBE64:
  77               	.LBE63:
  78               	.LBE62:
  79               	.LBE60:
  80               	.LM6:
  81 004c 20EF      		ldi r18,lo8(-16)
  82 004e 2BBB      		out 59-32,r18
  83               	.LBB77:
  84               	.LBB78:
  85               	.LM7:
  86 0050 C401      		movw r24,r8
  87 0052 B301      		movw r22,r6
  88               	.LVL2:
  89 0054 20E0      		ldi r18,lo8(0x3f800000)
  90 0056 30E0      		ldi r19,hi8(0x3f800000)
  91 0058 40E8      		ldi r20,hlo8(0x3f800000)
  92 005a 5FE3      		ldi r21,hhi8(0x3f800000)
  93 005c 0E94 0000 		call __ltsf2
  94               	.LVL3:
  95 0060 87FD      		sbrc r24,7
  96 0062 00C0      		rjmp .L3
  97               	.LM8:
  98 0064 C401      		movw r24,r8
  99 0066 B301      		movw r22,r6
 100 0068 20E0      		ldi r18,lo8(0x437f0000)
 101 006a 30E0      		ldi r19,hi8(0x437f0000)
 102 006c 4FE7      		ldi r20,hlo8(0x437f0000)
 103 006e 53E4      		ldi r21,hhi8(0x437f0000)
 104 0070 0E94 0000 		call __gtsf2
 105 0074 1816      		cp __zero_reg__,r24
 106 0076 04F0      		brlt .L4
 107 0078 8E81      		ldd r24,Y+6
 108 007a 00C0      		rjmp .L5
 109               	.LVL4:
 110               	.L4:
 111               	.LM9:
 112 007c 6F81      		ldd r22,Y+7
 113 007e 7885      		ldd r23,Y+8
 114 0080 8985      		ldd r24,Y+9
 115 0082 9A85      		ldd r25,Y+10
 116 0084 20E0      		ldi r18,lo8(0x447a0000)
 117 0086 30E0      		ldi r19,hi8(0x447a0000)
 118 0088 4AE7      		ldi r20,hlo8(0x447a0000)
 119 008a 54E4      		ldi r21,hhi8(0x447a0000)
 120 008c 0E94 0000 		call __divsf3
 121 0090 5B01      		movw r10,r22
 122 0092 6C01      		movw r12,r24
 123               	.LBB81:
 124               	.LBB82:
 125               	.LM10:
 126 0094 20E0      		ldi r18,lo8(0x457a0000)
 127 0096 30E0      		ldi r19,hi8(0x457a0000)
 128 0098 4AE7      		ldi r20,hlo8(0x457a0000)
 129 009a 55E4      		ldi r21,hhi8(0x457a0000)
 130 009c 0E94 0000 		call __mulsf3
 131 00a0 7B01      		movw r14,r22
 132 00a2 8C01      		movw r16,r24
 133               	.LM11:
 134 00a4 20E0      		ldi r18,lo8(0x3f800000)
 135 00a6 30E0      		ldi r19,hi8(0x3f800000)
 136 00a8 40E8      		ldi r20,hlo8(0x3f800000)
 137 00aa 5FE3      		ldi r21,hhi8(0x3f800000)
 138 00ac 0E94 0000 		call __ltsf2
 139 00b0 8823      		tst r24
 140 00b2 04F4      		brge .L74
 141 00b4 61E0      		ldi r22,lo8(1)
 142 00b6 70E0      		ldi r23,hi8(1)
 143               	.LVL5:
 144 00b8 00C0      		rjmp .L8
 145               	.LVL6:
 146               	.L74:
 147               	.LM12:
 148 00ba C801      		movw r24,r16
 149 00bc B701      		movw r22,r14
 150 00be 20E0      		ldi r18,lo8(0x477fff00)
 151 00c0 3FEF      		ldi r19,hi8(0x477fff00)
 152 00c2 4FE7      		ldi r20,hlo8(0x477fff00)
 153 00c4 57E4      		ldi r21,hhi8(0x477fff00)
 154 00c6 0E94 0000 		call __gtsf2
 155 00ca 1816      		cp __zero_reg__,r24
 156 00cc 04F4      		brge .L75
 157               	.LM13:
 158 00ce C601      		movw r24,r12
 159 00d0 B501      		movw r22,r10
 160 00d2 20E0      		ldi r18,lo8(0x41200000)
 161 00d4 30E0      		ldi r19,hi8(0x41200000)
 162 00d6 40E2      		ldi r20,hlo8(0x41200000)
 163 00d8 51E4      		ldi r21,hhi8(0x41200000)
 164 00da 0E94 0000 		call __mulsf3
 165 00de 0E94 0000 		call __fixunssfsi
 166 00e2 00C0      		rjmp .L11
 167               	.LVL7:
 168               	.L12:
 169               	.LBB83:
 170               	.LBB84:
 171               	.LM14:
 172 00e4 C101      		movw r24,r2
 173               	/* #APP */
 174               	 ;  105 "c:/winavr-20090313/lib/gcc/../../avr/include/util/delay_basic.h" 1
 175 00e6 0197      		1: sbiw r24,1
 176 00e8 01F4      		brne 1b
 177               	 ;  0 "" 2
 178               	/* #NOAPP */
 179               	.LBE84:
 180               	.LBE83:
 181               	.LM15:
 182 00ea 6150      		subi r22,lo8(-(-1))
 183 00ec 7040      		sbci r23,hi8(-(-1))
 184               	.L11:
 185               	.LM16:
 186 00ee 6115      		cp r22,__zero_reg__
 187 00f0 7105      		cpc r23,__zero_reg__
 188 00f2 01F4      		brne .L12
 189 00f4 00C0      		rjmp .L13
 190               	.LVL8:
 191               	.L75:
 192               	.LM17:
 193 00f6 C801      		movw r24,r16
 194 00f8 B701      		movw r22,r14
 195 00fa 0E94 0000 		call __fixunssfsi
 196               	.LVL9:
 197               	.L8:
 198               	.LBB85:
 199               	.LBB86:
 200               	.LM18:
 201 00fe CB01      		movw r24,r22
 202               	.LVL10:
 203               	/* #APP */
 204               	 ;  105 "c:/winavr-20090313/lib/gcc/../../avr/include/util/delay_basic.h" 1
 205 0100 0197      		1: sbiw r24,1
 206 0102 01F4      		brne 1b
 207               	 ;  0 "" 2
 208               	/* #NOAPP */
 209 0104 00C0      		rjmp .L13
 210               	.LVL11:
 211               	.L3:
 212 0106 81E0      		ldi r24,lo8(1)
 213               	.LVL12:
 214               	.L5:
 215               	.LBE86:
 216               	.LBE85:
 217               	.LBE82:
 218               	.LBE81:
 219               	.LBB79:
 220               	.LBB80:
 221               	.LM19:
 222               	/* #APP */
 223               	 ;  83 "c:/winavr-20090313/lib/gcc/../../avr/include/util/delay_basic.h" 1
 224 0108 8A95      		1: dec r24
 225 010a 01F4      		brne 1b
 226               	 ;  0 "" 2
 227               	.LVL13:
 228               	/* #NOAPP */
 229               	.L13:
 230               	.LBE80:
 231               	.LBE79:
 232               	.LBE78:
 233               	.LBE77:
 234               	.LM20:
 235 010c 1BBA      		out 59-32,__zero_reg__
 236               	.LM21:
 237 010e 6B85      		ldd r22,Y+11
 238 0110 7C85      		ldd r23,Y+12
 239 0112 8D85      		ldd r24,Y+13
 240 0114 9E85      		ldd r25,Y+14
 241               	.LVL14:
 242 0116 0E94 0000 		call __floatsisf
 243               	.LVL15:
 244 011a 5B01      		movw r10,r22
 245 011c 6C01      		movw r12,r24
 246               	.LBB88:
 247               	.LBB89:
 248               	.LM22:
 249 011e 2BEA      		ldi r18,lo8(0x40aaaaab)
 250 0120 3AEA      		ldi r19,hi8(0x40aaaaab)
 251 0122 4AEA      		ldi r20,hlo8(0x40aaaaab)
 252 0124 50E4      		ldi r21,hhi8(0x40aaaaab)
 253 0126 0E94 0000 		call __mulsf3
 254 012a 7B01      		movw r14,r22
 255 012c 8C01      		movw r16,r24
 256               	.LM23:
 257 012e 20E0      		ldi r18,lo8(0x3f800000)
 258 0130 30E0      		ldi r19,hi8(0x3f800000)
 259 0132 40E8      		ldi r20,hlo8(0x3f800000)
 260 0134 5FE3      		ldi r21,hhi8(0x3f800000)
 261 0136 0E94 0000 		call __ltsf2
 262 013a 8823      		tst r24
 263 013c 04F4      		brge .L76
 264 013e 61E0      		ldi r22,lo8(1)
 265               	.LVL16:
 266 0140 00C0      		rjmp .L16
 267               	.LVL17:
 268               	.L76:
 269               	.LM24:
 270 0142 C801      		movw r24,r16
 271 0144 B701      		movw r22,r14
 272 0146 20E0      		ldi r18,lo8(0x437f0000)
 273 0148 30E0      		ldi r19,hi8(0x437f0000)
 274 014a 4FE7      		ldi r20,hlo8(0x437f0000)
 275 014c 53E4      		ldi r21,hhi8(0x437f0000)
 276 014e 0E94 0000 		call __gtsf2
 277 0152 1816      		cp __zero_reg__,r24
 278 0154 04F0      		brlt .+2
 279 0156 00C0      		rjmp .L77
 280               	.LM25:
 281 0158 C601      		movw r24,r12
 282 015a B501      		movw r22,r10
 283 015c 20E0      		ldi r18,lo8(0x447a0000)
 284 015e 30E0      		ldi r19,hi8(0x447a0000)
 285 0160 4AE7      		ldi r20,hlo8(0x447a0000)
 286 0162 54E4      		ldi r21,hhi8(0x447a0000)
 287 0164 0E94 0000 		call __divsf3
 288 0168 5B01      		movw r10,r22
 289 016a 6C01      		movw r12,r24
 290               	.LBB90:
 291               	.LBB91:
 292               	.LM26:
 293 016c 20E0      		ldi r18,lo8(0x457a0000)
 294 016e 30E0      		ldi r19,hi8(0x457a0000)
 295 0170 4AE7      		ldi r20,hlo8(0x457a0000)
 296 0172 55E4      		ldi r21,hhi8(0x457a0000)
 297 0174 0E94 0000 		call __mulsf3
 298 0178 7B01      		movw r14,r22
 299 017a 8C01      		movw r16,r24
 300               	.LM27:
 301 017c 20E0      		ldi r18,lo8(0x3f800000)
 302 017e 30E0      		ldi r19,hi8(0x3f800000)
 303 0180 40E8      		ldi r20,hlo8(0x3f800000)
 304 0182 5FE3      		ldi r21,hhi8(0x3f800000)
 305 0184 0E94 0000 		call __ltsf2
 306 0188 8823      		tst r24
 307 018a 04F4      		brge .L78
 308 018c 61E0      		ldi r22,lo8(1)
 309 018e 70E0      		ldi r23,hi8(1)
 310               	.LVL18:
 311 0190 00C0      		rjmp .L21
 312               	.LVL19:
 313               	.L78:
 314               	.LM28:
 315 0192 C801      		movw r24,r16
 316 0194 B701      		movw r22,r14
 317 0196 20E0      		ldi r18,lo8(0x477fff00)
 318 0198 3FEF      		ldi r19,hi8(0x477fff00)
 319 019a 4FE7      		ldi r20,hlo8(0x477fff00)
 320 019c 57E4      		ldi r21,hhi8(0x477fff00)
 321 019e 0E94 0000 		call __gtsf2
 322 01a2 1816      		cp __zero_reg__,r24
 323 01a4 04F4      		brge .L79
 324               	.LM29:
 325 01a6 C601      		movw r24,r12
 326 01a8 B501      		movw r22,r10
 327 01aa 20E0      		ldi r18,lo8(0x41200000)
 328 01ac 30E0      		ldi r19,hi8(0x41200000)
 329 01ae 40E2      		ldi r20,hlo8(0x41200000)
 330 01b0 51E4      		ldi r21,hhi8(0x41200000)
 331 01b2 0E94 0000 		call __mulsf3
 332 01b6 0E94 0000 		call __fixunssfsi
 333 01ba 00C0      		rjmp .L24
 334               	.LVL20:
 335               	.L25:
 336               	.LBB92:
 337               	.LBB93:
 338               	.LM30:
 339 01bc C101      		movw r24,r2
 340               	/* #APP */
 341               	 ;  105 "c:/winavr-20090313/lib/gcc/../../avr/include/util/delay_basic.h" 1
 342 01be 0197      		1: sbiw r24,1
 343 01c0 01F4      		brne 1b
 344               	 ;  0 "" 2
 345               	/* #NOAPP */
 346               	.LBE93:
 347               	.LBE92:
 348               	.LM31:
 349 01c2 6150      		subi r22,lo8(-(-1))
 350 01c4 7040      		sbci r23,hi8(-(-1))
 351               	.L24:
 352               	.LM32:
 353 01c6 6115      		cp r22,__zero_reg__
 354 01c8 7105      		cpc r23,__zero_reg__
 355 01ca 01F4      		brne .L25
 356 01cc 00C0      		rjmp .L26
 357               	.LVL21:
 358               	.L79:
 359               	.LM33:
 360 01ce C801      		movw r24,r16
 361 01d0 B701      		movw r22,r14
 362 01d2 0E94 0000 		call __fixunssfsi
 363               	.LVL22:
 364               	.L21:
 365               	.LBB94:
 366               	.LBB95:
 367               	.LM34:
 368 01d6 CB01      		movw r24,r22
 369               	.LVL23:
 370               	/* #APP */
 371               	 ;  105 "c:/winavr-20090313/lib/gcc/../../avr/include/util/delay_basic.h" 1
 372 01d8 0197      		1: sbiw r24,1
 373 01da 01F4      		brne 1b
 374               	 ;  0 "" 2
 375               	/* #NOAPP */
 376 01dc 00C0      		rjmp .L26
 377               	.LVL24:
 378               	.L77:
 379               	.LBE95:
 380               	.LBE94:
 381               	.LBE91:
 382               	.LBE90:
 383               	.LM35:
 384 01de C801      		movw r24,r16
 385 01e0 B701      		movw r22,r14
 386 01e2 0E94 0000 		call __fixunssfsi
 387               	.LVL25:
 388               	.L16:
 389               	.LBB96:
 390               	.LBB97:
 391               	.LM36:
 392               	/* #APP */
 393               	 ;  83 "c:/winavr-20090313/lib/gcc/../../avr/include/util/delay_basic.h" 1
 394 01e6 6A95      		1: dec r22
 395 01e8 01F4      		brne 1b
 396               	 ;  0 "" 2
 397               	.LVL26:
 398               	/* #NOAPP */
 399               	.L26:
 400               	.LBE97:
 401               	.LBE96:
 402               	.LBE89:
 403               	.LBE88:
 404               	.LM37:
 405 01ea 0894      		sec
 406 01ec 411C      		adc r4,__zero_reg__
 407 01ee 511C      		adc r5,__zero_reg__
 408 01f0 3AE0      		ldi r19,lo8(10)
 409 01f2 4316      		cp r4,r19
 410 01f4 5104      		cpc r5,__zero_reg__
 411 01f6 01F0      		breq .+2
 412 01f8 00C0      		rjmp .L27
 413               	.LM38:
 414 01fa 4B89      		ldd r20,Y+19
 415 01fc 5C89      		ldd r21,Y+20
 416 01fe 4F5F      		subi r20,lo8(-(1))
 417 0200 5F4F      		sbci r21,hi8(-(1))
 418 0202 5C8B      		std Y+20,r21
 419 0204 4B8B      		std Y+19,r20
 420               	.LVL27:
 421               	.L73:
 422 0206 8B89      		ldd r24,Y+19
 423 0208 9C89      		ldd r25,Y+20
 424               	.LVL28:
 425 020a 8536      		cpi r24,101
 426 020c 9105      		cpc r25,__zero_reg__
 427 020e 04F0      		brlt .L28
 428 0210 E8E8      		ldi r30,lo8(5000)
 429 0212 F3E1      		ldi r31,hi8(5000)
 430               	.LVL29:
 431 0214 FC8B      		std Y+20,r31
 432 0216 EB8B      		std Y+19,r30
 433 0218 00C0      		rjmp .L29
 434               	.LVL30:
 435               	.L28:
 436               	.LM39:
 437 021a 2B89      		ldd r18,Y+19
 438 021c 3C89      		ldd r19,Y+20
 439 021e 42E3      		ldi r20,lo8(50)
 440 0220 50E0      		ldi r21,hi8(50)
 441 0222 249F      		mul r18,r20
 442 0224 B001      		movw r22,r0
 443 0226 259F      		mul r18,r21
 444 0228 700D      		add r23,r0
 445 022a 349F      		mul r19,r20
 446 022c 700D      		add r23,r0
 447 022e 1124      		clr r1
 448               	.LVL31:
 449 0230 8827      		clr r24
 450 0232 77FD      		sbrc r23,7
 451 0234 8095      		com r24
 452 0236 982F      		mov r25,r24
 453 0238 0E94 0000 		call __floatsisf
 454               	.LVL32:
 455 023c 6F83      		std Y+7,r22
 456 023e 7887      		std Y+8,r23
 457 0240 8987      		std Y+9,r24
 458 0242 9A87      		std Y+10,r25
 459               	.LBB98:
 460               	.LBB87:
 461               	.LM40:
 462 0244 2BEA      		ldi r18,lo8(0x40aaaaab)
 463 0246 3AEA      		ldi r19,hi8(0x40aaaaab)
 464 0248 4AEA      		ldi r20,hlo8(0x40aaaaab)
 465 024a 50E4      		ldi r21,hhi8(0x40aaaaab)
 466 024c 0E94 0000 		call __mulsf3
 467 0250 3B01      		movw r6,r22
 468 0252 4C01      		movw r8,r24
 469               	.LVL33:
 470               	.LM41:
 471 0254 0E94 0000 		call __fixunssfsi
 472 0258 6E83      		std Y+6,r22
 473               	.LVL34:
 474               	.LBE87:
 475               	.LBE98:
 476               	.LM42:
 477 025a 84E6      		ldi r24,lo8(100)
 478 025c 90E0      		ldi r25,hi8(100)
 479 025e EB89      		ldd r30,Y+19
 480 0260 FC89      		ldd r31,Y+20
 481 0262 8E1B      		sub r24,r30
 482 0264 9F0B      		sbc r25,r31
 483 0266 9C01      		movw r18,r24
 484 0268 42E3      		ldi r20,lo8(50)
 485 026a 50E0      		ldi r21,hi8(50)
 486 026c 249F      		mul r18,r20
 487 026e C001      		movw r24,r0
 488 0270 259F      		mul r18,r21
 489 0272 900D      		add r25,r0
 490 0274 349F      		mul r19,r20
 491 0276 900D      		add r25,r0
 492 0278 1124      		clr r1
 493 027a 4424      		clr r4
 494 027c 5524      		clr r5
 495 027e 9C01      		movw r18,r24
 496 0280 4427      		clr r20
 497 0282 37FD      		sbrc r19,7
 498 0284 4095      		com r20
 499 0286 542F      		mov r21,r20
 500 0288 2B87      		std Y+11,r18
 501 028a 3C87      		std Y+12,r19
 502 028c 4D87      		std Y+13,r20
 503 028e 5E87      		std Y+14,r21
 504 0290 00C0      		rjmp .L27
 505               	.LVL35:
 506               	.L54:
 507               	.LM43:
 508 0292 30EF      		ldi r19,lo8(-16)
 509 0294 3BBB      		out 59-32,r19
 510               	.LBB99:
 511               	.LBB75:
 512               	.LM44:
 513 0296 C401      		movw r24,r8
 514 0298 B301      		movw r22,r6
 515               	.LVL36:
 516 029a 20E0      		ldi r18,lo8(0x3f800000)
 517 029c 30E0      		ldi r19,hi8(0x3f800000)
 518 029e 40E8      		ldi r20,hlo8(0x3f800000)
 519 02a0 5FE3      		ldi r21,hhi8(0x3f800000)
 520 02a2 0E94 0000 		call __ltsf2
 521               	.LVL37:
 522 02a6 87FD      		sbrc r24,7
 523 02a8 00C0      		rjmp .L30
 524               	.LM45:
 525 02aa C401      		movw r24,r8
 526 02ac B301      		movw r22,r6
 527 02ae 20E0      		ldi r18,lo8(0x437f0000)
 528 02b0 30E0      		ldi r19,hi8(0x437f0000)
 529 02b2 4FE7      		ldi r20,hlo8(0x437f0000)
 530 02b4 53E4      		ldi r21,hhi8(0x437f0000)
 531 02b6 0E94 0000 		call __gtsf2
 532 02ba 1816      		cp __zero_reg__,r24
 533 02bc 04F0      		brlt .L31
 534 02be 8D81      		ldd r24,Y+5
 535 02c0 00C0      		rjmp .L32
 536               	.LVL38:
 537               	.L31:
 538               	.LM46:
 539 02c2 6981      		ldd r22,Y+1
 540 02c4 7A81      		ldd r23,Y+2
 541 02c6 8B81      		ldd r24,Y+3
 542 02c8 9C81      		ldd r25,Y+4
 543 02ca 20E0      		ldi r18,lo8(0x447a0000)
 544 02cc 30E0      		ldi r19,hi8(0x447a0000)
 545 02ce 4AE7      		ldi r20,hlo8(0x447a0000)
 546 02d0 54E4      		ldi r21,hhi8(0x447a0000)
 547 02d2 0E94 0000 		call __divsf3
 548 02d6 5B01      		movw r10,r22
 549 02d8 6C01      		movw r12,r24
 550               	.LBB72:
 551               	.LBB71:
 552               	.LM47:
 553 02da 20E0      		ldi r18,lo8(0x457a0000)
 554 02dc 30E0      		ldi r19,hi8(0x457a0000)
 555 02de 4AE7      		ldi r20,hlo8(0x457a0000)
 556 02e0 55E4      		ldi r21,hhi8(0x457a0000)
 557 02e2 0E94 0000 		call __mulsf3
 558 02e6 7B01      		movw r14,r22
 559 02e8 8C01      		movw r16,r24
 560               	.LM48:
 561 02ea 20E0      		ldi r18,lo8(0x3f800000)
 562 02ec 30E0      		ldi r19,hi8(0x3f800000)
 563 02ee 40E8      		ldi r20,hlo8(0x3f800000)
 564 02f0 5FE3      		ldi r21,hhi8(0x3f800000)
 565 02f2 0E94 0000 		call __ltsf2
 566 02f6 8823      		tst r24
 567 02f8 04F4      		brge .L80
 568 02fa 61E0      		ldi r22,lo8(1)
 569 02fc 70E0      		ldi r23,hi8(1)
 570               	.LVL39:
 571 02fe 00C0      		rjmp .L35
 572               	.LVL40:
 573               	.L80:
 574               	.LM49:
 575 0300 C801      		movw r24,r16
 576 0302 B701      		movw r22,r14
 577 0304 20E0      		ldi r18,lo8(0x477fff00)
 578 0306 3FEF      		ldi r19,hi8(0x477fff00)
 579 0308 4FE7      		ldi r20,hlo8(0x477fff00)
 580 030a 57E4      		ldi r21,hhi8(0x477fff00)
 581 030c 0E94 0000 		call __gtsf2
 582 0310 1816      		cp __zero_reg__,r24
 583 0312 04F4      		brge .L81
 584               	.LM50:
 585 0314 C601      		movw r24,r12
 586 0316 B501      		movw r22,r10
 587 0318 20E0      		ldi r18,lo8(0x41200000)
 588 031a 30E0      		ldi r19,hi8(0x41200000)
 589 031c 40E2      		ldi r20,hlo8(0x41200000)
 590 031e 51E4      		ldi r21,hhi8(0x41200000)
 591 0320 0E94 0000 		call __mulsf3
 592 0324 0E94 0000 		call __fixunssfsi
 593 0328 00C0      		rjmp .L38
 594               	.LVL41:
 595               	.L39:
 596               	.LBB68:
 597               	.LBB67:
 598               	.LM51:
 599 032a C101      		movw r24,r2
 600               	/* #APP */
 601               	 ;  105 "c:/winavr-20090313/lib/gcc/../../avr/include/util/delay_basic.h" 1
 602 032c 0197      		1: sbiw r24,1
 603 032e 01F4      		brne 1b
 604               	 ;  0 "" 2
 605               	/* #NOAPP */
 606               	.LBE67:
 607               	.LBE68:
 608               	.LM52:
 609 0330 6150      		subi r22,lo8(-(-1))
 610 0332 7040      		sbci r23,hi8(-(-1))
 611               	.L38:
 612               	.LM53:
 613 0334 6115      		cp r22,__zero_reg__
 614 0336 7105      		cpc r23,__zero_reg__
 615 0338 01F4      		brne .L39
 616 033a 00C0      		rjmp .L40
 617               	.LVL42:
 618               	.L81:
 619               	.LM54:
 620 033c C801      		movw r24,r16
 621 033e B701      		movw r22,r14
 622 0340 0E94 0000 		call __fixunssfsi
 623               	.LVL43:
 624               	.L35:
 625               	.LBB69:
 626               	.LBB70:
 627               	.LM55:
 628 0344 CB01      		movw r24,r22
 629               	.LVL44:
 630               	/* #APP */
 631               	 ;  105 "c:/winavr-20090313/lib/gcc/../../avr/include/util/delay_basic.h" 1
 632 0346 0197      		1: sbiw r24,1
 633 0348 01F4      		brne 1b
 634               	 ;  0 "" 2
 635               	/* #NOAPP */
 636 034a 00C0      		rjmp .L40
 637               	.LVL45:
 638               	.L30:
 639 034c 81E0      		ldi r24,lo8(1)
 640               	.LVL46:
 641               	.L32:
 642               	.LBE70:
 643               	.LBE69:
 644               	.LBE71:
 645               	.LBE72:
 646               	.LBB73:
 647               	.LBB74:
 648               	.LM56:
 649               	/* #APP */
 650               	 ;  83 "c:/winavr-20090313/lib/gcc/../../avr/include/util/delay_basic.h" 1
 651 034e 8A95      		1: dec r24
 652 0350 01F4      		brne 1b
 653               	 ;  0 "" 2
 654               	.LVL47:
 655               	/* #NOAPP */
 656               	.L40:
 657               	.LBE74:
 658               	.LBE73:
 659               	.LBE75:
 660               	.LBE99:
 661               	.LM57:
 662 0352 1BBA      		out 59-32,__zero_reg__
 663               	.LM58:
 664 0354 6F85      		ldd r22,Y+15
 665 0356 7889      		ldd r23,Y+16
 666 0358 8989      		ldd r24,Y+17
 667 035a 9A89      		ldd r25,Y+18
 668               	.LVL48:
 669 035c 0E94 0000 		call __floatsisf
 670               	.LVL49:
 671 0360 5B01      		movw r10,r22
 672 0362 6C01      		movw r12,r24
 673               	.LBB100:
 674               	.LBB101:
 675               	.LM59:
 676 0364 2BEA      		ldi r18,lo8(0x40aaaaab)
 677 0366 3AEA      		ldi r19,hi8(0x40aaaaab)
 678 0368 4AEA      		ldi r20,hlo8(0x40aaaaab)
 679 036a 50E4      		ldi r21,hhi8(0x40aaaaab)
 680 036c 0E94 0000 		call __mulsf3
 681 0370 7B01      		movw r14,r22
 682 0372 8C01      		movw r16,r24
 683               	.LM60:
 684 0374 20E0      		ldi r18,lo8(0x3f800000)
 685 0376 30E0      		ldi r19,hi8(0x3f800000)
 686 0378 40E8      		ldi r20,hlo8(0x3f800000)
 687 037a 5FE3      		ldi r21,hhi8(0x3f800000)
 688 037c 0E94 0000 		call __ltsf2
 689 0380 8823      		tst r24
 690 0382 04F4      		brge .L82
 691 0384 61E0      		ldi r22,lo8(1)
 692               	.LVL50:
 693 0386 00C0      		rjmp .L43
 694               	.LVL51:
 695               	.L82:
 696               	.LM61:
 697 0388 C801      		movw r24,r16
 698 038a B701      		movw r22,r14
 699 038c 20E0      		ldi r18,lo8(0x437f0000)
 700 038e 30E0      		ldi r19,hi8(0x437f0000)
 701 0390 4FE7      		ldi r20,hlo8(0x437f0000)
 702 0392 53E4      		ldi r21,hhi8(0x437f0000)
 703 0394 0E94 0000 		call __gtsf2
 704 0398 1816      		cp __zero_reg__,r24
 705 039a 04F0      		brlt .+2
 706 039c 00C0      		rjmp .L83
 707               	.LM62:
 708 039e C601      		movw r24,r12
 709 03a0 B501      		movw r22,r10
 710 03a2 20E0      		ldi r18,lo8(0x447a0000)
 711 03a4 30E0      		ldi r19,hi8(0x447a0000)
 712 03a6 4AE7      		ldi r20,hlo8(0x447a0000)
 713 03a8 54E4      		ldi r21,hhi8(0x447a0000)
 714 03aa 0E94 0000 		call __divsf3
 715 03ae 5B01      		movw r10,r22
 716 03b0 6C01      		movw r12,r24
 717               	.LBB102:
 718               	.LBB103:
 719               	.LM63:
 720 03b2 20E0      		ldi r18,lo8(0x457a0000)
 721 03b4 30E0      		ldi r19,hi8(0x457a0000)
 722 03b6 4AE7      		ldi r20,hlo8(0x457a0000)
 723 03b8 55E4      		ldi r21,hhi8(0x457a0000)
 724 03ba 0E94 0000 		call __mulsf3
 725 03be 7B01      		movw r14,r22
 726 03c0 8C01      		movw r16,r24
 727               	.LM64:
 728 03c2 20E0      		ldi r18,lo8(0x3f800000)
 729 03c4 30E0      		ldi r19,hi8(0x3f800000)
 730 03c6 40E8      		ldi r20,hlo8(0x3f800000)
 731 03c8 5FE3      		ldi r21,hhi8(0x3f800000)
 732 03ca 0E94 0000 		call __ltsf2
 733 03ce 8823      		tst r24
 734 03d0 04F4      		brge .L84
 735 03d2 61E0      		ldi r22,lo8(1)
 736 03d4 70E0      		ldi r23,hi8(1)
 737               	.LVL52:
 738 03d6 00C0      		rjmp .L48
 739               	.LVL53:
 740               	.L84:
 741               	.LM65:
 742 03d8 C801      		movw r24,r16
 743 03da B701      		movw r22,r14
 744 03dc 20E0      		ldi r18,lo8(0x477fff00)
 745 03de 3FEF      		ldi r19,hi8(0x477fff00)
 746 03e0 4FE7      		ldi r20,hlo8(0x477fff00)
 747 03e2 57E4      		ldi r21,hhi8(0x477fff00)
 748 03e4 0E94 0000 		call __gtsf2
 749 03e8 1816      		cp __zero_reg__,r24
 750 03ea 04F4      		brge .L85
 751               	.LM66:
 752 03ec C601      		movw r24,r12
 753 03ee B501      		movw r22,r10
 754 03f0 20E0      		ldi r18,lo8(0x41200000)
 755 03f2 30E0      		ldi r19,hi8(0x41200000)
 756 03f4 40E2      		ldi r20,hlo8(0x41200000)
 757 03f6 51E4      		ldi r21,hhi8(0x41200000)
 758 03f8 0E94 0000 		call __mulsf3
 759 03fc 0E94 0000 		call __fixunssfsi
 760 0400 00C0      		rjmp .L51
 761               	.LVL54:
 762               	.L52:
 763               	.LBB104:
 764               	.LBB105:
 765               	.LM67:
 766 0402 C101      		movw r24,r2
 767               	/* #APP */
 768               	 ;  105 "c:/winavr-20090313/lib/gcc/../../avr/include/util/delay_basic.h" 1
 769 0404 0197      		1: sbiw r24,1
 770 0406 01F4      		brne 1b
 771               	 ;  0 "" 2
 772               	/* #NOAPP */
 773               	.LBE105:
 774               	.LBE104:
 775               	.LM68:
 776 0408 6150      		subi r22,lo8(-(-1))
 777 040a 7040      		sbci r23,hi8(-(-1))
 778               	.L51:
 779               	.LM69:
 780 040c 6115      		cp r22,__zero_reg__
 781 040e 7105      		cpc r23,__zero_reg__
 782 0410 01F4      		brne .L52
 783 0412 00C0      		rjmp .L53
 784               	.LVL55:
 785               	.L85:
 786               	.LM70:
 787 0414 C801      		movw r24,r16
 788 0416 B701      		movw r22,r14
 789 0418 0E94 0000 		call __fixunssfsi
 790               	.LVL56:
 791               	.L48:
 792               	.LBB106:
 793               	.LBB107:
 794               	.LM71:
 795 041c CB01      		movw r24,r22
 796               	.LVL57:
 797               	/* #APP */
 798               	 ;  105 "c:/winavr-20090313/lib/gcc/../../avr/include/util/delay_basic.h" 1
 799 041e 0197      		1: sbiw r24,1
 800 0420 01F4      		brne 1b
 801               	 ;  0 "" 2
 802               	/* #NOAPP */
 803 0422 00C0      		rjmp .L53
 804               	.LVL58:
 805               	.L83:
 806               	.LBE107:
 807               	.LBE106:
 808               	.LBE103:
 809               	.LBE102:
 810               	.LM72:
 811 0424 C801      		movw r24,r16
 812 0426 B701      		movw r22,r14
 813 0428 0E94 0000 		call __fixunssfsi
 814               	.LVL59:
 815               	.L43:
 816               	.LBB108:
 817               	.LBB109:
 818               	.LM73:
 819               	/* #APP */
 820               	 ;  83 "c:/winavr-20090313/lib/gcc/../../avr/include/util/delay_basic.h" 1
 821 042c 6A95      		1: dec r22
 822 042e 01F4      		brne 1b
 823               	 ;  0 "" 2
 824               	.LVL60:
 825               	/* #NOAPP */
 826               	.L53:
 827               	.LBE109:
 828               	.LBE108:
 829               	.LBE101:
 830               	.LBE100:
 831               	.LM74:
 832 0430 0894      		sec
 833 0432 411C      		adc r4,__zero_reg__
 834 0434 511C      		adc r5,__zero_reg__
 835 0436 4AE0      		ldi r20,lo8(10)
 836 0438 4416      		cp r4,r20
 837 043a 5104      		cpc r5,__zero_reg__
 838 043c 01F0      		breq .+2
 839 043e 00C0      		rjmp .L54
 840 0440 8B89      		ldd r24,Y+19
 841 0442 9C89      		ldd r25,Y+20
 842               	.LVL61:
 843 0444 C297      		sbiw r24,50
 844 0446 9C8B      		std Y+20,r25
 845 0448 8B8B      		std Y+19,r24
 846               	.LM75:
 847 044a 8E5C      		subi r24,lo8(-50)
 848 044c 9F4F      		sbci r25,hi8(-50)
 849 044e 01F0      		breq .L55
 850               	.LVL62:
 851               	.L29:
 852               	.LM76:
 853 0450 2B89      		ldd r18,Y+19
 854 0452 3C89      		ldd r19,Y+20
 855 0454 B901      		movw r22,r18
 856 0456 8827      		clr r24
 857 0458 77FD      		sbrc r23,7
 858 045a 8095      		com r24
 859 045c 982F      		mov r25,r24
 860               	.LVL63:
 861 045e 0E94 0000 		call __floatsisf
 862 0462 6983      		std Y+1,r22
 863 0464 7A83      		std Y+2,r23
 864 0466 8B83      		std Y+3,r24
 865 0468 9C83      		std Y+4,r25
 866               	.LBB110:
 867               	.LBB61:
 868               	.LM77:
 869 046a 2BEA      		ldi r18,lo8(0x40aaaaab)
 870 046c 3AEA      		ldi r19,hi8(0x40aaaaab)
 871 046e 4AEA      		ldi r20,hlo8(0x40aaaaab)
 872 0470 50E4      		ldi r21,hhi8(0x40aaaaab)
 873 0472 0E94 0000 		call __mulsf3
 874 0476 3B01      		movw r6,r22
 875 0478 4C01      		movw r8,r24
 876               	.LVL64:
 877               	.LM78:
 878 047a 0E94 0000 		call __fixunssfsi
 879 047e 6D83      		std Y+5,r22
 880               	.LVL65:
 881 0480 88E8      		ldi r24,lo8(5000)
 882 0482 93E1      		ldi r25,hi8(5000)
 883 0484 4B89      		ldd r20,Y+19
 884 0486 5C89      		ldd r21,Y+20
 885 0488 841B      		sub r24,r20
 886 048a 950B      		sbc r25,r21
 887 048c 4424      		clr r4
 888 048e 5524      		clr r5
 889               	.LBE61:
 890               	.LBE110:
 891               	.LM79:
 892 0490 9C01      		movw r18,r24
 893 0492 4427      		clr r20
 894 0494 37FD      		sbrc r19,7
 895 0496 4095      		com r20
 896 0498 542F      		mov r21,r20
 897 049a 2F87      		std Y+15,r18
 898 049c 388B      		std Y+16,r19
 899 049e 498B      		std Y+17,r20
 900 04a0 5A8B      		std Y+18,r21
 901 04a2 00C0      		rjmp .L54
 902               	.LVL66:
 903               	.L55:
 904               	.LBB111:
 905               	.LBB76:
 906               	.LM80:
 907 04a4 80E1      		ldi r24,lo8(10000)
 908 04a6 97E2      		ldi r25,hi8(10000)
 909               	.LVL67:
 910               	.L56:
 911               	.LBE76:
 912               	.LBE111:
 913               	.LBB112:
 914               	.LBB113:
 915               	.LBB114:
 916               	.LBB115:
 917               	.LM81:
 918 04a8 F101      		movw r30,r2
 919               	/* #APP */
 920               	 ;  105 "c:/winavr-20090313/lib/gcc/../../avr/include/util/delay_basic.h" 1
 921 04aa 3197      		1: sbiw r30,1
 922 04ac 01F4      		brne 1b
 923               	 ;  0 "" 2
 924               	/* #NOAPP */
 925               	.LBE115:
 926               	.LBE114:
 927               	.LM82:
 928 04ae 0197      		sbiw r24,1
 929               	.LM83:
 930 04b0 01F4      		brne .L56
 931 04b2 1C8A      		std Y+20,__zero_reg__
 932 04b4 1B8A      		std Y+19,__zero_reg__
 933               	.LVL68:
 934 04b6 00C0      		rjmp .L73
 935               	.LBE113:
 936               	.LBE112:
 937               	.LFE6:
 963               	.Letext0:
DEFINED SYMBOLS
                            *ABS*:00000000 main.c
C:\DOCUME~1\AIMSIN~1\LOCALS~1\Temp/ccyYh0he.s:2      *ABS*:0000003f __SREG__
C:\DOCUME~1\AIMSIN~1\LOCALS~1\Temp/ccyYh0he.s:3      *ABS*:0000003e __SP_H__
C:\DOCUME~1\AIMSIN~1\LOCALS~1\Temp/ccyYh0he.s:4      *ABS*:0000003d __SP_L__
C:\DOCUME~1\AIMSIN~1\LOCALS~1\Temp/ccyYh0he.s:5      *ABS*:00000034 __CCP__
C:\DOCUME~1\AIMSIN~1\LOCALS~1\Temp/ccyYh0he.s:6      *ABS*:00000000 __tmp_reg__
C:\DOCUME~1\AIMSIN~1\LOCALS~1\Temp/ccyYh0he.s:7      *ABS*:00000001 __zero_reg__
C:\DOCUME~1\AIMSIN~1\LOCALS~1\Temp/ccyYh0he.s:18     .text:00000000 main

UNDEFINED SYMBOLS
__ltsf2
__gtsf2
__divsf3
__mulsf3
__fixunssfsi
__floatsisf
