   1               		.file	"main.c"
   2               	__SREG__ = 0x3f
   3               	__SP_H__ = 0x3e
   4               	__SP_L__ = 0x3d
   5               	__CCP__  = 0x34
   6               	__tmp_reg__ = 0
   7               	__zero_reg__ = 1
  15               	.Ltext0:
  16               	.global	main
  18               	main:
  19               	.LFB6:
  20               	.LM1:
  21               	/* prologue: function */
  22               	/* frame size = 0 */
  23               	.LM2:
  24 0000 80EF      		ldi r24,lo8(-16)
  25 0002 8ABB      		out 58-32,r24
  26               	.LM3:
  27 0004 1BBA      		out 59-32,__zero_reg__
  28               	.LM4:
  29 0006 11BA      		out 49-32,__zero_reg__
  30               	.LM5:
  31 0008 82BB      		out 50-32,r24
  32               	.LM6:
  33 000a 40EF      		ldi r20,lo8(-16)
  34               	.LBB64:
  35               	.LBB65:
  36               	.LBB66:
  37               	.LBB67:
  38               	.LBB68:
  39               	.LBB69:
  40               	.LBB70:
  41               	.LBB71:
  42               	.LM7:
  43 000c 20E9      		ldi r18,lo8(400)
  44 000e 31E0      		ldi r19,hi8(400)
  45               	.LVL0:
  46               	.L16:
  47               	.LBE71:
  48               	.LBE70:
  49               	.LBE69:
  50               	.LBE68:
  51               	.LBE67:
  52               	.LBE66:
  53               	.LBE65:
  54               	.LBE64:
  55               	.LM8:
  56 0010 809B      		sbis 48-32,0
  57               	.LM9:
  58 0012 4BBB      		out 59-32,r20
  59               	.L2:
  60               	.LM10:
  61 0014 8199      		sbic 48-32,1
  62 0016 00C0      		rjmp .L3
  63               	.LM11:
  64 0018 4BBB      		out 59-32,r20
  65 001a 80E0      		ldi r24,lo8(0)
  66 001c 90E0      		ldi r25,hi8(0)
  67               	.LVL1:
  68               	.L4:
  69               	.LBB79:
  70               	.LBB78:
  71               	.LBB77:
  72               	.LBB76:
  73               	.LBB75:
  74               	.LBB74:
  75               	.LBB73:
  76               	.LBB72:
  77               	.LM12:
  78 001e F901      		movw r30,r18
  79               	.LVL2:
  80               	/* #APP */
  81               	 ;  105 "c:/winavr-20090313/lib/gcc/../../avr/include/util/delay_basic.h" 1
  82 0020 3197      		1: sbiw r30,1
  83 0022 01F4      		brne 1b
  84               	 ;  0 "" 2
  85               	/* #NOAPP */
  86               	.LBE72:
  87               	.LBE73:
  88               	.LBE74:
  89               	.LBE75:
  90               	.LBE76:
  91               	.LBE77:
  92               	.LM13:
  93 0024 0196      		adiw r24,1
  94 0026 8233      		cpi r24,50
  95 0028 9105      		cpc r25,__zero_reg__
  96 002a 01F4      		brne .L4
  97               	.LBE78:
  98               	.LBE79:
  99               	.LM14:
 100 002c 1BBA      		out 59-32,__zero_reg__
 101 002e 80E0      		ldi r24,lo8(0)
 102 0030 90E0      		ldi r25,hi8(0)
 103               	.LVL3:
 104               	.L5:
 105               	.LBB80:
 106               	.LBB81:
 107               	.LBB82:
 108               	.LBB83:
 109               	.LBB84:
 110               	.LBB85:
 111               	.LBB86:
 112               	.LBB87:
 113               	.LM15:
 114 0032 F901      		movw r30,r18
 115               	.LVL4:
 116               	/* #APP */
 117               	 ;  105 "c:/winavr-20090313/lib/gcc/../../avr/include/util/delay_basic.h" 1
 118 0034 3197      		1: sbiw r30,1
 119 0036 01F4      		brne 1b
 120               	 ;  0 "" 2
 121               	/* #NOAPP */
 122               	.LBE87:
 123               	.LBE86:
 124               	.LBE85:
 125               	.LBE84:
 126               	.LBE83:
 127               	.LBE82:
 128               	.LM16:
 129 0038 0196      		adiw r24,1
 130 003a 8233      		cpi r24,50
 131 003c 9105      		cpc r25,__zero_reg__
 132 003e 01F4      		brne .L5
 133               	.LVL5:
 134               	.L3:
 135               	.LBE81:
 136               	.LBE80:
 137               	.LM17:
 138 0040 8299      		sbic 48-32,2
 139 0042 00C0      		rjmp .L16
 140               	.LM18:
 141 0044 4BBB      		out 59-32,r20
 142 0046 80E0      		ldi r24,lo8(0)
 143 0048 90E0      		ldi r25,hi8(0)
 144               	.LVL6:
 145               	.L7:
 146               	.LBB88:
 147               	.LBB89:
 148               	.LBB90:
 149               	.LBB91:
 150               	.LBB92:
 151               	.LBB93:
 152               	.LBB94:
 153               	.LBB95:
 154               	.LM19:
 155 004a F901      		movw r30,r18
 156               	.LVL7:
 157               	/* #APP */
 158               	 ;  105 "c:/winavr-20090313/lib/gcc/../../avr/include/util/delay_basic.h" 1
 159 004c 3197      		1: sbiw r30,1
 160 004e 01F4      		brne 1b
 161               	 ;  0 "" 2
 162               	/* #NOAPP */
 163               	.LBE95:
 164               	.LBE94:
 165               	.LBE93:
 166               	.LBE92:
 167               	.LBE91:
 168               	.LBE90:
 169               	.LM20:
 170 0050 0196      		adiw r24,1
 171 0052 8E31      		cpi r24,30
 172 0054 9105      		cpc r25,__zero_reg__
 173 0056 01F4      		brne .L7
 174               	.LBE89:
 175               	.LBE88:
 176               	.LM21:
 177 0058 1BBA      		out 59-32,__zero_reg__
 178 005a 80E0      		ldi r24,lo8(0)
 179 005c 90E0      		ldi r25,hi8(0)
 180               	.LVL8:
 181               	.L8:
 182               	.LBB96:
 183               	.LBB97:
 184               	.LBB98:
 185               	.LBB99:
 186               	.LBB100:
 187               	.LBB101:
 188               	.LBB102:
 189               	.LBB103:
 190               	.LM22:
 191 005e F901      		movw r30,r18
 192               	.LVL9:
 193               	/* #APP */
 194               	 ;  105 "c:/winavr-20090313/lib/gcc/../../avr/include/util/delay_basic.h" 1
 195 0060 3197      		1: sbiw r30,1
 196 0062 01F4      		brne 1b
 197               	 ;  0 "" 2
 198               	/* #NOAPP */
 199               	.LBE103:
 200               	.LBE102:
 201               	.LBE101:
 202               	.LBE100:
 203               	.LBE99:
 204               	.LBE98:
 205               	.LM23:
 206 0064 0196      		adiw r24,1
 207 0066 8634      		cpi r24,70
 208 0068 9105      		cpc r25,__zero_reg__
 209 006a 01F4      		brne .L8
 210 006c 00C0      		rjmp .L16
 211               	.LBE97:
 212               	.LBE96:
 213               	.LFE6:
 215               	.global	pwm
 217               	pwm:
 218               	.LFB7:
 219               	.LM24:
 220               	.LVL10:
 221               	/* prologue: function */
 222               	/* frame size = 0 */
 223               	.LM25:
 224 006e 20E0      		ldi r18,lo8(0)
 225 0070 30E0      		ldi r19,hi8(0)
 226               	.LVL11:
 227               	.LBB104:
 228               	.LBB105:
 229               	.LBB106:
 230               	.LBB107:
 231               	.LBB108:
 232               	.LBB109:
 233               	.LM26:
 234 0072 40E9      		ldi r20,lo8(400)
 235 0074 51E0      		ldi r21,hi8(400)
 236 0076 00C0      		rjmp .L18
 237               	.LVL12:
 238               	.L19:
 239 0078 FA01      		movw r30,r20
 240               	/* #APP */
 241               	 ;  105 "c:/winavr-20090313/lib/gcc/../../avr/include/util/delay_basic.h" 1
 242 007a 3197      		1: sbiw r30,1
 243 007c 01F4      		brne 1b
 244               	 ;  0 "" 2
 245               	/* #NOAPP */
 246               	.LBE109:
 247               	.LBE108:
 248               	.LBE107:
 249               	.LBE106:
 250               	.LBE105:
 251               	.LBE104:
 252               	.LM27:
 253 007e 2F5F      		subi r18,lo8(-(1))
 254 0080 3F4F      		sbci r19,hi8(-(1))
 255               	.L18:
 256 0082 2817      		cp r18,r24
 257 0084 3907      		cpc r19,r25
 258 0086 04F0      		brlt .L19
 259               	/* epilogue start */
 260               	.LM28:
 261 0088 0895      		ret
 262               	.LFE7:
 296               	.Letext0:
DEFINED SYMBOLS
                            *ABS*:00000000 main.c
C:\DOCUME~1\AIMSIN~1\LOCALS~1\Temp/cchPscEd.s:2      *ABS*:0000003f __SREG__
C:\DOCUME~1\AIMSIN~1\LOCALS~1\Temp/cchPscEd.s:3      *ABS*:0000003e __SP_H__
C:\DOCUME~1\AIMSIN~1\LOCALS~1\Temp/cchPscEd.s:4      *ABS*:0000003d __SP_L__
C:\DOCUME~1\AIMSIN~1\LOCALS~1\Temp/cchPscEd.s:5      *ABS*:00000034 __CCP__
C:\DOCUME~1\AIMSIN~1\LOCALS~1\Temp/cchPscEd.s:6      *ABS*:00000000 __tmp_reg__
C:\DOCUME~1\AIMSIN~1\LOCALS~1\Temp/cchPscEd.s:7      *ABS*:00000001 __zero_reg__
C:\DOCUME~1\AIMSIN~1\LOCALS~1\Temp/cchPscEd.s:18     .text:00000000 main
C:\DOCUME~1\AIMSIN~1\LOCALS~1\Temp/cchPscEd.s:217    .text:0000006e pwm

NO UNDEFINED SYMBOLS
