   1               		.file	"cc2500.c"
   2               	__SREG__ = 0x3f
   3               	__SP_H__ = 0x3e
   4               	__SP_L__ = 0x3d
   5               	__CCP__  = 0x34
   6               	__tmp_reg__ = 0
   7               	__zero_reg__ = 1
   8               		.global __do_copy_data
   9               		.global __do_clear_bss
  17               	.Ltext0:
  18               	.global	spi_master_init
  20               	spi_master_init:
  21               	.LFB9:
  22               	.LM1:
  23               	/* prologue: function */
  24               	/* frame size = 0 */
  25               	.LM2:
  26 0000 80EB      		ldi r24,lo8(-80)
  27 0002 87BB      		out 55-32,r24
  28               	.LM3:
  29 0004 8FE4      		ldi r24,lo8(79)
  30 0006 88BB      		out 56-32,r24
  31               	.LM4:
  32 0008 8DE5      		ldi r24,lo8(93)
  33 000a 8DB9      		out 45-32,r24
  34               	.LM5:
  35 000c 709A      		sbi 46-32,0
  36               	/* epilogue start */
  37               	.LM6:
  38 000e 0895      		ret
  39               	.LFE9:
  41               	.global	cc_reset
  43               	cc_reset:
  44               	.LFB10:
  45               	.LM7:
  46               	/* prologue: function */
  47               	/* frame size = 0 */
  48               	.LM8:
  49 0010 C49A      		sbi 56-32,4
  50               	.LBB62:
  51               	.LBB63:
  52               	.LM9:
  53               	/* #APP */
  54               	 ;  279 "cc2500.c" 1
  55 0012 0000      		nop
  56               	 ;  0 "" 2
  57               	.LM10:
  58               	 ;  280 "cc2500.c" 1
  59 0014 0000      		nop
  60               	 ;  0 "" 2
  61               	.LM11:
  62               	 ;  281 "cc2500.c" 1
  63 0016 0000      		nop
  64               	 ;  0 "" 2
  65               	.LM12:
  66               	 ;  282 "cc2500.c" 1
  67 0018 0000      		nop
  68               	 ;  0 "" 2
  69               	/* #NOAPP */
  70               	.LBE63:
  71               	.LBE62:
  72               	.LM13:
  73 001a C498      		cbi 56-32,4
  74               	.LBB64:
  75               	.LBB65:
  76               	.LM14:
  77               	/* #APP */
  78               	 ;  279 "cc2500.c" 1
  79 001c 0000      		nop
  80               	 ;  0 "" 2
  81               	.LM15:
  82               	 ;  280 "cc2500.c" 1
  83 001e 0000      		nop
  84               	 ;  0 "" 2
  85               	.LM16:
  86               	 ;  281 "cc2500.c" 1
  87 0020 0000      		nop
  88               	 ;  0 "" 2
  89               	.LM17:
  90               	 ;  282 "cc2500.c" 1
  91 0022 0000      		nop
  92               	 ;  0 "" 2
  93               	/* #NOAPP */
  94               	.LBE65:
  95               	.LBE64:
  96               	.LM18:
  97 0024 C49A      		sbi 56-32,4
  98 0026 89E2      		ldi r24,lo8(41)
  99               	.LVL0:
 100               	.L4:
 101               	.LBB66:
 102               	.LBB67:
 103               	.LM19:
 104               	/* #APP */
 105               	 ;  279 "cc2500.c" 1
 106 0028 0000      		nop
 107               	 ;  0 "" 2
 108               	.LM20:
 109               	 ;  280 "cc2500.c" 1
 110 002a 0000      		nop
 111               	 ;  0 "" 2
 112               	.LM21:
 113               	 ;  281 "cc2500.c" 1
 114 002c 0000      		nop
 115               	 ;  0 "" 2
 116               	.LM22:
 117               	 ;  282 "cc2500.c" 1
 118 002e 0000      		nop
 119               	 ;  0 "" 2
 120               	.LM23:
 121               	/* #NOAPP */
 122 0030 8150      		subi r24,lo8(-(-1))
 123 0032 01F4      		brne .L4
 124               	.LBE67:
 125               	.LBE66:
 126               	.LM24:
 127 0034 C498      		cbi 56-32,4
 128               	.L5:
 129               	.LM25:
 130 0036 B699      		sbic 54-32,6
 131 0038 00C0      		rjmp .L5
 132               	.LM26:
 133 003a 80E3      		ldi r24,lo8(48)
 134               	.LVL1:
 135 003c 8FB9      		out 47-32,r24
 136               	.L6:
 137               	.LM27:
 138 003e 779B      		sbis 46-32,7
 139 0040 00C0      		rjmp .L6
 140               	.L9:
 141               	.LM28:
 142 0042 B699      		sbic 54-32,6
 143 0044 00C0      		rjmp .L9
 144               	.LM29:
 145 0046 C49A      		sbi 56-32,4
 146               	/* epilogue start */
 147               	.LM30:
 148 0048 0895      		ret
 149               	.LFE10:
 151               	.global	cc_readreg
 153               	cc_readreg:
 154               	.LFB12:
 155               	.LM31:
 156               	.LVL2:
 157               	/* prologue: function */
 158               	/* frame size = 0 */
 159               	.LM32:
 160 004a C498      		cbi 56-32,4
 161               	.L15:
 162               	.LM33:
 163 004c B699      		sbic 54-32,6
 164 004e 00C0      		rjmp .L15
 165               	.LM34:
 166 0050 8068      		ori r24,lo8(-128)
 167               	.LVL3:
 168 0052 8FB9      		out 47-32,r24
 169               	.LBB68:
 170               	.LBB69:
 171               	.LM35:
 172               	/* #APP */
 173               	 ;  279 "cc2500.c" 1
 174 0054 0000      		nop
 175               	 ;  0 "" 2
 176               	.LM36:
 177               	 ;  280 "cc2500.c" 1
 178 0056 0000      		nop
 179               	 ;  0 "" 2
 180               	.LM37:
 181               	 ;  281 "cc2500.c" 1
 182 0058 0000      		nop
 183               	 ;  0 "" 2
 184               	.LM38:
 185               	 ;  282 "cc2500.c" 1
 186 005a 0000      		nop
 187               	 ;  0 "" 2
 188               	/* #NOAPP */
 189               	.L16:
 190               	.LBE69:
 191               	.LBE68:
 192               	.LM39:
 193 005c 779B      		sbis 46-32,7
 194 005e 00C0      		rjmp .L16
 195               	.LM40:
 196 0060 1FB8      		out 47-32,__zero_reg__
 197               	.L17:
 198               	.LM41:
 199 0062 779B      		sbis 46-32,7
 200 0064 00C0      		rjmp .L17
 201               	.LM42:
 202 0066 C49A      		sbi 56-32,4
 203               	.LM43:
 204 0068 8FB1      		in r24,47-32
 205               	.LVL4:
 206               	/* epilogue start */
 207               	.LM44:
 208 006a 0895      		ret
 209               	.LFE12:
 211               	.global	cc_readregbust
 213               	cc_readregbust:
 214               	.LFB13:
 215               	.LM45:
 216               	.LVL5:
 217               	/* prologue: function */
 218               	/* frame size = 0 */
 219 006c FB01      		movw r30,r22
 220               	.LM46:
 221 006e C498      		cbi 56-32,4
 222               	.LVL6:
 223               	.L23:
 224               	.LM47:
 225 0070 B699      		sbic 54-32,6
 226 0072 00C0      		rjmp .L23
 227               	.LM48:
 228 0074 806C      		ori r24,lo8(-64)
 229               	.LVL7:
 230 0076 8FB9      		out 47-32,r24
 231               	.LBB70:
 232               	.LBB71:
 233               	.LM49:
 234               	/* #APP */
 235               	 ;  279 "cc2500.c" 1
 236 0078 0000      		nop
 237               	 ;  0 "" 2
 238               	.LM50:
 239               	 ;  280 "cc2500.c" 1
 240 007a 0000      		nop
 241               	 ;  0 "" 2
 242               	.LM51:
 243               	 ;  281 "cc2500.c" 1
 244 007c 0000      		nop
 245               	 ;  0 "" 2
 246               	.LM52:
 247               	 ;  282 "cc2500.c" 1
 248 007e 0000      		nop
 249               	 ;  0 "" 2
 250               	/* #NOAPP */
 251               	.L24:
 252               	.LBE71:
 253               	.LBE70:
 254               	.LM53:
 255 0080 779B      		sbis 46-32,7
 256 0082 00C0      		rjmp .L24
 257 0084 00C0      		rjmp .L32
 258               	.L27:
 259               	.LM54:
 260 0086 1FB8      		out 47-32,__zero_reg__
 261               	.L26:
 262               	.LM55:
 263 0088 779B      		sbis 46-32,7
 264 008a 00C0      		rjmp .L26
 265               	.LM56:
 266 008c 8FB1      		in r24,47-32
 267               	.LVL8:
 268 008e 8193      		st Z+,r24
 269               	.LM57:
 270 0090 4150      		subi r20,lo8(-(-1))
 271               	.LVL9:
 272               	.L32:
 273               	.LM58:
 274 0092 4423      		tst r20
 275 0094 01F4      		brne .L27
 276               	.LM59:
 277 0096 C49A      		sbi 56-32,4
 278               	/* epilogue start */
 279               	.LM60:
 280 0098 0895      		ret
 281               	.LFE13:
 283               	.global	readfifo
 285               	readfifo:
 286               	.LFB6:
 287               	.LM61:
 288               	.LVL10:
 289 009a 0F93      		push r16
 290 009c 1F93      		push r17
 291               	/* prologue: function */
 292               	/* frame size = 0 */
 293 009e 8C01      		movw r16,r24
 294               	.LM62:
 295 00a0 1092 0000 		sts length,__zero_reg__
 296               	.LM63:
 297 00a4 8FE3      		ldi r24,lo8(63)
 298               	.LVL11:
 299 00a6 0E94 0000 		call cc_readreg
 300 00aa 8093 0000 		sts length,r24
 301               	.LM64:
 302 00ae 4091 0000 		lds r20,length
 303 00b2 8FE3      		ldi r24,lo8(63)
 304 00b4 B801      		movw r22,r16
 305 00b6 0E94 0000 		call cc_readregbust
 306               	/* epilogue start */
 307               	.LM65:
 308 00ba 1F91      		pop r17
 309 00bc 0F91      		pop r16
 310               	.LVL12:
 311 00be 0895      		ret
 312               	.LFE6:
 314               	.global	cc_writereg
 316               	cc_writereg:
 317               	.LFB14:
 318               	.LM66:
 319               	.LVL13:
 320               	/* prologue: function */
 321               	/* frame size = 0 */
 322               	.LM67:
 323 00c0 C498      		cbi 56-32,4
 324               	.L36:
 325               	.LM68:
 326 00c2 B699      		sbic 54-32,6
 327 00c4 00C0      		rjmp .L36
 328               	.LM69:
 329 00c6 8FB9      		out 47-32,r24
 330               	.L37:
 331               	.LM70:
 332 00c8 779B      		sbis 46-32,7
 333 00ca 00C0      		rjmp .L37
 334               	.LM71:
 335 00cc 6FB9      		out 47-32,r22
 336               	.L38:
 337               	.LM72:
 338 00ce 779B      		sbis 46-32,7
 339 00d0 00C0      		rjmp .L38
 340               	.LM73:
 341 00d2 C49A      		sbi 56-32,4
 342               	.LBB72:
 343               	.LBB73:
 344               	.LM74:
 345               	/* #APP */
 346               	 ;  279 "cc2500.c" 1
 347 00d4 0000      		nop
 348               	 ;  0 "" 2
 349               	.LM75:
 350               	 ;  280 "cc2500.c" 1
 351 00d6 0000      		nop
 352               	 ;  0 "" 2
 353               	.LM76:
 354               	 ;  281 "cc2500.c" 1
 355 00d8 0000      		nop
 356               	 ;  0 "" 2
 357               	.LM77:
 358               	 ;  282 "cc2500.c" 1
 359 00da 0000      		nop
 360               	 ;  0 "" 2
 361               	/* epilogue start */
 362               	/* #NOAPP */
 363               	.LBE73:
 364               	.LBE72:
 365               	.LM78:
 366 00dc 0895      		ret
 367               	.LFE14:
 369               	.global	cc_config
 371               	cc_config:
 372               	.LFB11:
 373               	.LM79:
 374               	/* prologue: function */
 375               	/* frame size = 0 */
 376               	.LM80:
 377 00de 8BE0      		ldi r24,lo8(11)
 378 00e0 67E0      		ldi r22,lo8(7)
 379 00e2 0E94 0000 		call cc_writereg
 380               	.LM81:
 381 00e6 8CE0      		ldi r24,lo8(12)
 382 00e8 60E0      		ldi r22,lo8(0)
 383 00ea 0E94 0000 		call cc_writereg
 384               	.LM82:
 385 00ee 8DE0      		ldi r24,lo8(13)
 386 00f0 6DE5      		ldi r22,lo8(93)
 387 00f2 0E94 0000 		call cc_writereg
 388               	.LM83:
 389 00f6 8EE0      		ldi r24,lo8(14)
 390 00f8 63E9      		ldi r22,lo8(-109)
 391 00fa 0E94 0000 		call cc_writereg
 392               	.LM84:
 393 00fe 8FE0      		ldi r24,lo8(15)
 394 0100 61EB      		ldi r22,lo8(-79)
 395 0102 0E94 0000 		call cc_writereg
 396               	.LM85:
 397 0106 80E1      		ldi r24,lo8(16)
 398 0108 6DE2      		ldi r22,lo8(45)
 399 010a 0E94 0000 		call cc_writereg
 400               	.LM86:
 401 010e 81E1      		ldi r24,lo8(17)
 402 0110 6BE3      		ldi r22,lo8(59)
 403 0112 0E94 0000 		call cc_writereg
 404               	.LM87:
 405 0116 82E1      		ldi r24,lo8(18)
 406 0118 63E7      		ldi r22,lo8(115)
 407 011a 0E94 0000 		call cc_writereg
 408               	.LM88:
 409 011e 83E1      		ldi r24,lo8(19)
 410 0120 62E2      		ldi r22,lo8(34)
 411 0122 0E94 0000 		call cc_writereg
 412               	.LM89:
 413 0126 84E1      		ldi r24,lo8(20)
 414 0128 68EF      		ldi r22,lo8(-8)
 415 012a 0E94 0000 		call cc_writereg
 416               	.LM90:
 417 012e 8AE0      		ldi r24,lo8(10)
 418 0130 63E0      		ldi r22,lo8(3)
 419 0132 0E94 0000 		call cc_writereg
 420               	.LM91:
 421 0136 85E1      		ldi r24,lo8(21)
 422 0138 60E0      		ldi r22,lo8(0)
 423 013a 0E94 0000 		call cc_writereg
 424               	.LM92:
 425 013e 81E2      		ldi r24,lo8(33)
 426 0140 66EB      		ldi r22,lo8(-74)
 427 0142 0E94 0000 		call cc_writereg
 428               	.LM93:
 429 0146 82E2      		ldi r24,lo8(34)
 430 0148 60E1      		ldi r22,lo8(16)
 431 014a 0E94 0000 		call cc_writereg
 432               	.LM94:
 433 014e 88E1      		ldi r24,lo8(24)
 434 0150 68E1      		ldi r22,lo8(24)
 435 0152 0E94 0000 		call cc_writereg
 436               	.LM95:
 437 0156 89E1      		ldi r24,lo8(25)
 438 0158 6DE1      		ldi r22,lo8(29)
 439 015a 0E94 0000 		call cc_writereg
 440               	.LM96:
 441 015e 8AE1      		ldi r24,lo8(26)
 442 0160 6CE1      		ldi r22,lo8(28)
 443 0162 0E94 0000 		call cc_writereg
 444               	.LM97:
 445 0166 8BE1      		ldi r24,lo8(27)
 446 0168 67EC      		ldi r22,lo8(-57)
 447 016a 0E94 0000 		call cc_writereg
 448               	.LM98:
 449 016e 8CE1      		ldi r24,lo8(28)
 450 0170 60E0      		ldi r22,lo8(0)
 451 0172 0E94 0000 		call cc_writereg
 452               	.LM99:
 453 0176 8DE1      		ldi r24,lo8(29)
 454 0178 62EB      		ldi r22,lo8(-78)
 455 017a 0E94 0000 		call cc_writereg
 456               	.LM100:
 457 017e 83E2      		ldi r24,lo8(35)
 458 0180 6AEE      		ldi r22,lo8(-22)
 459 0182 0E94 0000 		call cc_writereg
 460               	.LM101:
 461 0186 84E2      		ldi r24,lo8(36)
 462 0188 6AE0      		ldi r22,lo8(10)
 463 018a 0E94 0000 		call cc_writereg
 464               	.LM102:
 465 018e 85E2      		ldi r24,lo8(37)
 466 0190 60E0      		ldi r22,lo8(0)
 467 0192 0E94 0000 		call cc_writereg
 468               	.LM103:
 469 0196 86E2      		ldi r24,lo8(38)
 470 0198 61E1      		ldi r22,lo8(17)
 471 019a 0E94 0000 		call cc_writereg
 472               	.LM104:
 473 019e 89E2      		ldi r24,lo8(41)
 474 01a0 69E5      		ldi r22,lo8(89)
 475 01a2 0E94 0000 		call cc_writereg
 476               	.LM105:
 477 01a6 8CE2      		ldi r24,lo8(44)
 478 01a8 68E8      		ldi r22,lo8(-120)
 479 01aa 0E94 0000 		call cc_writereg
 480               	.LM106:
 481 01ae 8DE2      		ldi r24,lo8(45)
 482 01b0 61E3      		ldi r22,lo8(49)
 483 01b2 0E94 0000 		call cc_writereg
 484               	.LM107:
 485 01b6 8EE2      		ldi r24,lo8(46)
 486 01b8 6BE0      		ldi r22,lo8(11)
 487 01ba 0E94 0000 		call cc_writereg
 488               	.LM108:
 489 01be 80E0      		ldi r24,lo8(0)
 490 01c0 66E0      		ldi r22,lo8(6)
 491 01c2 0E94 0000 		call cc_writereg
 492               	.LM109:
 493 01c6 82E0      		ldi r24,lo8(2)
 494 01c8 66E0      		ldi r22,lo8(6)
 495 01ca 0E94 0000 		call cc_writereg
 496               	.LM110:
 497 01ce 87E0      		ldi r24,lo8(7)
 498 01d0 6DE0      		ldi r22,lo8(13)
 499 01d2 0E94 0000 		call cc_writereg
 500               	.LM111:
 501 01d6 88E0      		ldi r24,lo8(8)
 502 01d8 65E4      		ldi r22,lo8(69)
 503 01da 0E94 0000 		call cc_writereg
 504               	.LM112:
 505 01de 89E0      		ldi r24,lo8(9)
 506 01e0 62E0      		ldi r22,lo8(2)
 507 01e2 0E94 0000 		call cc_writereg
 508               	.LM113:
 509 01e6 86E0      		ldi r24,lo8(6)
 510 01e8 6FEF      		ldi r22,lo8(-1)
 511 01ea 0E94 0000 		call cc_writereg
 512               	.LM114:
 513 01ee 84E0      		ldi r24,lo8(4)
 514 01f0 62E1      		ldi r22,lo8(18)
 515 01f2 0E94 0000 		call cc_writereg
 516               	.LM115:
 517 01f6 85E0      		ldi r24,lo8(5)
 518 01f8 64E3      		ldi r22,lo8(52)
 519 01fa 0E94 0000 		call cc_writereg
 520 01fe 8AE0      		ldi r24,lo8(10)
 521               	.LVL14:
 522               	.L44:
 523               	.LBB74:
 524               	.LBB75:
 525               	.LM116:
 526               	/* #APP */
 527               	 ;  279 "cc2500.c" 1
 528 0200 0000      		nop
 529               	 ;  0 "" 2
 530               	.LM117:
 531               	 ;  280 "cc2500.c" 1
 532 0202 0000      		nop
 533               	 ;  0 "" 2
 534               	.LM118:
 535               	 ;  281 "cc2500.c" 1
 536 0204 0000      		nop
 537               	 ;  0 "" 2
 538               	.LM119:
 539               	 ;  282 "cc2500.c" 1
 540 0206 0000      		nop
 541               	 ;  0 "" 2
 542               	.LM120:
 543               	/* #NOAPP */
 544 0208 8150      		subi r24,lo8(-(-1))
 545 020a 01F4      		brne .L44
 546               	.LBE75:
 547               	.LBE74:
 548               	.LBB76:
 549               	.LBB77:
 550               	.LM121:
 551 020c C498      		cbi 56-32,4
 552               	.L45:
 553               	.LM122:
 554 020e B699      		sbic 54-32,6
 555 0210 00C0      		rjmp .L45
 556               	.LM123:
 557 0212 8AE3      		ldi r24,lo8(58)
 558               	.LVL15:
 559 0214 8FB9      		out 47-32,r24
 560               	.L46:
 561               	.LM124:
 562 0216 779B      		sbis 46-32,7
 563 0218 00C0      		rjmp .L46
 564               	.LM125:
 565 021a C49A      		sbi 56-32,4
 566               	.LM126:
 567 021c 8FB1      		in r24,47-32
 568               	.LBE77:
 569               	.LBE76:
 570               	.LBB78:
 571               	.LBB79:
 572               	.LM127:
 573               	/* #APP */
 574               	 ;  279 "cc2500.c" 1
 575 021e 0000      		nop
 576               	 ;  0 "" 2
 577               	.LM128:
 578               	 ;  280 "cc2500.c" 1
 579 0220 0000      		nop
 580               	 ;  0 "" 2
 581               	.LM129:
 582               	 ;  281 "cc2500.c" 1
 583 0222 0000      		nop
 584               	 ;  0 "" 2
 585               	.LM130:
 586               	 ;  282 "cc2500.c" 1
 587 0224 0000      		nop
 588               	 ;  0 "" 2
 589               	/* #NOAPP */
 590               	.LBE79:
 591               	.LBE78:
 592               	.LBB80:
 593               	.LBB81:
 594               	.LM131:
 595 0226 C498      		cbi 56-32,4
 596               	.L47:
 597               	.LM132:
 598 0228 B699      		sbic 54-32,6
 599 022a 00C0      		rjmp .L47
 600               	.LM133:
 601 022c 8BE3      		ldi r24,lo8(59)
 602 022e 8FB9      		out 47-32,r24
 603               	.L48:
 604               	.LM134:
 605 0230 779B      		sbis 46-32,7
 606 0232 00C0      		rjmp .L48
 607               	.LM135:
 608 0234 C49A      		sbi 56-32,4
 609               	.LM136:
 610 0236 8FB1      		in r24,47-32
 611               	.LBE81:
 612               	.LBE80:
 613               	.LBB82:
 614               	.LBB83:
 615               	.LM137:
 616               	/* #APP */
 617               	 ;  279 "cc2500.c" 1
 618 0238 0000      		nop
 619               	 ;  0 "" 2
 620               	.LM138:
 621               	 ;  280 "cc2500.c" 1
 622 023a 0000      		nop
 623               	 ;  0 "" 2
 624               	.LM139:
 625               	 ;  281 "cc2500.c" 1
 626 023c 0000      		nop
 627               	 ;  0 "" 2
 628               	.LM140:
 629               	 ;  282 "cc2500.c" 1
 630 023e 0000      		nop
 631               	 ;  0 "" 2
 632               	/* #NOAPP */
 633               	.LBE83:
 634               	.LBE82:
 635               	.LBB84:
 636               	.LBB85:
 637               	.LM141:
 638 0240 C498      		cbi 56-32,4
 639               	.L49:
 640               	.LM142:
 641 0242 B699      		sbic 54-32,6
 642 0244 00C0      		rjmp .L49
 643               	.LM143:
 644 0246 86E3      		ldi r24,lo8(54)
 645 0248 8FB9      		out 47-32,r24
 646               	.L50:
 647               	.LM144:
 648 024a 779B      		sbis 46-32,7
 649 024c 00C0      		rjmp .L50
 650               	.LM145:
 651 024e C49A      		sbi 56-32,4
 652               	.LM146:
 653 0250 8FB1      		in r24,47-32
 654               	/* epilogue start */
 655               	.LBE85:
 656               	.LBE84:
 657               	.LM147:
 658 0252 0895      		ret
 659               	.LFE11:
 661               	.global	cc_writeregbust
 663               	cc_writeregbust:
 664               	.LFB15:
 665               	.LM148:
 666               	.LVL16:
 667               	/* prologue: function */
 668               	/* frame size = 0 */
 669 0254 FB01      		movw r30,r22
 670               	.LM149:
 671 0256 C498      		cbi 56-32,4
 672               	.LVL17:
 673               	.L60:
 674               	.LM150:
 675 0258 B699      		sbic 54-32,6
 676 025a 00C0      		rjmp .L60
 677               	.LM151:
 678 025c 8064      		ori r24,lo8(64)
 679               	.LVL18:
 680 025e 8FB9      		out 47-32,r24
 681               	.L61:
 682               	.LM152:
 683 0260 779B      		sbis 46-32,7
 684 0262 00C0      		rjmp .L61
 685 0264 00C0      		rjmp .L69
 686               	.L64:
 687               	.LM153:
 688 0266 8081      		ld r24,Z
 689               	.LVL19:
 690 0268 8FB9      		out 47-32,r24
 691               	.L63:
 692               	.LM154:
 693 026a 779B      		sbis 46-32,7
 694 026c 00C0      		rjmp .L63
 695               	.LM155:
 696 026e 3196      		adiw r30,1
 697 0270 4150      		subi r20,lo8(-(-1))
 698               	.LVL20:
 699               	.L69:
 700               	.LM156:
 701 0272 4423      		tst r20
 702 0274 01F4      		brne .L64
 703               	.LM157:
 704 0276 C49A      		sbi 56-32,4
 705               	/* epilogue start */
 706               	.LM158:
 707 0278 0895      		ret
 708               	.LFE15:
 710               	.global	writefifo
 712               	writefifo:
 713               	.LFB5:
 714               	.LM159:
 715               	.LVL21:
 716 027a 0F93      		push r16
 717 027c 1F93      		push r17
 718               	/* prologue: function */
 719               	/* frame size = 0 */
 720 027e 8C01      		movw r16,r24
 721               	.LM160:
 722 0280 8FE3      		ldi r24,lo8(63)
 723               	.LVL22:
 724 0282 0E94 0000 		call cc_writereg
 725               	.LVL23:
 726               	.LM161:
 727 0286 8FE3      		ldi r24,lo8(63)
 728 0288 62E0      		ldi r22,lo8(2)
 729 028a 0E94 0000 		call cc_writereg
 730               	.LM162:
 731 028e 8FE3      		ldi r24,lo8(63)
 732 0290 B801      		movw r22,r16
 733 0292 4CE3      		ldi r20,lo8(60)
 734 0294 0E94 0000 		call cc_writeregbust
 735               	/* epilogue start */
 736               	.LM163:
 737 0298 1F91      		pop r17
 738 029a 0F91      		pop r16
 739               	.LVL24:
 740 029c 0895      		ret
 741               	.LFE5:
 743               	.global	rf_transmit
 745               	rf_transmit:
 746               	.LFB7:
 747               	.LM164:
 748               	/* prologue: function */
 749               	/* frame size = 0 */
 750               	.LM165:
 751               	/* #APP */
 752               	 ;  87 "cc2500.c" 1
 753 029e F894      		cli
 754               	 ;  0 "" 2
 755               	/* #NOAPP */
 756               	.LBB86:
 757               	.LBB87:
 758               	.LM166:
 759 02a0 C498      		cbi 56-32,4
 760               	.L73:
 761               	.LM167:
 762 02a2 B699      		sbic 54-32,6
 763 02a4 00C0      		rjmp .L73
 764               	.LM168:
 765 02a6 86E3      		ldi r24,lo8(54)
 766 02a8 8FB9      		out 47-32,r24
 767               	.L74:
 768               	.LM169:
 769 02aa 779B      		sbis 46-32,7
 770 02ac 00C0      		rjmp .L74
 771               	.LM170:
 772 02ae C49A      		sbi 56-32,4
 773               	.LM171:
 774 02b0 8FB1      		in r24,47-32
 775               	.LBE87:
 776               	.LBE86:
 777               	.LM172:
 778 02b2 80E0      		ldi r24,lo8(txdata)
 779 02b4 90E0      		ldi r25,hi8(txdata)
 780 02b6 60E4      		ldi r22,lo8(64)
 781 02b8 0E94 0000 		call writefifo
 782               	.LBB88:
 783               	.LBB89:
 784               	.LM173:
 785 02bc C498      		cbi 56-32,4
 786               	.L75:
 787               	.LM174:
 788 02be B699      		sbic 54-32,6
 789 02c0 00C0      		rjmp .L75
 790               	.LM175:
 791 02c2 85E3      		ldi r24,lo8(53)
 792 02c4 8FB9      		out 47-32,r24
 793               	.L76:
 794               	.LM176:
 795 02c6 779B      		sbis 46-32,7
 796 02c8 00C0      		rjmp .L76
 797               	.LM177:
 798 02ca C49A      		sbi 56-32,4
 799               	.LM178:
 800 02cc 8FB1      		in r24,47-32
 801               	.L77:
 802               	.LBE89:
 803               	.LBE88:
 804               	.LM179:
 805 02ce B19B      		sbis 54-32,1
 806 02d0 00C0      		rjmp .L77
 807               	.L88:
 808               	.LM180:
 809 02d2 B199      		sbic 54-32,1
 810 02d4 00C0      		rjmp .L88
 811               	.LBB90:
 812               	.LBB91:
 813               	.LM181:
 814 02d6 C498      		cbi 56-32,4
 815               	.L79:
 816               	.LM182:
 817 02d8 B699      		sbic 54-32,6
 818 02da 00C0      		rjmp .L79
 819               	.LM183:
 820 02dc 8AE3      		ldi r24,lo8(58)
 821 02de 8FB9      		out 47-32,r24
 822               	.L80:
 823               	.LM184:
 824 02e0 779B      		sbis 46-32,7
 825 02e2 00C0      		rjmp .L80
 826               	.LM185:
 827 02e4 C49A      		sbi 56-32,4
 828               	.LM186:
 829 02e6 8FB1      		in r24,47-32
 830               	.LBE91:
 831               	.LBE90:
 832               	.LBB92:
 833               	.LBB93:
 834               	.LM187:
 835               	/* #APP */
 836               	 ;  279 "cc2500.c" 1
 837 02e8 0000      		nop
 838               	 ;  0 "" 2
 839               	.LM188:
 840               	 ;  280 "cc2500.c" 1
 841 02ea 0000      		nop
 842               	 ;  0 "" 2
 843               	.LM189:
 844               	 ;  281 "cc2500.c" 1
 845 02ec 0000      		nop
 846               	 ;  0 "" 2
 847               	.LM190:
 848               	 ;  282 "cc2500.c" 1
 849 02ee 0000      		nop
 850               	 ;  0 "" 2
 851               	/* #NOAPP */
 852               	.LBE93:
 853               	.LBE92:
 854               	.LBB94:
 855               	.LBB95:
 856               	.LM191:
 857 02f0 C498      		cbi 56-32,4
 858               	.L81:
 859               	.LM192:
 860 02f2 B699      		sbic 54-32,6
 861 02f4 00C0      		rjmp .L81
 862               	.LM193:
 863 02f6 8BE3      		ldi r24,lo8(59)
 864 02f8 8FB9      		out 47-32,r24
 865               	.L82:
 866               	.LM194:
 867 02fa 779B      		sbis 46-32,7
 868 02fc 00C0      		rjmp .L82
 869               	.LM195:
 870 02fe C49A      		sbi 56-32,4
 871               	.LM196:
 872 0300 8FB1      		in r24,47-32
 873               	.LBE95:
 874               	.LBE94:
 875               	.LBB96:
 876               	.LBB97:
 877               	.LM197:
 878               	/* #APP */
 879               	 ;  279 "cc2500.c" 1
 880 0302 0000      		nop
 881               	 ;  0 "" 2
 882               	.LM198:
 883               	 ;  280 "cc2500.c" 1
 884 0304 0000      		nop
 885               	 ;  0 "" 2
 886               	.LM199:
 887               	 ;  281 "cc2500.c" 1
 888 0306 0000      		nop
 889               	 ;  0 "" 2
 890               	.LM200:
 891               	 ;  282 "cc2500.c" 1
 892 0308 0000      		nop
 893               	 ;  0 "" 2
 894               	/* #NOAPP */
 895               	.LBE97:
 896               	.LBE96:
 897               	.LBB98:
 898               	.LBB99:
 899               	.LM201:
 900 030a C498      		cbi 56-32,4
 901               	.L83:
 902               	.LM202:
 903 030c B699      		sbic 54-32,6
 904 030e 00C0      		rjmp .L83
 905               	.LM203:
 906 0310 86E3      		ldi r24,lo8(54)
 907 0312 8FB9      		out 47-32,r24
 908               	.L84:
 909               	.LM204:
 910 0314 779B      		sbis 46-32,7
 911 0316 00C0      		rjmp .L84
 912               	.LM205:
 913 0318 C49A      		sbi 56-32,4
 914               	.LM206:
 915 031a 8FB1      		in r24,47-32
 916               	.LBE99:
 917               	.LBE98:
 918               	.LBB100:
 919               	.LBB101:
 920               	.LM207:
 921 031c C498      		cbi 56-32,4
 922               	.L85:
 923               	.LM208:
 924 031e B699      		sbic 54-32,6
 925 0320 00C0      		rjmp .L85
 926               	.LM209:
 927 0322 84E3      		ldi r24,lo8(52)
 928 0324 8FB9      		out 47-32,r24
 929               	.L86:
 930               	.LM210:
 931 0326 779B      		sbis 46-32,7
 932 0328 00C0      		rjmp .L86
 933               	.LM211:
 934 032a C49A      		sbi 56-32,4
 935               	.LM212:
 936 032c 8FB1      		in r24,47-32
 937               	.LBE101:
 938               	.LBE100:
 939               	.LBB102:
 940               	.LBB103:
 941               	.LM213:
 942               	/* #APP */
 943               	 ;  279 "cc2500.c" 1
 944 032e 0000      		nop
 945               	 ;  0 "" 2
 946               	.LM214:
 947               	 ;  280 "cc2500.c" 1
 948 0330 0000      		nop
 949               	 ;  0 "" 2
 950               	.LM215:
 951               	 ;  281 "cc2500.c" 1
 952 0332 0000      		nop
 953               	 ;  0 "" 2
 954               	.LM216:
 955               	 ;  282 "cc2500.c" 1
 956 0334 0000      		nop
 957               	 ;  0 "" 2
 958               	/* #NOAPP */
 959               	.LBE103:
 960               	.LBE102:
 961               	.LM217:
 962               	/* #APP */
 963               	 ;  100 "cc2500.c" 1
 964 0336 7894      		sei
 965               	 ;  0 "" 2
 966               	/* epilogue start */
 967               	.LM218:
 968               	/* #NOAPP */
 969 0338 0895      		ret
 970               	.LFE7:
 972               	.global	cc_strobe
 974               	cc_strobe:
 975               	.LFB16:
 976               	.LM219:
 977               	.LVL25:
 978               	/* prologue: function */
 979               	/* frame size = 0 */
 980               	.LM220:
 981 033a C498      		cbi 56-32,4
 982               	.L104:
 983               	.LM221:
 984 033c B699      		sbic 54-32,6
 985 033e 00C0      		rjmp .L104
 986               	.LM222:
 987 0340 8FB9      		out 47-32,r24
 988               	.L105:
 989               	.LM223:
 990 0342 779B      		sbis 46-32,7
 991 0344 00C0      		rjmp .L105
 992               	.LM224:
 993 0346 C49A      		sbi 56-32,4
 994               	.LM225:
 995 0348 8FB1      		in r24,47-32
 996               	.LVL26:
 997               	/* epilogue start */
 998               	.LM226:
 999 034a 0895      		ret
 1000               	.LFE16:
 1002               	.global	Wait
 1004               	Wait:
 1005               	.LFB17:
 1006               	.LM227:
 1007               	/* prologue: function */
 1008               	/* frame size = 0 */
 1009               	.LVL27:
 1010               	.L110:
 1011               	.LM228:
 1012               	/* #APP */
 1013               	 ;  279 "cc2500.c" 1
 1014 034c 0000      		nop
 1015               	 ;  0 "" 2
 1016               	.LM229:
 1017               	 ;  280 "cc2500.c" 1
 1018 034e 0000      		nop
 1019               	 ;  0 "" 2
 1020               	.LM230:
 1021               	 ;  281 "cc2500.c" 1
 1022 0350 0000      		nop
 1023               	 ;  0 "" 2
 1024               	.LM231:
 1025               	 ;  282 "cc2500.c" 1
 1026 0352 0000      		nop
 1027               	 ;  0 "" 2
 1028               	.LM232:
 1029               	/* #NOAPP */
 1030 0354 8150      		subi r24,lo8(-(-1))
 1031               	.LVL28:
 1032 0356 01F4      		brne .L110
 1033               	/* epilogue start */
 1034               	.LM233:
 1035 0358 0895      		ret
 1036               	.LFE17:
 1038               		.data
 1039               	.LC0:
 1040 0000 7265 6365 		.string	"receive>>>"
 1040      6976 653E 
 1040      3E3E 00
 1041               		.text
 1042               	.global	rf_receive
 1044               	rf_receive:
 1045               	.LFB8:
 1046               	.LM234:
 1047               	/* prologue: function */
 1048               	/* frame size = 0 */
 1049               	.LM235:
 1050 035a 80E0      		ldi r24,lo8(rxdata)
 1051 035c 90E0      		ldi r25,hi8(rxdata)
 1052 035e 0E94 0000 		call readfifo
 1053               	.LM236:
 1054 0362 80E0      		ldi r24,lo8(.LC0)
 1055 0364 90E0      		ldi r25,hi8(.LC0)
 1056 0366 0E94 0000 		call uart_puts
 1057               	.LM237:
 1058 036a 80E0      		ldi r24,lo8(rxdata)
 1059 036c 90E0      		ldi r25,hi8(rxdata)
 1060 036e 0E94 0000 		call uart_puts
 1061               	.LBB104:
 1062               	.LBB105:
 1063               	.LM238:
 1064 0372 C498      		cbi 56-32,4
 1065               	.L114:
 1066               	.LM239:
 1067 0374 B699      		sbic 54-32,6
 1068 0376 00C0      		rjmp .L114
 1069               	.LM240:
 1070 0378 8AE3      		ldi r24,lo8(58)
 1071 037a 8FB9      		out 47-32,r24
 1072               	.L115:
 1073               	.LM241:
 1074 037c 779B      		sbis 46-32,7
 1075 037e 00C0      		rjmp .L115
 1076               	.LM242:
 1077 0380 C49A      		sbi 56-32,4
 1078               	.LM243:
 1079 0382 8FB1      		in r24,47-32
 1080               	.LBE105:
 1081               	.LBE104:
 1082               	.LBB106:
 1083               	.LBB107:
 1084               	.LM244:
 1085               	/* #APP */
 1086               	 ;  279 "cc2500.c" 1
 1087 0384 0000      		nop
 1088               	 ;  0 "" 2
 1089               	.LM245:
 1090               	 ;  280 "cc2500.c" 1
 1091 0386 0000      		nop
 1092               	 ;  0 "" 2
 1093               	.LM246:
 1094               	 ;  281 "cc2500.c" 1
 1095 0388 0000      		nop
 1096               	 ;  0 "" 2
 1097               	.LM247:
 1098               	 ;  282 "cc2500.c" 1
 1099 038a 0000      		nop
 1100               	 ;  0 "" 2
 1101               	/* #NOAPP */
 1102               	.LBE107:
 1103               	.LBE106:
 1104               	.LBB108:
 1105               	.LBB109:
 1106               	.LM248:
 1107 038c C498      		cbi 56-32,4
 1108               	.L116:
 1109               	.LM249:
 1110 038e B699      		sbic 54-32,6
 1111 0390 00C0      		rjmp .L116
 1112               	.LM250:
 1113 0392 86E3      		ldi r24,lo8(54)
 1114 0394 8FB9      		out 47-32,r24
 1115               	.L117:
 1116               	.LM251:
 1117 0396 779B      		sbis 46-32,7
 1118 0398 00C0      		rjmp .L117
 1119               	.LM252:
 1120 039a C49A      		sbi 56-32,4
 1121               	.LM253:
 1122 039c 8FB1      		in r24,47-32
 1123               	.LBE109:
 1124               	.LBE108:
 1125               	.LBB110:
 1126               	.LBB111:
 1127               	.LM254:
 1128               	/* #APP */
 1129               	 ;  279 "cc2500.c" 1
 1130 039e 0000      		nop
 1131               	 ;  0 "" 2
 1132               	.LM255:
 1133               	 ;  280 "cc2500.c" 1
 1134 03a0 0000      		nop
 1135               	 ;  0 "" 2
 1136               	.LM256:
 1137               	 ;  281 "cc2500.c" 1
 1138 03a2 0000      		nop
 1139               	 ;  0 "" 2
 1140               	.LM257:
 1141               	 ;  282 "cc2500.c" 1
 1142 03a4 0000      		nop
 1143               	 ;  0 "" 2
 1144               	/* #NOAPP */
 1145               	.LBE111:
 1146               	.LBE110:
 1147               	.LBB112:
 1148               	.LBB113:
 1149               	.LM258:
 1150 03a6 C498      		cbi 56-32,4
 1151               	.L118:
 1152               	.LM259:
 1153 03a8 B699      		sbic 54-32,6
 1154 03aa 00C0      		rjmp .L118
 1155               	.LM260:
 1156 03ac 84E3      		ldi r24,lo8(52)
 1157 03ae 8FB9      		out 47-32,r24
 1158               	.L119:
 1159               	.LM261:
 1160 03b0 779B      		sbis 46-32,7
 1161 03b2 00C0      		rjmp .L119
 1162               	.LM262:
 1163 03b4 C49A      		sbi 56-32,4
 1164               	.LM263:
 1165 03b6 8FB1      		in r24,47-32
 1166               	.LBE113:
 1167               	.LBE112:
 1168               	.LBB114:
 1169               	.LBB115:
 1170               	.LM264:
 1171               	/* #APP */
 1172               	 ;  279 "cc2500.c" 1
 1173 03b8 0000      		nop
 1174               	 ;  0 "" 2
 1175               	.LM265:
 1176               	 ;  280 "cc2500.c" 1
 1177 03ba 0000      		nop
 1178               	 ;  0 "" 2
 1179               	.LM266:
 1180               	 ;  281 "cc2500.c" 1
 1181 03bc 0000      		nop
 1182               	 ;  0 "" 2
 1183               	.LM267:
 1184               	 ;  282 "cc2500.c" 1
 1185 03be 0000      		nop
 1186               	 ;  0 "" 2
 1187               	/* epilogue start */
 1188               	/* #NOAPP */
 1189               	.LBE115:
 1190               	.LBE114:
 1191               	.LM268:
 1192 03c0 0895      		ret
 1193               	.LFE8:
 1195               	.global	__vector_18
 1197               	__vector_18:
 1198               	.LFB3:
 1199               	.LM269:
 1200 03c2 1F92      		push __zero_reg__
 1201 03c4 0F92      		push r0
 1202 03c6 0FB6      		in r0,__SREG__
 1203 03c8 0F92      		push r0
 1204 03ca 1124      		clr __zero_reg__
 1205 03cc 2F93      		push r18
 1206 03ce 3F93      		push r19
 1207 03d0 4F93      		push r20
 1208 03d2 5F93      		push r21
 1209 03d4 6F93      		push r22
 1210 03d6 7F93      		push r23
 1211 03d8 8F93      		push r24
 1212 03da 9F93      		push r25
 1213 03dc AF93      		push r26
 1214 03de BF93      		push r27
 1215 03e0 EF93      		push r30
 1216 03e2 FF93      		push r31
 1217               	/* prologue: Signal */
 1218               	/* frame size = 0 */
 1219               	.LM270:
 1220 03e4 0E94 0000 		call rf_receive
 1221               	/* epilogue start */
 1222               	.LM271:
 1223 03e8 FF91      		pop r31
 1224 03ea EF91      		pop r30
 1225 03ec BF91      		pop r27
 1226 03ee AF91      		pop r26
 1227 03f0 9F91      		pop r25
 1228 03f2 8F91      		pop r24
 1229 03f4 7F91      		pop r23
 1230 03f6 6F91      		pop r22
 1231 03f8 5F91      		pop r21
 1232 03fa 4F91      		pop r20
 1233 03fc 3F91      		pop r19
 1234 03fe 2F91      		pop r18
 1235 0400 0F90      		pop r0
 1236 0402 0FBE      		out __SREG__,r0
 1237 0404 0F90      		pop r0
 1238 0406 1F90      		pop __zero_reg__
 1239 0408 1895      		reti
 1240               	.LFE3:
 1242               	.global	rf_init
 1244               	rf_init:
 1245               	.LFB4:
 1246               	.LM272:
 1247               	/* prologue: function */
 1248               	/* frame size = 0 */
 1249               	.LBB116:
 1250               	.LBB117:
 1251               	.LM273:
 1252 040a 80EB      		ldi r24,lo8(-80)
 1253 040c 87BB      		out 55-32,r24
 1254               	.LM274:
 1255 040e 8FE4      		ldi r24,lo8(79)
 1256 0410 88BB      		out 56-32,r24
 1257               	.LM275:
 1258 0412 8DE5      		ldi r24,lo8(93)
 1259 0414 8DB9      		out 45-32,r24
 1260               	.LM276:
 1261 0416 709A      		sbi 46-32,0
 1262               	.LBE117:
 1263               	.LBE116:
 1264               	.LM277:
 1265 0418 80E8      		ldi r24,lo8(9600)
 1266 041a 95E2      		ldi r25,hi8(9600)
 1267 041c 0E94 0000 		call uart_init
 1268               	.LM278:
 1269 0420 0E94 0000 		call cc_reset
 1270               	.LM279:
 1271 0424 0E94 0000 		call cc_config
 1272 0428 84E6      		ldi r24,lo8(100)
 1273               	.LVL29:
 1274               	.L130:
 1275               	.LBB118:
 1276               	.LBB119:
 1277               	.LM280:
 1278               	/* #APP */
 1279               	 ;  279 "cc2500.c" 1
 1280 042a 0000      		nop
 1281               	 ;  0 "" 2
 1282               	.LM281:
 1283               	 ;  280 "cc2500.c" 1
 1284 042c 0000      		nop
 1285               	 ;  0 "" 2
 1286               	.LM282:
 1287               	 ;  281 "cc2500.c" 1
 1288 042e 0000      		nop
 1289               	 ;  0 "" 2
 1290               	.LM283:
 1291               	 ;  282 "cc2500.c" 1
 1292 0430 0000      		nop
 1293               	 ;  0 "" 2
 1294               	.LM284:
 1295               	/* #NOAPP */
 1296 0432 8150      		subi r24,lo8(-(-1))
 1297 0434 01F4      		brne .L130
 1298               	.LBE119:
 1299               	.LBE118:
 1300               	.LBB120:
 1301               	.LBB121:
 1302               	.LM285:
 1303 0436 C498      		cbi 56-32,4
 1304               	.L131:
 1305               	.LM286:
 1306 0438 B699      		sbic 54-32,6
 1307 043a 00C0      		rjmp .L131
 1308               	.LM287:
 1309 043c 84E3      		ldi r24,lo8(52)
 1310               	.LVL30:
 1311 043e 8FB9      		out 47-32,r24
 1312               	.L132:
 1313               	.LM288:
 1314 0440 779B      		sbis 46-32,7
 1315 0442 00C0      		rjmp .L132
 1316               	.LM289:
 1317 0444 C49A      		sbi 56-32,4
 1318               	.LM290:
 1319 0446 8FB1      		in r24,47-32
 1320               	.LBE121:
 1321               	.LBE120:
 1322               	.LM291:
 1323 0448 80E4      		ldi r24,lo8(64)
 1324 044a 84BF      		out 84-32,r24
 1325               	.LM292:
 1326 044c 80E2      		ldi r24,lo8(32)
 1327 044e 8BBF      		out 91-32,r24
 1328               	.LM293:
 1329               	/* #APP */
 1330               	 ;  65 "cc2500.c" 1
 1331 0450 7894      		sei
 1332               	 ;  0 "" 2
 1333               	/* epilogue start */
 1334               	.LM294:
 1335               	/* #NOAPP */
 1336 0452 0895      		ret
 1337               	.LFE4:
 1339               	.global	txdata
 1340               		.data
 1343               	txdata:
 1344 000b 6A61 6E67 		.string	"jangan man adhi nayak jaya hai bharat bhagya vidhata"
 1344      616E 206D 
 1344      616E 2061 
 1344      6468 6920 
 1344      6E61 7961 
 1345 0040 0000 0000 		.skip 7,0
 1345      0000 00
 1346               		.comm length,1,1
 1347               		.comm address,1,1
 1348               		.comm i,1,1
 1349               		.comm rxdata,64,1
 1486               	.Letext0:
DEFINED SYMBOLS
                            *ABS*:00000000 cc2500.c
C:\DOCUME~1\Ketan\LOCALS~1\Temp/ccpTegzR.s:2      *ABS*:0000003f __SREG__
C:\DOCUME~1\Ketan\LOCALS~1\Temp/ccpTegzR.s:3      *ABS*:0000003e __SP_H__
C:\DOCUME~1\Ketan\LOCALS~1\Temp/ccpTegzR.s:4      *ABS*:0000003d __SP_L__
C:\DOCUME~1\Ketan\LOCALS~1\Temp/ccpTegzR.s:5      *ABS*:00000034 __CCP__
C:\DOCUME~1\Ketan\LOCALS~1\Temp/ccpTegzR.s:6      *ABS*:00000000 __tmp_reg__
C:\DOCUME~1\Ketan\LOCALS~1\Temp/ccpTegzR.s:7      *ABS*:00000001 __zero_reg__
C:\DOCUME~1\Ketan\LOCALS~1\Temp/ccpTegzR.s:20     .text:00000000 spi_master_init
C:\DOCUME~1\Ketan\LOCALS~1\Temp/ccpTegzR.s:43     .text:00000010 cc_reset
C:\DOCUME~1\Ketan\LOCALS~1\Temp/ccpTegzR.s:153    .text:0000004a cc_readreg
C:\DOCUME~1\Ketan\LOCALS~1\Temp/ccpTegzR.s:213    .text:0000006c cc_readregbust
C:\DOCUME~1\Ketan\LOCALS~1\Temp/ccpTegzR.s:285    .text:0000009a readfifo
                            *COM*:00000001 length
C:\DOCUME~1\Ketan\LOCALS~1\Temp/ccpTegzR.s:316    .text:000000c0 cc_writereg
C:\DOCUME~1\Ketan\LOCALS~1\Temp/ccpTegzR.s:371    .text:000000de cc_config
C:\DOCUME~1\Ketan\LOCALS~1\Temp/ccpTegzR.s:663    .text:00000254 cc_writeregbust
C:\DOCUME~1\Ketan\LOCALS~1\Temp/ccpTegzR.s:712    .text:0000027a writefifo
C:\DOCUME~1\Ketan\LOCALS~1\Temp/ccpTegzR.s:745    .text:0000029e rf_transmit
C:\DOCUME~1\Ketan\LOCALS~1\Temp/ccpTegzR.s:1343   .data:0000000b txdata
C:\DOCUME~1\Ketan\LOCALS~1\Temp/ccpTegzR.s:974    .text:0000033a cc_strobe
C:\DOCUME~1\Ketan\LOCALS~1\Temp/ccpTegzR.s:1004   .text:0000034c Wait
C:\DOCUME~1\Ketan\LOCALS~1\Temp/ccpTegzR.s:1044   .text:0000035a rf_receive
                            *COM*:00000040 rxdata
C:\DOCUME~1\Ketan\LOCALS~1\Temp/ccpTegzR.s:1197   .text:000003c2 __vector_18
C:\DOCUME~1\Ketan\LOCALS~1\Temp/ccpTegzR.s:1244   .text:0000040a rf_init
                            *COM*:00000001 address
                            *COM*:00000001 i

UNDEFINED SYMBOLS
__do_copy_data
__do_clear_bss
uart_puts
uart_init
