   1               		.file	"main.c"
   2               	__SREG__ = 0x3f
   3               	__SP_H__ = 0x3e
   4               	__SP_L__ = 0x3d
   5               	__CCP__  = 0x34
   6               	__tmp_reg__ = 0
   7               	__zero_reg__ = 1
   9               		.text
  10               	.Ltext0:
  69               	.global	count
  71               	count:
   1:main.c        **** #include<avr/io.h>
   2:main.c        **** #include<util/delay.h>
   3:main.c        **** #include<compat/deprecated.h>
   4:main.c        **** void count()
   5:main.c        **** {
  72               	ame size = 0 */
  74               	.LM1:
  75               		ldi r18,lo8(0)
  76               	.LBB19:
  77               	.LBB20:
  78               	.LBB21:
  79 0000 20E0      	.LBB22:
  81               	.Ltext1:
  83               	.LM2:
  84               		ldi r20,lo8(400)
  85               		ldi r21,hi8(400)
   1:c:/winavr-20090313/lib/gcc/../../avr/include/util/delay_basic.h **** /* Copyright (c) 2002, Marek Michalkiewicz
   2:c:/winavr-20090313/lib/gcc/../../avr/include/util/delay_basic.h ****    Copyright (c) 2007 Joerg Wunsch
   3:c:/winavr-20090313/lib/gcc/../../avr/include/util/delay_basic.h ****    All rights reserved.
   4:c:/winavr-20090313/lib/gcc/../../avr/include/util/delay_basic.h **** 
   5:c:/winavr-20090313/lib/gcc/../../avr/include/util/delay_basic.h ****    Redistribution and use in source and binary forms, with or without
   6:c:/winavr-20090313/lib/gcc/../../avr/include/util/delay_basic.h ****    modification, are permitted provided that the following conditions are met:
   7:c:/winavr-20090313/lib/gcc/../../avr/include/util/delay_basic.h **** 
   8:c:/winavr-20090313/lib/gcc/../../avr/include/util/delay_basic.h ****    * Redistributions of source code must retain the above copyright
   9:c:/winavr-20090313/lib/gcc/../../avr/include/util/delay_basic.h ****      notice, this list of conditions and the following disclaimer.
  10:c:/winavr-20090313/lib/gcc/../../avr/include/util/delay_basic.h **** 
  11:c:/winavr-20090313/lib/gcc/../../avr/include/util/delay_basic.h ****    * Redistributions in binary form must reproduce the above copyright
  12:c:/winavr-20090313/lib/gcc/../../avr/include/util/delay_basic.h ****      notice, this list of conditions and the following disclaimer in
  13:c:/winavr-20090313/lib/gcc/../../avr/include/util/delay_basic.h ****      the documentation and/or other materials provided with the
  14:c:/winavr-20090313/lib/gcc/../../avr/include/util/delay_basic.h ****      distribution.
  15:c:/winavr-20090313/lib/gcc/../../avr/include/util/delay_basic.h **** 
  16:c:/winavr-20090313/lib/gcc/../../avr/include/util/delay_basic.h ****    * Neither the name of the copyright holders nor the names of
  17:c:/winavr-20090313/lib/gcc/../../avr/include/util/delay_basic.h ****      contributors may be used to endorse or promote products derived
  18:c:/winavr-20090313/lib/gcc/../../avr/include/util/delay_basic.h ****      from this software without specific prior written permission.
  19:c:/winavr-20090313/lib/gcc/../../avr/include/util/delay_basic.h **** 
  20:c:/winavr-20090313/lib/gcc/../../avr/include/util/delay_basic.h ****   THIS SOFTWARE IS PROVIDED BY THE COPYRIGHT HOLDERS AND CONTRIBUTORS "AS IS"
  21:c:/winavr-20090313/lib/gcc/../../avr/include/util/delay_basic.h ****   AND ANY EXPRESS OR IMPLIED WARRANTIES, INCLUDING, BUT NOT LIMITED TO, THE
  22:c:/winavr-20090313/lib/gcc/../../avr/include/util/delay_basic.h ****   IMPLIED WARRANTIES OF MERCHANTABILITY AND FITNESS FOR A PARTICULAR PURPOSE
  23:c:/winavr-20090313/lib/gcc/../../avr/include/util/delay_basic.h ****   ARE DISCLAIMED. IN NO EVENT SHALL THE COPYRIGHT OWNER OR CONTRIBUTORS BE
  24:c:/winavr-20090313/lib/gcc/../../avr/include/util/delay_basic.h ****   LIABLE FOR ANY DIRECT, INDIRECT, INCIDENTAL, SPECIAL, EXEMPLARY, OR
  25:c:/winavr-20090313/lib/gcc/../../avr/include/util/delay_basic.h ****   CONSEQUENTIAL DAMAGES (INCLUDING, BUT NOT LIMITED TO, PROCUREMENT OF
  26:c:/winavr-20090313/lib/gcc/../../avr/include/util/delay_basic.h ****   SUBSTITUTE GOODS OR SERVICES; LOSS OF USE, DATA, OR PROFITS; OR BUSINESS
  27:c:/winavr-20090313/lib/gcc/../../avr/include/util/delay_basic.h ****   INTERRUPTION) HOWEVER CAUSED AND ON ANY THEORY OF LIABILITY, WHETHER IN
  28:c:/winavr-20090313/lib/gcc/../../avr/include/util/delay_basic.h ****   CONTRACT, STRICT LIABILITY, OR TORT (INCLUDING NEGLIGENCE OR OTHERWISE)
  29:c:/winavr-20090313/lib/gcc/../../avr/include/util/delay_basic.h ****   ARISING IN ANY WAY OUT OF THE USE OF THIS SOFTWARE, EVEN IF ADVISED OF THE
  30:c:/winavr-20090313/lib/gcc/../../avr/include/util/delay_basic.h ****   POSSIBILITY OF SUCH DAMAGE. */
  31:c:/winavr-20090313/lib/gcc/../../avr/include/util/delay_basic.h **** 
  32:c:/winavr-20090313/lib/gcc/../../avr/include/util/delay_basic.h **** /* $Id: delay_basic.h,v 1.1 2007/05/13 21:23:20 joerg_wunsch Exp $ */
  33:c:/winavr-20090313/lib/gcc/../../avr/include/util/delay_basic.h **** 
  34:c:/winavr-20090313/lib/gcc/../../avr/include/util/delay_basic.h **** #ifndef _UTIL_DELAY_BASIC_H_
  35:c:/winavr-20090313/lib/gcc/../../avr/include/util/delay_basic.h **** #define _UTIL_DELAY_BASIC_H_ 1
  36:c:/winavr-20090313/lib/gcc/../../avr/include/util/delay_basic.h **** 
  37:c:/winavr-20090313/lib/gcc/../../avr/include/util/delay_basic.h **** #include <inttypes.h>
  38:c:/winavr-20090313/lib/gcc/../../avr/include/util/delay_basic.h **** 
  39:c:/winavr-20090313/lib/gcc/../../avr/include/util/delay_basic.h **** /** \file */
  40:c:/winavr-20090313/lib/gcc/../../avr/include/util/delay_basic.h **** /** \defgroup util_delay_basic <util/delay_basic.h>: Basic busy-wait delay loops
  41:c:/winavr-20090313/lib/gcc/../../avr/include/util/delay_basic.h ****     \code
  42:c:/winavr-20090313/lib/gcc/../../avr/include/util/delay_basic.h ****     #include <util/delay_basic.h>
  43:c:/winavr-20090313/lib/gcc/../../avr/include/util/delay_basic.h ****     \endcode
  44:c:/winavr-20090313/lib/gcc/../../avr/include/util/delay_basic.h **** 
  45:c:/winavr-20090313/lib/gcc/../../avr/include/util/delay_basic.h ****     The functions in this header file implement simple delay loops
  46:c:/winavr-20090313/lib/gcc/../../avr/include/util/delay_basic.h ****     that perform a busy-waiting.  They are typically used to
  47:c:/winavr-20090313/lib/gcc/../../avr/include/util/delay_basic.h ****     facilitate short delays in the program execution.  They are
  48:c:/winavr-20090313/lib/gcc/../../avr/include/util/delay_basic.h ****     implemented as count-down loops with a well-known CPU cycle
  49:c:/winavr-20090313/lib/gcc/../../avr/include/util/delay_basic.h ****     count per loop iteration.  As such, no other processing can
  50:c:/winavr-20090313/lib/gcc/../../avr/include/util/delay_basic.h ****     occur simultaneously.  It should be kept in mind that the
  51:c:/winavr-20090313/lib/gcc/../../avr/include/util/delay_basic.h ****     functions described here do not disable interrupts.
  52:c:/winavr-20090313/lib/gcc/../../avr/include/util/delay_basic.h **** 
  53:c:/winavr-20090313/lib/gcc/../../avr/include/util/delay_basic.h ****     In general, for long delays, the use of hardware timers is
  54:c:/winavr-20090313/lib/gcc/../../avr/include/util/delay_basic.h ****     much preferrable, as they free the CPU, and allow for
  55:c:/winavr-20090313/lib/gcc/../../avr/include/util/delay_basic.h ****     concurrent processing of other events while the timer is
  56:c:/winavr-20090313/lib/gcc/../../avr/include/util/delay_basic.h ****     running.  However, in particular for very short delays, the
  57:c:/winavr-20090313/lib/gcc/../../avr/include/util/delay_basic.h ****     overhead of setting up a hardware timer is too much compared
  58:c:/winavr-20090313/lib/gcc/../../avr/include/util/delay_basic.h ****     to the overall delay time.
  59:c:/winavr-20090313/lib/gcc/../../avr/include/util/delay_basic.h **** 
  60:c:/winavr-20090313/lib/gcc/../../avr/include/util/delay_basic.h ****     Two inline functions are provided for the actual delay algorithms.
  61:c:/winavr-20090313/lib/gcc/../../avr/include/util/delay_basic.h **** 
  62:c:/winavr-20090313/lib/gcc/../../avr/include/util/delay_basic.h **** */
  63:c:/winavr-20090313/lib/gcc/../../avr/include/util/delay_basic.h **** 
  64:c:/winavr-20090313/lib/gcc/../../avr/include/util/delay_basic.h **** #if !defined(__DOXYGEN__)
  65:c:/winavr-20090313/lib/gcc/../../avr/include/util/delay_basic.h **** static inline void _delay_loop_1(uint8_t __count) __attribute__((always_inline));
  66:c:/winavr-20090313/lib/gcc/../../avr/include/util/delay_basic.h **** static inline void _delay_loop_2(uint16_t __count) __attribute__((always_inline));
  67:c:/winavr-20090313/lib/gcc/../../avr/include/util/delay_basic.h **** #endif
  68:c:/winavr-20090313/lib/gcc/../../avr/include/util/delay_basic.h **** 
  69:c:/winavr-20090313/lib/gcc/../../avr/include/util/delay_basic.h **** /** \ingroup util_delay_basic
  70:c:/winavr-20090313/lib/gcc/../../avr/include/util/delay_basic.h **** 
  71:c:/winavr-20090313/lib/gcc/../../avr/include/util/delay_basic.h ****     Delay loop using an 8-bit counter \c __count, so up to 256
  72:c:/winavr-20090313/lib/gcc/../../avr/include/util/delay_basic.h ****     iterations are possible.  (The value 256 would have to be passed
  73:c:/winavr-20090313/lib/gcc/../../avr/include/util/delay_basic.h ****     as 0.)  The loop executes three CPU cycles per iteration, not
  74:c:/winavr-20090313/lib/gcc/../../avr/include/util/delay_basic.h ****     including the overhead the compiler needs to setup the counter
  75:c:/winavr-20090313/lib/gcc/../../avr/include/util/delay_basic.h ****     register.
  76:c:/winavr-20090313/lib/gcc/../../avr/include/util/delay_basic.h **** 
  77:c:/winavr-20090313/lib/gcc/../../avr/include/util/delay_basic.h ****     Thus, at a CPU speed of 1 MHz, delays of up to 768 microseconds
  78:c:/winavr-20090313/lib/gcc/../../avr/include/util/delay_basic.h ****     can be achieved.
  79:c:/winavr-20090313/lib/gcc/../../avr/include/util/delay_basic.h **** */
  80:c:/winavr-20090313/lib/gcc/../../avr/include/util/delay_basic.h **** void
  81:c:/winavr-20090313/lib/gcc/../../avr/include/util/delay_basic.h **** _delay_loop_1(uint8_t __count)
  82:c:/winavr-20090313/lib/gcc/../../avr/include/util/delay_basic.h **** {
  83:c:/winavr-20090313/lib/gcc/../../avr/include/util/delay_basic.h **** 	__asm__ volatile (
  84:c:/winavr-20090313/lib/gcc/../../avr/include/util/delay_basic.h **** 		"1: dec %0" "\n\t"
  85:c:/winavr-20090313/lib/gcc/../../avr/include/util/delay_basic.h **** 		"brne 1b"
  86:c:/winavr-20090313/lib/gcc/../../avr/include/util/delay_basic.h **** 		: "=r" (__count)
  87:c:/winavr-20090313/lib/gcc/../../avr/include/util/delay_basic.h **** 		: "0" (__count)
  88:c:/winavr-20090313/lib/gcc/../../avr/include/util/delay_basic.h **** 	);
  89:c:/winavr-20090313/lib/gcc/../../avr/include/util/delay_basic.h **** }
  90:c:/winavr-20090313/lib/gcc/../../avr/include/util/delay_basic.h **** 
  91:c:/winavr-20090313/lib/gcc/../../avr/include/util/delay_basic.h **** /** \ingroup util_delay_basic
  92:c:/winavr-20090313/lib/gcc/../../avr/include/util/delay_basic.h **** 
  93:c:/winavr-20090313/lib/gcc/../../avr/include/util/delay_basic.h ****     Delay loop using a 16-bit counter \c __count, so up to 65536
  94:c:/winavr-20090313/lib/gcc/../../avr/include/util/delay_basic.h ****     iterations are possible.  (The value 65536 would have to be
  95:c:/winavr-20090313/lib/gcc/../../avr/include/util/delay_basic.h ****     passed as 0.)  The loop executes four CPU cycles per iteration,
  96:c:/winavr-20090313/lib/gcc/../../avr/include/util/delay_basic.h ****     not including the overhead the compiler requires to setup the
  97:c:/winavr-20090313/lib/gcc/../../avr/include/util/delay_basic.h ****     counter register pair.
  98:c:/winavr-20090313/lib/gcc/../../avr/include/util/delay_basic.h **** 
  99:c:/winavr-20090313/lib/gcc/../../avr/include/util/delay_basic.h ****     Thus, at a CPU speed of 1 MHz, delays of up to about 262.1
 100:c:/winavr-20090313/lib/gcc/../../avr/include/util/delay_basic.h ****     milliseconds can be achieved.
 101:c:/winavr-20090313/lib/gcc/../../avr/include/util/delay_basic.h ****  */
 102:c:/winavr-20090313/lib/gcc/../../avr/include/util/delay_basic.h **** void
 103:c:/winavr-20090313/lib/gcc/../../avr/include/util/delay_basic.h **** _delay_loop_2(uint16_t __count)
 104:c:/winavr-20090313/lib/gcc/../../avr/include/util/delay_basic.h **** {
 105:c:/winavr-20090313/lib/gcc/../../avr/include/util/delay_basic.h **** 	__asm__ volatile (
  86               	:
  87               	.LBB20:
  88 0002 40E9      	.LBB21:
  89 0004 51E0      	.LBB22:
  91               	.Ltext1:
  93               	.LM2:
  94               		ldi r20,lo8(400)
  95               		ldi r21,hi8(400)
  96               	.L3:
   6:main.c        ****  unsigned char c;
   7:main.c        ****  for(c=0;c<16;c++)
   8:main.c        ****  {
   9:main.c        ****   PORTA=c<<4;
  97               	20:
  98               	.LBB21:
  99 0006 822F      	.LBB22:
 101 000a 807F      	.Ltext1:
 103 000e 88E8      	.LM2:
 104 0010 93E1      		ldi r20,lo8(400)
 105               		ldi r21,hi8(400)
 106               	.L3:
 107               	.LBE22:
 108               	.LBE21:
 109               	.LBE20:
 110               	.LBE19:
 112               	.Ltext2:
 114 0012 FA01      	.LM3:
 115               		mov r24,r18
 116               		swap r24
 117 0014 3197      		andi r24,lo8(-16)
 118 0016 01F4      		out 59-32,r24
 119               		ldi r24,lo8(5000)
 120               		ldi r25,hi8(5000)
 121               	.L2:
 122               	.LBB26:
 123               	.LBB25:
 124               	.LBB24:
   1:c:/winavr-20090313/lib/gcc/../../avr/include/util/delay.h **** /* Copyright (c) 2002, Marek Michalkiewicz
   2:c:/winavr-20090313/lib/gcc/../../avr/include/util/delay.h ****    Copyright (c) 2004,2005,2007 Joerg Wunsch
   3:c:/winavr-20090313/lib/gcc/../../avr/include/util/delay.h ****    Copyright (c) 2007  Florin-Viorel Petrov
   4:c:/winavr-20090313/lib/gcc/../../avr/include/util/delay.h ****    All rights reserved.
   5:c:/winavr-20090313/lib/gcc/../../avr/include/util/delay.h **** 
   6:c:/winavr-20090313/lib/gcc/../../avr/include/util/delay.h ****    Redistribution and use in source and binary forms, with or without
   7:c:/winavr-20090313/lib/gcc/../../avr/include/util/delay.h ****    modification, are permitted provided that the following conditions are met:
   8:c:/winavr-20090313/lib/gcc/../../avr/include/util/delay.h **** 
   9:c:/winavr-20090313/lib/gcc/../../avr/include/util/delay.h ****    * Redistributions of source code must retain the above copyright
  10:c:/winavr-20090313/lib/gcc/../../avr/include/util/delay.h ****      notice, this list of conditions and the following disclaimer.
  11:c:/winavr-20090313/lib/gcc/../../avr/include/util/delay.h **** 
  12:c:/winavr-20090313/lib/gcc/../../avr/include/util/delay.h ****    * Redistributions in binary form must reproduce the above copyright
  13:c:/winavr-20090313/lib/gcc/../../avr/include/util/delay.h ****      notice, this list of conditions and the following disclaimer in
  14:c:/winavr-20090313/lib/gcc/../../avr/include/util/delay.h ****      the documentation and/or other materials provided with the
  15:c:/winavr-20090313/lib/gcc/../../avr/include/util/delay.h ****      distribution.
  16:c:/winavr-20090313/lib/gcc/../../avr/include/util/delay.h **** 
  17:c:/winavr-20090313/lib/gcc/../../avr/include/util/delay.h ****    * Neither the name of the copyright holders nor the names of
  18:c:/winavr-20090313/lib/gcc/../../avr/include/util/delay.h ****      contributors may be used to endorse or promote products derived
  19:c:/winavr-20090313/lib/gcc/../../avr/include/util/delay.h ****      from this software without specific prior written permission.
  20:c:/winavr-20090313/lib/gcc/../../avr/include/util/delay.h **** 
  21:c:/winavr-20090313/lib/gcc/../../avr/include/util/delay.h ****   THIS SOFTWARE IS PROVIDED BY THE COPYRIGHT HOLDERS AND CONTRIBUTORS "AS IS"
  22:c:/winavr-20090313/lib/gcc/../../avr/include/util/delay.h ****   AND ANY EXPRESS OR IMPLIED WARRANTIES, INCLUDING, BUT NOT LIMITED TO, THE
  23:c:/winavr-20090313/lib/gcc/../../avr/include/util/delay.h ****   IMPLIED WARRANTIES OF MERCHANTABILITY AND FITNESS FOR A PARTICULAR PURPOSE
  24:c:/winavr-20090313/lib/gcc/../../avr/include/util/delay.h ****   ARE DISCLAIMED. IN NO EVENT SHALL THE COPYRIGHT OWNER OR CONTRIBUTORS BE
  25:c:/winavr-20090313/lib/gcc/../../avr/include/util/delay.h ****   LIABLE FOR ANY DIRECT, INDIRECT, INCIDENTAL, SPECIAL, EXEMPLARY, OR
  26:c:/winavr-20090313/lib/gcc/../../avr/include/util/delay.h ****   CONSEQUENTIAL DAMAGES (INCLUDING, BUT NOT LIMITED TO, PROCUREMENT OF
  27:c:/winavr-20090313/lib/gcc/../../avr/include/util/delay.h ****   SUBSTITUTE GOODS OR SERVICES; LOSS OF USE, DATA, OR PROFITS; OR BUSINESS
  28:c:/winavr-20090313/lib/gcc/../../avr/include/util/delay.h ****   INTERRUPTION) HOWEVER CAUSED AND ON ANY THEORY OF LIABILITY, WHETHER IN
  29:c:/winavr-20090313/lib/gcc/../../avr/include/util/delay.h ****   CONTRACT, STRICT LIABILITY, OR TORT (INCLUDING NEGLIGENCE OR OTHERWISE)
  30:c:/winavr-20090313/lib/gcc/../../avr/include/util/delay.h ****   ARISING IN ANY WAY OUT OF THE USE OF THIS SOFTWARE, EVEN IF ADVISED OF THE
  31:c:/winavr-20090313/lib/gcc/../../avr/include/util/delay.h ****   POSSIBILITY OF SUCH DAMAGE. */
  32:c:/winavr-20090313/lib/gcc/../../avr/include/util/delay.h **** 
  33:c:/winavr-20090313/lib/gcc/../../avr/include/util/delay.h **** /* $Id: delay.h,v 1.5.2.1 2009/02/25 10:14:03 joerg_wunsch Exp $ */
  34:c:/winavr-20090313/lib/gcc/../../avr/include/util/delay.h **** 
  35:c:/winavr-20090313/lib/gcc/../../avr/include/util/delay.h **** #ifndef _UTIL_DELAY_H_
  36:c:/winavr-20090313/lib/gcc/../../avr/include/util/delay.h **** #define _UTIL_DELAY_H_ 1
  37:c:/winavr-20090313/lib/gcc/../../avr/include/util/delay.h **** 
  38:c:/winavr-20090313/lib/gcc/../../avr/include/util/delay.h **** #include <inttypes.h>
  39:c:/winavr-20090313/lib/gcc/../../avr/include/util/delay.h **** #include <util/delay_basic.h>
  40:c:/winavr-20090313/lib/gcc/../../avr/include/util/delay.h **** 
  41:c:/winavr-20090313/lib/gcc/../../avr/include/util/delay.h **** /** \file */
  42:c:/winavr-20090313/lib/gcc/../../avr/include/util/delay.h **** /** \defgroup util_delay <util/delay.h>: Convenience functions for busy-wait delay loops
  43:c:/winavr-20090313/lib/gcc/../../avr/include/util/delay.h ****     \code
  44:c:/winavr-20090313/lib/gcc/../../avr/include/util/delay.h ****     #define F_CPU 1000000UL  // 1 MHz
  45:c:/winavr-20090313/lib/gcc/../../avr/include/util/delay.h ****     //#define F_CPU 14.7456E6
  46:c:/winavr-20090313/lib/gcc/../../avr/include/util/delay.h ****     #include <util/delay.h>
  47:c:/winavr-20090313/lib/gcc/../../avr/include/util/delay.h ****     \endcode
  48:c:/winavr-20090313/lib/gcc/../../avr/include/util/delay.h **** 
  49:c:/winavr-20090313/lib/gcc/../../avr/include/util/delay.h ****     \note As an alternative method, it is possible to pass the
  50:c:/winavr-20090313/lib/gcc/../../avr/include/util/delay.h ****     F_CPU macro down to the compiler from the Makefile.
  51:c:/winavr-20090313/lib/gcc/../../avr/include/util/delay.h ****     Obviously, in that case, no \c \#define statement should be
  52:c:/winavr-20090313/lib/gcc/../../avr/include/util/delay.h ****     used.
  53:c:/winavr-20090313/lib/gcc/../../avr/include/util/delay.h **** 
  54:c:/winavr-20090313/lib/gcc/../../avr/include/util/delay.h ****     The functions in this header file are wrappers around the basic
  55:c:/winavr-20090313/lib/gcc/../../avr/include/util/delay.h ****     busy-wait functions from <util/delay_basic.h>.  They are meant as
  56:c:/winavr-20090313/lib/gcc/../../avr/include/util/delay.h ****     convenience functions where actual time values can be specified
  57:c:/winavr-20090313/lib/gcc/../../avr/include/util/delay.h ****     rather than a number of cycles to wait for.  The idea behind is
  58:c:/winavr-20090313/lib/gcc/../../avr/include/util/delay.h ****     that compile-time constant expressions will be eliminated by
  59:c:/winavr-20090313/lib/gcc/../../avr/include/util/delay.h ****     compiler optimization so floating-point expressions can be used
  60:c:/winavr-20090313/lib/gcc/../../avr/include/util/delay.h ****     to calculate the number of delay cycles needed based on the CPU
  61:c:/winavr-20090313/lib/gcc/../../avr/include/util/delay.h ****     frequency passed by the macro F_CPU.
  62:c:/winavr-20090313/lib/gcc/../../avr/include/util/delay.h **** 
  63:c:/winavr-20090313/lib/gcc/../../avr/include/util/delay.h ****     \note In order for these functions to work as intended, compiler
  64:c:/winavr-20090313/lib/gcc/../../avr/include/util/delay.h ****     optimizations <em>must</em> be enabled, and the delay time
  65:c:/winavr-20090313/lib/gcc/../../avr/include/util/delay.h ****     <em>must</em> be an expression that is a known constant at
  66:c:/winavr-20090313/lib/gcc/../../avr/include/util/delay.h ****     compile-time.  If these requirements are not met, the resulting
  67:c:/winavr-20090313/lib/gcc/../../avr/include/util/delay.h ****     delay will be much longer (and basically unpredictable), and
  68:c:/winavr-20090313/lib/gcc/../../avr/include/util/delay.h ****     applications that otherwise do not use floating-point calculations
  69:c:/winavr-20090313/lib/gcc/../../avr/include/util/delay.h ****     will experience severe code bloat by the floating-point library
  70:c:/winavr-20090313/lib/gcc/../../avr/include/util/delay.h ****     routines linked into the application.
  71:c:/winavr-20090313/lib/gcc/../../avr/include/util/delay.h **** 
  72:c:/winavr-20090313/lib/gcc/../../avr/include/util/delay.h ****     The functions available allow the specification of microsecond, and
  73:c:/winavr-20090313/lib/gcc/../../avr/include/util/delay.h ****     millisecond delays directly, using the application-supplied macro
  74:c:/winavr-20090313/lib/gcc/../../avr/include/util/delay.h ****     F_CPU as the CPU clock frequency (in Hertz).
  75:c:/winavr-20090313/lib/gcc/../../avr/include/util/delay.h **** 
  76:c:/winavr-20090313/lib/gcc/../../avr/include/util/delay.h **** */
  77:c:/winavr-20090313/lib/gcc/../../avr/include/util/delay.h **** 
  78:c:/winavr-20090313/lib/gcc/../../avr/include/util/delay.h **** #if !defined(__DOXYGEN__)
  79:c:/winavr-20090313/lib/gcc/../../avr/include/util/delay.h **** static inline void _delay_us(double __us) __attribute__((always_inline));
  80:c:/winavr-20090313/lib/gcc/../../avr/include/util/delay.h **** static inline void _delay_ms(double __ms) __attribute__((always_inline));
  81:c:/winavr-20090313/lib/gcc/../../avr/include/util/delay.h **** #endif
  82:c:/winavr-20090313/lib/gcc/../../avr/include/util/delay.h **** 
  83:c:/winavr-20090313/lib/gcc/../../avr/include/util/delay.h **** #ifndef F_CPU
  84:c:/winavr-20090313/lib/gcc/../../avr/include/util/delay.h **** /* prevent compiler error by supplying a default */
  85:c:/winavr-20090313/lib/gcc/../../avr/include/util/delay.h **** # warning "F_CPU not defined for <util/delay.h>"
  86:c:/winavr-20090313/lib/gcc/../../avr/include/util/delay.h **** # define F_CPU 1000000UL
  87:c:/winavr-20090313/lib/gcc/../../avr/include/util/delay.h **** #endif
  88:c:/winavr-20090313/lib/gcc/../../avr/include/util/delay.h **** 
  89:c:/winavr-20090313/lib/gcc/../../avr/include/util/delay.h **** #ifndef __OPTIMIZE__
  90:c:/winavr-20090313/lib/gcc/../../avr/include/util/delay.h **** # warning "Compiler optimizations disabled; functions from <util/delay.h> won't work as designed"
  91:c:/winavr-20090313/lib/gcc/../../avr/include/util/delay.h **** #endif
  92:c:/winavr-20090313/lib/gcc/../../avr/include/util/delay.h **** 
  93:c:/winavr-20090313/lib/gcc/../../avr/include/util/delay.h **** /**
  94:c:/winavr-20090313/lib/gcc/../../avr/include/util/delay.h ****    \ingroup util_delay
  95:c:/winavr-20090313/lib/gcc/../../avr/include/util/delay.h **** 
  96:c:/winavr-20090313/lib/gcc/../../avr/include/util/delay.h ****    Perform a delay of \c __ms milliseconds, using _delay_loop_2().
  97:c:/winavr-20090313/lib/gcc/../../avr/include/util/delay.h **** 
  98:c:/winavr-20090313/lib/gcc/../../avr/include/util/delay.h ****    The macro F_CPU is supposed to be defined to a
  99:c:/winavr-20090313/lib/gcc/../../avr/include/util/delay.h ****    constant defining the CPU clock frequency (in Hertz).
 100:c:/winavr-20090313/lib/gcc/../../avr/include/util/delay.h **** 
 101:c:/winavr-20090313/lib/gcc/../../avr/include/util/delay.h ****    The maximal possible delay is 262.14 ms / F_CPU in MHz.
 102:c:/winavr-20090313/lib/gcc/../../avr/include/util/delay.h **** 
 103:c:/winavr-20090313/lib/gcc/../../avr/include/util/delay.h ****    When the user request delay which exceed the maximum possible one,
 104:c:/winavr-20090313/lib/gcc/../../avr/include/util/delay.h ****    _delay_ms() provides a decreased resolution functionality. In this
 105:c:/winavr-20090313/lib/gcc/../../avr/include/util/delay.h ****    mode _delay_ms() will work with a resolution of 1/10 ms, providing
 106:c:/winavr-20090313/lib/gcc/../../avr/include/util/delay.h ****    delays up to 6.5535 seconds (independent from CPU frequency).  The
 107:c:/winavr-20090313/lib/gcc/../../avr/include/util/delay.h ****    user will not be informed about decreased resolution.
 108:c:/winavr-20090313/lib/gcc/../../avr/include/util/delay.h ****  */
 109:c:/winavr-20090313/lib/gcc/../../avr/include/util/delay.h **** void
 110:c:/winavr-20090313/lib/gcc/../../avr/include/util/delay.h **** _delay_ms(double __ms)
 111:c:/winavr-20090313/lib/gcc/../../avr/include/util/delay.h **** {
 112:c:/winavr-20090313/lib/gcc/../../avr/include/util/delay.h **** 	uint16_t __ticks;
 113:c:/winavr-20090313/lib/gcc/../../avr/include/util/delay.h **** 	double __tmp = ((F_CPU) / 4e3) * __ms;
 114:c:/winavr-20090313/lib/gcc/../../avr/include/util/delay.h **** 	if (__tmp < 1.0)
 115:c:/winavr-20090313/lib/gcc/../../avr/include/util/delay.h **** 		__ticks = 1;
 116:c:/winavr-20090313/lib/gcc/../../avr/include/util/delay.h **** 	else if (__tmp > 65535)
 117:c:/winavr-20090313/lib/gcc/../../avr/include/util/delay.h **** 	{
 118:c:/winavr-20090313/lib/gcc/../../avr/include/util/delay.h **** 		//	__ticks = requested delay in 1/10 ms
 119:c:/winavr-20090313/lib/gcc/../../avr/include/util/delay.h **** 		__ticks = (uint16_t) (__ms * 10.0);
 120:c:/winavr-20090313/lib/gcc/../../avr/include/util/delay.h **** 		while(__ticks)
 121:c:/winavr-20090313/lib/gcc/../../avr/include/util/delay.h **** 		{
 122:c:/winavr-20090313/lib/gcc/../../avr/include/util/delay.h **** 			// wait 1/10 ms
 123:c:/winavr-20090313/lib/gcc/../../avr/include/util/delay.h **** 			_delay_loop_2(((F_CPU) / 4e3) / 10);
 124:c:/winavr-20090313/lib/gcc/../../avr/include/util/delay.h **** 			__ticks --;
 125               	,0,.Ltext2
 126               	.Ltext2:
 128               	.LM3:
 129               		mov r24,r18
 130 001a 01F4      		swap r24
 131               		andi r24,lo8(-16)
 132               		out 59-32,r24
 133               		ldi r24,lo8(5000)
 134               		ldi r25,hi8(5000)
 135               	.L2:
 136               	.LBB26:
 137 001c 2F5F      	.LBB25:
 138 001e 2031      	.LBB24:
 139 0020 01F4      	.LBB23:
  10:main.c        ****   _delay_ms(500);
  11:main.c        ****  } 
  12:main.c        **** 
  13:main.c        **** }
 141               	59-32,r24
 142               		ldi r24,lo8(5000)
 143 0022 0895      		ldi r25,hi8(5000)
 144               	.L2:
 145               	.LBB26:
 146               	.LBB25:
 147               	.LBB24:
 148               	.LBB23:
 150               	.Ltext3:
 152               	.LM4:
 153               		movw r30,r20
 154               	/* #APP */
 155               	 ;  105 "c:/winavr-20090313/lib/gcc/../../avr/include/util/delay_basic.h" 1
 156               		1: sbiw r30,1
 157               		brne 1b
 158               	 ;  0 "" 2
 159               	/* #NOAPP */
 160               	.LBE23:
 161               	.LBE24:
 163               	.Ltext4:
  14:main.c        **** 
  15:main.c        **** int  main (void)
  16:main.c        **** { unsigned char c;
 165               	  0 "" 2
 166               	/* #NOAPP */
 167               	.LBE23:
 168               	.LBE24:
  17:main.c        ****   DDRA=0xF0;
 170               	ay_basic.h" 1
 171               		1: sbiw r30,1
 172 0024 80EF      		brne 1b
 173 0026 8ABB      	 ;  0 "" 2
  18:main.c        ****   DDRB=0x00;
 174               	bn	68,0,105,.LM4-.LFBB1
 175               	.LM4:
 176 0028 17BA      		movw r30,r20
  19:main.c        ****   PORTB=0xFF;
 177               	LBB25:
 178               	.LBB24:
 179 002a 8FEF      	.LBB23:
  20:main.c        ****   PORTA=0X00;
 181               	59-32,r24
 182               		ldi r24,lo8(5000)
 183 002e 1BBA      		ldi r25,hi8(5000)
 184               	.L2:
 185               	.LBB26:
 186               	.LBB25:
 187               	.LBB24:
 188               	.LBB23:
 190               	.Ltext3:
 192               	.LM4:
 193               		movw r30,r20
 194 0030 40E9      	/* #APP */
 195 0032 51E0      	 ;  105 "c:/winavr-20090313/lib/gcc/../../avr/include/util/delay_basic.h" 1
 196               		1: sbiw r30,1
 197               		brne 1b
 198               	 ;  0 "" 2
 199               	/* #NOAPP */
 200               	.LBE23:
 201               	.LBE24:
 203               	.Ltext4:
  21:main.c        ****   while(1)
  22:main.c        ****   {
  23:main.c        ****    if(!(PINB&0x04))
 205               	  0 "" 2
 206               	/* #NOAPP */
 207 0034 B299      	.LBE23:
 208 0036 00C0      	.LBE24:
 210               	.Ltext4:
 212               	.LM5:
 213               		sbiw r24,1
 215 003a 822F      	.LM6:
 216 003c 8295      		brne .L2
 217 003e 807F      	.LBE25:
 218 0040 8BBB      	.LBE26:
 220 0044 93E1      	.Ltext5:
 222               	.LM7:
 223               		subi r18,lo8(-(1))
 224               		cpi r18,lo8(16)
 225               		brne .L3
 226               	/* epilogue start */
 228               	.LM8:
 229               		ret
 246 004e 01F4      	.Lscope1:
 248               	.global	main
 250               	main:
 252               	.LM9:
 253 0050 2F5F      	.LFBB2:
 254 0052 2031      	/* prologue: function */
 255 0054 01F4      	/* frame size = 0 */
 257               	.LM10:
 258               		ldi r24,lo8(-16)
 259               		out 58-32,r24
  24:main.c        ****    count();
  25:main.c        ****    else
  26:main.c        ****    PORTA=0x00;
 260               	prologue: function */
 261               	/* frame size = 0 */
 263 005a 00C0      	.LM10:
 264               		ldi r24,lo8(-16)
 265               		out 58-32,r24
 267               	.LM11:
 268               		out 55-32,__zero_reg__
 270               	.LM12:
 271               		ldi r24,lo8(-1)
 272               		out 56-32,r24
 274               	.LM13:
 275               		out 59-32,__zero_reg__
 276               	.LBB27:
 277               	.LBB28:
 278               	.LBB29:
 279               	.LBB30:
 280               	.LBB31:
 281               	.LBB32:
 283               	.Ltext6:
 285               	.LM14:
DEFINED SYMBOLS
                            *ABS*:00000000 main.c
C:\DOCUME~1\AIMSIN~1\LOCALS~1\Temp/ccnFWM2B.s:2      *ABS*:0000003f __SREG__
C:\DOCUME~1\AIMSIN~1\LOCALS~1\Temp/ccnFWM2B.s:3      *ABS*:0000003e __SP_H__
C:\DOCUME~1\AIMSIN~1\LOCALS~1\Temp/ccnFWM2B.s:4      *ABS*:0000003d __SP_L__
C:\DOCUME~1\AIMSIN~1\LOCALS~1\Temp/ccnFWM2B.s:5      *ABS*:00000034 __CCP__
C:\DOCUME~1\AIMSIN~1\LOCALS~1\Temp/ccnFWM2B.s:6      *ABS*:00000000 __tmp_reg__
C:\DOCUME~1\AIMSIN~1\LOCALS~1\Temp/ccnFWM2B.s:7      *ABS*:00000001 __zero_reg__
C:\DOCUME~1\AIMSIN~1\LOCALS~1\Temp/ccnFWM2B.s:71     .text:00000000 count
C:\DOCUME~1\AIMSIN~1\LOCALS~1\Temp/ccnFWM2B.s:164    .text:00000024 main

NO UNDEFINED SYMBOLS
