   1               		.file	"main.c"
   2               	__SREG__ = 0x3f
   3               	__SP_H__ = 0x3e
   4               	__SP_L__ = 0x3d
   5               	__CCP__  = 0x34
   6               	__tmp_reg__ = 0
   7               	__zero_reg__ = 1
   9               		.text
  10               	.Ltext0:
  69               	.global	main
  71               	main:
   1:main.c        **** #include<avr/io.h>
   2:main.c        **** #include<util/delay.h>
   3:main.c        **** 
   4:main.c        **** unsigned char seven[]={0x3f,0x06,0x5b,0x4f,0x66,0x6d,0x7d,0x07,0x7f,0x6f};
   5:main.c        **** 
   6:main.c        **** void main()
   7:main.c        **** { unsigned char c;
  72               	ame size = 0 */
  74               	.LM1:
  75               		ldi r24,lo8(-1)
  76               		out 58-32,r24
   8:main.c        ****   DDRA=0xFF;
  77               	logue: function */
  78               	/* frame size = 0 */
  80 0002 8ABB      	.LM1:
   9:main.c        ****   PORTA=0x00;
  81               	7,.LM0-.LFBB1
  82               	.LM0:
  83 0004 1BBA      	.LFBB1:
  84 0006 20E0      	/* prologue: function */
  85               	/* frame size = 0 */
  87               	.LM1:
  88               		ldi r24,lo8(-1)
  89               		out 58-32,r24
   1:c:/winavr-20090313/lib/gcc/../../avr/include/util/delay_basic.h **** /* Copyright (c) 2002, Marek Michalkiewicz
   2:c:/winavr-20090313/lib/gcc/../../avr/include/util/delay_basic.h ****    Copyright (c) 2007 Joerg Wunsch
   3:c:/winavr-20090313/lib/gcc/../../avr/include/util/delay_basic.h ****    All rights reserved.
   4:c:/winavr-20090313/lib/gcc/../../avr/include/util/delay_basic.h **** 
   5:c:/winavr-20090313/lib/gcc/../../avr/include/util/delay_basic.h ****    Redistribution and use in source and binary forms, with or without
   6:c:/winavr-20090313/lib/gcc/../../avr/include/util/delay_basic.h ****    modification, are permitted provided that the following conditions are met:
   7:c:/winavr-20090313/lib/gcc/../../avr/include/util/delay_basic.h **** 
   8:c:/winavr-20090313/lib/gcc/../../avr/include/util/delay_basic.h ****    * Redistributions of source code must retain the above copyright
   9:c:/winavr-20090313/lib/gcc/../../avr/include/util/delay_basic.h ****      notice, this list of conditions and the following disclaimer.
  10:c:/winavr-20090313/lib/gcc/../../avr/include/util/delay_basic.h **** 
  11:c:/winavr-20090313/lib/gcc/../../avr/include/util/delay_basic.h ****    * Redistributions in binary form must reproduce the above copyright
  12:c:/winavr-20090313/lib/gcc/../../avr/include/util/delay_basic.h ****      notice, this list of conditions and the following disclaimer in
  13:c:/winavr-20090313/lib/gcc/../../avr/include/util/delay_basic.h ****      the documentation and/or other materials provided with the
  14:c:/winavr-20090313/lib/gcc/../../avr/include/util/delay_basic.h ****      distribution.
  15:c:/winavr-20090313/lib/gcc/../../avr/include/util/delay_basic.h **** 
  16:c:/winavr-20090313/lib/gcc/../../avr/include/util/delay_basic.h ****    * Neither the name of the copyright holders nor the names of
  17:c:/winavr-20090313/lib/gcc/../../avr/include/util/delay_basic.h ****      contributors may be used to endorse or promote products derived
  18:c:/winavr-20090313/lib/gcc/../../avr/include/util/delay_basic.h ****      from this software without specific prior written permission.
  19:c:/winavr-20090313/lib/gcc/../../avr/include/util/delay_basic.h **** 
  20:c:/winavr-20090313/lib/gcc/../../avr/include/util/delay_basic.h ****   THIS SOFTWARE IS PROVIDED BY THE COPYRIGHT HOLDERS AND CONTRIBUTORS "AS IS"
  21:c:/winavr-20090313/lib/gcc/../../avr/include/util/delay_basic.h ****   AND ANY EXPRESS OR IMPLIED WARRANTIES, INCLUDING, BUT NOT LIMITED TO, THE
  22:c:/winavr-20090313/lib/gcc/../../avr/include/util/delay_basic.h ****   IMPLIED WARRANTIES OF MERCHANTABILITY AND FITNESS FOR A PARTICULAR PURPOSE
  23:c:/winavr-20090313/lib/gcc/../../avr/include/util/delay_basic.h ****   ARE DISCLAIMED. IN NO EVENT SHALL THE COPYRIGHT OWNER OR CONTRIBUTORS BE
  24:c:/winavr-20090313/lib/gcc/../../avr/include/util/delay_basic.h ****   LIABLE FOR ANY DIRECT, INDIRECT, INCIDENTAL, SPECIAL, EXEMPLARY, OR
  25:c:/winavr-20090313/lib/gcc/../../avr/include/util/delay_basic.h ****   CONSEQUENTIAL DAMAGES (INCLUDING, BUT NOT LIMITED TO, PROCUREMENT OF
  26:c:/winavr-20090313/lib/gcc/../../avr/include/util/delay_basic.h ****   SUBSTITUTE GOODS OR SERVICES; LOSS OF USE, DATA, OR PROFITS; OR BUSINESS
  27:c:/winavr-20090313/lib/gcc/../../avr/include/util/delay_basic.h ****   INTERRUPTION) HOWEVER CAUSED AND ON ANY THEORY OF LIABILITY, WHETHER IN
  28:c:/winavr-20090313/lib/gcc/../../avr/include/util/delay_basic.h ****   CONTRACT, STRICT LIABILITY, OR TORT (INCLUDING NEGLIGENCE OR OTHERWISE)
  29:c:/winavr-20090313/lib/gcc/../../avr/include/util/delay_basic.h ****   ARISING IN ANY WAY OUT OF THE USE OF THIS SOFTWARE, EVEN IF ADVISED OF THE
  30:c:/winavr-20090313/lib/gcc/../../avr/include/util/delay_basic.h ****   POSSIBILITY OF SUCH DAMAGE. */
  31:c:/winavr-20090313/lib/gcc/../../avr/include/util/delay_basic.h **** 
  32:c:/winavr-20090313/lib/gcc/../../avr/include/util/delay_basic.h **** /* $Id: delay_basic.h,v 1.1 2007/05/13 21:23:20 joerg_wunsch Exp $ */
  33:c:/winavr-20090313/lib/gcc/../../avr/include/util/delay_basic.h **** 
  34:c:/winavr-20090313/lib/gcc/../../avr/include/util/delay_basic.h **** #ifndef _UTIL_DELAY_BASIC_H_
  35:c:/winavr-20090313/lib/gcc/../../avr/include/util/delay_basic.h **** #define _UTIL_DELAY_BASIC_H_ 1
  36:c:/winavr-20090313/lib/gcc/../../avr/include/util/delay_basic.h **** 
  37:c:/winavr-20090313/lib/gcc/../../avr/include/util/delay_basic.h **** #include <inttypes.h>
  38:c:/winavr-20090313/lib/gcc/../../avr/include/util/delay_basic.h **** 
  39:c:/winavr-20090313/lib/gcc/../../avr/include/util/delay_basic.h **** /** \file */
  40:c:/winavr-20090313/lib/gcc/../../avr/include/util/delay_basic.h **** /** \defgroup util_delay_basic <util/delay_basic.h>: Basic busy-wait delay loops
  41:c:/winavr-20090313/lib/gcc/../../avr/include/util/delay_basic.h ****     \code
  42:c:/winavr-20090313/lib/gcc/../../avr/include/util/delay_basic.h ****     #include <util/delay_basic.h>
  43:c:/winavr-20090313/lib/gcc/../../avr/include/util/delay_basic.h ****     \endcode
  44:c:/winavr-20090313/lib/gcc/../../avr/include/util/delay_basic.h **** 
  45:c:/winavr-20090313/lib/gcc/../../avr/include/util/delay_basic.h ****     The functions in this header file implement simple delay loops
  46:c:/winavr-20090313/lib/gcc/../../avr/include/util/delay_basic.h ****     that perform a busy-waiting.  They are typically used to
  47:c:/winavr-20090313/lib/gcc/../../avr/include/util/delay_basic.h ****     facilitate short delays in the program execution.  They are
  48:c:/winavr-20090313/lib/gcc/../../avr/include/util/delay_basic.h ****     implemented as count-down loops with a well-known CPU cycle
  49:c:/winavr-20090313/lib/gcc/../../avr/include/util/delay_basic.h ****     count per loop iteration.  As such, no other processing can
  50:c:/winavr-20090313/lib/gcc/../../avr/include/util/delay_basic.h ****     occur simultaneously.  It should be kept in mind that the
  51:c:/winavr-20090313/lib/gcc/../../avr/include/util/delay_basic.h ****     functions described here do not disable interrupts.
  52:c:/winavr-20090313/lib/gcc/../../avr/include/util/delay_basic.h **** 
  53:c:/winavr-20090313/lib/gcc/../../avr/include/util/delay_basic.h ****     In general, for long delays, the use of hardware timers is
  54:c:/winavr-20090313/lib/gcc/../../avr/include/util/delay_basic.h ****     much preferrable, as they free the CPU, and allow for
  55:c:/winavr-20090313/lib/gcc/../../avr/include/util/delay_basic.h ****     concurrent processing of other events while the timer is
  56:c:/winavr-20090313/lib/gcc/../../avr/include/util/delay_basic.h ****     running.  However, in particular for very short delays, the
  57:c:/winavr-20090313/lib/gcc/../../avr/include/util/delay_basic.h ****     overhead of setting up a hardware timer is too much compared
  58:c:/winavr-20090313/lib/gcc/../../avr/include/util/delay_basic.h ****     to the overall delay time.
  59:c:/winavr-20090313/lib/gcc/../../avr/include/util/delay_basic.h **** 
  60:c:/winavr-20090313/lib/gcc/../../avr/include/util/delay_basic.h ****     Two inline functions are provided for the actual delay algorithms.
  61:c:/winavr-20090313/lib/gcc/../../avr/include/util/delay_basic.h **** 
  62:c:/winavr-20090313/lib/gcc/../../avr/include/util/delay_basic.h **** */
  63:c:/winavr-20090313/lib/gcc/../../avr/include/util/delay_basic.h **** 
  64:c:/winavr-20090313/lib/gcc/../../avr/include/util/delay_basic.h **** #if !defined(__DOXYGEN__)
  65:c:/winavr-20090313/lib/gcc/../../avr/include/util/delay_basic.h **** static inline void _delay_loop_1(uint8_t __count) __attribute__((always_inline));
  66:c:/winavr-20090313/lib/gcc/../../avr/include/util/delay_basic.h **** static inline void _delay_loop_2(uint16_t __count) __attribute__((always_inline));
  67:c:/winavr-20090313/lib/gcc/../../avr/include/util/delay_basic.h **** #endif
  68:c:/winavr-20090313/lib/gcc/../../avr/include/util/delay_basic.h **** 
  69:c:/winavr-20090313/lib/gcc/../../avr/include/util/delay_basic.h **** /** \ingroup util_delay_basic
  70:c:/winavr-20090313/lib/gcc/../../avr/include/util/delay_basic.h **** 
  71:c:/winavr-20090313/lib/gcc/../../avr/include/util/delay_basic.h ****     Delay loop using an 8-bit counter \c __count, so up to 256
  72:c:/winavr-20090313/lib/gcc/../../avr/include/util/delay_basic.h ****     iterations are possible.  (The value 256 would have to be passed
  73:c:/winavr-20090313/lib/gcc/../../avr/include/util/delay_basic.h ****     as 0.)  The loop executes three CPU cycles per iteration, not
  74:c:/winavr-20090313/lib/gcc/../../avr/include/util/delay_basic.h ****     including the overhead the compiler needs to setup the counter
  75:c:/winavr-20090313/lib/gcc/../../avr/include/util/delay_basic.h ****     register.
  76:c:/winavr-20090313/lib/gcc/../../avr/include/util/delay_basic.h **** 
  77:c:/winavr-20090313/lib/gcc/../../avr/include/util/delay_basic.h ****     Thus, at a CPU speed of 1 MHz, delays of up to 768 microseconds
  78:c:/winavr-20090313/lib/gcc/../../avr/include/util/delay_basic.h ****     can be achieved.
  79:c:/winavr-20090313/lib/gcc/../../avr/include/util/delay_basic.h **** */
  80:c:/winavr-20090313/lib/gcc/../../avr/include/util/delay_basic.h **** void
  81:c:/winavr-20090313/lib/gcc/../../avr/include/util/delay_basic.h **** _delay_loop_1(uint8_t __count)
  82:c:/winavr-20090313/lib/gcc/../../avr/include/util/delay_basic.h **** {
  83:c:/winavr-20090313/lib/gcc/../../avr/include/util/delay_basic.h **** 	__asm__ volatile (
  84:c:/winavr-20090313/lib/gcc/../../avr/include/util/delay_basic.h **** 		"1: dec %0" "\n\t"
  85:c:/winavr-20090313/lib/gcc/../../avr/include/util/delay_basic.h **** 		"brne 1b"
  86:c:/winavr-20090313/lib/gcc/../../avr/include/util/delay_basic.h **** 		: "=r" (__count)
  87:c:/winavr-20090313/lib/gcc/../../avr/include/util/delay_basic.h **** 		: "0" (__count)
  88:c:/winavr-20090313/lib/gcc/../../avr/include/util/delay_basic.h **** 	);
  89:c:/winavr-20090313/lib/gcc/../../avr/include/util/delay_basic.h **** }
  90:c:/winavr-20090313/lib/gcc/../../avr/include/util/delay_basic.h **** 
  91:c:/winavr-20090313/lib/gcc/../../avr/include/util/delay_basic.h **** /** \ingroup util_delay_basic
  92:c:/winavr-20090313/lib/gcc/../../avr/include/util/delay_basic.h **** 
  93:c:/winavr-20090313/lib/gcc/../../avr/include/util/delay_basic.h ****     Delay loop using a 16-bit counter \c __count, so up to 65536
  94:c:/winavr-20090313/lib/gcc/../../avr/include/util/delay_basic.h ****     iterations are possible.  (The value 65536 would have to be
  95:c:/winavr-20090313/lib/gcc/../../avr/include/util/delay_basic.h ****     passed as 0.)  The loop executes four CPU cycles per iteration,
  96:c:/winavr-20090313/lib/gcc/../../avr/include/util/delay_basic.h ****     not including the overhead the compiler requires to setup the
  97:c:/winavr-20090313/lib/gcc/../../avr/include/util/delay_basic.h ****     counter register pair.
  98:c:/winavr-20090313/lib/gcc/../../avr/include/util/delay_basic.h **** 
  99:c:/winavr-20090313/lib/gcc/../../avr/include/util/delay_basic.h ****     Thus, at a CPU speed of 1 MHz, delays of up to about 262.1
 100:c:/winavr-20090313/lib/gcc/../../avr/include/util/delay_basic.h ****     milliseconds can be achieved.
 101:c:/winavr-20090313/lib/gcc/../../avr/include/util/delay_basic.h ****  */
 102:c:/winavr-20090313/lib/gcc/../../avr/include/util/delay_basic.h **** void
 103:c:/winavr-20090313/lib/gcc/../../avr/include/util/delay_basic.h **** _delay_loop_2(uint16_t __count)
 104:c:/winavr-20090313/lib/gcc/../../avr/include/util/delay_basic.h **** {
 105:c:/winavr-20090313/lib/gcc/../../avr/include/util/delay_basic.h **** 	__asm__ volatile (
  91               	size = 0 */
  93 0008 40E9      	.LM1:
  94 000a 51E0      		ldi r24,lo8(-1)
  95               		out 58-32,r24
  97               	.LM2:
  98               		out 59-32,__zero_reg__
  99               		ldi r18,lo8(0)
 100               	.LBB12:
 101               	.LBB13:
  10:main.c        ****   while(1)
  11:main.c        ****   {
  12:main.c        ****    for(c=0;c<10;c++)
  13:main.c        ****    {
  14:main.c        ****     PORTA=seven[c];
 102               	58-32,r24
 104 000c E22F      	.LM2:
 105 000e F0E0      		out 59-32,__zero_reg__
 106 0010 E050      		ldi r18,lo8(0)
 107 0012 F040      	.LBB12:
 108 0014 8081      	.LBB13:
 109 0016 8BBB      	.LBB14:
 110 0018 80E1      	.LBB15:
 112               	.Ltext1:
 114               	.LM3:
 115               		ldi r20,lo8(400)
 116               		ldi r21,hi8(400)
 117               	.L8:
 118               	.LBE15:
 119               	.LBE14:
 120               	.LBE13:
 121 001c FA01      	.LBE12:
 123               	.Ltext2:
 125 0020 01F4      	.LM4:
 126               		mov r30,r18
 127               		ldi r31,lo8(0)
 128               		subi r30,lo8(-(seven))
 129               		sbci r31,hi8(-(seven))
 130               		ld r24,Z
 131               		out 59-32,r24
   1:c:/winavr-20090313/lib/gcc/../../avr/include/util/delay.h **** /* Copyright (c) 2002, Marek Michalkiewicz
   2:c:/winavr-20090313/lib/gcc/../../avr/include/util/delay.h ****    Copyright (c) 2004,2005,2007 Joerg Wunsch
   3:c:/winavr-20090313/lib/gcc/../../avr/include/util/delay.h ****    Copyright (c) 2007  Florin-Viorel Petrov
   4:c:/winavr-20090313/lib/gcc/../../avr/include/util/delay.h ****    All rights reserved.
   5:c:/winavr-20090313/lib/gcc/../../avr/include/util/delay.h **** 
   6:c:/winavr-20090313/lib/gcc/../../avr/include/util/delay.h ****    Redistribution and use in source and binary forms, with or without
   7:c:/winavr-20090313/lib/gcc/../../avr/include/util/delay.h ****    modification, are permitted provided that the following conditions are met:
   8:c:/winavr-20090313/lib/gcc/../../avr/include/util/delay.h **** 
   9:c:/winavr-20090313/lib/gcc/../../avr/include/util/delay.h ****    * Redistributions of source code must retain the above copyright
  10:c:/winavr-20090313/lib/gcc/../../avr/include/util/delay.h ****      notice, this list of conditions and the following disclaimer.
  11:c:/winavr-20090313/lib/gcc/../../avr/include/util/delay.h **** 
  12:c:/winavr-20090313/lib/gcc/../../avr/include/util/delay.h ****    * Redistributions in binary form must reproduce the above copyright
  13:c:/winavr-20090313/lib/gcc/../../avr/include/util/delay.h ****      notice, this list of conditions and the following disclaimer in
  14:c:/winavr-20090313/lib/gcc/../../avr/include/util/delay.h ****      the documentation and/or other materials provided with the
  15:c:/winavr-20090313/lib/gcc/../../avr/include/util/delay.h ****      distribution.
  16:c:/winavr-20090313/lib/gcc/../../avr/include/util/delay.h **** 
  17:c:/winavr-20090313/lib/gcc/../../avr/include/util/delay.h ****    * Neither the name of the copyright holders nor the names of
  18:c:/winavr-20090313/lib/gcc/../../avr/include/util/delay.h ****      contributors may be used to endorse or promote products derived
  19:c:/winavr-20090313/lib/gcc/../../avr/include/util/delay.h ****      from this software without specific prior written permission.
  20:c:/winavr-20090313/lib/gcc/../../avr/include/util/delay.h **** 
  21:c:/winavr-20090313/lib/gcc/../../avr/include/util/delay.h ****   THIS SOFTWARE IS PROVIDED BY THE COPYRIGHT HOLDERS AND CONTRIBUTORS "AS IS"
  22:c:/winavr-20090313/lib/gcc/../../avr/include/util/delay.h ****   AND ANY EXPRESS OR IMPLIED WARRANTIES, INCLUDING, BUT NOT LIMITED TO, THE
  23:c:/winavr-20090313/lib/gcc/../../avr/include/util/delay.h ****   IMPLIED WARRANTIES OF MERCHANTABILITY AND FITNESS FOR A PARTICULAR PURPOSE
  24:c:/winavr-20090313/lib/gcc/../../avr/include/util/delay.h ****   ARE DISCLAIMED. IN NO EVENT SHALL THE COPYRIGHT OWNER OR CONTRIBUTORS BE
  25:c:/winavr-20090313/lib/gcc/../../avr/include/util/delay.h ****   LIABLE FOR ANY DIRECT, INDIRECT, INCIDENTAL, SPECIAL, EXEMPLARY, OR
  26:c:/winavr-20090313/lib/gcc/../../avr/include/util/delay.h ****   CONSEQUENTIAL DAMAGES (INCLUDING, BUT NOT LIMITED TO, PROCUREMENT OF
  27:c:/winavr-20090313/lib/gcc/../../avr/include/util/delay.h ****   SUBSTITUTE GOODS OR SERVICES; LOSS OF USE, DATA, OR PROFITS; OR BUSINESS
  28:c:/winavr-20090313/lib/gcc/../../avr/include/util/delay.h ****   INTERRUPTION) HOWEVER CAUSED AND ON ANY THEORY OF LIABILITY, WHETHER IN
  29:c:/winavr-20090313/lib/gcc/../../avr/include/util/delay.h ****   CONTRACT, STRICT LIABILITY, OR TORT (INCLUDING NEGLIGENCE OR OTHERWISE)
  30:c:/winavr-20090313/lib/gcc/../../avr/include/util/delay.h ****   ARISING IN ANY WAY OUT OF THE USE OF THIS SOFTWARE, EVEN IF ADVISED OF THE
  31:c:/winavr-20090313/lib/gcc/../../avr/include/util/delay.h ****   POSSIBILITY OF SUCH DAMAGE. */
  32:c:/winavr-20090313/lib/gcc/../../avr/include/util/delay.h **** 
  33:c:/winavr-20090313/lib/gcc/../../avr/include/util/delay.h **** /* $Id: delay.h,v 1.5.2.1 2009/02/25 10:14:03 joerg_wunsch Exp $ */
  34:c:/winavr-20090313/lib/gcc/../../avr/include/util/delay.h **** 
  35:c:/winavr-20090313/lib/gcc/../../avr/include/util/delay.h **** #ifndef _UTIL_DELAY_H_
  36:c:/winavr-20090313/lib/gcc/../../avr/include/util/delay.h **** #define _UTIL_DELAY_H_ 1
  37:c:/winavr-20090313/lib/gcc/../../avr/include/util/delay.h **** 
  38:c:/winavr-20090313/lib/gcc/../../avr/include/util/delay.h **** #include <inttypes.h>
  39:c:/winavr-20090313/lib/gcc/../../avr/include/util/delay.h **** #include <util/delay_basic.h>
  40:c:/winavr-20090313/lib/gcc/../../avr/include/util/delay.h **** 
  41:c:/winavr-20090313/lib/gcc/../../avr/include/util/delay.h **** /** \file */
  42:c:/winavr-20090313/lib/gcc/../../avr/include/util/delay.h **** /** \defgroup util_delay <util/delay.h>: Convenience functions for busy-wait delay loops
  43:c:/winavr-20090313/lib/gcc/../../avr/include/util/delay.h ****     \code
  44:c:/winavr-20090313/lib/gcc/../../avr/include/util/delay.h ****     #define F_CPU 1000000UL  // 1 MHz
  45:c:/winavr-20090313/lib/gcc/../../avr/include/util/delay.h ****     //#define F_CPU 14.7456E6
  46:c:/winavr-20090313/lib/gcc/../../avr/include/util/delay.h ****     #include <util/delay.h>
  47:c:/winavr-20090313/lib/gcc/../../avr/include/util/delay.h ****     \endcode
  48:c:/winavr-20090313/lib/gcc/../../avr/include/util/delay.h **** 
  49:c:/winavr-20090313/lib/gcc/../../avr/include/util/delay.h ****     \note As an alternative method, it is possible to pass the
  50:c:/winavr-20090313/lib/gcc/../../avr/include/util/delay.h ****     F_CPU macro down to the compiler from the Makefile.
  51:c:/winavr-20090313/lib/gcc/../../avr/include/util/delay.h ****     Obviously, in that case, no \c \#define statement should be
  52:c:/winavr-20090313/lib/gcc/../../avr/include/util/delay.h ****     used.
  53:c:/winavr-20090313/lib/gcc/../../avr/include/util/delay.h **** 
  54:c:/winavr-20090313/lib/gcc/../../avr/include/util/delay.h ****     The functions in this header file are wrappers around the basic
  55:c:/winavr-20090313/lib/gcc/../../avr/include/util/delay.h ****     busy-wait functions from <util/delay_basic.h>.  They are meant as
  56:c:/winavr-20090313/lib/gcc/../../avr/include/util/delay.h ****     convenience functions where actual time values can be specified
  57:c:/winavr-20090313/lib/gcc/../../avr/include/util/delay.h ****     rather than a number of cycles to wait for.  The idea behind is
  58:c:/winavr-20090313/lib/gcc/../../avr/include/util/delay.h ****     that compile-time constant expressions will be eliminated by
  59:c:/winavr-20090313/lib/gcc/../../avr/include/util/delay.h ****     compiler optimization so floating-point expressions can be used
  60:c:/winavr-20090313/lib/gcc/../../avr/include/util/delay.h ****     to calculate the number of delay cycles needed based on the CPU
  61:c:/winavr-20090313/lib/gcc/../../avr/include/util/delay.h ****     frequency passed by the macro F_CPU.
  62:c:/winavr-20090313/lib/gcc/../../avr/include/util/delay.h **** 
  63:c:/winavr-20090313/lib/gcc/../../avr/include/util/delay.h ****     \note In order for these functions to work as intended, compiler
  64:c:/winavr-20090313/lib/gcc/../../avr/include/util/delay.h ****     optimizations <em>must</em> be enabled, and the delay time
  65:c:/winavr-20090313/lib/gcc/../../avr/include/util/delay.h ****     <em>must</em> be an expression that is a known constant at
  66:c:/winavr-20090313/lib/gcc/../../avr/include/util/delay.h ****     compile-time.  If these requirements are not met, the resulting
  67:c:/winavr-20090313/lib/gcc/../../avr/include/util/delay.h ****     delay will be much longer (and basically unpredictable), and
  68:c:/winavr-20090313/lib/gcc/../../avr/include/util/delay.h ****     applications that otherwise do not use floating-point calculations
  69:c:/winavr-20090313/lib/gcc/../../avr/include/util/delay.h ****     will experience severe code bloat by the floating-point library
  70:c:/winavr-20090313/lib/gcc/../../avr/include/util/delay.h ****     routines linked into the application.
  71:c:/winavr-20090313/lib/gcc/../../avr/include/util/delay.h **** 
  72:c:/winavr-20090313/lib/gcc/../../avr/include/util/delay.h ****     The functions available allow the specification of microsecond, and
  73:c:/winavr-20090313/lib/gcc/../../avr/include/util/delay.h ****     millisecond delays directly, using the application-supplied macro
  74:c:/winavr-20090313/lib/gcc/../../avr/include/util/delay.h ****     F_CPU as the CPU clock frequency (in Hertz).
  75:c:/winavr-20090313/lib/gcc/../../avr/include/util/delay.h **** 
  76:c:/winavr-20090313/lib/gcc/../../avr/include/util/delay.h **** */
  77:c:/winavr-20090313/lib/gcc/../../avr/include/util/delay.h **** 
  78:c:/winavr-20090313/lib/gcc/../../avr/include/util/delay.h **** #if !defined(__DOXYGEN__)
  79:c:/winavr-20090313/lib/gcc/../../avr/include/util/delay.h **** static inline void _delay_us(double __us) __attribute__((always_inline));
  80:c:/winavr-20090313/lib/gcc/../../avr/include/util/delay.h **** static inline void _delay_ms(double __ms) __attribute__((always_inline));
  81:c:/winavr-20090313/lib/gcc/../../avr/include/util/delay.h **** #endif
  82:c:/winavr-20090313/lib/gcc/../../avr/include/util/delay.h **** 
  83:c:/winavr-20090313/lib/gcc/../../avr/include/util/delay.h **** #ifndef F_CPU
  84:c:/winavr-20090313/lib/gcc/../../avr/include/util/delay.h **** /* prevent compiler error by supplying a default */
  85:c:/winavr-20090313/lib/gcc/../../avr/include/util/delay.h **** # warning "F_CPU not defined for <util/delay.h>"
  86:c:/winavr-20090313/lib/gcc/../../avr/include/util/delay.h **** # define F_CPU 1000000UL
  87:c:/winavr-20090313/lib/gcc/../../avr/include/util/delay.h **** #endif
  88:c:/winavr-20090313/lib/gcc/../../avr/include/util/delay.h **** 
  89:c:/winavr-20090313/lib/gcc/../../avr/include/util/delay.h **** #ifndef __OPTIMIZE__
  90:c:/winavr-20090313/lib/gcc/../../avr/include/util/delay.h **** # warning "Compiler optimizations disabled; functions from <util/delay.h> won't work as designed"
  91:c:/winavr-20090313/lib/gcc/../../avr/include/util/delay.h **** #endif
  92:c:/winavr-20090313/lib/gcc/../../avr/include/util/delay.h **** 
  93:c:/winavr-20090313/lib/gcc/../../avr/include/util/delay.h **** /**
  94:c:/winavr-20090313/lib/gcc/../../avr/include/util/delay.h ****    \ingroup util_delay
  95:c:/winavr-20090313/lib/gcc/../../avr/include/util/delay.h **** 
  96:c:/winavr-20090313/lib/gcc/../../avr/include/util/delay.h ****    Perform a delay of \c __ms milliseconds, using _delay_loop_2().
  97:c:/winavr-20090313/lib/gcc/../../avr/include/util/delay.h **** 
  98:c:/winavr-20090313/lib/gcc/../../avr/include/util/delay.h ****    The macro F_CPU is supposed to be defined to a
  99:c:/winavr-20090313/lib/gcc/../../avr/include/util/delay.h ****    constant defining the CPU clock frequency (in Hertz).
 100:c:/winavr-20090313/lib/gcc/../../avr/include/util/delay.h **** 
 101:c:/winavr-20090313/lib/gcc/../../avr/include/util/delay.h ****    The maximal possible delay is 262.14 ms / F_CPU in MHz.
 102:c:/winavr-20090313/lib/gcc/../../avr/include/util/delay.h **** 
 103:c:/winavr-20090313/lib/gcc/../../avr/include/util/delay.h ****    When the user request delay which exceed the maximum possible one,
 104:c:/winavr-20090313/lib/gcc/../../avr/include/util/delay.h ****    _delay_ms() provides a decreased resolution functionality. In this
 105:c:/winavr-20090313/lib/gcc/../../avr/include/util/delay.h ****    mode _delay_ms() will work with a resolution of 1/10 ms, providing
 106:c:/winavr-20090313/lib/gcc/../../avr/include/util/delay.h ****    delays up to 6.5535 seconds (independent from CPU frequency).  The
 107:c:/winavr-20090313/lib/gcc/../../avr/include/util/delay.h ****    user will not be informed about decreased resolution.
 108:c:/winavr-20090313/lib/gcc/../../avr/include/util/delay.h ****  */
 109:c:/winavr-20090313/lib/gcc/../../avr/include/util/delay.h **** void
 110:c:/winavr-20090313/lib/gcc/../../avr/include/util/delay.h **** _delay_ms(double __ms)
 111:c:/winavr-20090313/lib/gcc/../../avr/include/util/delay.h **** {
 112:c:/winavr-20090313/lib/gcc/../../avr/include/util/delay.h **** 	uint16_t __ticks;
 113:c:/winavr-20090313/lib/gcc/../../avr/include/util/delay.h **** 	double __tmp = ((F_CPU) / 4e3) * __ms;
 114:c:/winavr-20090313/lib/gcc/../../avr/include/util/delay.h **** 	if (__tmp < 1.0)
 115:c:/winavr-20090313/lib/gcc/../../avr/include/util/delay.h **** 		__ticks = 1;
 116:c:/winavr-20090313/lib/gcc/../../avr/include/util/delay.h **** 	else if (__tmp > 65535)
 117:c:/winavr-20090313/lib/gcc/../../avr/include/util/delay.h **** 	{
 118:c:/winavr-20090313/lib/gcc/../../avr/include/util/delay.h **** 		//	__ticks = requested delay in 1/10 ms
 119:c:/winavr-20090313/lib/gcc/../../avr/include/util/delay.h **** 		__ticks = (uint16_t) (__ms * 10.0);
 120:c:/winavr-20090313/lib/gcc/../../avr/include/util/delay.h **** 		while(__ticks)
 121:c:/winavr-20090313/lib/gcc/../../avr/include/util/delay.h **** 		{
 122:c:/winavr-20090313/lib/gcc/../../avr/include/util/delay.h **** 			// wait 1/10 ms
 123:c:/winavr-20090313/lib/gcc/../../avr/include/util/delay.h **** 			_delay_loop_2(((F_CPU) / 4e3) / 10);
 124:c:/winavr-20090313/lib/gcc/../../avr/include/util/delay.h **** 			__ticks --;
 132               	0)
 133               		subi r30,lo8(-(seven))
 134 0022 0197      		sbci r31,hi8(-(seven))
 135               		ld r24,Z
 136               		out 59-32,r24
 137 0024 01F4      		ldi r24,lo8(10000)
 138               		ldi r25,hi8(10000)
 139               	.L2:
 140               	.LBB19:
 141               	.LBB18:
 142               	.LBB17:
 143               	.LBB16:
 145 0028 2A30      	.Ltext3:
 147 002c 20E0      	.LM5:
 148 002e 00C0      		movw r30,r20
 149               	/* #APP */
 150               	 ;  105 "c:/winavr-20090313/lib/gcc/../../avr/include/util/delay_basic.h" 1
 151               		1: sbiw r30,1
 152               		brne 1b
 153               	 ;  0 "" 2
 154               	/* #NOAPP */
 155               	.LBE16:
 156               	.LBE17:
 158               	.Ltext4:
 160               	.LM6:
 161               		sbiw r24,1
 163               	.LM7:
 164               		brne .L2
 165               	.LBE18:
 166               	.LBE19:
 168               	.Ltext5:
 170               	.LM8:
 171 0000 3F        		subi r18,lo8(-(1))
 172 0001 06        		cpi r18,lo8(10)
 173 0002 5B        		brlo .L8
 174 0003 4F        		ldi r18,lo8(0)
 175 0004 66        		rjmp .L8
DEFINED SYMBOLS
                            *ABS*:00000000 main.c
C:\DOCUME~1\AIMSIN~1\LOCALS~1\Temp/ccz7Yy0L.s:2      *ABS*:0000003f __SREG__
C:\DOCUME~1\AIMSIN~1\LOCALS~1\Temp/ccz7Yy0L.s:3      *ABS*:0000003e __SP_H__
C:\DOCUME~1\AIMSIN~1\LOCALS~1\Temp/ccz7Yy0L.s:4      *ABS*:0000003d __SP_L__
C:\DOCUME~1\AIMSIN~1\LOCALS~1\Temp/ccz7Yy0L.s:5      *ABS*:00000034 __CCP__
C:\DOCUME~1\AIMSIN~1\LOCALS~1\Temp/ccz7Yy0L.s:6      *ABS*:00000000 __tmp_reg__
C:\DOCUME~1\AIMSIN~1\LOCALS~1\Temp/ccz7Yy0L.s:7      *ABS*:00000001 __zero_reg__
C:\DOCUME~1\AIMSIN~1\LOCALS~1\Temp/ccz7Yy0L.s:71     .text:00000000 main
C:\DOCUME~1\AIMSIN~1\LOCALS~1\Temp/ccz7Yy0L.s:170    .data:00000000 seven

UNDEFINED SYMBOLS
__do_copy_data
