   1               		.file	"main.c"
   2               	__SREG__ = 0x3f
   3               	__SP_H__ = 0x3e
   4               	__SP_L__ = 0x3d
   5               	__CCP__  = 0x34
   6               	__tmp_reg__ = 0
   7               	__zero_reg__ = 1
  15               	.Ltext0:
  16               	.global	Delay
  18               	Delay:
  19               	.LFB7:
  20               	.LM1:
  21               	/* prologue: function */
  22               	/* frame size = 0 */
  23               	.LBB57:
  24               	.LBB58:
  25               	.LBB59:
  26               	.LBB60:
  27               	.LM2:
  28 0000 8AE1      		ldi r24,lo8(26)
  29               	.LVL0:
  30               	/* #APP */
  31               	 ;  83 "c:/winavr-20090313/lib/gcc/../../avr/include/util/delay_basic.h" 1
  32 0002 8A95      		1: dec r24
  33 0004 01F4      		brne 1b
  34               	 ;  0 "" 2
  35               	/* epilogue start */
  36               	/* #NOAPP */
  37               	.LBE60:
  38               	.LBE59:
  39               	.LBE58:
  40               	.LBE57:
  41               	.LM3:
  42 0006 0895      		ret
  43               	.LFE7:
  45               	.global	spisend
  47               	spisend:
  48               	.LFB8:
  49               	.LM4:
  50               	.LVL1:
  51               	/* prologue: function */
  52               	/* frame size = 0 */
  53               	.LM5:
  54 0008 20E0      		ldi r18,lo8(0)
  55               	.LVL2:
  56               	.LBB61:
  57               	.LBB62:
  58               	.LBB63:
  59               	.LBB64:
  60               	.LM6:
  61 000a 3AE1      		ldi r19,lo8(26)
  62               	.LVL3:
  63               	.L7:
  64               	.LBE64:
  65               	.LBE63:
  66               	.LBE62:
  67               	.LBE61:
  68               	.LM7:
  69 000c C498      		cbi 56-32,4
  70               	.LBB68:
  71               	.LBB67:
  72               	.LBB66:
  73               	.LBB65:
  74               	.LM8:
  75 000e 932F      		mov r25,r19
  76               	/* #APP */
  77               	 ;  83 "c:/winavr-20090313/lib/gcc/../../avr/include/util/delay_basic.h" 1
  78 0010 9A95      		1: dec r25
  79 0012 01F4      		brne 1b
  80               	 ;  0 "" 2
  81               	/* #NOAPP */
  82               	.LBE65:
  83               	.LBE66:
  84               	.LBE67:
  85               	.LBE68:
  86               	.LM9:
  87 0014 87FF      		sbrs r24,7
  88 0016 00C0      		rjmp .L4
  89               	.LM10:
  90 0018 C39A      		sbi 56-32,3
  91 001a 00C0      		rjmp .L5
  92               	.L4:
  93               	.LM11:
  94 001c C398      		cbi 56-32,3
  95               	.L5:
  96               	.LM12:
  97 001e C49A      		sbi 56-32,4
  98               	.LM13:
  99 0020 2F5F      		subi r18,lo8(-(1))
 100 0022 2830      		cpi r18,lo8(8)
 101 0024 01F0      		breq .L8
 102               	.LM14:
 103 0026 880F      		lsl r24
 104               	.LVL4:
 105 0028 00C0      		rjmp .L7
 106               	.L8:
 107 002a 0895      		ret
 108               	.LFE8:
 110               	.global	wrdata
 112               	wrdata:
 113               	.LFB9:
 114               	.LM15:
 115               	.LVL5:
 116               	/* prologue: function */
 117               	/* frame size = 0 */
 118               	.LM16:
 119 002c C29A      		sbi 56-32,2
 120               	.LM17:
 121 002e C198      		cbi 56-32,1
 122               	.LM18:
 123 0030 0E94 0000 		call spisend
 124               	.LVL6:
 125               	.LM19:
 126 0034 C19A      		sbi 56-32,1
 127               	/* epilogue start */
 128               	.LM20:
 129 0036 0895      		ret
 130               	.LFE9:
 132               	.global	wrcmd
 134               	wrcmd:
 135               	.LFB10:
 136               	.LM21:
 137               	.LVL7:
 138               	/* prologue: function */
 139               	/* frame size = 0 */
 140               	.LM22:
 141 0038 C298      		cbi 56-32,2
 142               	.LM23:
 143 003a C198      		cbi 56-32,1
 144               	.LM24:
 145 003c 0E94 0000 		call spisend
 146               	.LVL8:
 147               	.LM25:
 148 0040 C19A      		sbi 56-32,1
 149               	/* epilogue start */
 150               	.LM26:
 151 0042 0895      		ret
 152               	.LFE10:
 154               	.global	pixelxy
 156               	pixelxy:
 157               	.LFB11:
 158               	.LM27:
 159               	.LVL9:
 160 0044 1F93      		push r17
 161               	/* prologue: function */
 162               	/* frame size = 0 */
 163 0046 182F      		mov r17,r24
 164 0048 862F      		mov r24,r22
 165               	.LVL10:
 166               	.LM28:
 167 004a 8770      		andi r24,lo8(7)
 168               	.LVL11:
 169 004c 8064      		ori r24,lo8(64)
 170               	.LVL12:
 171 004e 0E94 0000 		call wrcmd
 172               	.LM29:
 173 0052 812F      		mov r24,r17
 174 0054 8068      		ori r24,lo8(-128)
 175 0056 0E94 0000 		call wrcmd
 176               	/* epilogue start */
 177               	.LM30:
 178 005a 1F91      		pop r17
 179               	.LVL13:
 180 005c 0895      		ret
 181               	.LFE11:
 183               	.global	clearram
 185               	clearram:
 186               	.LFB12:
 187               	.LM31:
 188 005e CF93      		push r28
 189 0060 DF93      		push r29
 190               	/* prologue: function */
 191               	/* frame size = 0 */
 192               	.LM32:
 193 0062 80E0      		ldi r24,lo8(0)
 194 0064 60E0      		ldi r22,lo8(0)
 195 0066 0E94 0000 		call pixelxy
 196 006a C0E0      		ldi r28,lo8(0)
 197 006c D0E0      		ldi r29,hi8(0)
 198               	.LVL14:
 199               	.L16:
 200               	.LM33:
 201 006e 80E0      		ldi r24,lo8(0)
 202 0070 0E94 0000 		call wrdata
 203 0074 2196      		adiw r28,1
 204 0076 82E0      		ldi r24,hi8(700)
 205 0078 CC3B      		cpi r28,lo8(700)
 206 007a D807      		cpc r29,r24
 207 007c 01F4      		brne .L16
 208               	/* epilogue start */
 209               	.LM34:
 210 007e DF91      		pop r29
 211 0080 CF91      		pop r28
 212               	.LVL15:
 213 0082 0895      		ret
 214               	.LFE12:
 216               	.global	initlcd
 218               	initlcd:
 219               	.LFB13:
 220               	.LM35:
 221               	/* prologue: function */
 222               	/* frame size = 0 */
 223               	.LM36:
 224 0084 C09A      		sbi 56-32,0
 225               	.LM37:
 226 0086 C19A      		sbi 56-32,1
 227               	.LM38:
 228 0088 C098      		cbi 56-32,0
 229               	.LBB69:
 230               	.LBB70:
 231               	.LBB71:
 232               	.LBB72:
 233               	.LBB73:
 234               	.LBB74:
 235               	.LM39:
 236 008a 8AE1      		ldi r24,lo8(26)
 237               	.LVL16:
 238               	/* #APP */
 239               	 ;  83 "c:/winavr-20090313/lib/gcc/../../avr/include/util/delay_basic.h" 1
 240 008c 8A95      		1: dec r24
 241 008e 01F4      		brne 1b
 242               	 ;  0 "" 2
 243               	/* #NOAPP */
 244               	.LBE74:
 245               	.LBE73:
 246               	.LBE72:
 247               	.LBE71:
 248               	.LBE70:
 249               	.LBE69:
 250               	.LM40:
 251 0090 C09A      		sbi 56-32,0
 252               	.LM41:
 253 0092 81E2      		ldi r24,lo8(33)
 254               	.LVL17:
 255 0094 0E94 0000 		call wrcmd
 256               	.LM42:
 257 0098 82EC      		ldi r24,lo8(-62)
 258 009a 0E94 0000 		call wrcmd
 259               	.LM43:
 260 009e 80E2      		ldi r24,lo8(32)
 261 00a0 0E94 0000 		call wrcmd
 262               	.LM44:
 263 00a4 0E94 0000 		call clearram
 264               	.LM45:
 265 00a8 8CE0      		ldi r24,lo8(12)
 266 00aa 0E94 0000 		call wrcmd
 267               	.LM46:
 268 00ae 80E0      		ldi r24,lo8(0)
 269 00b0 60E0      		ldi r22,lo8(0)
 270 00b2 0E94 0000 		call pixelxy
 271               	/* epilogue start */
 272               	.LM47:
 273 00b6 0895      		ret
 274               	.LFE13:
 276               	.global	cursorxy
 278               	cursorxy:
 279               	.LFB14:
 280               	.LM48:
 281               	.LVL18:
 282               	/* prologue: function */
 283               	/* frame size = 0 */
 284               	.LM49:
 285 00b8 282F      		mov r18,r24
 286 00ba 2150      		subi r18,lo8(-(-1))
 287 00bc 2630      		cpi r18,lo8(6)
 288 00be 00F4      		brsh .L23
 289 00c0 6623      		tst r22
 290 00c2 01F0      		breq .L23
 291 00c4 6F30      		cpi r22,lo8(15)
 292 00c6 00F4      		brsh .L23
 293               	.LM50:
 294 00c8 86E0      		ldi r24,lo8(6)
 295               	.LVL19:
 296 00ca 689F      		mul r22,r24
 297 00cc C001      		movw r24,r0
 298 00ce 1124      		clr r1
 299 00d0 8650      		subi r24,lo8(-(-6))
 300 00d2 622F      		mov r22,r18
 301               	.LVL20:
 302 00d4 0E94 0000 		call pixelxy
 303               	.LVL21:
 304               	.L23:
 305 00d8 0895      		ret
 306               	.LFE14:
 308               	.global	putchr
 310               	putchr:
 311               	.LFB15:
 312               	.LM51:
 313               	.LVL22:
 314 00da 0F93      		push r16
 315 00dc 1F93      		push r17
 316 00de CF93      		push r28
 317 00e0 DF93      		push r29
 318               	/* prologue: function */
 319               	/* frame size = 0 */
 320 00e2 982F      		mov r25,r24
 321               	.LM52:
 322 00e4 8052      		subi r24,lo8(-(-32))
 323               	.LVL23:
 324 00e6 8C35      		cpi r24,lo8(92)
 325 00e8 00F0      		brlo .L25
 326 00ea 9CE5      		ldi r25,lo8(92)
 327               	.L25:
 328               	.LBB75:
 329               	.LM53:
 330 00ec 85E0      		ldi r24,lo8(5)
 331 00ee 989F      		mul r25,r24
 332 00f0 C001      		movw r24,r0
 333 00f2 1124      		clr r1
 334 00f4 EC01      		movw r28,r24
 335 00f6 C050      		subi r28,lo8(-(FontLookup-160))
 336 00f8 D040      		sbci r29,hi8(-(FontLookup-160))
 337               	.LBE75:
 338               	.LM54:
 339 00fa 8C01      		movw r16,r24
 340 00fc 0B59      		subi r16,lo8(-(-155))
 341 00fe 1040      		sbci r17,hi8(-(-155))
 342 0100 0050      		subi r16,lo8(-(FontLookup))
 343 0102 1040      		sbci r17,hi8(-(FontLookup))
 344               	.L26:
 345               	.LBB76:
 346               	.LM55:
 347 0104 FE01      		movw r30,r28
 348               	/* #APP */
 349               	 ;  360 "nokialib.h" 1
 350 0106 8491      		lpm r24, Z
 351               		
 352               	 ;  0 "" 2
 353               	.LVL24:
 354               	/* #NOAPP */
 355               	.LBE76:
 356               	.LM56:
 357 0108 880F      		lsl r24
 358               	.LVL25:
 359 010a 0E94 0000 		call wrdata
 360               	.LVL26:
 361 010e 2196      		adiw r28,1
 362               	.LM57:
 363 0110 C017      		cp r28,r16
 364 0112 D107      		cpc r29,r17
 365 0114 01F4      		brne .L26
 366               	.LM58:
 367 0116 80E0      		ldi r24,lo8(0)
 368 0118 0E94 0000 		call wrdata
 369               	/* epilogue start */
 370               	.LM59:
 371 011c DF91      		pop r29
 372 011e CF91      		pop r28
 373 0120 1F91      		pop r17
 374 0122 0F91      		pop r16
 375 0124 0895      		ret
 376               	.LFE15:
 378               	.global	LCD_writeChar_megaFont
 380               	LCD_writeChar_megaFont:
 381               	.LFB16:
 382               	.LM60:
 383               	.LVL27:
 384 0126 EF92      		push r14
 385 0128 FF92      		push r15
 386 012a 0F93      		push r16
 387 012c 1F93      		push r17
 388 012e CF93      		push r28
 389 0130 DF93      		push r29
 390               	/* prologue: function */
 391               	/* frame size = 0 */
 392               	.LM61:
 393 0132 8E32      		cpi r24,lo8(46)
 394 0134 01F4      		brne .L30
 395 0136 9AE0      		ldi r25,lo8(10)
 396               	.LVL28:
 397 0138 00C0      		rjmp .L31
 398               	.LVL29:
 399               	.L30:
 400               	.LM62:
 401 013a 8B32      		cpi r24,lo8(43)
 402 013c 01F4      		brne .L32
 403 013e 9BE0      		ldi r25,lo8(11)
 404               	.LVL30:
 405 0140 00C0      		rjmp .L31
 406               	.LVL31:
 407               	.L32:
 408               	.LM63:
 409 0142 8D32      		cpi r24,lo8(45)
 410 0144 01F4      		brne .L33
 411 0146 9CE0      		ldi r25,lo8(12)
 412               	.LVL32:
 413 0148 00C0      		rjmp .L31
 414               	.LVL33:
 415               	.L33:
 416               	.LM64:
 417 014a 982F      		mov r25,r24
 418 014c 9F70      		andi r25,lo8(15)
 419               	.LVL34:
 420               	.L31:
 421 014e 80E3      		ldi r24,lo8(48)
 422 0150 989F      		mul r25,r24
 423 0152 8001      		movw r16,r0
 424 0154 1124      		clr r1
 425 0156 0050      		subi r16,lo8(-(number))
 426 0158 1040      		sbci r17,hi8(-(number))
 427 015a 82E0      		ldi r24,lo8(2)
 428 015c E82E      		mov r14,r24
 429               	.LVL35:
 430               	.L35:
 431               	.LM65:
 432 015e 8091 0000 		lds r24,char_start
 433 0162 8C5F      		subi r24,lo8(-(4))
 434 0164 6E2D      		mov r22,r14
 435 0166 0E94 0000 		call pixelxy
 436               	.LVL36:
 437 016a E801      		movw r28,r16
 438 016c FF24      		clr r15
 439               	.L34:
 440               	.LBB77:
 441               	.LM66:
 442 016e FE01      		movw r30,r28
 443               	/* #APP */
 444               	 ;  393 "nokialib.h" 1
 445 0170 8491      		lpm r24, Z
 446               		
 447               	 ;  0 "" 2
 448               	.LVL37:
 449               	/* #NOAPP */
 450               	.LBE77:
 451 0172 0E94 0000 		call wrdata
 452               	.LVL38:
 453               	.LM67:
 454 0176 F394      		inc r15
 455 0178 2196      		adiw r28,1
 456 017a F0E1      		ldi r31,lo8(16)
 457 017c FF16      		cp r15,r31
 458 017e 01F4      		brne .L34
 459 0180 E394      		inc r14
 460 0182 005F      		subi r16,lo8(-(16))
 461 0184 1F4F      		sbci r17,hi8(-(16))
 462               	.LM68:
 463 0186 85E0      		ldi r24,lo8(5)
 464 0188 E816      		cp r14,r24
 465 018a 01F4      		brne .L35
 466               	.LM69:
 467 018c 8091 0000 		lds r24,char_start
 468 0190 845F      		subi r24,lo8(-(12))
 469 0192 8093 0000 		sts char_start,r24
 470               	/* epilogue start */
 471               	.LM70:
 472 0196 DF91      		pop r29
 473 0198 CF91      		pop r28
 474 019a 1F91      		pop r17
 475 019c 0F91      		pop r16
 476 019e FF90      		pop r15
 477               	.LVL39:
 478 01a0 EF90      		pop r14
 479 01a2 0895      		ret
 480               	.LFE16:
 482               	.global	lcdstr_megaFont
 484               	lcdstr_megaFont:
 485               	.LFB17:
 486               	.LM71:
 487               	.LVL40:
 488 01a4 CF93      		push r28
 489 01a6 DF93      		push r29
 490               	/* prologue: function */
 491               	/* frame size = 0 */
 492 01a8 EC01      		movw r28,r24
 493               	.LM72:
 494 01aa 1092 0000 		sts char_start,__zero_reg__
 495 01ae 00C0      		rjmp .L40
 496               	.LVL41:
 497               	.L41:
 498               	.LM73:
 499 01b0 2196      		adiw r28,1
 500 01b2 0E94 0000 		call LCD_writeChar_megaFont
 501               	.LVL42:
 502               	.L40:
 503               	.LM74:
 504 01b6 8881      		ld r24,Y
 505 01b8 8823      		tst r24
 506 01ba 01F4      		brne .L41
 507               	/* epilogue start */
 508               	.LM75:
 509 01bc DF91      		pop r29
 510 01be CF91      		pop r28
 511               	.LVL43:
 512 01c0 0895      		ret
 513               	.LFE17:
 515               	.global	putstr
 517               	putstr:
 518               	.LFB18:
 519               	.LM76:
 520               	.LVL44:
 521 01c2 CF93      		push r28
 522 01c4 DF93      		push r29
 523               	/* prologue: function */
 524               	/* frame size = 0 */
 525 01c6 EC01      		movw r28,r24
 526 01c8 00C0      		rjmp .L44
 527               	.LVL45:
 528               	.L45:
 529               	.LM77:
 530 01ca 2196      		adiw r28,1
 531 01cc 0E94 0000 		call putchr
 532               	.LVL46:
 533               	.L44:
 534               	.LM78:
 535 01d0 8881      		ld r24,Y
 536 01d2 8823      		tst r24
 537 01d4 01F4      		brne .L45
 538               	/* epilogue start */
 539               	.LM79:
 540 01d6 DF91      		pop r29
 541 01d8 CF91      		pop r28
 542               	.LVL47:
 543 01da 0895      		ret
 544               	.LFE18:
 546               	.global	lcd_drawborder
 548               	lcd_drawborder:
 549               	.LFB19:
 550               	.LM80:
 551 01dc 0F93      		push r16
 552 01de 1F93      		push r17
 553               	/* prologue: function */
 554               	/* frame size = 0 */
 555               	.LM81:
 556 01e0 00E0      		ldi r16,lo8(0)
 557               	.LVL48:
 558               	.L54:
 559               	.LM82:
 560 01e2 80E0      		ldi r24,lo8(0)
 561 01e4 602F      		mov r22,r16
 562 01e6 0E94 0000 		call pixelxy
 563 01ea 10E0      		ldi r17,lo8(0)
 564               	.L53:
 565               	.LM83:
 566 01ec 1123      		tst r17
 567 01ee 01F0      		breq .L48
 568 01f0 1335      		cpi r17,lo8(83)
 569 01f2 01F4      		brne .L49
 570               	.L48:
 571               	.LM84:
 572 01f4 8FEF      		ldi r24,lo8(-1)
 573 01f6 00C0      		rjmp .L58
 574               	.L49:
 575               	.LM85:
 576 01f8 0023      		tst r16
 577 01fa 01F4      		brne .L51
 578               	.LM86:
 579 01fc 88E0      		ldi r24,lo8(8)
 580 01fe 00C0      		rjmp .L58
 581               	.L51:
 582               	.LM87:
 583 0200 0630      		cpi r16,lo8(6)
 584 0202 01F4      		brne .L52
 585               	.LM88:
 586 0204 84E0      		ldi r24,lo8(4)
 587 0206 00C0      		rjmp .L58
 588               	.L52:
 589               	.LM89:
 590 0208 80E0      		ldi r24,lo8(0)
 591               	.L58:
 592 020a 0E94 0000 		call wrdata
 593               	.LM90:
 594 020e 1F5F      		subi r17,lo8(-(1))
 595 0210 1435      		cpi r17,lo8(84)
 596 0212 01F4      		brne .L53
 597               	.LM91:
 598 0214 0F5F      		subi r16,lo8(-(1))
 599 0216 0730      		cpi r16,lo8(7)
 600 0218 01F4      		brne .L54
 601               	/* epilogue start */
 602               	.LM92:
 603 021a 1F91      		pop r17
 604               	.LVL49:
 605 021c 0F91      		pop r16
 606               	.LVL50:
 607 021e 0895      		ret
 608               	.LFE19:
 610               	.global	lcd_clear
 612               	lcd_clear:
 613               	.LFB20:
 614               	.LM93:
 615 0220 CF93      		push r28
 616 0222 DF93      		push r29
 617               	/* prologue: function */
 618               	/* frame size = 0 */
 619               	.LM94:
 620 0224 C0E0      		ldi r28,lo8(0)
 621 0226 D0E0      		ldi r29,hi8(0)
 622               	.LVL51:
 623               	.L60:
 624               	.LM95:
 625 0228 CE01      		movw r24,r28
 626 022a 64E5      		ldi r22,lo8(84)
 627 022c 70E0      		ldi r23,hi8(84)
 628 022e 0E94 0000 		call __divmodhi4
 629 0232 282F      		mov r18,r24
 630 0234 2150      		subi r18,lo8(-(-1))
 631 0236 CE01      		movw r24,r28
 632 0238 64E5      		ldi r22,lo8(84)
 633 023a 70E0      		ldi r23,hi8(84)
 634 023c 0E94 0000 		call __divmodhi4
 635 0240 822F      		mov r24,r18
 636 0242 0E94 0000 		call pixelxy
 637               	.LM96:
 638 0246 80E0      		ldi r24,lo8(0)
 639 0248 0E94 0000 		call wrdata
 640               	.LM97:
 641 024c 2196      		adiw r28,1
 642 024e 81E0      		ldi r24,hi8(504)
 643 0250 C83F      		cpi r28,lo8(504)
 644 0252 D807      		cpc r29,r24
 645 0254 01F4      		brne .L60
 646               	/* epilogue start */
 647               	.LM98:
 648 0256 DF91      		pop r29
 649 0258 CF91      		pop r28
 650               	.LVL52:
 651 025a 0895      		ret
 652               	.LFE20:
 654               		.data
 655               	.LC0:
 656 0000 2020 2A2A 		.string	"  **Aims**"
 656      4169 6D73 
 656      2A2A 00
 657               	.LC1:
 658 000b 2049 6E74 		.string	" Interactive"
 658      6572 6163 
 658      7469 7665 
 658      00
 659               	.LC2:
 660 0018 2020 2043 		.string	"   Counter"
 660      6F75 6E74 
 660      6572 00
 661               		.text
 662               	.global	main
 664               	main:
 665               	.LFB21:
 666               	.LM99:
 667 025c CF92      		push r12
 668 025e DF92      		push r13
 669 0260 EF92      		push r14
 670 0262 FF92      		push r15
 671 0264 0F93      		push r16
 672 0266 1F93      		push r17
 673 0268 DF93      		push r29
 674 026a CF93      		push r28
 675 026c 00D0      		rcall .
 676 026e 00D0      		rcall .
 677 0270 CDB7      		in r28,__SP_L__
 678 0272 DEB7      		in r29,__SP_H__
 679               	/* prologue: function */
 680               	/* frame size = 4 */
 681               	.LM100:
 682 0274 8FEF      		ldi r24,lo8(-1)
 683 0276 87BB      		out 55-32,r24
 684               	.LM101:
 685 0278 18BA      		out 56-32,__zero_reg__
 686               	.LM102:
 687 027a 0E94 0000 		call initlcd
 688               	.LM103:
 689 027e 0E94 0000 		call lcd_clear
 690               	.LM104:
 691 0282 0E94 0000 		call lcd_drawborder
 692               	.LM105:
 693 0286 82E0      		ldi r24,lo8(2)
 694 0288 62E0      		ldi r22,lo8(2)
 695 028a 0E94 0000 		call cursorxy
 696               	.LM106:
 697 028e 80E0      		ldi r24,lo8(.LC0)
 698 0290 90E0      		ldi r25,hi8(.LC0)
 699 0292 0E94 0000 		call putstr
 700               	.LM107:
 701 0296 83E0      		ldi r24,lo8(3)
 702 0298 62E0      		ldi r22,lo8(2)
 703 029a 0E94 0000 		call cursorxy
 704               	.LM108:
 705 029e 80E0      		ldi r24,lo8(.LC1)
 706 02a0 90E0      		ldi r25,hi8(.LC1)
 707 02a2 0E94 0000 		call putstr
 708               	.LM109:
 709 02a6 84E0      		ldi r24,lo8(4)
 710 02a8 62E0      		ldi r22,lo8(2)
 711 02aa 0E94 0000 		call cursorxy
 712               	.LM110:
 713 02ae 80E0      		ldi r24,lo8(.LC2)
 714 02b0 90E0      		ldi r25,hi8(.LC2)
 715 02b2 0E94 0000 		call putstr
 716 02b6 80E5      		ldi r24,lo8(-15536)
 717 02b8 93EC      		ldi r25,hi8(-15536)
 718               	.LVL53:
 719               	.LBB78:
 720               	.LBB79:
 721               	.LBB80:
 722               	.LBB81:
 723               	.LM111:
 724 02ba 28EC      		ldi r18,lo8(200)
 725 02bc 30E0      		ldi r19,hi8(200)
 726               	.L64:
 727 02be F901      		movw r30,r18
 728               	.LVL54:
 729               	/* #APP */
 730               	 ;  105 "c:/winavr-20090313/lib/gcc/../../avr/include/util/delay_basic.h" 1
 731 02c0 3197      		1: sbiw r30,1
 732 02c2 01F4      		brne 1b
 733               	 ;  0 "" 2
 734               	/* #NOAPP */
 735               	.LBE81:
 736               	.LBE80:
 737               	.LM112:
 738 02c4 0197      		sbiw r24,1
 739               	.LM113:
 740 02c6 01F4      		brne .L64
 741               	.LBE79:
 742               	.LBE78:
 743               	.LM114:
 744 02c8 0E94 0000 		call lcd_clear
 745               	.LVL55:
 746               	.LM115:
 747 02cc 0E94 0000 		call lcd_drawborder
 748 02d0 00E0      		ldi r16,lo8(0)
 749 02d2 10E0      		ldi r17,hi8(0)
 750               	.LVL56:
 751               	.LBB82:
 752               	.LM116:
 753 02d4 7E01      		movw r14,r28
 754 02d6 0894      		sec
 755 02d8 E11C      		adc r14,__zero_reg__
 756 02da F11C      		adc r15,__zero_reg__
 757               	.LBB83:
 758               	.LBB84:
 759               	.LBB85:
 760               	.LBB86:
 761               	.LM117:
 762 02dc 98EC      		ldi r25,lo8(200)
 763 02de C92E      		mov r12,r25
 764 02e0 D12C      		mov r13,__zero_reg__
 765               	.LVL57:
 766               	.L72:
 767               	.LBE86:
 768               	.LBE85:
 769               	.LBE84:
 770               	.LBE83:
 771               	.LM118:
 772 02e2 C801      		movw r24,r16
 773 02e4 B701      		movw r22,r14
 774 02e6 4AE0      		ldi r20,lo8(10)
 775 02e8 50E0      		ldi r21,hi8(10)
 776 02ea 0E94 0000 		call itoa
 777               	.LVL58:
 778               	.LM119:
 779 02ee C701      		movw r24,r14
 780 02f0 0E94 0000 		call lcdstr_megaFont
 781 02f4 88E2      		ldi r24,lo8(9000)
 782 02f6 93E2      		ldi r25,hi8(9000)
 783               	.LVL59:
 784               	.L65:
 785               	.LBB90:
 786               	.LBB89:
 787               	.LBB88:
 788               	.LBB87:
 789               	.LM120:
 790 02f8 F601      		movw r30,r12
 791               	.LVL60:
 792               	/* #APP */
 793               	 ;  105 "c:/winavr-20090313/lib/gcc/../../avr/include/util/delay_basic.h" 1
 794 02fa 3197      		1: sbiw r30,1
 795 02fc 01F4      		brne 1b
 796               	 ;  0 "" 2
 797               	/* #NOAPP */
 798               	.LBE87:
 799               	.LBE88:
 800               	.LM121:
 801 02fe 0197      		sbiw r24,1
 802               	.LM122:
 803 0300 01F4      		brne .L65
 804               	.LBE89:
 805               	.LBE90:
 806               	.LM123:
 807 0302 0F5F      		subi r16,lo8(-(1))
 808 0304 1F4F      		sbci r17,hi8(-(1))
 809 0306 83E0      		ldi r24,hi8(1000)
 810 0308 083E      		cpi r16,lo8(1000)
 811 030a 1807      		cpc r17,r24
 812               	.LVL61:
 813 030c 04F0      		brlt .L72
 814 030e 00E0      		ldi r16,lo8(0)
 815 0310 10E0      		ldi r17,hi8(0)
 816 0312 00C0      		rjmp .L72
 817               	.LBE82:
 818               	.LFE21:
 820               	.global	FontLookup
 821               		.section	.progmem.data,"a",@progbits
 824               	FontLookup:
 825 0000 00        		.byte	0
 826 0001 00        		.byte	0
 827 0002 00        		.byte	0
 828 0003 00        		.byte	0
 829 0004 00        		.byte	0
 830 0005 00        		.byte	0
 831 0006 00        		.byte	0
 832 0007 2F        		.byte	47
 833 0008 00        		.byte	0
 834 0009 00        		.byte	0
 835 000a 00        		.byte	0
 836 000b 07        		.byte	7
 837 000c 00        		.byte	0
 838 000d 07        		.byte	7
 839 000e 00        		.byte	0
 840 000f 14        		.byte	20
 841 0010 7F        		.byte	127
 842 0011 14        		.byte	20
 843 0012 7F        		.byte	127
 844 0013 14        		.byte	20
 845 0014 24        		.byte	36
 846 0015 2A        		.byte	42
 847 0016 7F        		.byte	127
 848 0017 2A        		.byte	42
 849 0018 12        		.byte	18
 850 0019 C4        		.byte	-60
 851 001a C8        		.byte	-56
 852 001b 10        		.byte	16
 853 001c 26        		.byte	38
 854 001d 46        		.byte	70
 855 001e 36        		.byte	54
 856 001f 49        		.byte	73
 857 0020 55        		.byte	85
 858 0021 22        		.byte	34
 859 0022 50        		.byte	80
 860 0023 00        		.byte	0
 861 0024 05        		.byte	5
 862 0025 03        		.byte	3
 863 0026 00        		.byte	0
 864 0027 00        		.byte	0
 865 0028 00        		.byte	0
 866 0029 1C        		.byte	28
 867 002a 22        		.byte	34
 868 002b 41        		.byte	65
 869 002c 00        		.byte	0
 870 002d 00        		.byte	0
 871 002e 41        		.byte	65
 872 002f 22        		.byte	34
 873 0030 1C        		.byte	28
 874 0031 00        		.byte	0
 875 0032 14        		.byte	20
 876 0033 08        		.byte	8
 877 0034 3E        		.byte	62
 878 0035 08        		.byte	8
 879 0036 14        		.byte	20
 880 0037 08        		.byte	8
 881 0038 08        		.byte	8
 882 0039 3E        		.byte	62
 883 003a 08        		.byte	8
 884 003b 08        		.byte	8
 885 003c 00        		.byte	0
 886 003d 00        		.byte	0
 887 003e 50        		.byte	80
 888 003f 30        		.byte	48
 889 0040 00        		.byte	0
 890 0041 10        		.byte	16
 891 0042 10        		.byte	16
 892 0043 10        		.byte	16
 893 0044 10        		.byte	16
 894 0045 10        		.byte	16
 895 0046 00        		.byte	0
 896 0047 60        		.byte	96
 897 0048 60        		.byte	96
 898 0049 00        		.byte	0
 899 004a 00        		.byte	0
 900 004b 20        		.byte	32
 901 004c 10        		.byte	16
 902 004d 08        		.byte	8
 903 004e 04        		.byte	4
 904 004f 02        		.byte	2
 905 0050 3E        		.byte	62
 906 0051 51        		.byte	81
 907 0052 49        		.byte	73
 908 0053 45        		.byte	69
 909 0054 3E        		.byte	62
 910 0055 00        		.byte	0
 911 0056 42        		.byte	66
 912 0057 7F        		.byte	127
 913 0058 40        		.byte	64
 914 0059 00        		.byte	0
 915 005a 42        		.byte	66
 916 005b 61        		.byte	97
 917 005c 51        		.byte	81
 918 005d 49        		.byte	73
 919 005e 46        		.byte	70
 920 005f 21        		.byte	33
 921 0060 41        		.byte	65
 922 0061 45        		.byte	69
 923 0062 4B        		.byte	75
 924 0063 31        		.byte	49
 925 0064 18        		.byte	24
 926 0065 14        		.byte	20
 927 0066 12        		.byte	18
 928 0067 7F        		.byte	127
 929 0068 10        		.byte	16
 930 0069 27        		.byte	39
 931 006a 45        		.byte	69
 932 006b 45        		.byte	69
 933 006c 45        		.byte	69
 934 006d 39        		.byte	57
 935 006e 3C        		.byte	60
 936 006f 4A        		.byte	74
 937 0070 49        		.byte	73
 938 0071 49        		.byte	73
 939 0072 30        		.byte	48
 940 0073 01        		.byte	1
 941 0074 71        		.byte	113
 942 0075 09        		.byte	9
 943 0076 05        		.byte	5
 944 0077 03        		.byte	3
 945 0078 36        		.byte	54
 946 0079 49        		.byte	73
 947 007a 49        		.byte	73
 948 007b 49        		.byte	73
 949 007c 36        		.byte	54
 950 007d 06        		.byte	6
 951 007e 49        		.byte	73
 952 007f 49        		.byte	73
 953 0080 29        		.byte	41
 954 0081 1E        		.byte	30
 955 0082 00        		.byte	0
 956 0083 36        		.byte	54
 957 0084 36        		.byte	54
 958 0085 00        		.byte	0
 959 0086 00        		.byte	0
 960 0087 00        		.byte	0
 961 0088 56        		.byte	86
 962 0089 36        		.byte	54
 963 008a 00        		.byte	0
 964 008b 00        		.byte	0
 965 008c 08        		.byte	8
 966 008d 14        		.byte	20
 967 008e 22        		.byte	34
 968 008f 41        		.byte	65
 969 0090 00        		.byte	0
 970 0091 14        		.byte	20
 971 0092 14        		.byte	20
 972 0093 14        		.byte	20
 973 0094 14        		.byte	20
 974 0095 14        		.byte	20
 975 0096 00        		.byte	0
 976 0097 41        		.byte	65
 977 0098 22        		.byte	34
 978 0099 14        		.byte	20
 979 009a 08        		.byte	8
 980 009b 02        		.byte	2
 981 009c 01        		.byte	1
 982 009d 51        		.byte	81
 983 009e 09        		.byte	9
 984 009f 06        		.byte	6
 985 00a0 32        		.byte	50
 986 00a1 49        		.byte	73
 987 00a2 59        		.byte	89
 988 00a3 51        		.byte	81
 989 00a4 3E        		.byte	62
 990 00a5 7E        		.byte	126
 991 00a6 11        		.byte	17
 992 00a7 11        		.byte	17
 993 00a8 11        		.byte	17
 994 00a9 7E        		.byte	126
 995 00aa 7F        		.byte	127
 996 00ab 49        		.byte	73
 997 00ac 49        		.byte	73
 998 00ad 49        		.byte	73
 999 00ae 36        		.byte	54
 1000 00af 3E        		.byte	62
 1001 00b0 41        		.byte	65
 1002 00b1 41        		.byte	65
 1003 00b2 41        		.byte	65
 1004 00b3 22        		.byte	34
 1005 00b4 7F        		.byte	127
 1006 00b5 41        		.byte	65
 1007 00b6 41        		.byte	65
 1008 00b7 22        		.byte	34
 1009 00b8 1C        		.byte	28
 1010 00b9 7F        		.byte	127
 1011 00ba 49        		.byte	73
 1012 00bb 49        		.byte	73
 1013 00bc 49        		.byte	73
 1014 00bd 41        		.byte	65
 1015 00be 7F        		.byte	127
 1016 00bf 09        		.byte	9
 1017 00c0 09        		.byte	9
 1018 00c1 09        		.byte	9
 1019 00c2 01        		.byte	1
 1020 00c3 3E        		.byte	62
 1021 00c4 41        		.byte	65
 1022 00c5 49        		.byte	73
 1023 00c6 49        		.byte	73
 1024 00c7 7A        		.byte	122
 1025 00c8 7F        		.byte	127
 1026 00c9 08        		.byte	8
 1027 00ca 08        		.byte	8
 1028 00cb 08        		.byte	8
 1029 00cc 7F        		.byte	127
 1030 00cd 00        		.byte	0
 1031 00ce 41        		.byte	65
 1032 00cf 7F        		.byte	127
 1033 00d0 41        		.byte	65
 1034 00d1 00        		.byte	0
 1035 00d2 20        		.byte	32
 1036 00d3 40        		.byte	64
 1037 00d4 41        		.byte	65
 1038 00d5 3F        		.byte	63
 1039 00d6 01        		.byte	1
 1040 00d7 7F        		.byte	127
 1041 00d8 08        		.byte	8
 1042 00d9 14        		.byte	20
 1043 00da 22        		.byte	34
 1044 00db 41        		.byte	65
 1045 00dc 7F        		.byte	127
 1046 00dd 40        		.byte	64
 1047 00de 40        		.byte	64
 1048 00df 40        		.byte	64
 1049 00e0 40        		.byte	64
 1050 00e1 7F        		.byte	127
 1051 00e2 02        		.byte	2
 1052 00e3 0C        		.byte	12
 1053 00e4 02        		.byte	2
 1054 00e5 7F        		.byte	127
 1055 00e6 7F        		.byte	127
 1056 00e7 04        		.byte	4
 1057 00e8 08        		.byte	8
 1058 00e9 10        		.byte	16
 1059 00ea 7F        		.byte	127
 1060 00eb 3E        		.byte	62
 1061 00ec 41        		.byte	65
 1062 00ed 41        		.byte	65
 1063 00ee 41        		.byte	65
 1064 00ef 3E        		.byte	62
 1065 00f0 7F        		.byte	127
 1066 00f1 09        		.byte	9
 1067 00f2 09        		.byte	9
 1068 00f3 09        		.byte	9
 1069 00f4 06        		.byte	6
 1070 00f5 3E        		.byte	62
 1071 00f6 41        		.byte	65
 1072 00f7 51        		.byte	81
 1073 00f8 21        		.byte	33
 1074 00f9 5E        		.byte	94
 1075 00fa 7F        		.byte	127
 1076 00fb 09        		.byte	9
 1077 00fc 19        		.byte	25
 1078 00fd 29        		.byte	41
 1079 00fe 46        		.byte	70
 1080 00ff 46        		.byte	70
 1081 0100 49        		.byte	73
 1082 0101 49        		.byte	73
 1083 0102 49        		.byte	73
 1084 0103 31        		.byte	49
 1085 0104 01        		.byte	1
 1086 0105 01        		.byte	1
 1087 0106 7F        		.byte	127
 1088 0107 01        		.byte	1
 1089 0108 01        		.byte	1
 1090 0109 3F        		.byte	63
 1091 010a 40        		.byte	64
 1092 010b 40        		.byte	64
 1093 010c 40        		.byte	64
 1094 010d 3F        		.byte	63
 1095 010e 1F        		.byte	31
 1096 010f 20        		.byte	32
 1097 0110 40        		.byte	64
 1098 0111 20        		.byte	32
 1099 0112 1F        		.byte	31
 1100 0113 3F        		.byte	63
 1101 0114 40        		.byte	64
 1102 0115 38        		.byte	56
 1103 0116 40        		.byte	64
 1104 0117 3F        		.byte	63
 1105 0118 63        		.byte	99
 1106 0119 14        		.byte	20
 1107 011a 08        		.byte	8
 1108 011b 14        		.byte	20
 1109 011c 63        		.byte	99
 1110 011d 07        		.byte	7
 1111 011e 08        		.byte	8
 1112 011f 70        		.byte	112
 1113 0120 08        		.byte	8
 1114 0121 07        		.byte	7
 1115 0122 61        		.byte	97
 1116 0123 51        		.byte	81
 1117 0124 49        		.byte	73
 1118 0125 45        		.byte	69
 1119 0126 43        		.byte	67
 1120 0127 00        		.byte	0
 1121 0128 7F        		.byte	127
 1122 0129 41        		.byte	65
 1123 012a 41        		.byte	65
 1124 012b 00        		.byte	0
 1125 012c 55        		.byte	85
 1126 012d 2A        		.byte	42
 1127 012e 55        		.byte	85
 1128 012f 2A        		.byte	42
 1129 0130 55        		.byte	85
 1130 0131 00        		.byte	0
 1131 0132 41        		.byte	65
 1132 0133 41        		.byte	65
 1133 0134 7F        		.byte	127
 1134 0135 00        		.byte	0
 1135 0136 04        		.byte	4
 1136 0137 02        		.byte	2
 1137 0138 01        		.byte	1
 1138 0139 02        		.byte	2
 1139 013a 04        		.byte	4
 1140 013b 40        		.byte	64
 1141 013c 40        		.byte	64
 1142 013d 40        		.byte	64
 1143 013e 40        		.byte	64
 1144 013f 40        		.byte	64
 1145 0140 00        		.byte	0
 1146 0141 01        		.byte	1
 1147 0142 02        		.byte	2
 1148 0143 04        		.byte	4
 1149 0144 00        		.byte	0
 1150 0145 20        		.byte	32
 1151 0146 54        		.byte	84
 1152 0147 54        		.byte	84
 1153 0148 54        		.byte	84
 1154 0149 78        		.byte	120
 1155 014a 7F        		.byte	127
 1156 014b 48        		.byte	72
 1157 014c 44        		.byte	68
 1158 014d 44        		.byte	68
 1159 014e 38        		.byte	56
 1160 014f 38        		.byte	56
 1161 0150 44        		.byte	68
 1162 0151 44        		.byte	68
 1163 0152 44        		.byte	68
 1164 0153 20        		.byte	32
 1165 0154 38        		.byte	56
 1166 0155 44        		.byte	68
 1167 0156 44        		.byte	68
 1168 0157 48        		.byte	72
 1169 0158 7F        		.byte	127
 1170 0159 38        		.byte	56
 1171 015a 54        		.byte	84
 1172 015b 54        		.byte	84
 1173 015c 54        		.byte	84
 1174 015d 18        		.byte	24
 1175 015e 08        		.byte	8
 1176 015f 7E        		.byte	126
 1177 0160 09        		.byte	9
 1178 0161 01        		.byte	1
 1179 0162 02        		.byte	2
 1180 0163 0C        		.byte	12
 1181 0164 52        		.byte	82
 1182 0165 52        		.byte	82
 1183 0166 52        		.byte	82
 1184 0167 3E        		.byte	62
 1185 0168 7F        		.byte	127
 1186 0169 08        		.byte	8
 1187 016a 04        		.byte	4
 1188 016b 04        		.byte	4
 1189 016c 78        		.byte	120
 1190 016d 00        		.byte	0
 1191 016e 44        		.byte	68
 1192 016f 7D        		.byte	125
 1193 0170 40        		.byte	64
 1194 0171 00        		.byte	0
 1195 0172 20        		.byte	32
 1196 0173 40        		.byte	64
 1197 0174 44        		.byte	68
 1198 0175 3D        		.byte	61
 1199 0176 00        		.byte	0
 1200 0177 7F        		.byte	127
 1201 0178 10        		.byte	16
 1202 0179 28        		.byte	40
 1203 017a 44        		.byte	68
 1204 017b 00        		.byte	0
 1205 017c 00        		.byte	0
 1206 017d 41        		.byte	65
 1207 017e 7F        		.byte	127
 1208 017f 40        		.byte	64
 1209 0180 00        		.byte	0
 1210 0181 7C        		.byte	124
 1211 0182 04        		.byte	4
 1212 0183 18        		.byte	24
 1213 0184 04        		.byte	4
 1214 0185 78        		.byte	120
 1215 0186 7C        		.byte	124
 1216 0187 08        		.byte	8
 1217 0188 04        		.byte	4
 1218 0189 04        		.byte	4
 1219 018a 78        		.byte	120
 1220 018b 38        		.byte	56
 1221 018c 44        		.byte	68
 1222 018d 44        		.byte	68
 1223 018e 44        		.byte	68
 1224 018f 38        		.byte	56
 1225 0190 7C        		.byte	124
 1226 0191 14        		.byte	20
 1227 0192 14        		.byte	20
 1228 0193 14        		.byte	20
 1229 0194 08        		.byte	8
 1230 0195 08        		.byte	8
 1231 0196 14        		.byte	20
 1232 0197 14        		.byte	20
 1233 0198 18        		.byte	24
 1234 0199 7C        		.byte	124
 1235 019a 7C        		.byte	124
 1236 019b 08        		.byte	8
 1237 019c 04        		.byte	4
 1238 019d 04        		.byte	4
 1239 019e 08        		.byte	8
 1240 019f 48        		.byte	72
 1241 01a0 54        		.byte	84
 1242 01a1 54        		.byte	84
 1243 01a2 54        		.byte	84
 1244 01a3 20        		.byte	32
 1245 01a4 04        		.byte	4
 1246 01a5 3F        		.byte	63
 1247 01a6 44        		.byte	68
 1248 01a7 40        		.byte	64
 1249 01a8 20        		.byte	32
 1250 01a9 3C        		.byte	60
 1251 01aa 40        		.byte	64
 1252 01ab 40        		.byte	64
 1253 01ac 20        		.byte	32
 1254 01ad 7C        		.byte	124
 1255 01ae 1C        		.byte	28
 1256 01af 20        		.byte	32
 1257 01b0 40        		.byte	64
 1258 01b1 20        		.byte	32
 1259 01b2 1C        		.byte	28
 1260 01b3 3C        		.byte	60
 1261 01b4 40        		.byte	64
 1262 01b5 30        		.byte	48
 1263 01b6 40        		.byte	64
 1264 01b7 3C        		.byte	60
 1265 01b8 44        		.byte	68
 1266 01b9 28        		.byte	40
 1267 01ba 10        		.byte	16
 1268 01bb 28        		.byte	40
 1269 01bc 44        		.byte	68
 1270 01bd 0C        		.byte	12
 1271 01be 50        		.byte	80
 1272 01bf 50        		.byte	80
 1273 01c0 50        		.byte	80
 1274 01c1 3C        		.byte	60
 1275 01c2 44        		.byte	68
 1276 01c3 64        		.byte	100
 1277 01c4 54        		.byte	84
 1278 01c5 4C        		.byte	76
 1279 01c6 44        		.byte	68
 1280               	.global	number
 1283               	number:
 1284 01c7 00        		.byte	0
 1285 01c8 80        		.byte	-128
 1286 01c9 C0        		.byte	-64
 1287 01ca E0        		.byte	-32
 1288 01cb E0        		.byte	-32
 1289 01cc 60        		.byte	96
 1290 01cd E0        		.byte	-32
 1291 01ce E0        		.byte	-32
 1292 01cf C0        		.byte	-64
 1293 01d0 80        		.byte	-128
 1294 01d1 00        		.byte	0
 1295 01d2 00        		.byte	0
 1296 01d3 00        		.byte	0
 1297 01d4 00        		.byte	0
 1298 01d5 00        		.byte	0
 1299 01d6 00        		.byte	0
 1300 01d7 70        		.byte	112
 1301 01d8 FF        		.byte	-1
 1302 01d9 FF        		.byte	-1
 1303 01da 01        		.byte	1
 1304 01db 00        		.byte	0
 1305 01dc 00        		.byte	0
 1306 01dd 00        		.byte	0
 1307 01de 00        		.byte	0
 1308 01df FF        		.byte	-1
 1309 01e0 FF        		.byte	-1
 1310 01e1 FE        		.byte	-2
 1311 01e2 00        		.byte	0
 1312 01e3 00        		.byte	0
 1313 01e4 00        		.byte	0
 1314 01e5 00        		.byte	0
 1315 01e6 00        		.byte	0
 1316 01e7 00        		.byte	0
 1317 01e8 0F        		.byte	15
 1318 01e9 1F        		.byte	31
 1319 01ea 3C        		.byte	60
 1320 01eb 38        		.byte	56
 1321 01ec 30        		.byte	48
 1322 01ed 38        		.byte	56
 1323 01ee 38        		.byte	56
 1324 01ef 1F        		.byte	31
 1325 01f0 0F        		.byte	15
 1326 01f1 03        		.byte	3
 1327 01f2 00        		.byte	0
 1328 01f3 00        		.byte	0
 1329 01f4 00        		.byte	0
 1330 01f5 00        		.byte	0
 1331 01f6 00        		.byte	0
 1332 01f7 00        		.byte	0
 1333 01f8 00        		.byte	0
 1334 01f9 00        		.byte	0
 1335 01fa 00        		.byte	0
 1336 01fb 80        		.byte	-128
 1337 01fc E0        		.byte	-32
 1338 01fd E0        		.byte	-32
 1339 01fe 00        		.byte	0
 1340 01ff 00        		.byte	0
 1341 0200 00        		.byte	0
 1342 0201 00        		.byte	0
 1343 0202 00        		.byte	0
 1344 0203 00        		.byte	0
 1345 0204 00        		.byte	0
 1346 0205 00        		.byte	0
 1347 0206 00        		.byte	0
 1348 0207 00        		.byte	0
 1349 0208 00        		.byte	0
 1350 0209 03        		.byte	3
 1351 020a 03        		.byte	3
 1352 020b 03        		.byte	3
 1353 020c FF        		.byte	-1
 1354 020d FF        		.byte	-1
 1355 020e 00        		.byte	0
 1356 020f 00        		.byte	0
 1357 0210 00        		.byte	0
 1358 0211 00        		.byte	0
 1359 0212 00        		.byte	0
 1360 0213 00        		.byte	0
 1361 0214 00        		.byte	0
 1362 0215 00        		.byte	0
 1363 0216 00        		.byte	0
 1364 0217 00        		.byte	0
 1365 0218 00        		.byte	0
 1366 0219 38        		.byte	56
 1367 021a 38        		.byte	56
 1368 021b 38        		.byte	56
 1369 021c 3F        		.byte	63
 1370 021d 3F        		.byte	63
 1371 021e 38        		.byte	56
 1372 021f 38        		.byte	56
 1373 0220 38        		.byte	56
 1374 0221 00        		.byte	0
 1375 0222 00        		.byte	0
 1376 0223 00        		.byte	0
 1377 0224 00        		.byte	0
 1378 0225 00        		.byte	0
 1379 0226 00        		.byte	0
 1380 0227 00        		.byte	0
 1381 0228 C0        		.byte	-64
 1382 0229 C0        		.byte	-64
 1383 022a E0        		.byte	-32
 1384 022b 60        		.byte	96
 1385 022c 60        		.byte	96
 1386 022d E0        		.byte	-32
 1387 022e E0        		.byte	-32
 1388 022f C0        		.byte	-64
 1389 0230 80        		.byte	-128
 1390 0231 00        		.byte	0
 1391 0232 00        		.byte	0
 1392 0233 00        		.byte	0
 1393 0234 00        		.byte	0
 1394 0235 00        		.byte	0
 1395 0236 00        		.byte	0
 1396 0237 00        		.byte	0
 1397 0238 01        		.byte	1
 1398 0239 00        		.byte	0
 1399 023a 00        		.byte	0
 1400 023b 80        		.byte	-128
 1401 023c C0        		.byte	-64
 1402 023d E0        		.byte	-32
 1403 023e F9        		.byte	-7
 1404 023f 3F        		.byte	63
 1405 0240 1F        		.byte	31
 1406 0241 00        		.byte	0
 1407 0242 00        		.byte	0
 1408 0243 00        		.byte	0
 1409 0244 00        		.byte	0
 1410 0245 00        		.byte	0
 1411 0246 00        		.byte	0
 1412 0247 00        		.byte	0
 1413 0248 3C        		.byte	60
 1414 0249 3E        		.byte	62
 1415 024a 3F        		.byte	63
 1416 024b 3F        		.byte	63
 1417 024c 3B        		.byte	59
 1418 024d 39        		.byte	57
 1419 024e 38        		.byte	56
 1420 024f 38        		.byte	56
 1421 0250 38        		.byte	56
 1422 0251 38        		.byte	56
 1423 0252 00        		.byte	0
 1424 0253 00        		.byte	0
 1425 0254 00        		.byte	0
 1426 0255 00        		.byte	0
 1427 0256 00        		.byte	0
 1428 0257 00        		.byte	0
 1429 0258 C0        		.byte	-64
 1430 0259 E0        		.byte	-32
 1431 025a E0        		.byte	-32
 1432 025b 60        		.byte	96
 1433 025c 60        		.byte	96
 1434 025d E0        		.byte	-32
 1435 025e E0        		.byte	-32
 1436 025f C0        		.byte	-64
 1437 0260 C0        		.byte	-64
 1438 0261 00        		.byte	0
 1439 0262 00        		.byte	0
 1440 0263 00        		.byte	0
 1441 0264 00        		.byte	0
 1442 0265 00        		.byte	0
 1443 0266 00        		.byte	0
 1444 0267 00        		.byte	0
 1445 0268 01        		.byte	1
 1446 0269 00        		.byte	0
 1447 026a 00        		.byte	0
 1448 026b 30        		.byte	48
 1449 026c 30        		.byte	48
 1450 026d 38        		.byte	56
 1451 026e 7D        		.byte	125
 1452 026f EF        		.byte	-17
 1453 0270 CF        		.byte	-49
 1454 0271 00        		.byte	0
 1455 0272 00        		.byte	0
 1456 0273 00        		.byte	0
 1457 0274 00        		.byte	0
 1458 0275 00        		.byte	0
 1459 0276 00        		.byte	0
 1460 0277 00        		.byte	0
 1461 0278 1C        		.byte	28
 1462 0279 38        		.byte	56
 1463 027a 38        		.byte	56
 1464 027b 30        		.byte	48
 1465 027c 30        		.byte	48
 1466 027d 38        		.byte	56
 1467 027e 3C        		.byte	60
 1468 027f 1F        		.byte	31
 1469 0280 0F        		.byte	15
 1470 0281 01        		.byte	1
 1471 0282 00        		.byte	0
 1472 0283 00        		.byte	0
 1473 0284 00        		.byte	0
 1474 0285 00        		.byte	0
 1475 0286 00        		.byte	0
 1476 0287 00        		.byte	0
 1477 0288 00        		.byte	0
 1478 0289 00        		.byte	0
 1479 028a 00        		.byte	0
 1480 028b 00        		.byte	0
 1481 028c 80        		.byte	-128
 1482 028d C0        		.byte	-64
 1483 028e E0        		.byte	-32
 1484 028f E0        		.byte	-32
 1485 0290 00        		.byte	0
 1486 0291 00        		.byte	0
 1487 0292 00        		.byte	0
 1488 0293 00        		.byte	0
 1489 0294 00        		.byte	0
 1490 0295 00        		.byte	0
 1491 0296 00        		.byte	0
 1492 0297 E0        		.byte	-32
 1493 0298 F0        		.byte	-16
 1494 0299 F8        		.byte	-8
 1495 029a DE        		.byte	-34
 1496 029b CF        		.byte	-49
 1497 029c C7        		.byte	-57
 1498 029d C1        		.byte	-63
 1499 029e FF        		.byte	-1
 1500 029f FF        		.byte	-1
 1501 02a0 C0        		.byte	-64
 1502 02a1 C0        		.byte	-64
 1503 02a2 00        		.byte	0
 1504 02a3 00        		.byte	0
 1505 02a4 00        		.byte	0
 1506 02a5 00        		.byte	0
 1507 02a6 00        		.byte	0
 1508 02a7 00        		.byte	0
 1509 02a8 00        		.byte	0
 1510 02a9 00        		.byte	0
 1511 02aa 00        		.byte	0
 1512 02ab 00        		.byte	0
 1513 02ac 00        		.byte	0
 1514 02ad 00        		.byte	0
 1515 02ae 3F        		.byte	63
 1516 02af 3F        		.byte	63
 1517 02b0 00        		.byte	0
 1518 02b1 00        		.byte	0
 1519 02b2 00        		.byte	0
 1520 02b3 00        		.byte	0
 1521 02b4 00        		.byte	0
 1522 02b5 00        		.byte	0
 1523 02b6 00        		.byte	0
 1524 02b7 00        		.byte	0
 1525 02b8 E0        		.byte	-32
 1526 02b9 E0        		.byte	-32
 1527 02ba E0        		.byte	-32
 1528 02bb E0        		.byte	-32
 1529 02bc E0        		.byte	-32
 1530 02bd E0        		.byte	-32
 1531 02be E0        		.byte	-32
 1532 02bf E0        		.byte	-32
 1533 02c0 E0        		.byte	-32
 1534 02c1 E0        		.byte	-32
 1535 02c2 00        		.byte	0
 1536 02c3 00        		.byte	0
 1537 02c4 00        		.byte	0
 1538 02c5 00        		.byte	0
 1539 02c6 00        		.byte	0
 1540 02c7 00        		.byte	0
 1541 02c8 3F        		.byte	63
 1542 02c9 3F        		.byte	63
 1543 02ca 3F        		.byte	63
 1544 02cb 38        		.byte	56
 1545 02cc 38        		.byte	56
 1546 02cd 30        		.byte	48
 1547 02ce 70        		.byte	112
 1548 02cf F0        		.byte	-16
 1549 02d0 E0        		.byte	-32
 1550 02d1 00        		.byte	0
 1551 02d2 00        		.byte	0
 1552 02d3 00        		.byte	0
 1553 02d4 00        		.byte	0
 1554 02d5 00        		.byte	0
 1555 02d6 00        		.byte	0
 1556 02d7 00        		.byte	0
 1557 02d8 1C        		.byte	28
 1558 02d9 38        		.byte	56
 1559 02da 38        		.byte	56
 1560 02db 30        		.byte	48
 1561 02dc 30        		.byte	48
 1562 02dd 38        		.byte	56
 1563 02de 3C        		.byte	60
 1564 02df 1F        		.byte	31
 1565 02e0 0F        		.byte	15
 1566 02e1 01        		.byte	1
 1567 02e2 00        		.byte	0
 1568 02e3 00        		.byte	0
 1569 02e4 00        		.byte	0
 1570 02e5 00        		.byte	0
 1571 02e6 00        		.byte	0
 1572 02e7 00        		.byte	0
 1573 02e8 00        		.byte	0
 1574 02e9 80        		.byte	-128
 1575 02ea C0        		.byte	-64
 1576 02eb C0        		.byte	-64
 1577 02ec E0        		.byte	-32
 1578 02ed 60        		.byte	96
 1579 02ee 60        		.byte	96
 1580 02ef E0        		.byte	-32
 1581 02f0 E0        		.byte	-32
 1582 02f1 00        		.byte	0
 1583 02f2 00        		.byte	0
 1584 02f3 00        		.byte	0
 1585 02f4 00        		.byte	0
 1586 02f5 00        		.byte	0
 1587 02f6 00        		.byte	0
 1588 02f7 E0        		.byte	-32
 1589 02f8 FE        		.byte	-2
 1590 02f9 FF        		.byte	-1
 1591 02fa 37        		.byte	55
 1592 02fb 39        		.byte	57
 1593 02fc 18        		.byte	24
 1594 02fd 18        		.byte	24
 1595 02fe 38        		.byte	56
 1596 02ff F0        		.byte	-16
 1597 0300 F0        		.byte	-16
 1598 0301 C0        		.byte	-64
 1599 0302 00        		.byte	0
 1600 0303 00        		.byte	0
 1601 0304 00        		.byte	0
 1602 0305 00        		.byte	0
 1603 0306 00        		.byte	0
 1604 0307 00        		.byte	0
 1605 0308 0F        		.byte	15
 1606 0309 1F        		.byte	31
 1607 030a 1C        		.byte	28
 1608 030b 38        		.byte	56
 1609 030c 30        		.byte	48
 1610 030d 30        		.byte	48
 1611 030e 38        		.byte	56
 1612 030f 1F        		.byte	31
 1613 0310 0F        		.byte	15
 1614 0311 07        		.byte	7
 1615 0312 00        		.byte	0
 1616 0313 00        		.byte	0
 1617 0314 00        		.byte	0
 1618 0315 00        		.byte	0
 1619 0316 00        		.byte	0
 1620 0317 00        		.byte	0
 1621 0318 E0        		.byte	-32
 1622 0319 E0        		.byte	-32
 1623 031a E0        		.byte	-32
 1624 031b E0        		.byte	-32
 1625 031c E0        		.byte	-32
 1626 031d E0        		.byte	-32
 1627 031e E0        		.byte	-32
 1628 031f E0        		.byte	-32
 1629 0320 E0        		.byte	-32
 1630 0321 E0        		.byte	-32
 1631 0322 00        		.byte	0
 1632 0323 00        		.byte	0
 1633 0324 00        		.byte	0
 1634 0325 00        		.byte	0
 1635 0326 00        		.byte	0
 1636 0327 00        		.byte	0
 1637 0328 00        		.byte	0
 1638 0329 00        		.byte	0
 1639 032a 00        		.byte	0
 1640 032b 80        		.byte	-128
 1641 032c E0        		.byte	-32
 1642 032d F8        		.byte	-8
 1643 032e 7E        		.byte	126
 1644 032f 1F        		.byte	31
 1645 0330 07        		.byte	7
 1646 0331 01        		.byte	1
 1647 0332 00        		.byte	0
 1648 0333 00        		.byte	0
 1649 0334 00        		.byte	0
 1650 0335 00        		.byte	0
 1651 0336 00        		.byte	0
 1652 0337 00        		.byte	0
 1653 0338 00        		.byte	0
 1654 0339 38        		.byte	56
 1655 033a 3E        		.byte	62
 1656 033b 1F        		.byte	31
 1657 033c 07        		.byte	7
 1658 033d 01        		.byte	1
 1659 033e 00        		.byte	0
 1660 033f 00        		.byte	0
 1661 0340 00        		.byte	0
 1662 0341 00        		.byte	0
 1663 0342 00        		.byte	0
 1664 0343 00        		.byte	0
 1665 0344 00        		.byte	0
 1666 0345 00        		.byte	0
 1667 0346 00        		.byte	0
 1668 0347 00        		.byte	0
 1669 0348 80        		.byte	-128
 1670 0349 C0        		.byte	-64
 1671 034a E0        		.byte	-32
 1672 034b E0        		.byte	-32
 1673 034c 60        		.byte	96
 1674 034d 60        		.byte	96
 1675 034e E0        		.byte	-32
 1676 034f C0        		.byte	-64
 1677 0350 C0        		.byte	-64
 1678 0351 00        		.byte	0
 1679 0352 00        		.byte	0
 1680 0353 00        		.byte	0
 1681 0354 00        		.byte	0
 1682 0355 00        		.byte	0
 1683 0356 00        		.byte	0
 1684 0357 00        		.byte	0
 1685 0358 CF        		.byte	-49
 1686 0359 FF        		.byte	-1
 1687 035a 7F        		.byte	127
 1688 035b 38        		.byte	56
 1689 035c 30        		.byte	48
 1690 035d 70        		.byte	112
 1691 035e 70        		.byte	112
 1692 035f FF        		.byte	-1
 1693 0360 EF        		.byte	-17
 1694 0361 C7        		.byte	-57
 1695 0362 00        		.byte	0
 1696 0363 00        		.byte	0
 1697 0364 00        		.byte	0
 1698 0365 00        		.byte	0
 1699 0366 00        		.byte	0
 1700 0367 03        		.byte	3
 1701 0368 0F        		.byte	15
 1702 0369 1F        		.byte	31
 1703 036a 3C        		.byte	60
 1704 036b 38        		.byte	56
 1705 036c 30        		.byte	48
 1706 036d 30        		.byte	48
 1707 036e 38        		.byte	56
 1708 036f 1F        		.byte	31
 1709 0370 1F        		.byte	31
 1710 0371 0F        		.byte	15
 1711 0372 00        		.byte	0
 1712 0373 00        		.byte	0
 1713 0374 00        		.byte	0
 1714 0375 00        		.byte	0
 1715 0376 00        		.byte	0
 1716 0377 00        		.byte	0
 1717 0378 80        		.byte	-128
 1718 0379 C0        		.byte	-64
 1719 037a E0        		.byte	-32
 1720 037b E0        		.byte	-32
 1721 037c 60        		.byte	96
 1722 037d E0        		.byte	-32
 1723 037e E0        		.byte	-32
 1724 037f C0        		.byte	-64
 1725 0380 80        		.byte	-128
 1726 0381 00        		.byte	0
 1727 0382 00        		.byte	0
 1728 0383 00        		.byte	0
 1729 0384 00        		.byte	0
 1730 0385 00        		.byte	0
 1731 0386 00        		.byte	0
 1732 0387 0C        		.byte	12
 1733 0388 3F        		.byte	63
 1734 0389 7F        		.byte	127
 1735 038a F1        		.byte	-15
 1736 038b E0        		.byte	-32
 1737 038c C0        		.byte	-64
 1738 038d C0        		.byte	-64
 1739 038e E1        		.byte	-31
 1740 038f FF        		.byte	-1
 1741 0390 FF        		.byte	-1
 1742 0391 FE        		.byte	-2
 1743 0392 00        		.byte	0
 1744 0393 00        		.byte	0
 1745 0394 00        		.byte	0
 1746 0395 00        		.byte	0
 1747 0396 00        		.byte	0
 1748 0397 00        		.byte	0
 1749 0398 00        		.byte	0
 1750 0399 38        		.byte	56
 1751 039a 30        		.byte	48
 1752 039b 30        		.byte	48
 1753 039c 38        		.byte	56
 1754 039d 38        		.byte	56
 1755 039e 1E        		.byte	30
 1756 039f 0F        		.byte	15
 1757 03a0 07        		.byte	7
 1758 03a1 00        		.byte	0
 1759 03a2 00        		.byte	0
 1760 03a3 00        		.byte	0
 1761 03a4 00        		.byte	0
 1762 03a5 00        		.byte	0
 1763 03a6 00        		.byte	0
 1764 03a7 00        		.byte	0
 1765 03a8 00        		.byte	0
 1766 03a9 00        		.byte	0
 1767 03aa 00        		.byte	0
 1768 03ab 00        		.byte	0
 1769 03ac 00        		.byte	0
 1770 03ad 00        		.byte	0
 1771 03ae 00        		.byte	0
 1772 03af 00        		.byte	0
 1773 03b0 00        		.byte	0
 1774 03b1 00        		.byte	0
 1775 03b2 00        		.byte	0
 1776 03b3 00        		.byte	0
 1777 03b4 00        		.byte	0
 1778 03b5 00        		.byte	0
 1779 03b6 00        		.byte	0
 1780 03b7 00        		.byte	0
 1781 03b8 00        		.byte	0
 1782 03b9 00        		.byte	0
 1783 03ba 00        		.byte	0
 1784 03bb 00        		.byte	0
 1785 03bc 00        		.byte	0
 1786 03bd 00        		.byte	0
 1787 03be 00        		.byte	0
 1788 03bf 00        		.byte	0
 1789 03c0 00        		.byte	0
 1790 03c1 00        		.byte	0
 1791 03c2 00        		.byte	0
 1792 03c3 00        		.byte	0
 1793 03c4 00        		.byte	0
 1794 03c5 00        		.byte	0
 1795 03c6 00        		.byte	0
 1796 03c7 3C        		.byte	60
 1797 03c8 3C        		.byte	60
 1798 03c9 3C        		.byte	60
 1799 03ca 00        		.byte	0
 1800 03cb 00        		.byte	0
 1801 03cc 00        		.byte	0
 1802 03cd 00        		.byte	0
 1803 03ce 00        		.byte	0
 1804 03cf 00        		.byte	0
 1805 03d0 00        		.byte	0
 1806 03d1 00        		.byte	0
 1807 03d2 00        		.byte	0
 1808 03d3 00        		.byte	0
 1809 03d4 00        		.byte	0
 1810 03d5 00        		.byte	0
 1811 03d6 00        		.byte	0
 1812 03d7 00        		.byte	0
 1813 03d8 00        		.byte	0
 1814 03d9 00        		.byte	0
 1815 03da 00        		.byte	0
 1816 03db 00        		.byte	0
 1817 03dc 00        		.byte	0
 1818 03dd 00        		.byte	0
 1819 03de 00        		.byte	0
 1820 03df 00        		.byte	0
 1821 03e0 00        		.byte	0
 1822 03e1 00        		.byte	0
 1823 03e2 00        		.byte	0
 1824 03e3 00        		.byte	0
 1825 03e4 00        		.byte	0
 1826 03e5 00        		.byte	0
 1827 03e6 00        		.byte	0
 1828 03e7 00        		.byte	0
 1829 03e8 00        		.byte	0
 1830 03e9 40        		.byte	64
 1831 03ea 40        		.byte	64
 1832 03eb 40        		.byte	64
 1833 03ec 40        		.byte	64
 1834 03ed 40        		.byte	64
 1835 03ee FE        		.byte	-2
 1836 03ef FE        		.byte	-2
 1837 03f0 40        		.byte	64
 1838 03f1 40        		.byte	64
 1839 03f2 40        		.byte	64
 1840 03f3 40        		.byte	64
 1841 03f4 40        		.byte	64
 1842 03f5 00        		.byte	0
 1843 03f6 00        		.byte	0
 1844 03f7 00        		.byte	0
 1845 03f8 00        		.byte	0
 1846 03f9 00        		.byte	0
 1847 03fa 00        		.byte	0
 1848 03fb 00        		.byte	0
 1849 03fc 00        		.byte	0
 1850 03fd 00        		.byte	0
 1851 03fe 0F        		.byte	15
 1852 03ff 0F        		.byte	15
 1853 0400 00        		.byte	0
 1854 0401 00        		.byte	0
 1855 0402 00        		.byte	0
 1856 0403 00        		.byte	0
 1857 0404 00        		.byte	0
 1858 0405 00        		.byte	0
 1859 0406 00        		.byte	0
 1860 0407 00        		.byte	0
 1861 0408 00        		.byte	0
 1862 0409 00        		.byte	0
 1863 040a 00        		.byte	0
 1864 040b 00        		.byte	0
 1865 040c 00        		.byte	0
 1866 040d 00        		.byte	0
 1867 040e 00        		.byte	0
 1868 040f 00        		.byte	0
 1869 0410 00        		.byte	0
 1870 0411 00        		.byte	0
 1871 0412 00        		.byte	0
 1872 0413 00        		.byte	0
 1873 0414 00        		.byte	0
 1874 0415 00        		.byte	0
 1875 0416 00        		.byte	0
 1876 0417 00        		.byte	0
 1877 0418 40        		.byte	64
 1878 0419 40        		.byte	64
 1879 041a 40        		.byte	64
 1880 041b 40        		.byte	64
 1881 041c 40        		.byte	64
 1882 041d 40        		.byte	64
 1883 041e 00        		.byte	0
 1884 041f 00        		.byte	0
 1885 0420 00        		.byte	0
 1886 0421 00        		.byte	0
 1887 0422 00        		.byte	0
 1888 0423 00        		.byte	0
 1889 0424 00        		.byte	0
 1890 0425 00        		.byte	0
 1891 0426 00        		.byte	0
 1892 0427 00        		.byte	0
 1893 0428 00        		.byte	0
 1894 0429 00        		.byte	0
 1895 042a 00        		.byte	0
 1896 042b 00        		.byte	0
 1897 042c 00        		.byte	0
 1898 042d 00        		.byte	0
 1899 042e 00        		.byte	0
 1900 042f 00        		.byte	0
 1901 0430 00        		.byte	0
 1902 0431 00        		.byte	0
 1903 0432 00        		.byte	0
 1904 0433 00        		.byte	0
 1905 0434 00        		.byte	0
 1906 0435 00        		.byte	0
 1907 0436 00        		.byte	0
 1908               		.comm char_start,1,1
 2045               	.Letext0:
DEFINED SYMBOLS
                            *ABS*:00000000 main.c
C:\DOCUME~1\AIMSIN~1\LOCALS~1\Temp/ccK2AWvG.s:2      *ABS*:0000003f __SREG__
C:\DOCUME~1\AIMSIN~1\LOCALS~1\Temp/ccK2AWvG.s:3      *ABS*:0000003e __SP_H__
C:\DOCUME~1\AIMSIN~1\LOCALS~1\Temp/ccK2AWvG.s:4      *ABS*:0000003d __SP_L__
C:\DOCUME~1\AIMSIN~1\LOCALS~1\Temp/ccK2AWvG.s:5      *ABS*:00000034 __CCP__
C:\DOCUME~1\AIMSIN~1\LOCALS~1\Temp/ccK2AWvG.s:6      *ABS*:00000000 __tmp_reg__
C:\DOCUME~1\AIMSIN~1\LOCALS~1\Temp/ccK2AWvG.s:7      *ABS*:00000001 __zero_reg__
C:\DOCUME~1\AIMSIN~1\LOCALS~1\Temp/ccK2AWvG.s:18     .text:00000000 Delay
C:\DOCUME~1\AIMSIN~1\LOCALS~1\Temp/ccK2AWvG.s:47     .text:00000008 spisend
C:\DOCUME~1\AIMSIN~1\LOCALS~1\Temp/ccK2AWvG.s:112    .text:0000002c wrdata
C:\DOCUME~1\AIMSIN~1\LOCALS~1\Temp/ccK2AWvG.s:134    .text:00000038 wrcmd
C:\DOCUME~1\AIMSIN~1\LOCALS~1\Temp/ccK2AWvG.s:156    .text:00000044 pixelxy
C:\DOCUME~1\AIMSIN~1\LOCALS~1\Temp/ccK2AWvG.s:185    .text:0000005e clearram
C:\DOCUME~1\AIMSIN~1\LOCALS~1\Temp/ccK2AWvG.s:218    .text:00000084 initlcd
C:\DOCUME~1\AIMSIN~1\LOCALS~1\Temp/ccK2AWvG.s:278    .text:000000b8 cursorxy
C:\DOCUME~1\AIMSIN~1\LOCALS~1\Temp/ccK2AWvG.s:310    .text:000000da putchr
C:\DOCUME~1\AIMSIN~1\LOCALS~1\Temp/ccK2AWvG.s:824    .progmem.data:00000000 FontLookup
C:\DOCUME~1\AIMSIN~1\LOCALS~1\Temp/ccK2AWvG.s:380    .text:00000126 LCD_writeChar_megaFont
C:\DOCUME~1\AIMSIN~1\LOCALS~1\Temp/ccK2AWvG.s:1283   .progmem.data:000001c7 number
                            *COM*:00000001 char_start
C:\DOCUME~1\AIMSIN~1\LOCALS~1\Temp/ccK2AWvG.s:484    .text:000001a4 lcdstr_megaFont
C:\DOCUME~1\AIMSIN~1\LOCALS~1\Temp/ccK2AWvG.s:517    .text:000001c2 putstr
C:\DOCUME~1\AIMSIN~1\LOCALS~1\Temp/ccK2AWvG.s:548    .text:000001dc lcd_drawborder
C:\DOCUME~1\AIMSIN~1\LOCALS~1\Temp/ccK2AWvG.s:612    .text:00000220 lcd_clear
C:\DOCUME~1\AIMSIN~1\LOCALS~1\Temp/ccK2AWvG.s:664    .text:0000025c main

UNDEFINED SYMBOLS
__divmodhi4
itoa
__do_copy_data
__do_clear_bss
