   1               		.file	"main.c"
   2               	__SREG__ = 0x3f
   3               	__SP_H__ = 0x3e
   4               	__SP_L__ = 0x3d
   5               	__CCP__  = 0x34
   6               	__tmp_reg__ = 0
   7               	__zero_reg__ = 1
  15               	.Ltext0:
  16               	.global	main
  18               	main:
  19               	.LFB6:
  20               	.LM1:
  21               	/* prologue: function */
  22               	/* frame size = 0 */
  23               	.LM2:
  24 0000 11BA      		out 49-32,__zero_reg__
  25               	.LM3:
  26 0002 8FEF      		ldi r24,lo8(-1)
  27 0004 82BB      		out 50-32,r24
  28               	.LM4:
  29 0006 80EF      		ldi r24,lo8(-16)
  30 0008 8ABB      		out 58-32,r24
  31               	.LM5:
  32 000a 1BBA      		out 59-32,__zero_reg__
  33               	.LM6:
  34 000c 70E8      		ldi r23,lo8(-128)
  35               	.LBB54:
  36               	.LBB55:
  37               	.LBB56:
  38               	.LBB57:
  39               	.LM7:
  40 000e 20E9      		ldi r18,lo8(400)
  41 0010 31E0      		ldi r19,hi8(400)
  42               	.LBE57:
  43               	.LBE56:
  44               	.LBE55:
  45               	.LBE54:
  46               	.LM8:
  47 0012 60E4      		ldi r22,lo8(64)
  48               	.LM9:
  49 0014 50E2      		ldi r21,lo8(32)
  50               	.LM10:
  51 0016 40E1      		ldi r20,lo8(16)
  52               	.LVL0:
  53               	.L22:
  54               	.LM11:
  55 0018 8099      		sbic 48-32,0
  56 001a 00C0      		rjmp .L2
  57               	.LM12:
  58 001c 7BBB      		out 59-32,r23
  59 001e 84EF      		ldi r24,lo8(500)
  60 0020 91E0      		ldi r25,hi8(500)
  61               	.LVL1:
  62               	.L3:
  63               	.LBB61:
  64               	.LBB60:
  65               	.LBB59:
  66               	.LBB58:
  67               	.LM13:
  68 0022 F901      		movw r30,r18
  69               	.LVL2:
  70               	/* #APP */
  71               	 ;  105 "c:/winavr-20090313/lib/gcc/../../avr/include/util/delay_basic.h" 1
  72 0024 3197      		1: sbiw r30,1
  73 0026 01F4      		brne 1b
  74               	 ;  0 "" 2
  75               	/* #NOAPP */
  76               	.LBE58:
  77               	.LBE59:
  78               	.LM14:
  79 0028 0197      		sbiw r24,1
  80               	.LM15:
  81 002a 01F4      		brne .L3
  82               	.LBE60:
  83               	.LBE61:
  84               	.LM16:
  85 002c 6BBB      		out 59-32,r22
  86 002e 84EF      		ldi r24,lo8(500)
  87 0030 91E0      		ldi r25,hi8(500)
  88               	.LVL3:
  89               	.L4:
  90               	.LBB62:
  91               	.LBB63:
  92               	.LBB64:
  93               	.LBB65:
  94               	.LM17:
  95 0032 F901      		movw r30,r18
  96               	.LVL4:
  97               	/* #APP */
  98               	 ;  105 "c:/winavr-20090313/lib/gcc/../../avr/include/util/delay_basic.h" 1
  99 0034 3197      		1: sbiw r30,1
 100 0036 01F4      		brne 1b
 101               	 ;  0 "" 2
 102               	/* #NOAPP */
 103               	.LBE65:
 104               	.LBE64:
 105               	.LM18:
 106 0038 0197      		sbiw r24,1
 107               	.LM19:
 108 003a 01F4      		brne .L4
 109               	.LBE63:
 110               	.LBE62:
 111               	.LM20:
 112 003c 5BBB      		out 59-32,r21
 113 003e 84EF      		ldi r24,lo8(500)
 114 0040 91E0      		ldi r25,hi8(500)
 115               	.LVL5:
 116               	.L5:
 117               	.LBB66:
 118               	.LBB67:
 119               	.LBB68:
 120               	.LBB69:
 121               	.LM21:
 122 0042 F901      		movw r30,r18
 123               	.LVL6:
 124               	/* #APP */
 125               	 ;  105 "c:/winavr-20090313/lib/gcc/../../avr/include/util/delay_basic.h" 1
 126 0044 3197      		1: sbiw r30,1
 127 0046 01F4      		brne 1b
 128               	 ;  0 "" 2
 129               	/* #NOAPP */
 130               	.LBE69:
 131               	.LBE68:
 132               	.LM22:
 133 0048 0197      		sbiw r24,1
 134               	.LM23:
 135 004a 01F4      		brne .L5
 136               	.LBE67:
 137               	.LBE66:
 138               	.LM24:
 139 004c 4BBB      		out 59-32,r20
 140 004e 84EF      		ldi r24,lo8(500)
 141 0050 91E0      		ldi r25,hi8(500)
 142               	.LVL7:
 143               	.L6:
 144               	.LBB70:
 145               	.LBB71:
 146               	.LBB72:
 147               	.LBB73:
 148               	.LM25:
 149 0052 F901      		movw r30,r18
 150               	.LVL8:
 151               	/* #APP */
 152               	 ;  105 "c:/winavr-20090313/lib/gcc/../../avr/include/util/delay_basic.h" 1
 153 0054 3197      		1: sbiw r30,1
 154 0056 01F4      		brne 1b
 155               	 ;  0 "" 2
 156               	/* #NOAPP */
 157               	.LBE73:
 158               	.LBE72:
 159               	.LM26:
 160 0058 0197      		sbiw r24,1
 161               	.LM27:
 162 005a 01F4      		brne .L6
 163 005c 00C0      		rjmp .L22
 164               	.LVL9:
 165               	.L2:
 166               	.LBE71:
 167               	.LBE70:
 168               	.LM28:
 169 005e 8199      		sbic 48-32,1
 170 0060 00C0      		rjmp .L8
 171               	.LM29:
 172 0062 4BBB      		out 59-32,r20
 173 0064 84EF      		ldi r24,lo8(500)
 174 0066 91E0      		ldi r25,hi8(500)
 175               	.LVL10:
 176               	.L9:
 177               	.LBB74:
 178               	.LBB75:
 179               	.LBB76:
 180               	.LBB77:
 181               	.LM30:
 182 0068 F901      		movw r30,r18
 183               	.LVL11:
 184               	/* #APP */
 185               	 ;  105 "c:/winavr-20090313/lib/gcc/../../avr/include/util/delay_basic.h" 1
 186 006a 3197      		1: sbiw r30,1
 187 006c 01F4      		brne 1b
 188               	 ;  0 "" 2
 189               	/* #NOAPP */
 190               	.LBE77:
 191               	.LBE76:
 192               	.LM31:
 193 006e 0197      		sbiw r24,1
 194               	.LM32:
 195 0070 01F4      		brne .L9
 196               	.LBE75:
 197               	.LBE74:
 198               	.LM33:
 199 0072 5BBB      		out 59-32,r21
 200 0074 84EF      		ldi r24,lo8(500)
 201 0076 91E0      		ldi r25,hi8(500)
 202               	.LVL12:
 203               	.L10:
 204               	.LBB78:
 205               	.LBB79:
 206               	.LBB80:
 207               	.LBB81:
 208               	.LM34:
 209 0078 F901      		movw r30,r18
 210               	.LVL13:
 211               	/* #APP */
 212               	 ;  105 "c:/winavr-20090313/lib/gcc/../../avr/include/util/delay_basic.h" 1
 213 007a 3197      		1: sbiw r30,1
 214 007c 01F4      		brne 1b
 215               	 ;  0 "" 2
 216               	/* #NOAPP */
 217               	.LBE81:
 218               	.LBE80:
 219               	.LM35:
 220 007e 0197      		sbiw r24,1
 221               	.LM36:
 222 0080 01F4      		brne .L10
 223               	.LBE79:
 224               	.LBE78:
 225               	.LM37:
 226 0082 6BBB      		out 59-32,r22
 227 0084 84EF      		ldi r24,lo8(500)
 228 0086 91E0      		ldi r25,hi8(500)
 229               	.LVL14:
 230               	.L11:
 231               	.LBB82:
 232               	.LBB83:
 233               	.LBB84:
 234               	.LBB85:
 235               	.LM38:
 236 0088 F901      		movw r30,r18
 237               	.LVL15:
 238               	/* #APP */
 239               	 ;  105 "c:/winavr-20090313/lib/gcc/../../avr/include/util/delay_basic.h" 1
 240 008a 3197      		1: sbiw r30,1
 241 008c 01F4      		brne 1b
 242               	 ;  0 "" 2
 243               	/* #NOAPP */
 244               	.LBE85:
 245               	.LBE84:
 246               	.LM39:
 247 008e 0197      		sbiw r24,1
 248               	.LM40:
 249 0090 01F4      		brne .L11
 250               	.LBE83:
 251               	.LBE82:
 252               	.LM41:
 253 0092 7BBB      		out 59-32,r23
 254 0094 84EF      		ldi r24,lo8(500)
 255 0096 91E0      		ldi r25,hi8(500)
 256               	.LVL16:
 257               	.L12:
 258               	.LBB86:
 259               	.LBB87:
 260               	.LBB88:
 261               	.LBB89:
 262               	.LM42:
 263 0098 F901      		movw r30,r18
 264               	.LVL17:
 265               	/* #APP */
 266               	 ;  105 "c:/winavr-20090313/lib/gcc/../../avr/include/util/delay_basic.h" 1
 267 009a 3197      		1: sbiw r30,1
 268 009c 01F4      		brne 1b
 269               	 ;  0 "" 2
 270               	/* #NOAPP */
 271               	.LBE89:
 272               	.LBE88:
 273               	.LM43:
 274 009e 0197      		sbiw r24,1
 275               	.LM44:
 276 00a0 01F4      		brne .L12
 277 00a2 00C0      		rjmp .L22
 278               	.LVL18:
 279               	.L8:
 280               	.LBE87:
 281               	.LBE86:
 282               	.LM45:
 283 00a4 1BBA      		out 59-32,__zero_reg__
 284 00a6 00C0      		rjmp .L22
 285               	.LFE6:
 311               	.Letext0:
DEFINED SYMBOLS
                            *ABS*:00000000 main.c
C:\DOCUME~1\anupam\LOCALS~1\Temp/cce6K7UI.s:2      *ABS*:0000003f __SREG__
C:\DOCUME~1\anupam\LOCALS~1\Temp/cce6K7UI.s:3      *ABS*:0000003e __SP_H__
C:\DOCUME~1\anupam\LOCALS~1\Temp/cce6K7UI.s:4      *ABS*:0000003d __SP_L__
C:\DOCUME~1\anupam\LOCALS~1\Temp/cce6K7UI.s:5      *ABS*:00000034 __CCP__
C:\DOCUME~1\anupam\LOCALS~1\Temp/cce6K7UI.s:6      *ABS*:00000000 __tmp_reg__
C:\DOCUME~1\anupam\LOCALS~1\Temp/cce6K7UI.s:7      *ABS*:00000001 __zero_reg__
C:\DOCUME~1\anupam\LOCALS~1\Temp/cce6K7UI.s:18     .text:00000000 main

NO UNDEFINED SYMBOLS
