   1               		.file	"main.c"
   2               	__SREG__ = 0x3f
   3               	__SP_H__ = 0x3e
   4               	__SP_L__ = 0x3d
   5               	__CCP__  = 0x34
   6               	__tmp_reg__ = 0
   7               	__zero_reg__ = 1
  15               	.Ltext0:
  16               	.global	USART_INIT
  18               	USART_INIT:
  19               	.LFB2:
  20               	.LM1:
  21               	/* prologue: function */
  22               	/* frame size = 0 */
  23               	.LM2:
  24 0000 8FEC      		ldi r24,lo8(-49)
  25 0002 89B9      		out 41-32,r24
  26               	.LM3:
  27 0004 10BC      		out 64-32,__zero_reg__
  28               	.LM4:
  29 0006 86E8      		ldi r24,lo8(-122)
  30 0008 80BD      		out 64-32,r24
  31               	.LM5:
  32 000a 88E9      		ldi r24,lo8(-104)
  33 000c 8AB9      		out 42-32,r24
  34               	.LM6:
  35 000e 85B7      		in r24,85-32
  36 0010 8F74      		andi r24,lo8(79)
  37 0012 85BF      		out 85-32,r24
  38               	.LM7:
  39               	/* #APP */
  40               	 ;  45 "uart.h" 1
  41 0014 7894      		sei
  42               	 ;  0 "" 2
  43               	/* epilogue start */
  44               	.LM8:
  45               	/* #NOAPP */
  46 0016 0895      		ret
  47               	.LFE2:
  49               	.global	rswritechar
  51               	rswritechar:
  52               	.LFB3:
  53               	.LM9:
  54               	/* prologue: function */
  55               	/* frame size = 0 */
  56               	.LVL0:
  57               	.L4:
  58               	.LM10:
  59 0018 5D9B      		sbis 43-32,5
  60 001a 00C0      		rjmp .L4
  61               	.LM11:
  62 001c 8CB9      		out 44-32,r24
  63               	/* epilogue start */
  64               	.LM12:
  65 001e 0895      		ret
  66               	.LFE3:
  68               	.global	rsreadchar
  70               	rsreadchar:
  71               	.LFB4:
  72               	.LM13:
  73               	/* prologue: function */
  74               	/* frame size = 0 */
  75               	.L8:
  76               	.LM14:
  77 0020 5F9B      		sbis 43-32,7
  78 0022 00C0      		rjmp .L8
  79               	.LM15:
  80 0024 8CB1      		in r24,44-32
  81               	/* epilogue start */
  82               	.LM16:
  83 0026 0895      		ret
  84               	.LFE4:
  86               	.global	rsstr
  88               	rsstr:
  89               	.LFB5:
  90               	.LM17:
  91               	.LVL1:
  92               	/* prologue: function */
  93               	/* frame size = 0 */
  94 0028 FC01      		movw r30,r24
  95 002a 00C0      		rjmp .L12
  96               	.LVL2:
  97               	.L15:
  98               	.LBB228:
  99               	.LBB229:
 100               	.LM18:
 101 002c 5D9B      		sbis 43-32,5
 102 002e 00C0      		rjmp .L15
 103               	.LM19:
 104 0030 8CB9      		out 44-32,r24
 105               	.LBE229:
 106               	.LBE228:
 107               	.LM20:
 108 0032 3196      		adiw r30,1
 109               	.LVL3:
 110               	.L12:
 111               	.LM21:
 112 0034 8081      		ld r24,Z
 113 0036 8823      		tst r24
 114 0038 01F4      		brne .L15
 115               	/* epilogue start */
 116               	.LM22:
 117 003a 0895      		ret
 118               	.LFE5:
 120               	.global	lcd_reset
 122               	lcd_reset:
 123               	.LFB11:
 124               	.LM23:
 125               	/* prologue: function */
 126               	/* frame size = 0 */
 127               	.LM24:
 128 003c 8FEF      		ldi r24,lo8(-1)
 129 003e 88BB      		out 56-32,r24
 130 0040 88EC      		ldi r24,lo8(200)
 131 0042 90E0      		ldi r25,hi8(200)
 132               	.LVL4:
 133               	.LBB230:
 134               	.LBB231:
 135               	.LBB232:
 136               	.LBB233:
 137               	.LM25:
 138 0044 20E9      		ldi r18,lo8(400)
 139 0046 31E0      		ldi r19,hi8(400)
 140               	.L18:
 141 0048 F901      		movw r30,r18
 142               	.LVL5:
 143               	/* #APP */
 144               	 ;  105 "c:/winavr-20090313/lib/gcc/../../avr/include/util/delay_basic.h" 1
 145 004a 3197      		1: sbiw r30,1
 146 004c 01F4      		brne 1b
 147               	 ;  0 "" 2
 148               	/* #NOAPP */
 149               	.LBE233:
 150               	.LBE232:
 151               	.LM26:
 152 004e 0197      		sbiw r24,1
 153               	.LM27:
 154 0050 01F4      		brne .L18
 155               	.LBE231:
 156               	.LBE230:
 157               	.LM28:
 158 0052 94E3      		ldi r25,lo8(52)
 159 0054 98BB      		out 56-32,r25
 160               	.LM29:
 161 0056 80E3      		ldi r24,lo8(48)
 162               	.LVL6:
 163 0058 88BB      		out 56-32,r24
 164               	.LBB234:
 165               	.LBB235:
 166               	.LBB236:
 167               	.LBB237:
 168               	.LM30:
 169 005a E0E4      		ldi r30,lo8(-25536)
 170 005c FCE9      		ldi r31,hi8(-25536)
 171               	.LVL7:
 172               	/* #APP */
 173               	 ;  105 "c:/winavr-20090313/lib/gcc/../../avr/include/util/delay_basic.h" 1
 174 005e 3197      		1: sbiw r30,1
 175 0060 01F4      		brne 1b
 176               	 ;  0 "" 2
 177               	/* #NOAPP */
 178               	.LBE237:
 179               	.LBE236:
 180               	.LBE235:
 181               	.LBE234:
 182               	.LM31:
 183 0062 98BB      		out 56-32,r25
 184               	.LM32:
 185 0064 88BB      		out 56-32,r24
 186               	.LBB238:
 187               	.LBB239:
 188               	.LBB240:
 189               	.LBB241:
 190               	.LM33:
 191 0066 20EA      		ldi r18,lo8(4000)
 192 0068 3FE0      		ldi r19,hi8(4000)
 193 006a F901      		movw r30,r18
 194               	.LVL8:
 195               	/* #APP */
 196               	 ;  105 "c:/winavr-20090313/lib/gcc/../../avr/include/util/delay_basic.h" 1
 197 006c 3197      		1: sbiw r30,1
 198 006e 01F4      		brne 1b
 199               	 ;  0 "" 2
 200               	/* #NOAPP */
 201               	.LBE241:
 202               	.LBE240:
 203               	.LBE239:
 204               	.LBE238:
 205               	.LM34:
 206 0070 98BB      		out 56-32,r25
 207               	.LM35:
 208 0072 88BB      		out 56-32,r24
 209               	.LBB242:
 210               	.LBB243:
 211               	.LBB244:
 212               	.LBB245:
 213               	.LM36:
 214 0074 C901      		movw r24,r18
 215               	.LVL9:
 216               	/* #APP */
 217               	 ;  105 "c:/winavr-20090313/lib/gcc/../../avr/include/util/delay_basic.h" 1
 218 0076 0197      		1: sbiw r24,1
 219 0078 01F4      		brne 1b
 220               	 ;  0 "" 2
 221               	/* #NOAPP */
 222               	.LBE245:
 223               	.LBE244:
 224               	.LBE243:
 225               	.LBE242:
 226               	.LM37:
 227 007a 84E2      		ldi r24,lo8(36)
 228               	.LVL10:
 229 007c 88BB      		out 56-32,r24
 230               	.LM38:
 231 007e 80E2      		ldi r24,lo8(32)
 232 0080 88BB      		out 56-32,r24
 233               	.LBB246:
 234               	.LBB247:
 235               	.LBB248:
 236               	.LBB249:
 237               	.LM39:
 238 0082 C901      		movw r24,r18
 239               	.LVL11:
 240               	/* #APP */
 241               	 ;  105 "c:/winavr-20090313/lib/gcc/../../avr/include/util/delay_basic.h" 1
 242 0084 0197      		1: sbiw r24,1
 243 0086 01F4      		brne 1b
 244               	 ;  0 "" 2
 245               	/* epilogue start */
 246               	/* #NOAPP */
 247               	.LBE249:
 248               	.LBE248:
 249               	.LBE247:
 250               	.LBE246:
 251               	.LM40:
 252 0088 0895      		ret
 253               	.LFE11:
 255               	.global	lcd_cmd
 257               	lcd_cmd:
 258               	.LFB12:
 259               	.LM41:
 260               	.LVL12:
 261               	/* prologue: function */
 262               	/* frame size = 0 */
 263               	.LM42:
 264 008a 382F      		mov r19,r24
 265 008c 307F      		andi r19,lo8(-16)
 266 008e 232F      		mov r18,r19
 267 0090 2460      		ori r18,lo8(4)
 268 0092 28BB      		out 56-32,r18
 269               	.LM43:
 270 0094 38BB      		out 56-32,r19
 271               	.LM44:
 272 0096 90E0      		ldi r25,lo8(0)
 273 0098 24E0      		ldi r18,4
 274 009a 880F      	1:	lsl r24
 275 009c 991F      		rol r25
 276 009e 2A95      		dec r18
 277 00a0 01F4      		brne 1b
 278               	.LVL13:
 279 00a2 282F      		mov r18,r24
 280 00a4 2460      		ori r18,lo8(4)
 281 00a6 28BB      		out 56-32,r18
 282               	.LM45:
 283 00a8 88BB      		out 56-32,r24
 284               	.LBB250:
 285               	.LBB251:
 286               	.LBB252:
 287               	.LBB253:
 288               	.LM46:
 289 00aa 80E4      		ldi r24,lo8(8000)
 290 00ac 9FE1      		ldi r25,hi8(8000)
 291 00ae FC01      		movw r30,r24
 292               	.LVL14:
 293               	/* #APP */
 294               	 ;  105 "c:/winavr-20090313/lib/gcc/../../avr/include/util/delay_basic.h" 1
 295 00b0 3197      		1: sbiw r30,1
 296 00b2 01F4      		brne 1b
 297               	 ;  0 "" 2
 298               	/* #NOAPP */
 299               	.LBE253:
 300               	.LBE252:
 301               	.LBE251:
 302               	.LBE250:
 303               	.LBB254:
 304               	.LBB255:
 305               	.LBB256:
 306               	.LBB257:
 307               	/* #APP */
 308               	 ;  105 "c:/winavr-20090313/lib/gcc/../../avr/include/util/delay_basic.h" 1
 309 00b4 0197      		1: sbiw r24,1
 310 00b6 01F4      		brne 1b
 311               	 ;  0 "" 2
 312               	.LVL15:
 313               	/* epilogue start */
 314               	/* #NOAPP */
 315               	.LBE257:
 316               	.LBE256:
 317               	.LBE255:
 318               	.LBE254:
 319               	.LM47:
 320 00b8 0895      		ret
 321               	.LFE12:
 323               	.global	lcd_init
 325               	lcd_init:
 326               	.LFB13:
 327               	.LM48:
 328               	/* prologue: function */
 329               	/* frame size = 0 */
 330               	.LM49:
 331 00ba 8FEF      		ldi r24,lo8(-1)
 332 00bc 87BB      		out 55-32,r24
 333               	.LM50:
 334 00be 18BA      		out 56-32,__zero_reg__
 335               	.LM51:
 336 00c0 0E94 0000 		call lcd_reset
 337               	.LBB258:
 338               	.LBB259:
 339               	.LM52:
 340 00c4 84E2      		ldi r24,lo8(36)
 341 00c6 88BB      		out 56-32,r24
 342               	.LM53:
 343 00c8 80E2      		ldi r24,lo8(32)
 344 00ca 88BB      		out 56-32,r24
 345               	.LM54:
 346 00cc 54E8      		ldi r21,lo8(-124)
 347 00ce 58BB      		out 56-32,r21
 348               	.LM55:
 349 00d0 40E8      		ldi r20,lo8(-128)
 350 00d2 48BB      		out 56-32,r20
 351               	.LBB260:
 352               	.LBB261:
 353               	.LBB262:
 354               	.LBB263:
 355               	.LM56:
 356 00d4 20E4      		ldi r18,lo8(8000)
 357 00d6 3FE1      		ldi r19,hi8(8000)
 358 00d8 C901      		movw r24,r18
 359               	.LVL16:
 360               	/* #APP */
 361               	 ;  105 "c:/winavr-20090313/lib/gcc/../../avr/include/util/delay_basic.h" 1
 362 00da 0197      		1: sbiw r24,1
 363 00dc 01F4      		brne 1b
 364               	 ;  0 "" 2
 365               	/* #NOAPP */
 366               	.LBE263:
 367               	.LBE262:
 368               	.LBE261:
 369               	.LBE260:
 370               	.LBB264:
 371               	.LBB265:
 372               	.LBB266:
 373               	.LBB267:
 374 00de C901      		movw r24,r18
 375               	.LVL17:
 376               	/* #APP */
 377               	 ;  105 "c:/winavr-20090313/lib/gcc/../../avr/include/util/delay_basic.h" 1
 378 00e0 0197      		1: sbiw r24,1
 379 00e2 01F4      		brne 1b
 380               	 ;  0 "" 2
 381               	/* #NOAPP */
 382               	.LBE267:
 383               	.LBE266:
 384               	.LBE265:
 385               	.LBE264:
 386               	.LBE259:
 387               	.LBE258:
 388               	.LBB268:
 389               	.LBB269:
 390               	.LM57:
 391 00e4 94E0      		ldi r25,lo8(4)
 392 00e6 98BB      		out 56-32,r25
 393               	.LM58:
 394 00e8 18BA      		out 56-32,__zero_reg__
 395               	.LM59:
 396 00ea 84EC      		ldi r24,lo8(-60)
 397               	.LVL18:
 398 00ec 88BB      		out 56-32,r24
 399               	.LM60:
 400 00ee 80EC      		ldi r24,lo8(-64)
 401 00f0 88BB      		out 56-32,r24
 402               	.LBB270:
 403               	.LBB271:
 404               	.LBB272:
 405               	.LBB273:
 406               	.LM61:
 407 00f2 F901      		movw r30,r18
 408               	.LVL19:
 409               	/* #APP */
 410               	 ;  105 "c:/winavr-20090313/lib/gcc/../../avr/include/util/delay_basic.h" 1
 411 00f4 3197      		1: sbiw r30,1
 412 00f6 01F4      		brne 1b
 413               	 ;  0 "" 2
 414               	/* #NOAPP */
 415               	.LBE273:
 416               	.LBE272:
 417               	.LBE271:
 418               	.LBE270:
 419               	.LBB274:
 420               	.LBB275:
 421               	.LBB276:
 422               	.LBB277:
 423 00f8 F901      		movw r30,r18
 424               	.LVL20:
 425               	/* #APP */
 426               	 ;  105 "c:/winavr-20090313/lib/gcc/../../avr/include/util/delay_basic.h" 1
 427 00fa 3197      		1: sbiw r30,1
 428 00fc 01F4      		brne 1b
 429               	 ;  0 "" 2
 430               	/* #NOAPP */
 431               	.LBE277:
 432               	.LBE276:
 433               	.LBE275:
 434               	.LBE274:
 435               	.LBE269:
 436               	.LBE268:
 437               	.LBB278:
 438               	.LBB279:
 439               	.LM62:
 440 00fe 98BB      		out 56-32,r25
 441               	.LM63:
 442 0100 18BA      		out 56-32,__zero_reg__
 443               	.LM64:
 444 0102 84E6      		ldi r24,lo8(100)
 445 0104 88BB      		out 56-32,r24
 446               	.LM65:
 447 0106 80E6      		ldi r24,lo8(96)
 448 0108 88BB      		out 56-32,r24
 449               	.LBB280:
 450               	.LBB281:
 451               	.LBB282:
 452               	.LBB283:
 453               	.LM66:
 454 010a F901      		movw r30,r18
 455               	.LVL21:
 456               	/* #APP */
 457               	 ;  105 "c:/winavr-20090313/lib/gcc/../../avr/include/util/delay_basic.h" 1
 458 010c 3197      		1: sbiw r30,1
 459 010e 01F4      		brne 1b
 460               	 ;  0 "" 2
 461               	/* #NOAPP */
 462               	.LBE283:
 463               	.LBE282:
 464               	.LBE281:
 465               	.LBE280:
 466               	.LBB284:
 467               	.LBB285:
 468               	.LBB286:
 469               	.LBB287:
 470 0110 F901      		movw r30,r18
 471               	.LVL22:
 472               	/* #APP */
 473               	 ;  105 "c:/winavr-20090313/lib/gcc/../../avr/include/util/delay_basic.h" 1
 474 0112 3197      		1: sbiw r30,1
 475 0114 01F4      		brne 1b
 476               	 ;  0 "" 2
 477               	/* #NOAPP */
 478               	.LBE287:
 479               	.LBE286:
 480               	.LBE285:
 481               	.LBE284:
 482               	.LBE279:
 483               	.LBE278:
 484               	.LBB288:
 485               	.LBB289:
 486               	.LM67:
 487 0116 58BB      		out 56-32,r21
 488               	.LM68:
 489 0118 48BB      		out 56-32,r20
 490               	.LM69:
 491 011a 98BB      		out 56-32,r25
 492               	.LM70:
 493 011c 18BA      		out 56-32,__zero_reg__
 494               	.LBB290:
 495               	.LBB291:
 496               	.LBB292:
 497               	.LBB293:
 498               	.LM71:
 499 011e C901      		movw r24,r18
 500               	.LVL23:
 501               	/* #APP */
 502               	 ;  105 "c:/winavr-20090313/lib/gcc/../../avr/include/util/delay_basic.h" 1
 503 0120 0197      		1: sbiw r24,1
 504 0122 01F4      		brne 1b
 505               	 ;  0 "" 2
 506               	/* #NOAPP */
 507               	.LBE293:
 508               	.LBE292:
 509               	.LBE291:
 510               	.LBE290:
 511               	.LBB294:
 512               	.LBB295:
 513               	.LBB296:
 514               	.LBB297:
 515 0124 C901      		movw r24,r18
 516               	.LVL24:
 517               	/* #APP */
 518               	 ;  105 "c:/winavr-20090313/lib/gcc/../../avr/include/util/delay_basic.h" 1
 519 0126 0197      		1: sbiw r24,1
 520 0128 01F4      		brne 1b
 521               	 ;  0 "" 2
 522               	/* epilogue start */
 523               	/* #NOAPP */
 524               	.LBE297:
 525               	.LBE296:
 526               	.LBE295:
 527               	.LBE294:
 528               	.LBE289:
 529               	.LBE288:
 530               	.LM72:
 531 012a 0895      		ret
 532               	.LFE13:
 534               	.global	lcd_data
 536               	lcd_data:
 537               	.LFB14:
 538               	.LM73:
 539               	.LVL25:
 540               	/* prologue: function */
 541               	/* frame size = 0 */
 542               	.LM74:
 543 012c 982F      		mov r25,r24
 544 012e 907F      		andi r25,lo8(-16)
 545 0130 292F      		mov r18,r25
 546 0132 2560      		ori r18,lo8(5)
 547 0134 28BB      		out 56-32,r18
 548               	.LM75:
 549 0136 9160      		ori r25,lo8(1)
 550 0138 98BB      		out 56-32,r25
 551               	.LM76:
 552 013a 8295      		swap r24
 553               	.LVL26:
 554 013c 807F      		andi r24,lo8(-16)
 555 013e 982F      		mov r25,r24
 556 0140 9560      		ori r25,lo8(5)
 557 0142 98BB      		out 56-32,r25
 558               	.LM77:
 559 0144 8160      		ori r24,lo8(1)
 560 0146 88BB      		out 56-32,r24
 561               	.LBB298:
 562               	.LBB299:
 563               	.LBB300:
 564               	.LBB301:
 565               	.LM78:
 566 0148 80E4      		ldi r24,lo8(8000)
 567 014a 9FE1      		ldi r25,hi8(8000)
 568 014c FC01      		movw r30,r24
 569               	.LVL27:
 570               	/* #APP */
 571               	 ;  105 "c:/winavr-20090313/lib/gcc/../../avr/include/util/delay_basic.h" 1
 572 014e 3197      		1: sbiw r30,1
 573 0150 01F4      		brne 1b
 574               	 ;  0 "" 2
 575               	/* #NOAPP */
 576               	.LBE301:
 577               	.LBE300:
 578               	.LBE299:
 579               	.LBE298:
 580               	.LBB302:
 581               	.LBB303:
 582               	.LBB304:
 583               	.LBB305:
 584               	/* #APP */
 585               	 ;  105 "c:/winavr-20090313/lib/gcc/../../avr/include/util/delay_basic.h" 1
 586 0152 0197      		1: sbiw r24,1
 587 0154 01F4      		brne 1b
 588               	 ;  0 "" 2
 589               	.LVL28:
 590               	/* epilogue start */
 591               	/* #NOAPP */
 592               	.LBE305:
 593               	.LBE304:
 594               	.LBE303:
 595               	.LBE302:
 596               	.LM79:
 597 0156 0895      		ret
 598               	.LFE14:
 600               	.global	lcd_puts
 602               	lcd_puts:
 603               	.LFB15:
 604               	.LM80:
 605               	.LVL29:
 606 0158 CF93      		push r28
 607 015a DF93      		push r29
 608               	/* prologue: function */
 609               	/* frame size = 0 */
 610               	.LM81:
 611 015c EC01      		movw r28,r24
 612               	.LVL30:
 613 015e 00C0      		rjmp .L28
 614               	.L29:
 615               	.LM82:
 616 0160 0E94 0000 		call lcd_data
 617               	.L28:
 618               	.LM83:
 619 0164 8991      		ld r24,Y+
 620 0166 8823      		tst r24
 621 0168 01F4      		brne .L29
 622               	/* epilogue start */
 623               	.LM84:
 624 016a DF91      		pop r29
 625 016c CF91      		pop r28
 626 016e 0895      		ret
 627               	.LFE15:
 629               	.global	itoa
 631               	itoa:
 632               	.LFB16:
 633               	.LM85:
 634               	.LVL31:
 635 0170 1F93      		push r17
 636               	/* prologue: function */
 637               	/* frame size = 0 */
 638 0172 182F      		mov r17,r24
 639               	.LM86:
 640 0174 6AE0      		ldi r22,lo8(10)
 641 0176 0E94 0000 		call __udivmodqi4
 642               	.LVL32:
 643 017a 0E94 0000 		call __udivmodqi4
 644 017e 892F      		mov r24,r25
 645 0180 805D      		subi r24,lo8(-(48))
 646 0182 0E94 0000 		call lcd_data
 647               	.LM87:
 648 0186 812F      		mov r24,r17
 649 0188 6AE0      		ldi r22,lo8(10)
 650 018a 0E94 0000 		call __udivmodqi4
 651 018e 892F      		mov r24,r25
 652 0190 805D      		subi r24,lo8(-(48))
 653 0192 0E94 0000 		call lcd_data
 654               	/* epilogue start */
 655               	.LM88:
 656 0196 1F91      		pop r17
 657               	.LVL33:
 658 0198 0895      		ret
 659               	.LFE16:
 661               	.global	itoal
 663               	itoal:
 664               	.LFB17:
 665               	.LM89:
 666               	.LVL34:
 667 019a CF92      		push r12
 668 019c DF92      		push r13
 669 019e EF92      		push r14
 670 01a0 FF92      		push r15
 671 01a2 0F93      		push r16
 672 01a4 1F93      		push r17
 673               	/* prologue: function */
 674               	/* frame size = 0 */
 675 01a6 7C01      		movw r14,r24
 676               	.LM90:
 677 01a8 6AE0      		ldi r22,lo8(10)
 678 01aa 70E0      		ldi r23,hi8(10)
 679 01ac 0E94 0000 		call __udivmodhi4
 680               	.LVL35:
 681 01b0 D62E      		mov r13,r22
 682 01b2 C72E      		mov r12,r23
 683               	.LM91:
 684 01b4 862F      		mov r24,r22
 685 01b6 972F      		mov r25,r23
 686 01b8 6AE0      		ldi r22,lo8(10)
 687 01ba 70E0      		ldi r23,hi8(10)
 688 01bc 0E94 0000 		call __udivmodhi4
 689 01c0 162F      		mov r17,r22
 690 01c2 072F      		mov r16,r23
 691               	.LM92:
 692 01c4 862F      		mov r24,r22
 693 01c6 972F      		mov r25,r23
 694 01c8 6AE0      		ldi r22,lo8(10)
 695 01ca 70E0      		ldi r23,hi8(10)
 696 01cc 0E94 0000 		call __udivmodhi4
 697 01d0 CB01      		movw r24,r22
 698 01d2 6AE0      		ldi r22,lo8(10)
 699 01d4 70E0      		ldi r23,hi8(10)
 700 01d6 0E94 0000 		call __udivmodhi4
 701 01da 805D      		subi r24,lo8(-(48))
 702 01dc 0E94 0000 		call lcd_data
 703               	.LM93:
 704 01e0 812F      		mov r24,r17
 705 01e2 902F      		mov r25,r16
 706 01e4 6AE0      		ldi r22,lo8(10)
 707 01e6 70E0      		ldi r23,hi8(10)
 708 01e8 0E94 0000 		call __udivmodhi4
 709 01ec 805D      		subi r24,lo8(-(48))
 710 01ee 0E94 0000 		call lcd_data
 711               	.LM94:
 712 01f2 8D2D      		mov r24,r13
 713 01f4 9C2D      		mov r25,r12
 714 01f6 6AE0      		ldi r22,lo8(10)
 715 01f8 70E0      		ldi r23,hi8(10)
 716 01fa 0E94 0000 		call __udivmodhi4
 717 01fe 805D      		subi r24,lo8(-(48))
 718 0200 0E94 0000 		call lcd_data
 719               	.LM95:
 720 0204 C701      		movw r24,r14
 721 0206 6AE0      		ldi r22,lo8(10)
 722 0208 70E0      		ldi r23,hi8(10)
 723 020a 0E94 0000 		call __udivmodhi4
 724 020e 805D      		subi r24,lo8(-(48))
 725 0210 0E94 0000 		call lcd_data
 726               	/* epilogue start */
 727               	.LM96:
 728 0214 1F91      		pop r17
 729 0216 0F91      		pop r16
 730 0218 FF90      		pop r15
 731 021a EF90      		pop r14
 732               	.LVL36:
 733 021c DF90      		pop r13
 734 021e CF90      		pop r12
 735 0220 0895      		ret
 736               	.LFE17:
 738               	.global	__vector_11
 740               	__vector_11:
 741               	.LFB18:
 742               	.LM97:
 743 0222 1F92      		push __zero_reg__
 744 0224 0F92      		push r0
 745 0226 0FB6      		in r0,__SREG__
 746 0228 0F92      		push r0
 747 022a 1124      		clr __zero_reg__
 748 022c 8F93      		push r24
 749 022e EF93      		push r30
 750 0230 FF93      		push r31
 751               	/* prologue: Signal */
 752               	/* frame size = 0 */
 753               	.LM98:
 754 0232 8CB1      		in r24,44-32
 755 0234 8093 0000 		sts charRead,r24
 756               	.LM99:
 757 0238 8091 0000 		lds r24,charRead
 758 023c 8432      		cpi r24,lo8(36)
 759 023e 01F4      		brne .L36
 760 0240 8091 0000 		lds r24,GPScap
 761 0244 8823      		tst r24
 762 0246 01F4      		brne .L36
 763               	.LM100:
 764 0248 1092 0000 		sts i,__zero_reg__
 765               	.LM101:
 766 024c E091 0000 		lds r30,i
 767 0250 F0E0      		ldi r31,lo8(0)
 768 0252 8091 0000 		lds r24,charRead
 769 0256 E050      		subi r30,lo8(-(stringRead))
 770 0258 F040      		sbci r31,hi8(-(stringRead))
 771 025a 8083      		st Z,r24
 772               	.LM102:
 773 025c 81E0      		ldi r24,lo8(1)
 774 025e 8093 0000 		sts GPScap,r24
 775 0262 00C0      		rjmp .L40
 776               	.L36:
 777               	.LM103:
 778 0264 8091 0000 		lds r24,GPScap
 779 0268 8130      		cpi r24,lo8(1)
 780 026a 01F4      		brne .L38
 781 026c 8091 0000 		lds r24,charRead
 782 0270 8D30      		cpi r24,lo8(13)
 783 0272 01F0      		breq .L38
 784               	.LM104:
 785 0274 E091 0000 		lds r30,i
 786 0278 F0E0      		ldi r31,lo8(0)
 787 027a 8091 0000 		lds r24,charRead
 788 027e E050      		subi r30,lo8(-(stringRead))
 789 0280 F040      		sbci r31,hi8(-(stringRead))
 790 0282 8083      		st Z,r24
 791               	.L40:
 792               	.LM105:
 793 0284 8091 0000 		lds r24,i
 794 0288 8F5F      		subi r24,lo8(-(1))
 795 028a 8093 0000 		sts i,r24
 796 028e 00C0      		rjmp .L39
 797               	.L38:
 798               	.LM106:
 799 0290 8091 0000 		lds r24,charRead
 800 0294 8D30      		cpi r24,lo8(13)
 801 0296 01F4      		brne .L39
 802               	.LM107:
 803 0298 E091 0000 		lds r30,i
 804 029c F0E0      		ldi r31,lo8(0)
 805 029e E050      		subi r30,lo8(-(stringRead))
 806 02a0 F040      		sbci r31,hi8(-(stringRead))
 807 02a2 1082      		st Z,__zero_reg__
 808               	.LM108:
 809 02a4 83E0      		ldi r24,lo8(3)
 810 02a6 8093 0000 		sts GPScap,r24
 811               	.L39:
 812               	/* epilogue start */
 813               	.LM109:
 814 02aa FF91      		pop r31
 815 02ac EF91      		pop r30
 816 02ae 8F91      		pop r24
 817 02b0 0F90      		pop r0
 818 02b2 0FBE      		out __SREG__,r0
 819 02b4 0F90      		pop r0
 820 02b6 1F90      		pop __zero_reg__
 821 02b8 1895      		reti
 822               	.LFE18:
 824               	.global	gpsatol
 826               	gpsatol:
 827               	.LFB19:
 828               	.LM110:
 829               	.LVL37:
 830 02ba 1F93      		push r17
 831 02bc CF93      		push r28
 832 02be DF93      		push r29
 833               	/* prologue: function */
 834               	/* frame size = 0 */
 835 02c0 EC01      		movw r28,r24
 836               	.LM111:
 837 02c2 20E0      		ldi r18,lo8(0)
 838 02c4 30E0      		ldi r19,hi8(0)
 839 02c6 40E0      		ldi r20,hlo8(0)
 840 02c8 50E0      		ldi r21,hhi8(0)
 841               	.LVL38:
 842 02ca 00C0      		rjmp .L42
 843               	.LVL39:
 844               	.L43:
 845               	.LM112:
 846 02cc CA01      		movw r24,r20
 847 02ce B901      		movw r22,r18
 848 02d0 2AE0      		ldi r18,lo8(10)
 849 02d2 30E0      		ldi r19,hi8(10)
 850 02d4 40E0      		ldi r20,hlo8(10)
 851 02d6 50E0      		ldi r21,hhi8(10)
 852               	.LVL40:
 853 02d8 0E94 0000 		call __mulsi3
 854 02dc 212F      		mov r18,r17
 855               	.LVL41:
 856 02de 30E0      		ldi r19,lo8(0)
 857 02e0 40E0      		ldi r20,lo8(0)
 858 02e2 50E0      		ldi r21,hi8(0)
 859 02e4 2053      		subi r18,lo8(-(-48))
 860 02e6 3040      		sbci r19,hi8(-(-48))
 861 02e8 4040      		sbci r20,hlo8(-(-48))
 862 02ea 5040      		sbci r21,hhi8(-(-48))
 863               	.LVL42:
 864 02ec 260F      		add r18,r22
 865 02ee 371F      		adc r19,r23
 866 02f0 481F      		adc r20,r24
 867 02f2 591F      		adc r21,r25
 868 02f4 2196      		adiw r28,1
 869               	.LVL43:
 870               	.L42:
 871               	.LM113:
 872 02f6 1881      		ld r17,Y
 873 02f8 1123      		tst r17
 874 02fa 01F4      		brne .L43
 875               	.LM114:
 876 02fc B901      		movw r22,r18
 877               	.LVL44:
 878 02fe CA01      		movw r24,r20
 879               	.LVL45:
 880               	/* epilogue start */
 881 0300 DF91      		pop r29
 882 0302 CF91      		pop r28
 883               	.LVL46:
 884 0304 1F91      		pop r17
 885 0306 0895      		ret
 886               	.LFE19:
 888               	.global	gpstime
 890               	gpstime:
 891               	.LFB20:
 892               	.LM115:
 893               	/* prologue: function */
 894               	/* frame size = 0 */
 895               	.LM116:
 896 0308 8091 0000 		lds r24,timeString
 897 030c 2091 0000 		lds r18,timeString+1
 898 0310 2051      		subi r18,lo8(-(-16))
 899 0312 3AE0      		ldi r19,lo8(10)
 900 0314 839F      		mul r24,r19
 901 0316 C001      		movw r24,r0
 902 0318 1124      		clr r1
 903 031a 280F      		add r18,r24
 904 031c 2093 0000 		sts hour,r18
 905               	.LM117:
 906 0320 8091 0000 		lds r24,timeString+2
 907 0324 2091 0000 		lds r18,timeString+3
 908 0328 2051      		subi r18,lo8(-(-16))
 909 032a 839F      		mul r24,r19
 910 032c C001      		movw r24,r0
 911 032e 1124      		clr r1
 912 0330 280F      		add r18,r24
 913 0332 2093 0000 		sts min,r18
 914               	.LM118:
 915 0336 8091 0000 		lds r24,timeString+4
 916 033a 2091 0000 		lds r18,timeString+5
 917 033e 2051      		subi r18,lo8(-(-16))
 918 0340 839F      		mul r24,r19
 919 0342 C001      		movw r24,r0
 920 0344 1124      		clr r1
 921 0346 280F      		add r18,r24
 922 0348 2093 0000 		sts sec,r18
 923               	/* epilogue start */
 924               	.LM119:
 925 034c 0895      		ret
 926               	.LFE20:
 928               	.global	gpsposlat
 930               	gpsposlat:
 931               	.LFB21:
 932               	.LM120:
 933               	/* prologue: function */
 934               	/* frame size = 0 */
 935               	.LM121:
 936 034e 8091 0000 		lds r24,timeString
 937 0352 2091 0000 		lds r18,timeString+1
 938 0356 2051      		subi r18,lo8(-(-16))
 939 0358 FAE0      		ldi r31,lo8(10)
 940 035a 8F9F      		mul r24,r31
 941 035c C001      		movw r24,r0
 942 035e 1124      		clr r1
 943 0360 280F      		add r18,r24
 944 0362 2093 0000 		sts latdeg,r18
 945               	.LM122:
 946 0366 8091 0000 		lds r24,timeString+2
 947 036a 2091 0000 		lds r18,timeString+3
 948 036e 2051      		subi r18,lo8(-(-16))
 949 0370 8F9F      		mul r24,r31
 950 0372 C001      		movw r24,r0
 951 0374 1124      		clr r1
 952 0376 280F      		add r18,r24
 953 0378 2093 0000 		sts latmin,r18
 954               	.LM123:
 955 037c 2091 0000 		lds r18,timeString+6
 956 0380 A091 0000 		lds r26,timeString+5
 957 0384 4091 0000 		lds r20,timeString+7
 958 0388 6091 0000 		lds r22,timeString+8
 959 038c 70E0      		ldi r23,lo8(0)
 960 038e 605D      		subi r22,lo8(-(-5328))
 961 0390 7441      		sbci r23,hi8(-(-5328))
 962 0392 E4E6      		ldi r30,lo8(100)
 963 0394 2E9F      		mul r18,r30
 964 0396 9001      		movw r18,r0
 965 0398 1124      		clr r1
 966 039a 620F      		add r22,r18
 967 039c 731F      		adc r23,r19
 968 039e 4F9F      		mul r20,r31
 969 03a0 A001      		movw r20,r0
 970 03a2 1124      		clr r1
 971 03a4 640F      		add r22,r20
 972 03a6 751F      		adc r23,r21
 973 03a8 B0E0      		ldi r27,lo8(0)
 974 03aa D097      		sbiw r26,48
 975 03ac 28EE      		ldi r18,lo8(1000)
 976 03ae 33E0      		ldi r19,hi8(1000)
 977 03b0 C901      		movw r24,r18
 978 03b2 A89F      		mul r26,r24
 979 03b4 9001      		movw r18,r0
 980 03b6 A99F      		mul r26,r25
 981 03b8 300D      		add r19,r0
 982 03ba B89F      		mul r27,r24
 983 03bc 300D      		add r19,r0
 984 03be 1124      		clr r1
 985 03c0 620F      		add r22,r18
 986 03c2 731F      		adc r23,r19
 987 03c4 8827      		clr r24
 988 03c6 77FD      		sbrc r23,7
 989 03c8 8095      		com r24
 990 03ca 982F      		mov r25,r24
 991 03cc 0E94 0000 		call __floatsisf
 992 03d0 6093 0000 		sts latdsec,r22
 993 03d4 7093 0000 		sts (latdsec)+1,r23
 994 03d8 8093 0000 		sts (latdsec)+2,r24
 995 03dc 9093 0000 		sts (latdsec)+3,r25
 996               	/* epilogue start */
 997               	.LM124:
 998 03e0 0895      		ret
 999               	.LFE21:
 1001               	.global	gpsposlong
 1003               	gpsposlong:
 1004               	.LFB22:
 1005               	.LM125:
 1006               	/* prologue: function */
 1007               	/* frame size = 0 */
 1008               	.LM126:
 1009 03e2 2091 0000 		lds r18,timeString
 1010 03e6 4091 0000 		lds r20,timeString+1
 1011 03ea 8091 0000 		lds r24,timeString+2
 1012 03ee 805D      		subi r24,lo8(-(48))
 1013 03f0 B4E6      		ldi r27,lo8(100)
 1014 03f2 2B9F      		mul r18,r27
 1015 03f4 9001      		movw r18,r0
 1016 03f6 1124      		clr r1
 1017 03f8 820F      		add r24,r18
 1018 03fa AAE0      		ldi r26,lo8(10)
 1019 03fc 4A9F      		mul r20,r26
 1020 03fe A001      		movw r20,r0
 1021 0400 1124      		clr r1
 1022 0402 840F      		add r24,r20
 1023 0404 8093 0000 		sts lngdeg,r24
 1024               	.LM127:
 1025 0408 8091 0000 		lds r24,timeString+3
 1026 040c 2091 0000 		lds r18,timeString+4
 1027 0410 2051      		subi r18,lo8(-(-16))
 1028 0412 8A9F      		mul r24,r26
 1029 0414 C001      		movw r24,r0
 1030 0416 1124      		clr r1
 1031 0418 280F      		add r18,r24
 1032 041a 2093 0000 		sts lngmin,r18
 1033               	.LM128:
 1034 041e 2091 0000 		lds r18,timeString+7
 1035 0422 E091 0000 		lds r30,timeString+6
 1036 0426 4091 0000 		lds r20,timeString+8
 1037 042a 6091 0000 		lds r22,timeString+9
 1038 042e 70E0      		ldi r23,lo8(0)
 1039 0430 605D      		subi r22,lo8(-(-5328))
 1040 0432 7441      		sbci r23,hi8(-(-5328))
 1041 0434 2B9F      		mul r18,r27
 1042 0436 9001      		movw r18,r0
 1043 0438 1124      		clr r1
 1044 043a 620F      		add r22,r18
 1045 043c 731F      		adc r23,r19
 1046 043e 4A9F      		mul r20,r26
 1047 0440 A001      		movw r20,r0
 1048 0442 1124      		clr r1
 1049 0444 640F      		add r22,r20
 1050 0446 751F      		adc r23,r21
 1051 0448 F0E0      		ldi r31,lo8(0)
 1052 044a F097      		sbiw r30,48
 1053 044c 28EE      		ldi r18,lo8(1000)
 1054 044e 33E0      		ldi r19,hi8(1000)
 1055 0450 C901      		movw r24,r18
 1056 0452 E89F      		mul r30,r24
 1057 0454 9001      		movw r18,r0
 1058 0456 E99F      		mul r30,r25
 1059 0458 300D      		add r19,r0
 1060 045a F89F      		mul r31,r24
 1061 045c 300D      		add r19,r0
 1062 045e 1124      		clr r1
 1063 0460 620F      		add r22,r18
 1064 0462 731F      		adc r23,r19
 1065 0464 8827      		clr r24
 1066 0466 77FD      		sbrc r23,7
 1067 0468 8095      		com r24
 1068 046a 982F      		mov r25,r24
 1069 046c 0E94 0000 		call __floatsisf
 1070 0470 6093 0000 		sts lngdsec,r22
 1071 0474 7093 0000 		sts (lngdsec)+1,r23
 1072 0478 8093 0000 		sts (lngdsec)+2,r24
 1073 047c 9093 0000 		sts (lngdsec)+3,r25
 1074               	/* epilogue start */
 1075               	.LM129:
 1076 0480 0895      		ret
 1077               	.LFE22:
 1079               		.data
 1080               	.LC0:
 1081 0000 4C41 543A 		.string	"LAT:"
 1081      00
 1082               	.LC1:
 1083 0005 4C4F 4E3A 		.string	"LON:"
 1083      00
 1084               	.LC2:
 1085 000a 4F75 7420 		.string	"Out of coverage"
 1085      6F66 2063 
 1085      6F76 6572 
 1085      6167 6500 
 1086               	.LC3:
 1087 001a 5361 7420 		.string	"Sat no.="
 1087      6E6F 2E3D 
 1087      00
 1088               		.text
 1089               	.global	showlatlong
 1091               	showlatlong:
 1092               	.LFB24:
 1093               	.LM130:
 1094 0482 FF92      		push r15
 1095 0484 0F93      		push r16
 1096 0486 1F93      		push r17
 1097               	/* prologue: function */
 1098               	/* frame size = 0 */
 1099               	.LM131:
 1100 0488 8091 0000 		lds r24,Pfix
 1101 048c 8823      		tst r24
 1102 048e 01F4      		brne .+2
 1103 0490 00C0      		rjmp .L52
 1104               	.LBB306:
 1105               	.LBB307:
 1106               	.LM132:
 1107 0492 84E8      		ldi r24,lo8(-124)
 1108 0494 88BB      		out 56-32,r24
 1109               	.LM133:
 1110 0496 80E8      		ldi r24,lo8(-128)
 1111 0498 88BB      		out 56-32,r24
 1112               	.LM134:
 1113 049a 44E0      		ldi r20,lo8(4)
 1114 049c F42E      		mov r15,r20
 1115 049e F8BA      		out 56-32,r15
 1116               	.LM135:
 1117 04a0 18BA      		out 56-32,__zero_reg__
 1118               	.LBB308:
 1119               	.LBB309:
 1120               	.LBB310:
 1121               	.LBB311:
 1122               	.LM136:
 1123 04a2 00E4      		ldi r16,lo8(8000)
 1124 04a4 1FE1      		ldi r17,hi8(8000)
 1125 04a6 C801      		movw r24,r16
 1126               	.LVL47:
 1127               	/* #APP */
 1128               	 ;  105 "c:/winavr-20090313/lib/gcc/../../avr/include/util/delay_basic.h" 1
 1129 04a8 0197      		1: sbiw r24,1
 1130 04aa 01F4      		brne 1b
 1131               	 ;  0 "" 2
 1132               	/* #NOAPP */
 1133               	.LBE311:
 1134               	.LBE310:
 1135               	.LBE309:
 1136               	.LBE308:
 1137               	.LBB312:
 1138               	.LBB313:
 1139               	.LBB314:
 1140               	.LBB315:
 1141 04ac C801      		movw r24,r16
 1142               	.LVL48:
 1143               	/* #APP */
 1144               	 ;  105 "c:/winavr-20090313/lib/gcc/../../avr/include/util/delay_basic.h" 1
 1145 04ae 0197      		1: sbiw r24,1
 1146 04b0 01F4      		brne 1b
 1147               	 ;  0 "" 2
 1148               	/* #NOAPP */
 1149               	.LBE315:
 1150               	.LBE314:
 1151               	.LBE313:
 1152               	.LBE312:
 1153               	.LBE307:
 1154               	.LBE306:
 1155               	.LM137:
 1156 04b2 80E0      		ldi r24,lo8(.LC0)
 1157 04b4 90E0      		ldi r25,hi8(.LC0)
 1158               	.LVL49:
 1159 04b6 0E94 0000 		call lcd_puts
 1160               	.LM138:
 1161 04ba 8091 0000 		lds r24,latdeg
 1162 04be 0E94 0000 		call itoa
 1163               	.LM139:
 1164 04c2 8DE2      		ldi r24,lo8(45)
 1165 04c4 0E94 0000 		call lcd_data
 1166               	.LM140:
 1167 04c8 8091 0000 		lds r24,latmin
 1168 04cc 0E94 0000 		call itoa
 1169               	.LM141:
 1170 04d0 8DE2      		ldi r24,lo8(45)
 1171 04d2 0E94 0000 		call lcd_data
 1172               	.LM142:
 1173 04d6 6091 0000 		lds r22,latdsec
 1174 04da 7091 0000 		lds r23,(latdsec)+1
 1175 04de 8091 0000 		lds r24,(latdsec)+2
 1176 04e2 9091 0000 		lds r25,(latdsec)+3
 1177 04e6 20E0      		ldi r18,lo8(0x42700000)
 1178 04e8 30E0      		ldi r19,hi8(0x42700000)
 1179 04ea 40E7      		ldi r20,hlo8(0x42700000)
 1180 04ec 52E4      		ldi r21,hhi8(0x42700000)
 1181 04ee 0E94 0000 		call __mulsf3
 1182 04f2 6093 0000 		sts latdsec,r22
 1183 04f6 7093 0000 		sts (latdsec)+1,r23
 1184 04fa 8093 0000 		sts (latdsec)+2,r24
 1185 04fe 9093 0000 		sts (latdsec)+3,r25
 1186               	.LM143:
 1187 0502 6091 0000 		lds r22,latdsec
 1188 0506 7091 0000 		lds r23,(latdsec)+1
 1189 050a 8091 0000 		lds r24,(latdsec)+2
 1190 050e 9091 0000 		lds r25,(latdsec)+3
 1191 0512 20E0      		ldi r18,lo8(0x461c4000)
 1192 0514 30E4      		ldi r19,hi8(0x461c4000)
 1193 0516 4CE1      		ldi r20,hlo8(0x461c4000)
 1194 0518 56E4      		ldi r21,hhi8(0x461c4000)
 1195 051a 0E94 0000 		call __divsf3
 1196 051e 6093 0000 		sts latdsec,r22
 1197 0522 7093 0000 		sts (latdsec)+1,r23
 1198 0526 8093 0000 		sts (latdsec)+2,r24
 1199 052a 9093 0000 		sts (latdsec)+3,r25
 1200               	.LM144:
 1201 052e 6091 0000 		lds r22,latdsec
 1202 0532 7091 0000 		lds r23,(latdsec)+1
 1203 0536 8091 0000 		lds r24,(latdsec)+2
 1204 053a 9091 0000 		lds r25,(latdsec)+3
 1205               	.LM145:
 1206 053e 0E94 0000 		call __fixunssfsi
 1207 0542 DC01      		movw r26,r24
 1208 0544 CB01      		movw r24,r22
 1209 0546 0E94 0000 		call itoa
 1210               	.LM146:
 1211 054a 8091 0000 		lds r24,Latcard
 1212 054e 0E94 0000 		call lcd_data
 1213               	.LBB316:
 1214               	.LBB317:
 1215               	.LM147:
 1216 0552 84EC      		ldi r24,lo8(-60)
 1217 0554 88BB      		out 56-32,r24
 1218               	.LM148:
 1219 0556 80EC      		ldi r24,lo8(-64)
 1220 0558 88BB      		out 56-32,r24
 1221               	.LM149:
 1222 055a F8BA      		out 56-32,r15
 1223               	.LM150:
 1224 055c 18BA      		out 56-32,__zero_reg__
 1225               	.LBB318:
 1226               	.LBB319:
 1227               	.LBB320:
 1228               	.LBB321:
 1229               	.LM151:
 1230 055e C801      		movw r24,r16
 1231               	.LVL50:
 1232               	/* #APP */
 1233               	 ;  105 "c:/winavr-20090313/lib/gcc/../../avr/include/util/delay_basic.h" 1
 1234 0560 0197      		1: sbiw r24,1
 1235 0562 01F4      		brne 1b
 1236               	 ;  0 "" 2
 1237               	/* #NOAPP */
 1238               	.LBE321:
 1239               	.LBE320:
 1240               	.LBE319:
 1241               	.LBE318:
 1242               	.LBB322:
 1243               	.LBB323:
 1244               	.LBB324:
 1245               	.LBB325:
 1246 0564 C801      		movw r24,r16
 1247               	.LVL51:
 1248               	/* #APP */
 1249               	 ;  105 "c:/winavr-20090313/lib/gcc/../../avr/include/util/delay_basic.h" 1
 1250 0566 0197      		1: sbiw r24,1
 1251 0568 01F4      		brne 1b
 1252               	 ;  0 "" 2
 1253               	/* #NOAPP */
 1254               	.LBE325:
 1255               	.LBE324:
 1256               	.LBE323:
 1257               	.LBE322:
 1258               	.LBE317:
 1259               	.LBE316:
 1260               	.LM152:
 1261 056a 80E0      		ldi r24,lo8(.LC1)
 1262 056c 90E0      		ldi r25,hi8(.LC1)
 1263               	.LVL52:
 1264 056e 0E94 0000 		call lcd_puts
 1265               	.LM153:
 1266 0572 8091 0000 		lds r24,lngdeg
 1267 0576 0E94 0000 		call itoa
 1268               	.LM154:
 1269 057a 8DE2      		ldi r24,lo8(45)
 1270 057c 0E94 0000 		call lcd_data
 1271               	.LM155:
 1272 0580 8091 0000 		lds r24,lngmin
 1273 0584 0E94 0000 		call itoa
 1274               	.LM156:
 1275 0588 8DE2      		ldi r24,lo8(45)
 1276 058a 0E94 0000 		call lcd_data
 1277               	.LM157:
 1278 058e 6091 0000 		lds r22,lngdsec
 1279 0592 7091 0000 		lds r23,(lngdsec)+1
 1280 0596 8091 0000 		lds r24,(lngdsec)+2
 1281 059a 9091 0000 		lds r25,(lngdsec)+3
 1282 059e 20E0      		ldi r18,lo8(0x42700000)
 1283 05a0 30E0      		ldi r19,hi8(0x42700000)
 1284 05a2 40E7      		ldi r20,hlo8(0x42700000)
 1285 05a4 52E4      		ldi r21,hhi8(0x42700000)
 1286 05a6 0E94 0000 		call __mulsf3
 1287 05aa 6093 0000 		sts lngdsec,r22
 1288 05ae 7093 0000 		sts (lngdsec)+1,r23
 1289 05b2 8093 0000 		sts (lngdsec)+2,r24
 1290 05b6 9093 0000 		sts (lngdsec)+3,r25
 1291               	.LM158:
 1292 05ba 6091 0000 		lds r22,lngdsec
 1293 05be 7091 0000 		lds r23,(lngdsec)+1
 1294 05c2 8091 0000 		lds r24,(lngdsec)+2
 1295 05c6 9091 0000 		lds r25,(lngdsec)+3
 1296 05ca 20E0      		ldi r18,lo8(0x461c4000)
 1297 05cc 30E4      		ldi r19,hi8(0x461c4000)
 1298 05ce 4CE1      		ldi r20,hlo8(0x461c4000)
 1299 05d0 56E4      		ldi r21,hhi8(0x461c4000)
 1300 05d2 0E94 0000 		call __divsf3
 1301 05d6 6093 0000 		sts lngdsec,r22
 1302 05da 7093 0000 		sts (lngdsec)+1,r23
 1303 05de 8093 0000 		sts (lngdsec)+2,r24
 1304 05e2 9093 0000 		sts (lngdsec)+3,r25
 1305               	.LM159:
 1306 05e6 6091 0000 		lds r22,lngdsec
 1307 05ea 7091 0000 		lds r23,(lngdsec)+1
 1308 05ee 8091 0000 		lds r24,(lngdsec)+2
 1309 05f2 9091 0000 		lds r25,(lngdsec)+3
 1310               	.LM160:
 1311 05f6 0E94 0000 		call __fixunssfsi
 1312 05fa DC01      		movw r26,r24
 1313 05fc CB01      		movw r24,r22
 1314 05fe 0E94 0000 		call itoa
 1315               	.LM161:
 1316 0602 8091 0000 		lds r24,Lngcard
 1317 0606 0E94 0000 		call lcd_data
 1318 060a 00C0      		rjmp .L54
 1319               	.L52:
 1320               	.LBB326:
 1321               	.LBB327:
 1322               	.LM162:
 1323 060c 84E8      		ldi r24,lo8(-124)
 1324 060e 88BB      		out 56-32,r24
 1325               	.LM163:
 1326 0610 80E8      		ldi r24,lo8(-128)
 1327 0612 88BB      		out 56-32,r24
 1328               	.LM164:
 1329 0614 34E0      		ldi r19,lo8(4)
 1330 0616 F32E      		mov r15,r19
 1331 0618 F8BA      		out 56-32,r15
 1332               	.LM165:
 1333 061a 18BA      		out 56-32,__zero_reg__
 1334               	.LBB328:
 1335               	.LBB329:
 1336               	.LBB330:
 1337               	.LBB331:
 1338               	.LM166:
 1339 061c 00E4      		ldi r16,lo8(8000)
 1340 061e 1FE1      		ldi r17,hi8(8000)
 1341 0620 C801      		movw r24,r16
 1342               	.LVL53:
 1343               	/* #APP */
 1344               	 ;  105 "c:/winavr-20090313/lib/gcc/../../avr/include/util/delay_basic.h" 1
 1345 0622 0197      		1: sbiw r24,1
 1346 0624 01F4      		brne 1b
 1347               	 ;  0 "" 2
 1348               	/* #NOAPP */
 1349               	.LBE331:
 1350               	.LBE330:
 1351               	.LBE329:
 1352               	.LBE328:
 1353               	.LBB332:
 1354               	.LBB333:
 1355               	.LBB334:
 1356               	.LBB335:
 1357 0626 C801      		movw r24,r16
 1358               	.LVL54:
 1359               	/* #APP */
 1360               	 ;  105 "c:/winavr-20090313/lib/gcc/../../avr/include/util/delay_basic.h" 1
 1361 0628 0197      		1: sbiw r24,1
 1362 062a 01F4      		brne 1b
 1363               	 ;  0 "" 2
 1364               	/* #NOAPP */
 1365               	.LBE335:
 1366               	.LBE334:
 1367               	.LBE333:
 1368               	.LBE332:
 1369               	.LBE327:
 1370               	.LBE326:
 1371               	.LM167:
 1372 062c 80E0      		ldi r24,lo8(.LC2)
 1373 062e 90E0      		ldi r25,hi8(.LC2)
 1374               	.LVL55:
 1375 0630 0E94 0000 		call lcd_puts
 1376               	.LBB336:
 1377               	.LBB337:
 1378               	.LM168:
 1379 0634 84EC      		ldi r24,lo8(-60)
 1380 0636 88BB      		out 56-32,r24
 1381               	.LM169:
 1382 0638 80EC      		ldi r24,lo8(-64)
 1383 063a 88BB      		out 56-32,r24
 1384               	.LM170:
 1385 063c F8BA      		out 56-32,r15
 1386               	.LM171:
 1387 063e 18BA      		out 56-32,__zero_reg__
 1388               	.LBB338:
 1389               	.LBB339:
 1390               	.LBB340:
 1391               	.LBB341:
 1392               	.LM172:
 1393 0640 C801      		movw r24,r16
 1394               	.LVL56:
 1395               	/* #APP */
 1396               	 ;  105 "c:/winavr-20090313/lib/gcc/../../avr/include/util/delay_basic.h" 1
 1397 0642 0197      		1: sbiw r24,1
 1398 0644 01F4      		brne 1b
 1399               	 ;  0 "" 2
 1400               	/* #NOAPP */
 1401               	.LBE341:
 1402               	.LBE340:
 1403               	.LBE339:
 1404               	.LBE338:
 1405               	.LBB342:
 1406               	.LBB343:
 1407               	.LBB344:
 1408               	.LBB345:
 1409 0646 C801      		movw r24,r16
 1410               	.LVL57:
 1411               	/* #APP */
 1412               	 ;  105 "c:/winavr-20090313/lib/gcc/../../avr/include/util/delay_basic.h" 1
 1413 0648 0197      		1: sbiw r24,1
 1414 064a 01F4      		brne 1b
 1415               	 ;  0 "" 2
 1416               	/* #NOAPP */
 1417               	.LBE345:
 1418               	.LBE344:
 1419               	.LBE343:
 1420               	.LBE342:
 1421               	.LBE337:
 1422               	.LBE336:
 1423               	.LM173:
 1424 064c 80E0      		ldi r24,lo8(.LC3)
 1425 064e 90E0      		ldi r25,hi8(.LC3)
 1426               	.LVL58:
 1427 0650 0E94 0000 		call lcd_puts
 1428               	.LM174:
 1429 0654 8091 0000 		lds r24,nSV
 1430 0658 0E94 0000 		call itoa
 1431               	.L54:
 1432               	/* epilogue start */
 1433               	.LM175:
 1434 065c 1F91      		pop r17
 1435 065e 0F91      		pop r16
 1436 0660 FF90      		pop r15
 1437 0662 0895      		ret
 1438               	.LFE24:
 1440               	.global	parseGPS
 1442               	parseGPS:
 1443               	.LFB23:
 1444               	.LM176:
 1445 0664 1F93      		push r17
 1446               	/* prologue: function */
 1447               	/* frame size = 0 */
 1448               	.L56:
 1449               	.LM177:
 1450 0666 8091 0000 		lds r24,GPScap
 1451 066a 8330      		cpi r24,lo8(3)
 1452 066c 01F4      		brne .L56
 1453               	.LM178:
 1454 066e 8091 0000 		lds r24,stringRead+3
 1455 0672 8734      		cpi r24,lo8(71)
 1456 0674 01F0      		breq .+2
 1457 0676 00C0      		rjmp .L57
 1458 0678 8091 0000 		lds r24,stringRead+4
 1459 067c 8734      		cpi r24,lo8(71)
 1460 067e 01F0      		breq .+2
 1461 0680 00C0      		rjmp .L57
 1462 0682 8091 0000 		lds r24,stringRead+5
 1463 0686 8134      		cpi r24,lo8(65)
 1464 0688 01F0      		breq .+2
 1465 068a 00C0      		rjmp .L57
 1466               	.LM179:
 1467 068c 8BB3      		in r24,59-32
 1468 068e 8095      		com r24
 1469 0690 8071      		andi r24,lo8(16)
 1470 0692 8BBB      		out 59-32,r24
 1471 0694 40E0      		ldi r20,lo8(0)
 1472               	.LVL59:
 1473 0696 00C0      		rjmp .L58
 1474               	.L59:
 1475               	.LM180:
 1476 0698 A050      		subi r26,lo8(-(timeString))
 1477 069a B040      		sbci r27,hi8(-(timeString))
 1478 069c EC93      		st X,r30
 1479               	.LM181:
 1480 069e 4F5F      		subi r20,lo8(-(1))
 1481               	.L58:
 1482 06a0 495F      		subi r20,lo8(-(7))
 1483               	.LM182:
 1484 06a2 E42F      		mov r30,r20
 1485 06a4 F0E0      		ldi r31,lo8(0)
 1486 06a6 4750      		subi r20,lo8(-(-7))
 1487 06a8 E050      		subi r30,lo8(-(stringRead))
 1488 06aa F040      		sbci r31,hi8(-(stringRead))
 1489 06ac E081      		ld r30,Z
 1490 06ae A42F      		mov r26,r20
 1491 06b0 B0E0      		ldi r27,lo8(0)
 1492 06b2 EC32      		cpi r30,lo8(44)
 1493 06b4 01F4      		brne .L59
 1494               	.LM183:
 1495 06b6 A050      		subi r26,lo8(-(timeString))
 1496 06b8 B040      		sbci r27,hi8(-(timeString))
 1497 06ba 1C92      		st X,__zero_reg__
 1498               	.LBB346:
 1499               	.LBB347:
 1500               	.LM184:
 1501 06bc 8091 0000 		lds r24,timeString
 1502 06c0 2091 0000 		lds r18,timeString+1
 1503 06c4 2051      		subi r18,lo8(-(-16))
 1504 06c6 3AE0      		ldi r19,lo8(10)
 1505 06c8 839F      		mul r24,r19
 1506 06ca C001      		movw r24,r0
 1507 06cc 1124      		clr r1
 1508 06ce 280F      		add r18,r24
 1509 06d0 2093 0000 		sts hour,r18
 1510               	.LM185:
 1511 06d4 8091 0000 		lds r24,timeString+2
 1512 06d8 2091 0000 		lds r18,timeString+3
 1513 06dc 2051      		subi r18,lo8(-(-16))
 1514 06de 839F      		mul r24,r19
 1515 06e0 C001      		movw r24,r0
 1516 06e2 1124      		clr r1
 1517 06e4 280F      		add r18,r24
 1518 06e6 2093 0000 		sts min,r18
 1519               	.LM186:
 1520 06ea 8091 0000 		lds r24,timeString+4
 1521 06ee 2091 0000 		lds r18,timeString+5
 1522 06f2 2051      		subi r18,lo8(-(-16))
 1523 06f4 839F      		mul r24,r19
 1524 06f6 C001      		movw r24,r0
 1525 06f8 1124      		clr r1
 1526 06fa 280F      		add r18,r24
 1527 06fc 2093 0000 		sts sec,r18
 1528               	.LBE347:
 1529               	.LBE346:
 1530               	.LM187:
 1531 0700 842F      		mov r24,r20
 1532               	.LVL60:
 1533 0702 885F      		subi r24,lo8(-(8))
 1534 0704 90E0      		ldi r25,lo8(0)
 1535               	.LVL61:
 1536 0706 00C0      		rjmp .L60
 1537               	.LVL62:
 1538               	.L61:
 1539               	.LM188:
 1540 0708 A050      		subi r26,lo8(-(timeString))
 1541 070a B040      		sbci r27,hi8(-(timeString))
 1542 070c EC93      		st X,r30
 1543               	.LM189:
 1544 070e 812F      		mov r24,r17
 1545               	.LM190:
 1546 0710 9F5F      		subi r25,lo8(-(1))
 1547               	.LVL63:
 1548               	.L60:
 1549               	.LM191:
 1550 0712 E82F      		mov r30,r24
 1551 0714 F0E0      		ldi r31,lo8(0)
 1552 0716 E050      		subi r30,lo8(-(stringRead))
 1553 0718 F040      		sbci r31,hi8(-(stringRead))
 1554 071a E081      		ld r30,Z
 1555 071c A92F      		mov r26,r25
 1556 071e B0E0      		ldi r27,lo8(0)
 1557 0720 182F      		mov r17,r24
 1558 0722 1F5F      		subi r17,lo8(-(1))
 1559               	.LVL64:
 1560 0724 EC32      		cpi r30,lo8(44)
 1561 0726 01F4      		brne .L61
 1562               	.LM192:
 1563 0728 A050      		subi r26,lo8(-(timeString))
 1564 072a B040      		sbci r27,hi8(-(timeString))
 1565 072c 1C92      		st X,__zero_reg__
 1566               	.LM193:
 1567 072e 0E94 0000 		call gpsposlat
 1568               	.LVL65:
 1569               	.LM194:
 1570 0732 812F      		mov r24,r17
 1571 0734 90E0      		ldi r25,lo8(0)
 1572               	.LVL66:
 1573 0736 00C0      		rjmp .L62
 1574               	.LVL67:
 1575               	.L63:
 1576               	.LM195:
 1577 0738 A050      		subi r26,lo8(-(timeString))
 1578 073a B040      		sbci r27,hi8(-(timeString))
 1579 073c EC93      		st X,r30
 1580               	.LM196:
 1581 073e 822F      		mov r24,r18
 1582               	.LM197:
 1583 0740 9F5F      		subi r25,lo8(-(1))
 1584               	.LVL68:
 1585               	.L62:
 1586               	.LM198:
 1587 0742 E82F      		mov r30,r24
 1588 0744 F0E0      		ldi r31,lo8(0)
 1589 0746 E050      		subi r30,lo8(-(stringRead))
 1590 0748 F040      		sbci r31,hi8(-(stringRead))
 1591 074a E081      		ld r30,Z
 1592 074c A92F      		mov r26,r25
 1593 074e B0E0      		ldi r27,lo8(0)
 1594 0750 282F      		mov r18,r24
 1595 0752 2F5F      		subi r18,lo8(-(1))
 1596               	.LVL69:
 1597 0754 EC32      		cpi r30,lo8(44)
 1598 0756 01F4      		brne .L63
 1599               	.LM199:
 1600 0758 A050      		subi r26,lo8(-(timeString))
 1601 075a B040      		sbci r27,hi8(-(timeString))
 1602 075c 1C92      		st X,__zero_reg__
 1603               	.LM200:
 1604 075e 8091 0000 		lds r24,timeString
 1605 0762 8093 0000 		sts Latcard,r24
 1606               	.LM201:
 1607 0766 822F      		mov r24,r18
 1608 0768 90E0      		ldi r25,lo8(0)
 1609               	.LVL70:
 1610 076a 00C0      		rjmp .L64
 1611               	.LVL71:
 1612               	.L65:
 1613               	.LM202:
 1614 076c A050      		subi r26,lo8(-(timeString))
 1615 076e B040      		sbci r27,hi8(-(timeString))
 1616 0770 EC93      		st X,r30
 1617               	.LM203:
 1618 0772 812F      		mov r24,r17
 1619               	.LM204:
 1620 0774 9F5F      		subi r25,lo8(-(1))
 1621               	.LVL72:
 1622               	.L64:
 1623               	.LM205:
 1624 0776 E82F      		mov r30,r24
 1625 0778 F0E0      		ldi r31,lo8(0)
 1626 077a E050      		subi r30,lo8(-(stringRead))
 1627 077c F040      		sbci r31,hi8(-(stringRead))
 1628 077e E081      		ld r30,Z
 1629 0780 A92F      		mov r26,r25
 1630 0782 B0E0      		ldi r27,lo8(0)
 1631 0784 182F      		mov r17,r24
 1632 0786 1F5F      		subi r17,lo8(-(1))
 1633               	.LVL73:
 1634 0788 EC32      		cpi r30,lo8(44)
 1635 078a 01F4      		brne .L65
 1636               	.LM206:
 1637 078c A050      		subi r26,lo8(-(timeString))
 1638 078e B040      		sbci r27,hi8(-(timeString))
 1639 0790 1C92      		st X,__zero_reg__
 1640               	.LM207:
 1641 0792 0E94 0000 		call gpsposlong
 1642               	.LVL74:
 1643               	.LM208:
 1644 0796 812F      		mov r24,r17
 1645 0798 90E0      		ldi r25,lo8(0)
 1646               	.LVL75:
 1647 079a 00C0      		rjmp .L66
 1648               	.LVL76:
 1649               	.L67:
 1650               	.LM209:
 1651 079c A050      		subi r26,lo8(-(timeString))
 1652 079e B040      		sbci r27,hi8(-(timeString))
 1653 07a0 EC93      		st X,r30
 1654               	.LM210:
 1655 07a2 822F      		mov r24,r18
 1656               	.LM211:
 1657 07a4 9F5F      		subi r25,lo8(-(1))
 1658               	.LVL77:
 1659               	.L66:
 1660               	.LM212:
 1661 07a6 E82F      		mov r30,r24
 1662 07a8 F0E0      		ldi r31,lo8(0)
 1663 07aa E050      		subi r30,lo8(-(stringRead))
 1664 07ac F040      		sbci r31,hi8(-(stringRead))
 1665 07ae E081      		ld r30,Z
 1666 07b0 A92F      		mov r26,r25
 1667 07b2 B0E0      		ldi r27,lo8(0)
 1668 07b4 282F      		mov r18,r24
 1669 07b6 2F5F      		subi r18,lo8(-(1))
 1670               	.LVL78:
 1671 07b8 EC32      		cpi r30,lo8(44)
 1672 07ba 01F4      		brne .L67
 1673               	.LM213:
 1674 07bc A050      		subi r26,lo8(-(timeString))
 1675 07be B040      		sbci r27,hi8(-(timeString))
 1676 07c0 1C92      		st X,__zero_reg__
 1677               	.LM214:
 1678 07c2 8091 0000 		lds r24,timeString
 1679 07c6 8093 0000 		sts Lngcard,r24
 1680               	.LM215:
 1681 07ca 822F      		mov r24,r18
 1682 07cc 90E0      		ldi r25,lo8(0)
 1683               	.LVL79:
 1684 07ce 00C0      		rjmp .L68
 1685               	.LVL80:
 1686               	.L69:
 1687               	.LM216:
 1688 07d0 A050      		subi r26,lo8(-(timeString))
 1689 07d2 B040      		sbci r27,hi8(-(timeString))
 1690 07d4 EC93      		st X,r30
 1691               	.LM217:
 1692 07d6 822F      		mov r24,r18
 1693               	.LM218:
 1694 07d8 9F5F      		subi r25,lo8(-(1))
 1695               	.LVL81:
 1696               	.L68:
 1697               	.LM219:
 1698 07da E82F      		mov r30,r24
 1699 07dc F0E0      		ldi r31,lo8(0)
 1700 07de E050      		subi r30,lo8(-(stringRead))
 1701 07e0 F040      		sbci r31,hi8(-(stringRead))
 1702 07e2 E081      		ld r30,Z
 1703 07e4 A92F      		mov r26,r25
 1704 07e6 B0E0      		ldi r27,lo8(0)
 1705 07e8 282F      		mov r18,r24
 1706 07ea 2F5F      		subi r18,lo8(-(1))
 1707               	.LVL82:
 1708 07ec EC32      		cpi r30,lo8(44)
 1709 07ee 01F4      		brne .L69
 1710               	.LM220:
 1711 07f0 A050      		subi r26,lo8(-(timeString))
 1712 07f2 B040      		sbci r27,hi8(-(timeString))
 1713 07f4 1C92      		st X,__zero_reg__
 1714               	.LM221:
 1715 07f6 8091 0000 		lds r24,timeString
 1716 07fa 8053      		subi r24,lo8(-(-48))
 1717 07fc 8093 0000 		sts Pfix,r24
 1718               	.LM222:
 1719 0800 922F      		mov r25,r18
 1720               	.LVL83:
 1721 0802 80E0      		ldi r24,lo8(0)
 1722               	.LVL84:
 1723 0804 00C0      		rjmp .L70
 1724               	.LVL85:
 1725               	.L71:
 1726               	.LM223:
 1727 0806 A050      		subi r26,lo8(-(timeString))
 1728 0808 B040      		sbci r27,hi8(-(timeString))
 1729 080a EC93      		st X,r30
 1730               	.LM224:
 1731 080c 9F5F      		subi r25,lo8(-(1))
 1732               	.LM225:
 1733 080e 8F5F      		subi r24,lo8(-(1))
 1734               	.LVL86:
 1735               	.L70:
 1736               	.LM226:
 1737 0810 E92F      		mov r30,r25
 1738 0812 F0E0      		ldi r31,lo8(0)
 1739 0814 E050      		subi r30,lo8(-(stringRead))
 1740 0816 F040      		sbci r31,hi8(-(stringRead))
 1741 0818 E081      		ld r30,Z
 1742 081a A82F      		mov r26,r24
 1743 081c B0E0      		ldi r27,lo8(0)
 1744 081e EC32      		cpi r30,lo8(44)
 1745 0820 01F4      		brne .L71
 1746               	.LM227:
 1747 0822 A050      		subi r26,lo8(-(timeString))
 1748 0824 B040      		sbci r27,hi8(-(timeString))
 1749 0826 1C92      		st X,__zero_reg__
 1750               	.LM228:
 1751 0828 8091 0000 		lds r24,timeString
 1752               	.LVL87:
 1753 082c 2091 0000 		lds r18,timeString+1
 1754 0830 2051      		subi r18,lo8(-(-16))
 1755 0832 3AE0      		ldi r19,lo8(10)
 1756 0834 839F      		mul r24,r19
 1757 0836 C001      		movw r24,r0
 1758 0838 1124      		clr r1
 1759 083a 280F      		add r18,r24
 1760 083c 2093 0000 		sts nSV,r18
 1761               	.L57:
 1762               	.LM229:
 1763 0840 0E94 0000 		call showlatlong
 1764               	.LVL88:
 1765               	.LM230:
 1766 0844 1092 0000 		sts GPScap,__zero_reg__
 1767               	/* epilogue start */
 1768               	.LM231:
 1769 0848 1F91      		pop r17
 1770 084a 0895      		ret
 1771               	.LFE23:
 1773               		.data
 1774               	.LC4:
 1775 0023 4750 5320 		.string	"GPS TIME"
 1775      5449 4D45 
 1775      00
 1776               		.text
 1777               	.global	gpsshowtime
 1779               	gpsshowtime:
 1780               	.LFB25:
 1781               	.LM232:
 1782 084c EF92      		push r14
 1783 084e FF92      		push r15
 1784 0850 0F93      		push r16
 1785 0852 1F93      		push r17
 1786               	/* prologue: function */
 1787               	/* frame size = 0 */
 1788               	.LM233:
 1789 0854 0E94 0000 		call parseGPS
 1790               	.LBB348:
 1791               	.LBB349:
 1792               	.LM234:
 1793 0858 84E8      		ldi r24,lo8(-124)
 1794 085a 88BB      		out 56-32,r24
 1795               	.LM235:
 1796 085c 80E8      		ldi r24,lo8(-128)
 1797 085e 88BB      		out 56-32,r24
 1798               	.LM236:
 1799 0860 64E2      		ldi r22,lo8(36)
 1800 0862 E62E      		mov r14,r22
 1801 0864 E8BA      		out 56-32,r14
 1802               	.LM237:
 1803 0866 50E2      		ldi r21,lo8(32)
 1804 0868 F52E      		mov r15,r21
 1805 086a F8BA      		out 56-32,r15
 1806               	.LBB350:
 1807               	.LBB351:
 1808               	.LBB352:
 1809               	.LBB353:
 1810               	.LM238:
 1811 086c 00E4      		ldi r16,lo8(8000)
 1812 086e 1FE1      		ldi r17,hi8(8000)
 1813 0870 C801      		movw r24,r16
 1814               	.LVL89:
 1815               	/* #APP */
 1816               	 ;  105 "c:/winavr-20090313/lib/gcc/../../avr/include/util/delay_basic.h" 1
 1817 0872 0197      		1: sbiw r24,1
 1818 0874 01F4      		brne 1b
 1819               	 ;  0 "" 2
 1820               	/* #NOAPP */
 1821               	.LBE353:
 1822               	.LBE352:
 1823               	.LBE351:
 1824               	.LBE350:
 1825               	.LBB354:
 1826               	.LBB355:
 1827               	.LBB356:
 1828               	.LBB357:
 1829 0876 C801      		movw r24,r16
 1830               	.LVL90:
 1831               	/* #APP */
 1832               	 ;  105 "c:/winavr-20090313/lib/gcc/../../avr/include/util/delay_basic.h" 1
 1833 0878 0197      		1: sbiw r24,1
 1834 087a 01F4      		brne 1b
 1835               	 ;  0 "" 2
 1836               	/* #NOAPP */
 1837               	.LBE357:
 1838               	.LBE356:
 1839               	.LBE355:
 1840               	.LBE354:
 1841               	.LBE349:
 1842               	.LBE348:
 1843               	.LM239:
 1844 087c 80E0      		ldi r24,lo8(.LC4)
 1845 087e 90E0      		ldi r25,hi8(.LC4)
 1846               	.LVL91:
 1847 0880 0E94 0000 		call lcd_puts
 1848               	.LBB358:
 1849               	.LBB359:
 1850               	.LM240:
 1851 0884 84EC      		ldi r24,lo8(-60)
 1852 0886 88BB      		out 56-32,r24
 1853               	.LM241:
 1854 0888 80EC      		ldi r24,lo8(-64)
 1855 088a 88BB      		out 56-32,r24
 1856               	.LM242:
 1857 088c E8BA      		out 56-32,r14
 1858               	.LM243:
 1859 088e F8BA      		out 56-32,r15
 1860               	.LBB360:
 1861               	.LBB361:
 1862               	.LBB362:
 1863               	.LBB363:
 1864               	.LM244:
 1865 0890 C801      		movw r24,r16
 1866               	.LVL92:
 1867               	/* #APP */
 1868               	 ;  105 "c:/winavr-20090313/lib/gcc/../../avr/include/util/delay_basic.h" 1
 1869 0892 0197      		1: sbiw r24,1
 1870 0894 01F4      		brne 1b
 1871               	 ;  0 "" 2
 1872               	/* #NOAPP */
 1873               	.LBE363:
 1874               	.LBE362:
 1875               	.LBE361:
 1876               	.LBE360:
 1877               	.LBB364:
 1878               	.LBB365:
 1879               	.LBB366:
 1880               	.LBB367:
 1881 0896 C801      		movw r24,r16
 1882               	.LVL93:
 1883               	/* #APP */
 1884               	 ;  105 "c:/winavr-20090313/lib/gcc/../../avr/include/util/delay_basic.h" 1
 1885 0898 0197      		1: sbiw r24,1
 1886 089a 01F4      		brne 1b
 1887               	 ;  0 "" 2
 1888               	/* #NOAPP */
 1889               	.LBE367:
 1890               	.LBE366:
 1891               	.LBE365:
 1892               	.LBE364:
 1893               	.LBE359:
 1894               	.LBE358:
 1895               	.LM245:
 1896 089c 8091 0000 		lds r24,hour
 1897               	.LVL94:
 1898 08a0 0E94 0000 		call itoa
 1899               	.LM246:
 1900 08a4 8AE3      		ldi r24,lo8(58)
 1901 08a6 0E94 0000 		call lcd_data
 1902               	.LM247:
 1903 08aa 8091 0000 		lds r24,min
 1904 08ae 0E94 0000 		call itoa
 1905               	.LM248:
 1906 08b2 8AE3      		ldi r24,lo8(58)
 1907 08b4 0E94 0000 		call lcd_data
 1908               	.LM249:
 1909 08b8 8091 0000 		lds r24,sec
 1910 08bc 0E94 0000 		call itoa
 1911               	/* epilogue start */
 1912               	.LM250:
 1913 08c0 1F91      		pop r17
 1914 08c2 0F91      		pop r16
 1915 08c4 FF90      		pop r15
 1916 08c6 EF90      		pop r14
 1917 08c8 0895      		ret
 1918               	.LFE25:
 1920               		.data
 1921               	.LC5:
 1922 002c 4750 5320 		.string	"GPS Engine.."
 1922      456E 6769 
 1922      6E65 2E2E 
 1922      00
 1923               		.text
 1924               	.global	main
 1926               	main:
 1927               	.LFB26:
 1928               	.LM251:
 1929               	/* prologue: function */
 1930               	/* frame size = 0 */
 1931               	.LBB368:
 1932               	.LBB369:
 1933               	.LM252:
 1934 08ca 8FEC      		ldi r24,lo8(-49)
 1935 08cc 89B9      		out 41-32,r24
 1936               	.LM253:
 1937 08ce 10BC      		out 64-32,__zero_reg__
 1938               	.LM254:
 1939 08d0 86E8      		ldi r24,lo8(-122)
 1940 08d2 80BD      		out 64-32,r24
 1941               	.LM255:
 1942 08d4 88E9      		ldi r24,lo8(-104)
 1943 08d6 8AB9      		out 42-32,r24
 1944               	.LM256:
 1945 08d8 85B7      		in r24,85-32
 1946 08da 8F74      		andi r24,lo8(79)
 1947 08dc 85BF      		out 85-32,r24
 1948               	.LM257:
 1949               	/* #APP */
 1950               	 ;  45 "uart.h" 1
 1951 08de 7894      		sei
 1952               	 ;  0 "" 2
 1953               	/* #NOAPP */
 1954               	.LBE369:
 1955               	.LBE368:
 1956               	.LM258:
 1957 08e0 8FEF      		ldi r24,lo8(-1)
 1958 08e2 8ABB      		out 58-32,r24
 1959               	.LM259:
 1960 08e4 1BBA      		out 59-32,__zero_reg__
 1961               	.LM260:
 1962 08e6 8FE0      		ldi r24,lo8(15)
 1963 08e8 84BB      		out 52-32,r24
 1964               	.LM261:
 1965 08ea 80EF      		ldi r24,lo8(-16)
 1966 08ec 85BB      		out 53-32,r24
 1967               	.LM262:
 1968               	/* #APP */
 1969               	 ;  283 "main.c" 1
 1970 08ee 7894      		sei
 1971               	 ;  0 "" 2
 1972               	.LM263:
 1973               	/* #NOAPP */
 1974 08f0 0E94 0000 		call lcd_init
 1975               	.LBB370:
 1976               	.LBB371:
 1977               	.LM264:
 1978 08f4 94E0      		ldi r25,lo8(4)
 1979 08f6 98BB      		out 56-32,r25
 1980               	.LM265:
 1981 08f8 18BA      		out 56-32,__zero_reg__
 1982               	.LM266:
 1983 08fa 84EC      		ldi r24,lo8(-60)
 1984 08fc 88BB      		out 56-32,r24
 1985               	.LM267:
 1986 08fe 80EC      		ldi r24,lo8(-64)
 1987 0900 88BB      		out 56-32,r24
 1988               	.LBB372:
 1989               	.LBB373:
 1990               	.LBB374:
 1991               	.LBB375:
 1992               	.LM268:
 1993 0902 20E4      		ldi r18,lo8(8000)
 1994 0904 3FE1      		ldi r19,hi8(8000)
 1995 0906 F901      		movw r30,r18
 1996               	.LVL95:
 1997               	/* #APP */
 1998               	 ;  105 "c:/winavr-20090313/lib/gcc/../../avr/include/util/delay_basic.h" 1
 1999 0908 3197      		1: sbiw r30,1
 2000 090a 01F4      		brne 1b
 2001               	 ;  0 "" 2
 2002               	/* #NOAPP */
 2003               	.LBE375:
 2004               	.LBE374:
 2005               	.LBE373:
 2006               	.LBE372:
 2007               	.LBB376:
 2008               	.LBB377:
 2009               	.LBB378:
 2010               	.LBB379:
 2011 090c F901      		movw r30,r18
 2012               	.LVL96:
 2013               	/* #APP */
 2014               	 ;  105 "c:/winavr-20090313/lib/gcc/../../avr/include/util/delay_basic.h" 1
 2015 090e 3197      		1: sbiw r30,1
 2016 0910 01F4      		brne 1b
 2017               	 ;  0 "" 2
 2018               	/* #NOAPP */
 2019               	.LBE379:
 2020               	.LBE378:
 2021               	.LBE377:
 2022               	.LBE376:
 2023               	.LBE371:
 2024               	.LBE370:
 2025               	.LBB380:
 2026               	.LBB381:
 2027               	.LM269:
 2028 0912 98BB      		out 56-32,r25
 2029               	.LM270:
 2030 0914 18BA      		out 56-32,__zero_reg__
 2031               	.LM271:
 2032 0916 84E1      		ldi r24,lo8(20)
 2033 0918 88BB      		out 56-32,r24
 2034               	.LM272:
 2035 091a 80E1      		ldi r24,lo8(16)
 2036 091c 88BB      		out 56-32,r24
 2037               	.LBB382:
 2038               	.LBB383:
 2039               	.LBB384:
 2040               	.LBB385:
 2041               	.LM273:
 2042 091e C901      		movw r24,r18
 2043               	.LVL97:
 2044               	/* #APP */
 2045               	 ;  105 "c:/winavr-20090313/lib/gcc/../../avr/include/util/delay_basic.h" 1
 2046 0920 0197      		1: sbiw r24,1
 2047 0922 01F4      		brne 1b
 2048               	 ;  0 "" 2
 2049               	/* #NOAPP */
 2050               	.LBE385:
 2051               	.LBE384:
 2052               	.LBE383:
 2053               	.LBE382:
 2054               	.LBB386:
 2055               	.LBB387:
 2056               	.LBB388:
 2057               	.LBB389:
 2058 0924 C901      		movw r24,r18
 2059               	.LVL98:
 2060               	/* #APP */
 2061               	 ;  105 "c:/winavr-20090313/lib/gcc/../../avr/include/util/delay_basic.h" 1
 2062 0926 0197      		1: sbiw r24,1
 2063 0928 01F4      		brne 1b
 2064               	 ;  0 "" 2
 2065               	/* #NOAPP */
 2066               	.LBE389:
 2067               	.LBE388:
 2068               	.LBE387:
 2069               	.LBE386:
 2070               	.LBE381:
 2071               	.LBE380:
 2072               	.LM274:
 2073 092a 80E0      		ldi r24,lo8(.LC5)
 2074 092c 90E0      		ldi r25,hi8(.LC5)
 2075               	.LVL99:
 2076 092e 0E94 0000 		call lcd_puts
 2077               	.LVL100:
 2078 0932 80E2      		ldi r24,lo8(20000)
 2079 0934 9EE4      		ldi r25,hi8(20000)
 2080               	.LVL101:
 2081               	.LBB390:
 2082               	.LBB391:
 2083               	.LBB392:
 2084               	.LBB393:
 2085               	.LM275:
 2086 0936 20E9      		ldi r18,lo8(400)
 2087 0938 31E0      		ldi r19,hi8(400)
 2088               	.L77:
 2089 093a F901      		movw r30,r18
 2090               	.LVL102:
 2091               	/* #APP */
 2092               	 ;  105 "c:/winavr-20090313/lib/gcc/../../avr/include/util/delay_basic.h" 1
 2093 093c 3197      		1: sbiw r30,1
 2094 093e 01F4      		brne 1b
 2095               	 ;  0 "" 2
 2096               	/* #NOAPP */
 2097               	.LBE393:
 2098               	.LBE392:
 2099               	.LM276:
 2100 0940 0197      		sbiw r24,1
 2101               	.LM277:
 2102 0942 01F4      		brne .L77
 2103               	.LBE391:
 2104               	.LBE390:
 2105               	.LBB394:
 2106               	.LBB395:
 2107               	.LM278:
 2108 0944 84E0      		ldi r24,lo8(4)
 2109               	.LVL103:
 2110 0946 88BB      		out 56-32,r24
 2111               	.LM279:
 2112 0948 18BA      		out 56-32,__zero_reg__
 2113               	.LM280:
 2114 094a 84E1      		ldi r24,lo8(20)
 2115 094c 88BB      		out 56-32,r24
 2116               	.LM281:
 2117 094e 80E1      		ldi r24,lo8(16)
 2118 0950 88BB      		out 56-32,r24
 2119               	.LBB396:
 2120               	.LBB397:
 2121               	.LBB398:
 2122               	.LBB399:
 2123               	.LM282:
 2124 0952 80E4      		ldi r24,lo8(8000)
 2125 0954 9FE1      		ldi r25,hi8(8000)
 2126 0956 FC01      		movw r30,r24
 2127               	.LVL104:
 2128               	/* #APP */
 2129               	 ;  105 "c:/winavr-20090313/lib/gcc/../../avr/include/util/delay_basic.h" 1
 2130 0958 3197      		1: sbiw r30,1
 2131 095a 01F4      		brne 1b
 2132               	 ;  0 "" 2
 2133               	/* #NOAPP */
 2134               	.LBE399:
 2135               	.LBE398:
 2136               	.LBE397:
 2137               	.LBE396:
 2138               	.LBB400:
 2139               	.LBB401:
 2140               	.LBB402:
 2141               	.LBB403:
 2142               	/* #APP */
 2143               	 ;  105 "c:/winavr-20090313/lib/gcc/../../avr/include/util/delay_basic.h" 1
 2144 095c 0197      		1: sbiw r24,1
 2145 095e 01F4      		brne 1b
 2146               	 ;  0 "" 2
 2147               	.LVL105:
 2148               	/* #NOAPP */
 2149               	.L78:
 2150               	.LBE403:
 2151               	.LBE402:
 2152               	.LBE401:
 2153               	.LBE400:
 2154               	.LBE395:
 2155               	.LBE394:
 2156               	.LM283:
 2157 0960 0E94 0000 		call parseGPS
 2158               	.LVL106:
 2159 0964 00C0      		rjmp .L78
 2160               	.LFE26:
 2162               	.global	GPScap
 2163               	.global	GPScap
 2164               		.section .bss
 2167               	GPScap:
 2168 0000 00        		.skip 1,0
 2169               		.comm stringRead,100,1
 2170               		.comm timeString,20,1
 2171               		.comm charRead,1,1
 2172               		.comm Latcard,1,1
 2173               		.comm Lngcard,1,1
 2174               		.comm i,1,1
 2175               		.comm hour,1,1
 2176               		.comm min,1,1
 2177               		.comm sec,1,1
 2178               		.comm deg,1,1
 2179               		.comm mm,1,1
 2180               		.comm latdeg,1,1
 2181               		.comm latmin,1,1
 2182               		.comm lngdeg,1,1
 2183               		.comm lngmin,1,1
 2184               		.comm Pfix,1,1
 2185               		.comm nSV,1,1
 2186               		.comm latdsec,4,1
 2187               		.comm lngdsec,4,1
 2364               	.Letext0:
DEFINED SYMBOLS
                            *ABS*:00000000 main.c
C:\DOCUME~1\anupam\LOCALS~1\Temp/ccZrBy3s.s:2      *ABS*:0000003f __SREG__
C:\DOCUME~1\anupam\LOCALS~1\Temp/ccZrBy3s.s:3      *ABS*:0000003e __SP_H__
C:\DOCUME~1\anupam\LOCALS~1\Temp/ccZrBy3s.s:4      *ABS*:0000003d __SP_L__
C:\DOCUME~1\anupam\LOCALS~1\Temp/ccZrBy3s.s:5      *ABS*:00000034 __CCP__
C:\DOCUME~1\anupam\LOCALS~1\Temp/ccZrBy3s.s:6      *ABS*:00000000 __tmp_reg__
C:\DOCUME~1\anupam\LOCALS~1\Temp/ccZrBy3s.s:7      *ABS*:00000001 __zero_reg__
C:\DOCUME~1\anupam\LOCALS~1\Temp/ccZrBy3s.s:18     .text:00000000 USART_INIT
C:\DOCUME~1\anupam\LOCALS~1\Temp/ccZrBy3s.s:51     .text:00000018 rswritechar
C:\DOCUME~1\anupam\LOCALS~1\Temp/ccZrBy3s.s:70     .text:00000020 rsreadchar
C:\DOCUME~1\anupam\LOCALS~1\Temp/ccZrBy3s.s:88     .text:00000028 rsstr
C:\DOCUME~1\anupam\LOCALS~1\Temp/ccZrBy3s.s:122    .text:0000003c lcd_reset
C:\DOCUME~1\anupam\LOCALS~1\Temp/ccZrBy3s.s:257    .text:0000008a lcd_cmd
C:\DOCUME~1\anupam\LOCALS~1\Temp/ccZrBy3s.s:325    .text:000000ba lcd_init
C:\DOCUME~1\anupam\LOCALS~1\Temp/ccZrBy3s.s:536    .text:0000012c lcd_data
C:\DOCUME~1\anupam\LOCALS~1\Temp/ccZrBy3s.s:602    .text:00000158 lcd_puts
C:\DOCUME~1\anupam\LOCALS~1\Temp/ccZrBy3s.s:631    .text:00000170 itoa
C:\DOCUME~1\anupam\LOCALS~1\Temp/ccZrBy3s.s:663    .text:0000019a itoal
C:\DOCUME~1\anupam\LOCALS~1\Temp/ccZrBy3s.s:740    .text:00000222 __vector_11
                            *COM*:00000001 charRead
C:\DOCUME~1\anupam\LOCALS~1\Temp/ccZrBy3s.s:2167   .bss:00000000 GPScap
                            *COM*:00000001 i
                            *COM*:00000064 stringRead
C:\DOCUME~1\anupam\LOCALS~1\Temp/ccZrBy3s.s:826    .text:000002ba gpsatol
C:\DOCUME~1\anupam\LOCALS~1\Temp/ccZrBy3s.s:890    .text:00000308 gpstime
                            *COM*:00000014 timeString
                            *COM*:00000001 hour
                            *COM*:00000001 min
                            *COM*:00000001 sec
C:\DOCUME~1\anupam\LOCALS~1\Temp/ccZrBy3s.s:930    .text:0000034e gpsposlat
                            *COM*:00000001 latdeg
                            *COM*:00000001 latmin
                            *COM*:00000004 latdsec
C:\DOCUME~1\anupam\LOCALS~1\Temp/ccZrBy3s.s:1003   .text:000003e2 gpsposlong
                            *COM*:00000001 lngdeg
                            *COM*:00000001 lngmin
                            *COM*:00000004 lngdsec
C:\DOCUME~1\anupam\LOCALS~1\Temp/ccZrBy3s.s:1091   .text:00000482 showlatlong
                            *COM*:00000001 Pfix
                            *COM*:00000001 Latcard
                            *COM*:00000001 Lngcard
                            *COM*:00000001 nSV
C:\DOCUME~1\anupam\LOCALS~1\Temp/ccZrBy3s.s:1442   .text:00000664 parseGPS
C:\DOCUME~1\anupam\LOCALS~1\Temp/ccZrBy3s.s:1779   .text:0000084c gpsshowtime
C:\DOCUME~1\anupam\LOCALS~1\Temp/ccZrBy3s.s:1926   .text:000008ca main
                            *COM*:00000001 deg
                            *COM*:00000001 mm

UNDEFINED SYMBOLS
__udivmodqi4
__udivmodhi4
__mulsi3
__floatsisf
__mulsf3
__divsf3
__fixunssfsi
__do_copy_data
__do_clear_bss
